[TEST 0 - 00.json]
	MEM WRITE: 8b82 / (35714) => 0 / (0)
	MEM WRITE: 8b83 / (35715) => 3f / (63)
	MEM WRITE: 8b84 / (35716) => f7 / (247)
	MEM WRITE: fffe / (65534) => d4 / (212)
	MEM WRITE: ffff / (65535) => 25 / (37)
	MEM WRITE: 25d4 / (9684) => ed / (237)
	MEM READ: 8b82 / (35714) => 0 / (0)
[OP START 35714 -> 0x00 -> brk]
	REGS:
		PC: 35714 (8b82)
		SP: 81 (51)
		A:  203 (cb)
		X:  117 (75)
		Y:  162 (a2)
		P:  106 (6a)
		|C|Z|I|D|B|X|V|N|
		|0|1|0|1|0|1|1|0|
	ADDRESSING MODE: IMPLIED
	MEM WRITE: 151 / (337) => 8b / (139)
	MEM WRITE: 150 / (336) => 84 / (132)
	MEM WRITE: 14f / (335) => 7a / (122)
	MEM READ: ffff / (65535) => 25 / (37)
	MEM READ: fffe / (65534) => d4 / (212)
[OP END @ 9683]
Done..
