[TEST 0 - 01.json]
	MEM WRITE: d5c4 / (54724) => 1 / (1)
	MEM WRITE: d5c5 / (54725) => bd / (189)
	MEM WRITE: d5c6 / (54726) => b0 / (176)
	MEM WRITE: bd / (189) => 58 / (88)
	MEM WRITE: b4 / (180) => 81 / (129)
	MEM WRITE: b5 / (181) => eb / (235)
	MEM WRITE: eb81 / (60289) => 13 / (19)
	MEM READ: d5c4 / (54724) => 1 / (1)
[OP START 54724 -> 0x01 -> ora]
	REGS:
		PC: 54724 (d5c4)
		SP: 97 (61)
		A:  167 (a7)
		X:  247 (f7)
		Y:  248 (f8)
		P:  40 (28)
		|C|Z|I|D|B|X|V|N|
		|0|0|0|1|0|1|0|0|
	ADDRESSING MODE: ZERO_PAGE_INDIRECT_X
	MEM READ: d5c5 / (54725) => bd / (189)
	MEM READ: b4 / (180) => 81 / (129)
	MEM READ: b5 / (181) => eb / (235)
	MEM READ: eb81 / (60289) => 13 / (19)
[OP END @ 54725]
Done..
