[TEST 14 - 01.json]
	MEM WRITE: 8275 / (33397) => 1 / (1)
	MEM WRITE: 8276 / (33398) => 34 / (52)
	MEM WRITE: 8277 / (33399) => 96 / (150)
	MEM WRITE: 34 / (52) => 9 / (9)
	MEM WRITE: ff / (255) => 5f / (95)
	MEM WRITE: 0 / (0) => 6f / (111)
	MEM WRITE: 6f5f / (28511) => 83 / (131)
	MEM READ: 8275 / (33397) => 1 / (1)
[OP START 33397 -> 0x01 -> ora]
	REGS:
		PC: 33397 (8275)
		SP: 244 (f4)
		A:  224 (e0)
		X:  203 (cb)
		Y:  113 (71)
		P:  169 (a9)
		|C|Z|I|D|B|X|V|N|
		|1|0|0|1|0|1|0|1|
	ADDRESSING MODE: ZERO_PAGE_INDIRECT_X
	MEM READ: 8276 / (33398) => 34 / (52)
	MEM READ: ff / (255) => 5f / (95)
	MEM READ: 0 / (0) => 6f / (111)
	MEM READ: 6f5f / (28511) => 83 / (131)
[OP END @ 33398]
Done..
