[TEST 1 - 01.json]
	MEM WRITE: 1c86 / (7302) => 1 / (1)
	MEM WRITE: 1c87 / (7303) => bf / (191)
	MEM WRITE: 1c88 / (7304) => 60 / (96)
	MEM WRITE: bf / (191) => 68 / (104)
	MEM WRITE: ea / (234) => 11 / (17)
	MEM WRITE: eb / (235) => e / (14)
	MEM WRITE: e11 / (3601) => dd / (221)
	MEM READ: 1c86 / (7302) => 1 / (1)
[OP START 7302 -> 0x01 -> ora]
	REGS:
		PC: 7302 (1c86)
		SP: 139 (8b)
		A:  211 (d3)
		X:  43 (2b)
		Y:  147 (93)
		P:  225 (e1)
		|C|Z|I|D|B|X|V|N|
		|1|0|0|0|0|1|1|1|
	ADDRESSING MODE: ZERO_PAGE_INDIRECT_X
	MEM READ: 1c87 / (7303) => bf / (191)
	MEM READ: ea / (234) => 11 / (17)
	MEM READ: eb / (235) => e / (14)
	MEM READ: e11 / (3601) => dd / (221)
[OP END @ 7303]
Done..
