[TEST 0 - 06.json]
	MEM WRITE: ec81 / (60545) => 6 / (6)
	MEM WRITE: ec82 / (60546) => 89 / (137)
	MEM WRITE: ec83 / (60547) => 7c / (124)
	MEM WRITE: 89 / (137) => 42 / (66)
	MEM READ: ec81 / (60545) => 6 / (6)
[OP START 60545 -> 0x06 -> asl]
	REGS:
		PC: 60545 (ec81)
		SP: 86 (56)
		A:  170 (aa)
		X:  221 (dd)
		Y:  186 (ba)
		P:  41 (29)
		|C|Z|I|D|B|X|V|N|
		|1|0|0|1|0|1|0|0|
	ADDRESSING MODE: ZERO_PAGE
	MEM READ: ec82 / (60546) => 89 / (137)
	MEM READ: 89 / (137) => 42 / (66)
	MEM WRITE: 89 / (137) => 84 / (132)
[OP END @ 60546]
Done..
