[TEST 0 - 0e.json]
	MEM WRITE: abba / (43962) => e / (14)
	MEM WRITE: abbb / (43963) => 16 / (22)
	MEM WRITE: abbc / (43964) => e0 / (224)
	MEM WRITE: e016 / (57366) => a / (10)
	MEM WRITE: abbd / (43965) => 8d / (141)
	MEM READ: abba / (43962) => e / (14)
[OP START 43962 -> 0x0e -> asl]
	REGS:
		PC: 43962 (abba)
		SP: 69 (45)
		A:  217 (d9)
		X:  244 (f4)
		Y:  28 (1c)
		P:  104 (68)
		|C|Z|I|D|B|X|V|N|
		|0|0|0|1|0|1|1|0|
	ADDRESSING MODE: ABSOLUTE
	MEM READ: abbb / (43963) => 16 / (22)
	MEM READ: abbc / (43964) => e0 / (224)
	MEM READ: e016 / (57366) => a / (10)
	MEM WRITE: e016 / (57366) => 14 / (20)
[OP END @ 43964]
Done..
