[TEST 0 - 11.json]
	MEM WRITE: f4ef / (62703) => 11 / (17)
	MEM WRITE: f4f0 / (62704) => b6 / (182)
	MEM WRITE: f4f1 / (62705) => 0 / (0)
	MEM WRITE: b6 / (182) => fd / (253)
	MEM WRITE: b7 / (183) => b6 / (182)
	MEM WRITE: b672 / (46706) => 3e / (62)
	MEM WRITE: b772 / (46962) => 15 / (21)
	MEM READ: f4ef / (62703) => 11 / (17)
[OP START 62703 -> 0x11 -> ora]
	REGS:
		PC: 62703 (f4ef)
		SP: 132 (84)
		A:  182 (b6)
		X:  210 (d2)
		Y:  117 (75)
		P:  100 (64)
		|C|Z|I|D|B|X|V|N|
		|0|0|1|0|0|1|1|0|
	ADDRESSING MODE: ZERO_PAGE_INDIRECT_Y
	MEM READ: f4f0 / (62704) => b6 / (182)
	MEM READ: b6 / (182) => fd / (253)
	MEM READ: b7 / (183) => b6 / (182)
	MEM READ: b772 / (46962) => 15 / (21)
[OP END @ 62704]
Done..
