[TEST 0 - 16.json]
	MEM WRITE: e4fd / (58621) => 16 / (22)
	MEM WRITE: e4fe / (58622) => 26 / (38)
	MEM WRITE: e4ff / (58623) => 59 / (89)
	MEM WRITE: 26 / (38) => 12 / (18)
	MEM WRITE: d4 / (212) => d2 / (210)
	MEM READ: e4fd / (58621) => 16 / (22)
[OP START 58621 -> 0x16 -> asl]
	REGS:
		PC: 58621 (e4fd)
		SP: 102 (66)
		A:  172 (ac)
		X:  174 (ae)
		Y:  95 (5f)
		P:  111 (6f)
		|C|Z|I|D|B|X|V|N|
		|1|1|1|1|0|1|1|0|
	ADDRESSING MODE: ZERO_PAGE_X
	MEM READ: e4fe / (58622) => 26 / (38)
	MEM READ: d4 / (212) => d2 / (210)
	MEM WRITE: d4 / (212) => a4 / (164)
[OP END @ 58622]
Done..
