[TEST 0 - 1e.json]
	MEM WRITE: 4f7a / (20346) => 1e / (30)
	MEM WRITE: 4f7b / (20347) => b1 / (177)
	MEM WRITE: 4f7c / (20348) => 5 / (5)
	MEM WRITE: 51f / (1311) => f6 / (246)
	MEM WRITE: 61f / (1567) => f1 / (241)
	MEM WRITE: 4f7d / (20349) => 8a / (138)
	MEM READ: 4f7a / (20346) => 1e / (30)
[OP START 20346 -> 0x1e -> asl]
	REGS:
		PC: 20346 (4f7a)
		SP: 220 (dc)
		A:  250 (fa)
		X:  110 (6e)
		Y:  148 (94)
		P:  109 (6d)
		|C|Z|I|D|B|X|V|N|
		|1|0|1|1|0|1|1|0|
	ADDRESSING MODE: ABSOLUTE_X
	MEM READ: 4f7b / (20347) => b1 / (177)
	MEM READ: 4f7c / (20348) => 5 / (5)
	MEM READ: 61f / (1567) => f1 / (241)
	MEM WRITE: 61f / (1567) => e2 / (226)
[OP END @ 20348]
Done..
