[TEST 0 - 20.json]
	MEM WRITE: 5289 / (21129) => 20 / (32)
	MEM WRITE: 528a / (21130) => c2 / (194)
	MEM WRITE: 528b / (21131) => 8f / (143)
	MEM WRITE: 13e / (318) => 9b / (155)
	MEM WRITE: 8fc2 / (36802) => c8 / (200)
	MEM READ: 5289 / (21129) => 20 / (32)
[OP START 21129 -> 0x20 -> jsr]
	REGS:
		PC: 21129 (5289)
		SP: 62 (3e)
		A:  194 (c2)
		X:  45 (2d)
		Y:  62 (3e)
		P:  110 (6e)
		|C|Z|I|D|B|X|V|N|
		|0|1|1|1|0|1|1|0|
	ADDRESSING MODE: ABSOLUTE
	MEM WRITE: 13e / (318) => 52 / (82)
	MEM WRITE: 13d / (317) => 8b / (139)
	MEM READ: 528b / (21131) => 8f / (143)
	MEM READ: 528a / (21130) => c2 / (194)
[OP END @ 36801]
Done..
