[TEST 0 - 21.json]
	MEM WRITE: 1672 / (5746) => 21 / (33)
	MEM WRITE: 1673 / (5747) => b7 / (183)
	MEM WRITE: 1674 / (5748) => a2 / (162)
	MEM WRITE: b7 / (183) => f6 / (246)
	MEM WRITE: a6 / (166) => 14 / (20)
	MEM WRITE: a7 / (167) => d4 / (212)
	MEM WRITE: d414 / (54292) => 99 / (153)
	MEM READ: 1672 / (5746) => 21 / (33)
[OP START 5746 -> 0x21 -> and]
	REGS:
		PC: 5746 (1672)
		SP: 81 (51)
		A:  50 (32)
		X:  239 (ef)
		Y:  241 (f1)
		P:  164 (a4)
		|C|Z|I|D|B|X|V|N|
		|0|0|1|0|0|1|0|1|
	ADDRESSING MODE: ZERO_PAGE_INDIRECT_X
	MEM READ: 1673 / (5747) => b7 / (183)
	MEM READ: a6 / (166) => 14 / (20)
	MEM READ: a7 / (167) => d4 / (212)
	MEM READ: d414 / (54292) => 99 / (153)
[OP END @ 5747]
Done..
