[TEST 0 - 24.json]
	MEM WRITE: 5f4b / (24395) => 24 / (36)
	MEM WRITE: 5f4c / (24396) => 3b / (59)
	MEM WRITE: 5f4d / (24397) => 5b / (91)
	MEM WRITE: 3b / (59) => 4b / (75)
	MEM READ: 5f4b / (24395) => 24 / (36)
[OP START 24395 -> 0x24 -> bit]
	REGS:
		PC: 24395 (5f4b)
		SP: 52 (34)
		A:  65 (41)
		X:  15 (f)
		Y:  162 (a2)
		P:  102 (66)
		|C|Z|I|D|B|X|V|N|
		|0|1|1|0|0|1|1|0|
	ADDRESSING MODE: ZERO_PAGE
	MEM READ: 5f4c / (24396) => 3b / (59)
	MEM READ: 3b / (59) => 4b / (75)
[OP END @ 24396]
Done..
