[TEST 0 - 25.json]
	MEM WRITE: f0a2 / (61602) => 25 / (37)
	MEM WRITE: f0a3 / (61603) => da / (218)
	MEM WRITE: f0a4 / (61604) => 5a / (90)
	MEM WRITE: da / (218) => fc / (252)
	MEM READ: f0a2 / (61602) => 25 / (37)
[OP START 61602 -> 0x25 -> and]
	REGS:
		PC: 61602 (f0a2)
		SP: 25 (19)
		A:  55 (37)
		X:  173 (ad)
		Y:  180 (b4)
		P:  171 (ab)
		|C|Z|I|D|B|X|V|N|
		|1|1|0|1|0|1|0|1|
	ADDRESSING MODE: ZERO_PAGE
	MEM READ: f0a3 / (61603) => da / (218)
	MEM READ: da / (218) => fc / (252)
[OP END @ 61603]
Done..
