[TEST 0 - 26.json]
	MEM WRITE: 566a / (22122) => 26 / (38)
	MEM WRITE: 566b / (22123) => 2c / (44)
	MEM WRITE: 566c / (22124) => 39 / (57)
	MEM WRITE: 2c / (44) => 8b / (139)
	MEM READ: 566a / (22122) => 26 / (38)
[OP START 22122 -> 0x26 -> rol]
	REGS:
		PC: 22122 (566a)
		SP: 135 (87)
		A:  53 (35)
		X:  231 (e7)
		Y:  109 (6d)
		P:  46 (2e)
		|C|Z|I|D|B|X|V|N|
		|0|1|1|1|0|1|0|0|
	ADDRESSING MODE: ZERO_PAGE
	MEM READ: 566b / (22123) => 2c / (44)
	MEM READ: 2c / (44) => 8b / (139)
	MEM WRITE: 2c / (44) => 16 / (22)
[OP END @ 22123]
Done..
