[TEST 0 - 2c.json]
	MEM WRITE: 2fc0 / (12224) => 2c / (44)
	MEM WRITE: 2fc1 / (12225) => 9a / (154)
	MEM WRITE: 2fc2 / (12226) => d2 / (210)
	MEM WRITE: d29a / (53914) => ae / (174)
	MEM WRITE: 2fc3 / (12227) => 5d / (93)
	MEM READ: 2fc0 / (12224) => 2c / (44)
[OP START 12224 -> 0x2c -> bit]
	REGS:
		PC: 12224 (2fc0)
		SP: 248 (f8)
		A:  82 (52)
		X:  91 (5b)
		Y:  31 (1f)
		P:  164 (a4)
		|C|Z|I|D|B|X|V|N|
		|0|0|1|0|0|1|0|1|
	ADDRESSING MODE: ABSOLUTE
	MEM READ: 2fc1 / (12225) => 9a / (154)
	MEM READ: 2fc2 / (12226) => d2 / (210)
	MEM READ: d29a / (53914) => ae / (174)
[OP END @ 12226]
Done..
