[TEST 0 - 2e.json]
	MEM WRITE: d3af / (54191) => 2e / (46)
	MEM WRITE: d3b0 / (54192) => 7c / (124)
	MEM WRITE: d3b1 / (54193) => ca / (202)
	MEM WRITE: ca7c / (51836) => 55 / (85)
	MEM WRITE: d3b2 / (54194) => f3 / (243)
	MEM READ: d3af / (54191) => 2e / (46)
[OP START 54191 -> 0x2e -> rol]
	REGS:
		PC: 54191 (d3af)
		SP: 85 (55)
		A:  59 (3b)
		X:  74 (4a)
		Y:  28 (1c)
		P:  224 (e0)
		|C|Z|I|D|B|X|V|N|
		|0|0|0|0|0|1|1|1|
	ADDRESSING MODE: ABSOLUTE
	MEM READ: d3b0 / (54192) => 7c / (124)
	MEM READ: d3b1 / (54193) => ca / (202)
	MEM READ: ca7c / (51836) => 55 / (85)
	MEM WRITE: ca7c / (51836) => aa / (170)
[OP END @ 54193]
Done..
