[TEST 0 - 31.json]
	MEM WRITE: 5bc8 / (23496) => 31 / (49)
	MEM WRITE: 5bc9 / (23497) => d3 / (211)
	MEM WRITE: 5bca / (23498) => 21 / (33)
	MEM WRITE: d3 / (211) => 5c / (92)
	MEM WRITE: d4 / (212) => 9 / (9)
	MEM WRITE: 9bb / (2491) => 6d / (109)
	MEM READ: 5bc8 / (23496) => 31 / (49)
[OP START 23496 -> 0x31 -> and]
	REGS:
		PC: 23496 (5bc8)
		SP: 79 (4f)
		A:  125 (7d)
		X:  210 (d2)
		Y:  95 (5f)
		P:  174 (ae)
		|C|Z|I|D|B|X|V|N|
		|0|1|1|1|0|1|0|1|
	ADDRESSING MODE: ZERO_PAGE_INDIRECT_Y
	MEM READ: 5bc9 / (23497) => d3 / (211)
	MEM READ: d3 / (211) => 5c / (92)
	MEM READ: d4 / (212) => 9 / (9)
	MEM READ: 9bb / (2491) => 6d / (109)
[OP END @ 23497]
Done..
