[TEST 0 - 35.json]
	MEM WRITE: f4be / (62654) => 35 / (53)
	MEM WRITE: f4bf / (62655) => c / (12)
	MEM WRITE: f4c0 / (62656) => dc / (220)
	MEM WRITE: c / (12) => 38 / (56)
	MEM WRITE: af / (175) => f6 / (246)
	MEM READ: f4be / (62654) => 35 / (53)
[OP START 62654 -> 0x35 -> and]
	REGS:
		PC: 62654 (f4be)
		SP: 191 (bf)
		A:  131 (83)
		X:  163 (a3)
		Y:  188 (bc)
		P:  163 (a3)
		|C|Z|I|D|B|X|V|N|
		|1|1|0|0|0|1|0|1|
	ADDRESSING MODE: ZERO_PAGE_X
	MEM READ: f4bf / (62655) => c / (12)
	MEM READ: af / (175) => f6 / (246)
[OP END @ 62655]
Done..
