[TEST 0 - 39.json]
	MEM WRITE: e59a / (58778) => 39 / (57)
	MEM WRITE: e59b / (58779) => 94 / (148)
	MEM WRITE: e59c / (58780) => f0 / (240)
	MEM WRITE: f014 / (61460) => 23 / (35)
	MEM WRITE: f114 / (61716) => e5 / (229)
	MEM WRITE: e59d / (58781) => 98 / (152)
	MEM READ: e59a / (58778) => 39 / (57)
[OP START 58778 -> 0x39 -> and]
	REGS:
		PC: 58778 (e59a)
		SP: 200 (c8)
		A:  145 (91)
		X:  77 (4d)
		Y:  128 (80)
		P:  162 (a2)
		|C|Z|I|D|B|X|V|N|
		|0|1|0|0|0|1|0|1|
	ADDRESSING MODE: ABSOLUTE_Y
	MEM READ: e59b / (58779) => 94 / (148)
	MEM READ: e59c / (58780) => f0 / (240)
	MEM READ: f114 / (61716) => e5 / (229)
[OP END @ 58780]
Done..
