[TEST 0 - 3e.json]
	MEM WRITE: 6c7a / (27770) => 3e / (62)
	MEM WRITE: 6c7b / (27771) => 55 / (85)
	MEM WRITE: 6c7c / (27772) => 5a / (90)
	MEM WRITE: 5a9d / (23197) => f6 / (246)
	MEM WRITE: 6c7d / (27773) => 2b / (43)
	MEM READ: 6c7a / (27770) => 3e / (62)
[OP START 27770 -> 0x3e -> rol]
	REGS:
		PC: 27770 (6c7a)
		SP: 120 (78)
		A:  201 (c9)
		X:  72 (48)
		Y:  37 (25)
		P:  108 (6c)
		|C|Z|I|D|B|X|V|N|
		|0|0|1|1|0|1|1|0|
	ADDRESSING MODE: ABSOLUTE_X
	MEM READ: 6c7b / (27771) => 55 / (85)
	MEM READ: 6c7c / (27772) => 5a / (90)
	MEM READ: 5a9d / (23197) => f6 / (246)
	MEM WRITE: 5a9d / (23197) => ec / (236)
[OP END @ 27772]
Done..
