[TEST 0 - 40.json]
	MEM WRITE: 8771 / (34673) => 40 / (64)
	MEM WRITE: 8772 / (34674) => 9c / (156)
	MEM WRITE: 8773 / (34675) => 2c / (44)
	MEM WRITE: 16e / (366) => 98 / (152)
	MEM WRITE: 16f / (367) => 9c / (156)
	MEM WRITE: 170 / (368) => aa / (170)
	MEM WRITE: 171 / (369) => 65 / (101)
	MEM WRITE: 65aa / (26026) => e / (14)
	MEM READ: 8771 / (34673) => 40 / (64)
[OP START 34673 -> 0x40 -> rti]
	REGS:
		PC: 34673 (8771)
		SP: 110 (6e)
		A:  162 (a2)
		X:  129 (81)
		Y:  126 (7e)
		P:  99 (63)
		|C|Z|I|D|B|X|V|N|
		|1|1|0|0|0|1|1|0|
	ADDRESSING MODE: IMPLIED
	MEM READ: 16f / (367) => 9c / (156)
	MEM READ: 170 / (368) => aa / (170)
	MEM READ: 171 / (369) => 65 / (101)
[OP END @ 26025]
Done..
