[TEST 0 - 41.json]
	MEM WRITE: 2b6 / (694) => 41 / (65)
	MEM WRITE: 2b7 / (695) => 85 / (133)
	MEM WRITE: 2b8 / (696) => 36 / (54)
	MEM WRITE: 85 / (133) => 1e / (30)
	MEM WRITE: b3 / (179) => a1 / (161)
	MEM WRITE: b4 / (180) => 56 / (86)
	MEM WRITE: 56a1 / (22177) => d3 / (211)
	MEM READ: 2b6 / (694) => 41 / (65)
[OP START 694 -> 0x41 -> eor]
	REGS:
		PC: 694 (2b6)
		SP: 187 (bb)
		A:  34 (22)
		X:  46 (2e)
		Y:  16 (10)
		P:  39 (27)
		|C|Z|I|D|B|X|V|N|
		|1|1|1|0|0|1|0|0|
	ADDRESSING MODE: ZERO_PAGE_INDIRECT_X
	MEM READ: 2b7 / (695) => 85 / (133)
	MEM READ: b3 / (179) => a1 / (161)
	MEM READ: b4 / (180) => 56 / (86)
	MEM READ: 56a1 / (22177) => d3 / (211)
[OP END @ 695]
Done..
