[TEST 0 - 45.json]
	MEM WRITE: a082 / (41090) => 45 / (69)
	MEM WRITE: a083 / (41091) => e / (14)
	MEM WRITE: a084 / (41092) => 16 / (22)
	MEM WRITE: e / (14) => c7 / (199)
	MEM READ: a082 / (41090) => 45 / (69)
[OP START 41090 -> 0x45 -> eor]
	REGS:
		PC: 41090 (a082)
		SP: 126 (7e)
		A:  129 (81)
		X:  80 (50)
		Y:  243 (f3)
		P:  96 (60)
		|C|Z|I|D|B|X|V|N|
		|0|0|0|0|0|1|1|0|
	ADDRESSING MODE: ZERO_PAGE
	MEM READ: a083 / (41091) => e / (14)
	MEM READ: e / (14) => c7 / (199)
[OP END @ 41091]
Done..
