[TEST 0 - 4c.json]
	MEM WRITE: 1be6 / (7142) => 4c / (76)
	MEM WRITE: 1be7 / (7143) => f8 / (248)
	MEM WRITE: 1be8 / (7144) => ce / (206)
	MEM WRITE: cef8 / (52984) => ab / (171)
	MEM READ: 1be6 / (7142) => 4c / (76)
[OP START 7142 -> 0x4c -> jmp]
	REGS:
		PC: 7142 (1be6)
		SP: 159 (9f)
		A:  207 (cf)
		X:  39 (27)
		Y:  2 (2)
		P:  104 (68)
		|C|Z|I|D|B|X|V|N|
		|0|0|0|1|0|1|1|0|
	ADDRESSING MODE: ABSOLUTE
	MEM READ: 1be7 / (7143) => f8 / (248)
	MEM READ: 1be8 / (7144) => ce / (206)
[OP END @ 52983]
Done..
