[TEST 0 - 4e.json]
	MEM WRITE: fcfe / (64766) => 4e / (78)
	MEM WRITE: fcff / (64767) => 58 / (88)
	MEM WRITE: fd00 / (64768) => a8 / (168)
	MEM WRITE: a858 / (43096) => c0 / (192)
	MEM WRITE: fd01 / (64769) => 58 / (88)
	MEM READ: fcfe / (64766) => 4e / (78)
[OP START 64766 -> 0x4e -> lsr]
	REGS:
		PC: 64766 (fcfe)
		SP: 198 (c6)
		A:  127 (7f)
		X:  244 (f4)
		Y:  198 (c6)
		P:  47 (2f)
		|C|Z|I|D|B|X|V|N|
		|1|1|1|1|0|1|0|0|
	ADDRESSING MODE: ABSOLUTE
	MEM READ: fcff / (64767) => 58 / (88)
	MEM READ: fd00 / (64768) => a8 / (168)
	MEM READ: a858 / (43096) => c0 / (192)
	MEM WRITE: a858 / (43096) => 60 / (96)
[OP END @ 64768]
Done..
