[TEST 0 - 51.json]
	MEM WRITE: 4a29 / (18985) => 51 / (81)
	MEM WRITE: 4a2a / (18986) => c4 / (196)
	MEM WRITE: 4a2b / (18987) => 38 / (56)
	MEM WRITE: c4 / (196) => df / (223)
	MEM WRITE: c5 / (197) => 91 / (145)
	MEM WRITE: 9136 / (37174) => f9 / (249)
	MEM WRITE: 9236 / (37430) => 41 / (65)
	MEM READ: 4a29 / (18985) => 51 / (81)
[OP START 18985 -> 0x51 -> eor]
	REGS:
		PC: 18985 (4a29)
		SP: 231 (e7)
		A:  154 (9a)
		X:  74 (4a)
		Y:  87 (57)
		P:  239 (ef)
		|C|Z|I|D|B|X|V|N|
		|1|1|1|1|0|1|1|1|
	ADDRESSING MODE: ZERO_PAGE_INDIRECT_Y
	MEM READ: 4a2a / (18986) => c4 / (196)
	MEM READ: c4 / (196) => df / (223)
	MEM READ: c5 / (197) => 91 / (145)
	MEM READ: 9236 / (37430) => 41 / (65)
[OP END @ 18986]
Done..
