[TEST 0 - 59.json]
	MEM WRITE: 84a / (2122) => 59 / (89)
	MEM WRITE: 84b / (2123) => 66 / (102)
	MEM WRITE: 84c / (2124) => 8f / (143)
	MEM WRITE: 8fc3 / (36803) => b9 / (185)
	MEM WRITE: 84d / (2125) => a2 / (162)
	MEM READ: 84a / (2122) => 59 / (89)
[OP START 2122 -> 0x59 -> eor]
	REGS:
		PC: 2122 (84a)
		SP: 73 (49)
		A:  244 (f4)
		X:  227 (e3)
		Y:  93 (5d)
		P:  45 (2d)
		|C|Z|I|D|B|X|V|N|
		|1|0|1|1|0|1|0|0|
	ADDRESSING MODE: ABSOLUTE_Y
	MEM READ: 84b / (2123) => 66 / (102)
	MEM READ: 84c / (2124) => 8f / (143)
	MEM READ: 8fc3 / (36803) => b9 / (185)
[OP END @ 2124]
Done..
