[TEST 0 - 66.json]
	MEM WRITE: 8c07 / (35847) => 66 / (102)
	MEM WRITE: 8c08 / (35848) => 5d / (93)
	MEM WRITE: 8c09 / (35849) => c / (12)
	MEM WRITE: 5d / (93) => 9c / (156)
	MEM READ: 8c07 / (35847) => 66 / (102)
[OP START 35847 -> 0x66 -> ror]
	REGS:
		PC: 35847 (8c07)
		SP: 155 (9b)
		A:  68 (44)
		X:  142 (8e)
		Y:  164 (a4)
		P:  170 (aa)
		|C|Z|I|D|B|X|V|N|
		|0|1|0|1|0|1|0|1|
	ADDRESSING MODE: ZERO_PAGE
	MEM READ: 8c08 / (35848) => 5d / (93)
	MEM READ: 5d / (93) => 9c / (156)
	MEM WRITE: 5d / (93) => 4e / (78)
[OP END @ 35848]
Done..
