[TEST 4 - 69.json]
	MEM WRITE: eef6 / (61174) => 69 / (105)
	MEM WRITE: eef7 / (61175) => 31 / (49)
	MEM WRITE: eef8 / (61176) => 41 / (65)
	MEM READ: eef6 / (61174) => 69 / (105)
[OP START 61174 -> 0x69 -> adc]
	REGS:
		PC: 61174 (eef6)
		SP: 205 (cd)
		A:  245 (f5)
		X:  241 (f1)
		Y:  189 (bd)
		P:  41 (29)
		|C|Z|I|D|B|X|V|N|
		|1|0|0|1|0|1|0|0|
	ADDRESSING MODE: IMMEDIATE
	MEM READ: eef7 / (61175) => 31 / (49)
	BCD START -> f5 + 31
	BCD CONVERT -> 55 + 31
	BCD SUM -> 87
[OP END @ 61175]
Done..
