[TEST 3 - 69.json]
	MEM WRITE: 7ab5 / (31413) => 69 / (105)
	MEM WRITE: 7ab6 / (31414) => dd / (221)
	MEM WRITE: 7ab7 / (31415) => 29 / (41)
	MEM READ: 7ab5 / (31413) => 69 / (105)
[OP START 31413 -> 0x69 -> adc]
	REGS:
		PC: 31413 (7ab5)
		SP: 29 (1d)
		A:  43 (2b)
		X:  154 (9a)
		Y:  155 (9b)
		P:  234 (ea)
		|C|Z|I|D|B|X|V|N|
		|0|1|0|1|0|1|1|1|
	ADDRESSING MODE: IMMEDIATE
	MEM READ: 7ab6 / (31414) => dd / (221)
	BCD START -> 2b + dd
	BCD CONVERT -> 31 + 43
	BCD SUM -> 74
[OP END @ 31414]
Done..
