[TEST 107 - 69.json]
	MEM WRITE: 8ba4 / (35748) => 69 / (105)
	MEM WRITE: 8ba5 / (35749) => 17 / (23)
	MEM WRITE: 8ba6 / (35750) => 2e / (46)
	MEM READ: 8ba4 / (35748) => 69 / (105)
[OP START 35748 -> 0x69 -> adc]
	REGS:
		PC: 35748 (8ba4)
		SP: 58 (3a)
		A:  49 (31)
		X:  80 (50)
		Y:  153 (99)
		P:  106 (6a)
		|C|Z|I|D|B|X|V|N|
		|0|1|0|1|0|1|1|0|
	ADDRESSING MODE: IMMEDIATE
	MEM READ: 8ba5 / (35749) => 17 / (23)
	BCD START -> 31 + 17
	BCD CONVERT -> 31 + 17
	BCD SUM -> 48
[OP END @ 35749]
Done..
