[TEST 106 - 69.json]
	MEM WRITE: be44 / (48708) => 69 / (105)
	MEM WRITE: be45 / (48709) => 50 / (80)
	MEM WRITE: be46 / (48710) => d9 / (217)
	MEM READ: be44 / (48708) => 69 / (105)
[OP START 48708 -> 0x69 -> adc]
	REGS:
		PC: 48708 (be44)
		SP: 222 (de)
		A:  14 (e)
		X:  18 (12)
		Y:  87 (57)
		P:  168 (a8)
		|C|Z|I|D|B|X|V|N|
		|0|0|0|1|0|1|0|1|
	ADDRESSING MODE: IMMEDIATE
	MEM READ: be45 / (48709) => 50 / (80)
	BCD START -> e + 50
	BCD CONVERT -> 14 + 50
	BCD SUM -> 64
[OP END @ 48709]
Done..
