[TEST 48 - 69.json]
	MEM WRITE: 8bc8 / (35784) => 69 / (105)
	MEM WRITE: 8bc9 / (35785) => 12 / (18)
	MEM WRITE: 8bca / (35786) => bf / (191)
	MEM READ: 8bc8 / (35784) => 69 / (105)
[OP START 35784 -> 0x69 -> adc]
	REGS:
		PC: 35784 (8bc8)
		SP: 106 (6a)
		A:  103 (67)
		X:  255 (ff)
		Y:  209 (d1)
		P:  106 (6a)
		|C|Z|I|D|B|X|V|N|
		|0|1|0|1|0|1|1|0|
	ADDRESSING MODE: IMMEDIATE
	MEM READ: 8bc9 / (35785) => 12 / (18)
	BCD START -> 67 + 12
	BCD CONVERT -> 67 + 12
	BCD SUM -> 79
[OP END @ 35785]
Done..
