[TEST 7 - 69.json]
	MEM WRITE: ee3d / (60989) => 69 / (105)
	MEM WRITE: ee3e / (60990) => 5b / (91)
	MEM WRITE: ee3f / (60991) => 36 / (54)
	MEM READ: ee3d / (60989) => 69 / (105)
[OP START 60989 -> 0x69 -> adc]
	REGS:
		PC: 60989 (ee3d)
		SP: 171 (ab)
		A:  216 (d8)
		X:  91 (5b)
		Y:  201 (c9)
		P:  175 (af)
		|C|Z|I|D|B|X|V|N|
		|1|1|1|1|0|1|0|1|
	ADDRESSING MODE: IMMEDIATE
	MEM READ: ee3e / (60990) => 5b / (91)
	BCD START -> d8 + 5b
	BCD CONVERT -> 38 + 61
	BCD SUM -> 9a
[OP END @ 60990]
Done..
