[TEST 176 - 69.json]
	MEM WRITE: b8b1 / (47281) => 69 / (105)
	MEM WRITE: b8b2 / (47282) => c0 / (192)
	MEM WRITE: b8b3 / (47283) => 40 / (64)
	MEM READ: b8b1 / (47281) => 69 / (105)
[OP START 47281 -> 0x69 -> adc]
	REGS:
		PC: 47281 (b8b1)
		SP: 225 (e1)
		A:  211 (d3)
		X:  185 (b9)
		Y:  202 (ca)
		P:  45 (2d)
		|C|Z|I|D|B|X|V|N|
		|1|0|1|1|0|1|0|0|
	ADDRESSING MODE: IMMEDIATE
	MEM READ: b8b2 / (47282) => c0 / (192)
	BCD START -> d3 + c0
	BCD CONVERT -> 33 + 20
	BCD SUM -> 54
[OP END @ 47282]
Done..
