[TEST 77 - 69.json]
	MEM WRITE: ddad / (56749) => 69 / (105)
	MEM WRITE: ddae / (56750) => e3 / (227)
	MEM WRITE: ddaf / (56751) => 59 / (89)
	MEM READ: ddad / (56749) => 69 / (105)
[OP START 56749 -> 0x69 -> adc]
	REGS:
		PC: 56749 (ddad)
		SP: 227 (e3)
		A:  216 (d8)
		X:  8 (8)
		Y:  133 (85)
		P:  110 (6e)
		|C|Z|I|D|B|X|V|N|
		|0|1|1|1|0|1|1|0|
	ADDRESSING MODE: IMMEDIATE
	MEM READ: ddae / (56750) => e3 / (227)
	BCD START -> d8 + e3
	BCD CONVERT -> 38 + 43
	BCD SUM -> 81
[OP END @ 56750]
Done..
