[TEST 187 - 69.json]
	MEM WRITE: f2df / (62175) => 69 / (105)
	MEM WRITE: f2e0 / (62176) => 8e / (142)
	MEM WRITE: f2e1 / (62177) => da / (218)
	MEM READ: f2df / (62175) => 69 / (105)
[OP START 62175 -> 0x69 -> adc]
	REGS:
		PC: 62175 (f2df)
		SP: 154 (9a)
		A:  244 (f4)
		X:  252 (fc)
		Y:  1 (1)
		P:  175 (af)
		|C|Z|I|D|B|X|V|N|
		|1|1|1|1|0|1|0|1|
	ADDRESSING MODE: IMMEDIATE
	MEM READ: f2e0 / (62176) => 8e / (142)
	BCD START -> f4 + 8e
	BCD CONVERT -> 54 + 94
	BCD SUM -> 49
[OP END @ 62176]
Done..
