[TEST 27 - 69.json]
	MEM WRITE: f306 / (62214) => 69 / (105)
	MEM WRITE: f307 / (62215) => 37 / (55)
	MEM WRITE: f308 / (62216) => ff / (255)
	MEM READ: f306 / (62214) => 69 / (105)
[OP START 62214 -> 0x69 -> adc]
	REGS:
		PC: 62214 (f306)
		SP: 29 (1d)
		A:  76 (4c)
		X:  114 (72)
		Y:  193 (c1)
		P:  170 (aa)
		|C|Z|I|D|B|X|V|N|
		|0|1|0|1|0|1|0|1|
	ADDRESSING MODE: IMMEDIATE
	MEM READ: f307 / (62215) => 37 / (55)
	BCD START -> 4c + 37
	BCD CONVERT -> 52 + 37
	BCD SUM -> 89
[OP END @ 62215]
Done..
