[TEST 84 - 69.json]
	MEM WRITE: 5995 / (22933) => 69 / (105)
	MEM WRITE: 5996 / (22934) => 70 / (112)
	MEM WRITE: 5997 / (22935) => e5 / (229)
	MEM READ: 5995 / (22933) => 69 / (105)
[OP START 22933 -> 0x69 -> adc]
	REGS:
		PC: 22933 (5995)
		SP: 146 (92)
		A:  251 (fb)
		X:  202 (ca)
		Y:  242 (f2)
		P:  170 (aa)
		|C|Z|I|D|B|X|V|N|
		|0|1|0|1|0|1|0|1|
	ADDRESSING MODE: IMMEDIATE
	MEM READ: 5996 / (22934) => 70 / (112)
	BCD START -> fb + 70
	BCD CONVERT -> 61 + 70
	BCD SUM -> 31
[OP END @ 22934]
Done..
