[TEST 110 - 69.json]
	MEM WRITE: d447 / (54343) => 69 / (105)
	MEM WRITE: d448 / (54344) => d4 / (212)
	MEM WRITE: d449 / (54345) => 69 / (105)
	MEM READ: d447 / (54343) => 69 / (105)
[OP START 54343 -> 0x69 -> adc]
	REGS:
		PC: 54343 (d447)
		SP: 36 (24)
		A:  88 (58)
		X:  63 (3f)
		Y:  247 (f7)
		P:  171 (ab)
		|C|Z|I|D|B|X|V|N|
		|1|1|0|1|0|1|0|1|
	ADDRESSING MODE: IMMEDIATE
	MEM READ: d448 / (54344) => d4 / (212)
	BCD START -> 58 + d4
	BCD CONVERT -> 58 + 34
	BCD SUM -> 93
[OP END @ 54344]
Done..
