[TEST 83 - 69.json]
	MEM WRITE: c9ce / (51662) => 69 / (105)
	MEM WRITE: c9cf / (51663) => 6b / (107)
	MEM WRITE: c9d0 / (51664) => 4c / (76)
	MEM READ: c9ce / (51662) => 69 / (105)
[OP START 51662 -> 0x69 -> adc]
	REGS:
		PC: 51662 (c9ce)
		SP: 71 (47)
		A:  105 (69)
		X:  115 (73)
		Y:  176 (b0)
		P:  170 (aa)
		|C|Z|I|D|B|X|V|N|
		|0|1|0|1|0|1|0|1|
	ADDRESSING MODE: IMMEDIATE
	MEM READ: c9cf / (51663) => 6b / (107)
	BCD START -> 69 + 6b
	BCD CONVERT -> 69 + 71
	BCD SUM -> 40
[OP END @ 51663]
Done..
