[TEST 60 - 69.json]
	MEM WRITE: fd48 / (64840) => 69 / (105)
	MEM WRITE: fd49 / (64841) => 1c / (28)
	MEM WRITE: fd4a / (64842) => 22 / (34)
	MEM READ: fd48 / (64840) => 69 / (105)
[OP START 64840 -> 0x69 -> adc]
	REGS:
		PC: 64840 (fd48)
		SP: 90 (5a)
		A:  147 (93)
		X:  111 (6f)
		Y:  38 (26)
		P:  108 (6c)
		|C|Z|I|D|B|X|V|N|
		|0|0|1|1|0|1|1|0|
	ADDRESSING MODE: IMMEDIATE
	MEM READ: fd49 / (64841) => 1c / (28)
	BCD START -> 93 + 1c
	BCD CONVERT -> 93 + 22
	BCD SUM -> 15
[OP END @ 64841]
Done..
