[TEST 102 - 69.json]
	MEM WRITE: 4bcd / (19405) => 69 / (105)
	MEM WRITE: 4bce / (19406) => a1 / (161)
	MEM WRITE: 4bcf / (19407) => c6 / (198)
	MEM READ: 4bcd / (19405) => 69 / (105)
[OP START 19405 -> 0x69 -> adc]
	REGS:
		PC: 19405 (4bcd)
		SP: 81 (51)
		A:  112 (70)
		X:  92 (5c)
		Y:  153 (99)
		P:  44 (2c)
		|C|Z|I|D|B|X|V|N|
		|0|0|1|1|0|1|0|0|
	ADDRESSING MODE: IMMEDIATE
	MEM READ: 4bce / (19406) => a1 / (161)
	BCD START -> 70 + a1
	BCD CONVERT -> 70 + 1
	BCD SUM -> 71
[OP END @ 19406]
Done..
