[TEST 189 - 69.json]
	MEM WRITE: a003 / (40963) => 69 / (105)
	MEM WRITE: a004 / (40964) => cf / (207)
	MEM WRITE: a005 / (40965) => b3 / (179)
	MEM READ: a003 / (40963) => 69 / (105)
[OP START 40963 -> 0x69 -> adc]
	REGS:
		PC: 40963 (a003)
		SP: 42 (2a)
		A:  101 (65)
		X:  242 (f2)
		Y:  203 (cb)
		P:  110 (6e)
		|C|Z|I|D|B|X|V|N|
		|0|1|1|1|0|1|1|0|
	ADDRESSING MODE: IMMEDIATE
	MEM READ: a004 / (40964) => cf / (207)
	BCD START -> 65 + cf
	BCD CONVERT -> 65 + 35
	BCD SUM -> 0
[OP END @ 40964]
Done..
