[TEST 87 - 69.json]
	MEM WRITE: 7a2f / (31279) => 69 / (105)
	MEM WRITE: 7a30 / (31280) => 21 / (33)
	MEM WRITE: 7a31 / (31281) => 13 / (19)
	MEM READ: 7a2f / (31279) => 69 / (105)
[OP START 31279 -> 0x69 -> adc]
	REGS:
		PC: 31279 (7a2f)
		SP: 227 (e3)
		A:  185 (b9)
		X:  116 (74)
		Y:  183 (b7)
		P:  235 (eb)
		|C|Z|I|D|B|X|V|N|
		|1|1|0|1|0|1|1|1|
	ADDRESSING MODE: IMMEDIATE
	MEM READ: 7a30 / (31280) => 21 / (33)
	BCD START -> b9 + 21
	BCD CONVERT -> 19 + 21
	BCD SUM -> 41
[OP END @ 31280]
Done..
