[TEST 41 - 69.json]
	MEM WRITE: 2a46 / (10822) => 69 / (105)
	MEM WRITE: 2a47 / (10823) => 1a / (26)
	MEM WRITE: 2a48 / (10824) => 7e / (126)
	MEM READ: 2a46 / (10822) => 69 / (105)
[OP START 10822 -> 0x69 -> adc]
	REGS:
		PC: 10822 (2a46)
		SP: 171 (ab)
		A:  210 (d2)
		X:  153 (99)
		Y:  213 (d5)
		P:  106 (6a)
		|C|Z|I|D|B|X|V|N|
		|0|1|0|1|0|1|1|0|
	ADDRESSING MODE: IMMEDIATE
	MEM READ: 2a47 / (10823) => 1a / (26)
	BCD START -> d2 + 1a
	BCD CONVERT -> 32 + 20
	BCD SUM -> 52
[OP END @ 10823]
Done..
