[TEST 7 - 69.json]
	MEM WRITE: 6c92 / (27794) => 69 / (105)
	MEM WRITE: 6c93 / (27795) => 46 / (70)
	MEM WRITE: 6c94 / (27796) => 20 / (32)
	MEM READ: 6c92 / (27794) => 69 / (105)
[OP START 27794 -> 0x69 -> adc]
	REGS:
		PC: 27794 (6c92)
		SP: 37 (25)
		A:  173 (ad)
		X:  123 (7b)
		Y:  86 (56)
		P:  41 (29)
		|C|Z|I|D|B|X|V|N|
		|1|0|0|1|0|1|0|0|
	ADDRESSING MODE: IMMEDIATE
	MEM READ: 6c93 / (27795) => 46 / (70)
	BCD START -> ad + 46
	BCD CONVERT -> 13 + 46
	BCD SUM -> 5a
[OP END @ 27795]
Done..
