[TEST 81 - 69.json]
	MEM WRITE: 2c4a / (11338) => 69 / (105)
	MEM WRITE: 2c4b / (11339) => f5 / (245)
	MEM WRITE: 2c4c / (11340) => 7f / (127)
	MEM READ: 2c4a / (11338) => 69 / (105)
[OP START 11338 -> 0x69 -> adc]
	REGS:
		PC: 11338 (2c4a)
		SP: 0 (0)
		A:  177 (b1)
		X:  4 (4)
		Y:  189 (bd)
		P:  239 (ef)
		|C|Z|I|D|B|X|V|N|
		|1|1|1|1|0|1|1|1|
	ADDRESSING MODE: IMMEDIATE
	MEM READ: 2c4b / (11339) => f5 / (245)
	BCD START -> b1 + f5
	BCD CONVERT -> 11 + 55
	BCD SUM -> 67
[OP END @ 11339]
Done..
