[TEST 100 - 69.json]
	MEM WRITE: 55cb / (21963) => 69 / (105)
	MEM WRITE: 55cc / (21964) => 27 / (39)
	MEM WRITE: 55cd / (21965) => 70 / (112)
	MEM READ: 55cb / (21963) => 69 / (105)
[OP START 21963 -> 0x69 -> adc]
	REGS:
		PC: 21963 (55cb)
		SP: 27 (1b)
		A:  106 (6a)
		X:  136 (88)
		Y:  75 (4b)
		P:  171 (ab)
		|C|Z|I|D|B|X|V|N|
		|1|1|0|1|0|1|0|1|
	ADDRESSING MODE: IMMEDIATE
	MEM READ: 55cc / (21964) => 27 / (39)
	BCD START -> 6a + 27
	BCD CONVERT -> 70 + 27
	BCD SUM -> 98
[OP END @ 21964]
Done..
