[TEST 39 - 69.json]
	MEM WRITE: 3dcd / (15821) => 69 / (105)
	MEM WRITE: 3dce / (15822) => f6 / (246)
	MEM WRITE: 3dcf / (15823) => 18 / (24)
	MEM READ: 3dcd / (15821) => 69 / (105)
[OP START 15821 -> 0x69 -> adc]
	REGS:
		PC: 15821 (3dcd)
		SP: 195 (c3)
		A:  156 (9c)
		X:  163 (a3)
		Y:  210 (d2)
		P:  44 (2c)
		|C|Z|I|D|B|X|V|N|
		|0|0|1|1|0|1|0|0|
	ADDRESSING MODE: IMMEDIATE
	MEM READ: 3dce / (15822) => f6 / (246)
	BCD START -> 9c + f6
	BCD CONVERT -> a2 + 56
	BCD SUM -> 58
[OP END @ 15822]
Done..
