[TEST 58 - 69.json]
	MEM WRITE: dfc6 / (57286) => 69 / (105)
	MEM WRITE: dfc7 / (57287) => de / (222)
	MEM WRITE: dfc8 / (57288) => ba / (186)
	MEM READ: dfc6 / (57286) => 69 / (105)
[OP START 57286 -> 0x69 -> adc]
	REGS:
		PC: 57286 (dfc6)
		SP: 128 (80)
		A:  109 (6d)
		X:  84 (54)
		Y:  182 (b6)
		P:  233 (e9)
		|C|Z|I|D|B|X|V|N|
		|1|0|0|1|0|1|1|1|
	ADDRESSING MODE: IMMEDIATE
	MEM READ: dfc7 / (57287) => de / (222)
	BCD START -> 6d + de
	BCD CONVERT -> 73 + 44
	BCD SUM -> 18
[OP END @ 57287]
Done..
