[TEST 89 - 69.json]
	MEM WRITE: 426b / (17003) => 69 / (105)
	MEM WRITE: 426c / (17004) => 57 / (87)
	MEM WRITE: 426d / (17005) => c2 / (194)
	MEM READ: 426b / (17003) => 69 / (105)
[OP START 17003 -> 0x69 -> adc]
	REGS:
		PC: 17003 (426b)
		SP: 159 (9f)
		A:  136 (88)
		X:  25 (19)
		Y:  227 (e3)
		P:  111 (6f)
		|C|Z|I|D|B|X|V|N|
		|1|1|1|1|0|1|1|0|
	ADDRESSING MODE: IMMEDIATE
	MEM READ: 426c / (17004) => 57 / (87)
	BCD START -> 88 + 57
	BCD CONVERT -> 88 + 57
	BCD SUM -> 46
[OP END @ 17004]
Done..
