[TEST 114 - 69.json]
	MEM WRITE: 7d76 / (32118) => 69 / (105)
	MEM WRITE: 7d77 / (32119) => a0 / (160)
	MEM WRITE: 7d78 / (32120) => f7 / (247)
	MEM READ: 7d76 / (32118) => 69 / (105)
[OP START 32118 -> 0x69 -> adc]
	REGS:
		PC: 32118 (7d76)
		SP: 157 (9d)
		A:  115 (73)
		X:  128 (80)
		Y:  43 (2b)
		P:  237 (ed)
		|C|Z|I|D|B|X|V|N|
		|1|0|1|1|0|1|1|1|
	ADDRESSING MODE: IMMEDIATE
	MEM READ: 7d77 / (32119) => a0 / (160)
	BCD START -> 73 + a0
	BCD CONVERT -> 73 + 0
	BCD SUM -> 74
[OP END @ 32119]
Done..
