[TEST 5 - 69.json]
	MEM WRITE: 7e58 / (32344) => 69 / (105)
	MEM WRITE: 7e59 / (32345) => e6 / (230)
	MEM WRITE: 7e5a / (32346) => 8c / (140)
	MEM READ: 7e58 / (32344) => 69 / (105)
[OP START 32344 -> 0x69 -> adc]
	REGS:
		PC: 32344 (7e58)
		SP: 194 (c2)
		A:  169 (a9)
		X:  85 (55)
		Y:  9 (9)
		P:  47 (2f)
		|C|Z|I|D|B|X|V|N|
		|1|1|1|1|0|1|0|0|
	ADDRESSING MODE: IMMEDIATE
	MEM READ: 7e59 / (32345) => e6 / (230)
	BCD START -> a9 + e6
	BCD CONVERT -> 9 + 46
	BCD SUM -> 56
[OP END @ 32345]
Done..
