[TEST 186 - 69.json]
	MEM WRITE: f7e1 / (63457) => 69 / (105)
	MEM WRITE: f7e2 / (63458) => 6 / (6)
	MEM WRITE: f7e3 / (63459) => 6c / (108)
	MEM READ: f7e1 / (63457) => 69 / (105)
[OP START 63457 -> 0x69 -> adc]
	REGS:
		PC: 63457 (f7e1)
		SP: 236 (ec)
		A:  232 (e8)
		X:  194 (c2)
		Y:  246 (f6)
		P:  168 (a8)
		|C|Z|I|D|B|X|V|N|
		|0|0|0|1|0|1|0|1|
	ADDRESSING MODE: IMMEDIATE
	MEM READ: f7e2 / (63458) => 6 / (6)
	BCD START -> e8 + 6
	BCD CONVERT -> 48 + 6
	BCD SUM -> 54
[OP END @ 63458]
Done..
