[TEST 101 - 69.json]
	MEM WRITE: e5a0 / (58784) => 69 / (105)
	MEM WRITE: e5a1 / (58785) => 1b / (27)
	MEM WRITE: e5a2 / (58786) => 26 / (38)
	MEM READ: e5a0 / (58784) => 69 / (105)
[OP START 58784 -> 0x69 -> adc]
	REGS:
		PC: 58784 (e5a0)
		SP: 236 (ec)
		A:  94 (5e)
		X:  160 (a0)
		Y:  28 (1c)
		P:  169 (a9)
		|C|Z|I|D|B|X|V|N|
		|1|0|0|1|0|1|0|1|
	ADDRESSING MODE: IMMEDIATE
	MEM READ: e5a1 / (58785) => 1b / (27)
	BCD START -> 5e + 1b
	BCD CONVERT -> 64 + 21
	BCD SUM -> 86
[OP END @ 58785]
Done..
