[TEST 61 - 69.json]
	MEM WRITE: 7087 / (28807) => 69 / (105)
	MEM WRITE: 7088 / (28808) => 4b / (75)
	MEM WRITE: 7089 / (28809) => 27 / (39)
	MEM READ: 7087 / (28807) => 69 / (105)
[OP START 28807 -> 0x69 -> adc]
	REGS:
		PC: 28807 (7087)
		SP: 247 (f7)
		A:  212 (d4)
		X:  240 (f0)
		Y:  38 (26)
		P:  106 (6a)
		|C|Z|I|D|B|X|V|N|
		|0|1|0|1|0|1|1|0|
	ADDRESSING MODE: IMMEDIATE
	MEM READ: 7088 / (28808) => 4b / (75)
	BCD START -> d4 + 4b
	BCD CONVERT -> 34 + 51
	BCD SUM -> 85
[OP END @ 28808]
Done..
