[TEST 116 - 69.json]
	MEM WRITE: 6f3a / (28474) => 69 / (105)
	MEM WRITE: 6f3b / (28475) => d0 / (208)
	MEM WRITE: 6f3c / (28476) => c5 / (197)
	MEM READ: 6f3a / (28474) => 69 / (105)
[OP START 28474 -> 0x69 -> adc]
	REGS:
		PC: 28474 (6f3a)
		SP: 78 (4e)
		A:  27 (1b)
		X:  246 (f6)
		Y:  178 (b2)
		P:  43 (2b)
		|C|Z|I|D|B|X|V|N|
		|1|1|0|1|0|1|0|0|
	ADDRESSING MODE: IMMEDIATE
	MEM READ: 6f3b / (28475) => d0 / (208)
	BCD START -> 1b + d0
	BCD CONVERT -> 21 + 30
	BCD SUM -> 52
[OP END @ 28475]
Done..
