[TEST 9 - 69.json]
	MEM WRITE: 6fb7 / (28599) => 69 / (105)
	MEM WRITE: 6fb8 / (28600) => 35 / (53)
	MEM WRITE: 6fb9 / (28601) => 37 / (55)
	MEM READ: 6fb7 / (28599) => 69 / (105)
[OP START 28599 -> 0x69 -> adc]
	REGS:
		PC: 28599 (6fb7)
		SP: 159 (9f)
		A:  62 (3e)
		X:  88 (58)
		Y:  193 (c1)
		P:  169 (a9)
		|C|Z|I|D|B|X|V|N|
		|1|0|0|1|0|1|0|1|
	ADDRESSING MODE: IMMEDIATE
	MEM READ: 6fb8 / (28600) => 35 / (53)
	BCD START -> 3e + 35
	BCD CONVERT -> 44 + 35
	BCD SUM -> 7a
[OP END @ 28600]
Done..
