[TEST 24 - 69.json]
	MEM WRITE: bf1b / (48923) => 69 / (105)
	MEM WRITE: bf1c / (48924) => 60 / (96)
	MEM WRITE: bf1d / (48925) => b0 / (176)
	MEM READ: bf1b / (48923) => 69 / (105)
[OP START 48923 -> 0x69 -> adc]
	REGS:
		PC: 48923 (bf1b)
		SP: 162 (a2)
		A:  248 (f8)
		X:  117 (75)
		Y:  114 (72)
		P:  174 (ae)
		|C|Z|I|D|B|X|V|N|
		|0|1|1|1|0|1|0|1|
	ADDRESSING MODE: IMMEDIATE
	MEM READ: bf1c / (48924) => 60 / (96)
	BCD START -> f8 + 60
	BCD CONVERT -> 58 + 60
	BCD SUM -> 18
[OP END @ 48924]
Done..
