[TEST 178 - 69.json]
	MEM WRITE: a71d / (42781) => 69 / (105)
	MEM WRITE: a71e / (42782) => 18 / (24)
	MEM WRITE: a71f / (42783) => ad / (173)
	MEM READ: a71d / (42781) => 69 / (105)
[OP START 42781 -> 0x69 -> adc]
	REGS:
		PC: 42781 (a71d)
		SP: 167 (a7)
		A:  208 (d0)
		X:  128 (80)
		Y:  218 (da)
		P:  171 (ab)
		|C|Z|I|D|B|X|V|N|
		|1|1|0|1|0|1|0|1|
	ADDRESSING MODE: IMMEDIATE
	MEM READ: a71e / (42782) => 18 / (24)
	BCD START -> d0 + 18
	BCD CONVERT -> 30 + 18
	BCD SUM -> 49
[OP END @ 42782]
Done..
