[TEST 109 - 69.json]
	MEM WRITE: 2eaa / (11946) => 69 / (105)
	MEM WRITE: 2eab / (11947) => b8 / (184)
	MEM WRITE: 2eac / (11948) => d8 / (216)
	MEM READ: 2eaa / (11946) => 69 / (105)
[OP START 11946 -> 0x69 -> adc]
	REGS:
		PC: 11946 (2eaa)
		SP: 10 (a)
		A:  49 (31)
		X:  41 (29)
		Y:  159 (9f)
		P:  106 (6a)
		|C|Z|I|D|B|X|V|N|
		|0|1|0|1|0|1|1|0|
	ADDRESSING MODE: IMMEDIATE
	MEM READ: 2eab / (11947) => b8 / (184)
	BCD START -> 31 + b8
	BCD CONVERT -> 31 + 18
	BCD SUM -> 49
[OP END @ 11947]
Done..
