[TEST 14 - 69.json]
	MEM WRITE: 7597 / (30103) => 69 / (105)
	MEM WRITE: 7598 / (30104) => e6 / (230)
	MEM WRITE: 7599 / (30105) => 8d / (141)
	MEM READ: 7597 / (30103) => 69 / (105)
[OP START 30103 -> 0x69 -> adc]
	REGS:
		PC: 30103 (7597)
		SP: 18 (12)
		A:  194 (c2)
		X:  105 (69)
		Y:  214 (d6)
		P:  104 (68)
		|C|Z|I|D|B|X|V|N|
		|0|0|0|1|0|1|1|0|
	ADDRESSING MODE: IMMEDIATE
	MEM READ: 7598 / (30104) => e6 / (230)
	BCD START -> c2 + e6
	BCD CONVERT -> 22 + 46
	BCD SUM -> 68
[OP END @ 30104]
Done..
