[TEST 296 - 69.json]
	MEM WRITE: 8c2a / (35882) => 69 / (105)
	MEM WRITE: 8c2b / (35883) => 58 / (88)
	MEM WRITE: 8c2c / (35884) => f3 / (243)
	MEM READ: 8c2a / (35882) => 69 / (105)
[OP START 35882 -> 0x69 -> adc]
	REGS:
		PC: 35882 (8c2a)
		SP: 105 (69)
		A:  114 (72)
		X:  7 (7)
		Y:  61 (3d)
		P:  44 (2c)
		|C|Z|I|D|B|X|V|N|
		|0|0|1|1|0|1|0|0|
	ADDRESSING MODE: IMMEDIATE
	MEM READ: 8c2b / (35883) => 58 / (88)
	BCD START -> 72 + 58
	BCD CONVERT -> 72 + 58
	BCD SUM -> 30
[OP END @ 35883]
Done..
