[TEST 211 - 69.json]
	MEM WRITE: c736 / (50998) => 69 / (105)
	MEM WRITE: c737 / (50999) => db / (219)
	MEM WRITE: c738 / (51000) => c7 / (199)
	MEM READ: c736 / (50998) => 69 / (105)
[OP START 50998 -> 0x69 -> adc]
	REGS:
		PC: 50998 (c736)
		SP: 146 (92)
		A:  243 (f3)
		X:  108 (6c)
		Y:  143 (8f)
		P:  106 (6a)
		|C|Z|I|D|B|X|V|N|
		|0|1|0|1|0|1|1|0|
	ADDRESSING MODE: IMMEDIATE
	MEM READ: c737 / (50999) => db / (219)
	BCD START -> f3 + db
	BCD CONVERT -> 53 + 41
	BCD SUM -> 94
[OP END @ 50999]
Done..
