[TEST 208 - 69.json]
	MEM WRITE: 7e12 / (32274) => 69 / (105)
	MEM WRITE: 7e13 / (32275) => a0 / (160)
	MEM WRITE: 7e14 / (32276) => 42 / (66)
	MEM READ: 7e12 / (32274) => 69 / (105)
[OP START 32274 -> 0x69 -> adc]
	REGS:
		PC: 32274 (7e12)
		SP: 134 (86)
		A:  13 (d)
		X:  135 (87)
		Y:  3 (3)
		P:  172 (ac)
		|C|Z|I|D|B|X|V|N|
		|0|0|1|1|0|1|0|1|
	ADDRESSING MODE: IMMEDIATE
	MEM READ: 7e13 / (32275) => a0 / (160)
	BCD START -> d + a0
	BCD CONVERT -> 13 + 0
	BCD SUM -> 13
[OP END @ 32275]
Done..
