[TEST 442 - 69.json]
	MEM WRITE: f54a / (62794) => 69 / (105)
	MEM WRITE: f54b / (62795) => a5 / (165)
	MEM WRITE: f54c / (62796) => 5 / (5)
	MEM READ: f54a / (62794) => 69 / (105)
[OP START 62794 -> 0x69 -> adc]
	REGS:
		PC: 62794 (f54a)
		SP: 1 (1)
		A:  249 (f9)
		X:  215 (d7)
		Y:  212 (d4)
		P:  235 (eb)
		|C|Z|I|D|B|X|V|N|
		|1|1|0|1|0|1|1|1|
	ADDRESSING MODE: IMMEDIATE
	MEM READ: f54b / (62795) => a5 / (165)
	BCD START -> f9 + a5
	BCD CONVERT -> 59 + 5
	BCD SUM -> 65
[OP END @ 62795]
Done..
