[TEST 212 - 69.json]
	MEM WRITE: aea2 / (44706) => 69 / (105)
	MEM WRITE: aea3 / (44707) => d4 / (212)
	MEM WRITE: aea4 / (44708) => 47 / (71)
	MEM READ: aea2 / (44706) => 69 / (105)
[OP START 44706 -> 0x69 -> adc]
	REGS:
		PC: 44706 (aea2)
		SP: 79 (4f)
		A:  214 (d6)
		X:  86 (56)
		Y:  74 (4a)
		P:  168 (a8)
		|C|Z|I|D|B|X|V|N|
		|0|0|0|1|0|1|0|1|
	ADDRESSING MODE: IMMEDIATE
	MEM READ: aea3 / (44707) => d4 / (212)
	BCD START -> d6 + d4
	BCD CONVERT -> 36 + 34
	BCD SUM -> 70
[OP END @ 44707]
Done..
