[TEST 168 - 69.json]
	MEM WRITE: e678 / (59000) => 69 / (105)
	MEM WRITE: e679 / (59001) => 4d / (77)
	MEM WRITE: e67a / (59002) => b0 / (176)
	MEM READ: e678 / (59000) => 69 / (105)
[OP START 59000 -> 0x69 -> adc]
	REGS:
		PC: 59000 (e678)
		SP: 217 (d9)
		A:  131 (83)
		X:  179 (b3)
		Y:  231 (e7)
		P:  175 (af)
		|C|Z|I|D|B|X|V|N|
		|1|1|1|1|0|1|0|1|
	ADDRESSING MODE: IMMEDIATE
	MEM READ: e679 / (59001) => 4d / (77)
	BCD START -> 83 + 4d
	BCD CONVERT -> 83 + 53
	BCD SUM -> 37
[OP END @ 59001]
Done..
