[TEST 452 - 69.json]
	MEM WRITE: 65e6 / (26086) => 69 / (105)
	MEM WRITE: 65e7 / (26087) => a4 / (164)
	MEM WRITE: 65e8 / (26088) => 30 / (48)
	MEM READ: 65e6 / (26086) => 69 / (105)
[OP START 26086 -> 0x69 -> adc]
	REGS:
		PC: 26086 (65e6)
		SP: 179 (b3)
		A:  205 (cd)
		X:  17 (11)
		Y:  246 (f6)
		P:  45 (2d)
		|C|Z|I|D|B|X|V|N|
		|1|0|1|1|0|1|0|0|
	ADDRESSING MODE: IMMEDIATE
	MEM READ: 65e7 / (26087) => a4 / (164)
	BCD START -> cd + a4
	BCD CONVERT -> 33 + 4
	BCD SUM -> 38
[OP END @ 26087]
Done..
