[TEST 95 - 69.json]
	MEM WRITE: e654 / (58964) => 69 / (105)
	MEM WRITE: e655 / (58965) => 56 / (86)
	MEM WRITE: e656 / (58966) => f3 / (243)
	MEM READ: e654 / (58964) => 69 / (105)
[OP START 58964 -> 0x69 -> adc]
	REGS:
		PC: 58964 (e654)
		SP: 105 (69)
		A:  224 (e0)
		X:  236 (ec)
		Y:  115 (73)
		P:  233 (e9)
		|C|Z|I|D|B|X|V|N|
		|1|0|0|1|0|1|1|1|
	ADDRESSING MODE: IMMEDIATE
	MEM READ: e655 / (58965) => 56 / (86)
	BCD START -> e0 + 56
	BCD CONVERT -> 40 + 56
	BCD SUM -> 97
[OP END @ 58965]
Done..
