[TEST 399 - 69.json]
	MEM WRITE: 9c58 / (40024) => 69 / (105)
	MEM WRITE: 9c59 / (40025) => 56 / (86)
	MEM WRITE: 9c5a / (40026) => a2 / (162)
	MEM READ: 9c58 / (40024) => 69 / (105)
[OP START 40024 -> 0x69 -> adc]
	REGS:
		PC: 40024 (9c58)
		SP: 115 (73)
		A:  70 (46)
		X:  98 (62)
		Y:  77 (4d)
		P:  175 (af)
		|C|Z|I|D|B|X|V|N|
		|1|1|1|1|0|1|0|1|
	ADDRESSING MODE: IMMEDIATE
	MEM READ: 9c59 / (40025) => 56 / (86)
	BCD START -> 46 + 56
	BCD CONVERT -> 46 + 56
	BCD SUM -> 3
[OP END @ 40025]
Done..
