[TEST 421 - 69.json]
	MEM WRITE: a42b / (42027) => 69 / (105)
	MEM WRITE: a42c / (42028) => 78 / (120)
	MEM WRITE: a42d / (42029) => 31 / (49)
	MEM READ: a42b / (42027) => 69 / (105)
[OP START 42027 -> 0x69 -> adc]
	REGS:
		PC: 42027 (a42b)
		SP: 29 (1d)
		A:  159 (9f)
		X:  25 (19)
		Y:  77 (4d)
		P:  174 (ae)
		|C|Z|I|D|B|X|V|N|
		|0|1|1|1|0|1|0|1|
	ADDRESSING MODE: IMMEDIATE
	MEM READ: a42c / (42028) => 78 / (120)
	BCD START -> 9f + 78
	BCD CONVERT -> a5 + 78
	BCD SUM -> 83
[OP END @ 42028]
Done..
