[TEST 309 - 69.json]
	MEM WRITE: bfd9 / (49113) => 69 / (105)
	MEM WRITE: bfda / (49114) => d0 / (208)
	MEM WRITE: bfdb / (49115) => f6 / (246)
	MEM READ: bfd9 / (49113) => 69 / (105)
[OP START 49113 -> 0x69 -> adc]
	REGS:
		PC: 49113 (bfd9)
		SP: 236 (ec)
		A:  126 (7e)
		X:  115 (73)
		Y:  206 (ce)
		P:  172 (ac)
		|C|Z|I|D|B|X|V|N|
		|0|0|1|1|0|1|0|1|
	ADDRESSING MODE: IMMEDIATE
	MEM READ: bfda / (49114) => d0 / (208)
	BCD START -> 7e + d0
	BCD CONVERT -> 84 + 30
	BCD SUM -> 14
[OP END @ 49114]
Done..
