[TEST 62 - 69.json]
	MEM WRITE: 8680 / (34432) => 69 / (105)
	MEM WRITE: 8681 / (34433) => b0 / (176)
	MEM WRITE: 8682 / (34434) => a0 / (160)
	MEM READ: 8680 / (34432) => 69 / (105)
[OP START 34432 -> 0x69 -> adc]
	REGS:
		PC: 34432 (8680)
		SP: 80 (50)
		A:  229 (e5)
		X:  118 (76)
		Y:  5 (5)
		P:  174 (ae)
		|C|Z|I|D|B|X|V|N|
		|0|1|1|1|0|1|0|1|
	ADDRESSING MODE: IMMEDIATE
	MEM READ: 8681 / (34433) => b0 / (176)
	BCD START -> e5 + b0
	BCD CONVERT -> 45 + 10
	BCD SUM -> 55
[OP END @ 34433]
Done..
