[TEST 376 - 69.json]
	MEM WRITE: 98c7 / (39111) => 69 / (105)
	MEM WRITE: 98c8 / (39112) => ff / (255)
	MEM WRITE: 98c9 / (39113) => ed / (237)
	MEM READ: 98c7 / (39111) => 69 / (105)
[OP START 39111 -> 0x69 -> adc]
	REGS:
		PC: 39111 (98c7)
		SP: 154 (9a)
		A:  179 (b3)
		X:  193 (c1)
		Y:  115 (73)
		P:  169 (a9)
		|C|Z|I|D|B|X|V|N|
		|1|0|0|1|0|1|0|1|
	ADDRESSING MODE: IMMEDIATE
	MEM READ: 98c8 / (39112) => ff / (255)
	BCD START -> b3 + ff
	BCD CONVERT -> 13 + 65
	BCD SUM -> 79
[OP END @ 39112]
Done..
