[TEST 48 - 69.json]
	MEM WRITE: 6582 / (25986) => 69 / (105)
	MEM WRITE: 6583 / (25987) => e7 / (231)
	MEM WRITE: 6584 / (25988) => 89 / (137)
	MEM READ: 6582 / (25986) => 69 / (105)
[OP START 25986 -> 0x69 -> adc]
	REGS:
		PC: 25986 (6582)
		SP: 69 (45)
		A:  194 (c2)
		X:  94 (5e)
		Y:  195 (c3)
		P:  111 (6f)
		|C|Z|I|D|B|X|V|N|
		|1|1|1|1|0|1|1|0|
	ADDRESSING MODE: IMMEDIATE
	MEM READ: 6583 / (25987) => e7 / (231)
	BCD START -> c2 + e7
	BCD CONVERT -> 22 + 47
	BCD SUM -> 6a
[OP END @ 25987]
Done..
