[TEST 228 - 69.json]
	MEM WRITE: e4aa / (58538) => 69 / (105)
	MEM WRITE: e4ab / (58539) => 17 / (23)
	MEM WRITE: e4ac / (58540) => db / (219)
	MEM READ: e4aa / (58538) => 69 / (105)
[OP START 58538 -> 0x69 -> adc]
	REGS:
		PC: 58538 (e4aa)
		SP: 122 (7a)
		A:  64 (40)
		X:  240 (f0)
		Y:  160 (a0)
		P:  172 (ac)
		|C|Z|I|D|B|X|V|N|
		|0|0|1|1|0|1|0|1|
	ADDRESSING MODE: IMMEDIATE
	MEM READ: e4ab / (58539) => 17 / (23)
	BCD START -> 40 + 17
	BCD CONVERT -> 40 + 17
	BCD SUM -> 57
[OP END @ 58539]
Done..
