[TEST 294 - 69.json]
	MEM WRITE: 7ab8 / (31416) => 69 / (105)
	MEM WRITE: 7ab9 / (31417) => b1 / (177)
	MEM WRITE: 7aba / (31418) => f3 / (243)
	MEM READ: 7ab8 / (31416) => 69 / (105)
[OP START 31416 -> 0x69 -> adc]
	REGS:
		PC: 31416 (7ab8)
		SP: 78 (4e)
		A:  197 (c5)
		X:  119 (77)
		Y:  212 (d4)
		P:  236 (ec)
		|C|Z|I|D|B|X|V|N|
		|0|0|1|1|0|1|1|1|
	ADDRESSING MODE: IMMEDIATE
	MEM READ: 7ab9 / (31417) => b1 / (177)
	BCD START -> c5 + b1
	BCD CONVERT -> 25 + 11
	BCD SUM -> 36
[OP END @ 31417]
Done..
