[TEST 117 - 69.json]
	MEM WRITE: 67d2 / (26578) => 69 / (105)
	MEM WRITE: 67d3 / (26579) => 32 / (50)
	MEM WRITE: 67d4 / (26580) => b0 / (176)
	MEM READ: 67d2 / (26578) => 69 / (105)
[OP START 26578 -> 0x69 -> adc]
	REGS:
		PC: 26578 (67d2)
		SP: 72 (48)
		A:  143 (8f)
		X:  208 (d0)
		Y:  209 (d1)
		P:  42 (2a)
		|C|Z|I|D|B|X|V|N|
		|0|1|0|1|0|1|0|0|
	ADDRESSING MODE: IMMEDIATE
	MEM READ: 67d3 / (26579) => 32 / (50)
	BCD START -> 8f + 32
	BCD CONVERT -> 95 + 32
	BCD SUM -> 27
[OP END @ 26579]
Done..
