[TEST 294 - 69.json]
	MEM WRITE: 8c00 / (35840) => 69 / (105)
	MEM WRITE: 8c01 / (35841) => 53 / (83)
	MEM WRITE: 8c02 / (35842) => 6e / (110)
	MEM READ: 8c00 / (35840) => 69 / (105)
[OP START 35840 -> 0x69 -> adc]
	REGS:
		PC: 35840 (8c00)
		SP: 138 (8a)
		A:  165 (a5)
		X:  23 (17)
		Y:  211 (d3)
		P:  111 (6f)
		|C|Z|I|D|B|X|V|N|
		|1|1|1|1|0|1|1|0|
	ADDRESSING MODE: IMMEDIATE
	MEM READ: 8c01 / (35841) => 53 / (83)
	BCD START -> a5 + 53
	BCD CONVERT -> 5 + 53
	BCD SUM -> 59
[OP END @ 35841]
Done..
