[TEST 253 - 69.json]
	MEM WRITE: c42c / (50220) => 69 / (105)
	MEM WRITE: c42d / (50221) => 32 / (50)
	MEM WRITE: c42e / (50222) => ba / (186)
	MEM READ: c42c / (50220) => 69 / (105)
[OP START 50220 -> 0x69 -> adc]
	REGS:
		PC: 50220 (c42c)
		SP: 7 (7)
		A:  243 (f3)
		X:  16 (10)
		Y:  100 (64)
		P:  105 (69)
		|C|Z|I|D|B|X|V|N|
		|1|0|0|1|0|1|1|0|
	ADDRESSING MODE: IMMEDIATE
	MEM READ: c42d / (50221) => 32 / (50)
	BCD START -> f3 + 32
	BCD CONVERT -> 53 + 32
	BCD SUM -> 86
[OP END @ 50221]
Done..
