[TEST 281 - 69.json]
	MEM WRITE: eb49 / (60233) => 69 / (105)
	MEM WRITE: eb4a / (60234) => 2 / (2)
	MEM WRITE: eb4b / (60235) => 9f / (159)
	MEM READ: eb49 / (60233) => 69 / (105)
[OP START 60233 -> 0x69 -> adc]
	REGS:
		PC: 60233 (eb49)
		SP: 177 (b1)
		A:  35 (23)
		X:  126 (7e)
		Y:  23 (17)
		P:  236 (ec)
		|C|Z|I|D|B|X|V|N|
		|0|0|1|1|0|1|1|1|
	ADDRESSING MODE: IMMEDIATE
	MEM READ: eb4a / (60234) => 2 / (2)
	BCD START -> 23 + 2
	BCD CONVERT -> 23 + 2
	BCD SUM -> 25
[OP END @ 60234]
Done..
