[TEST 42 - 69.json]
	MEM WRITE: c287 / (49799) => 69 / (105)
	MEM WRITE: c288 / (49800) => b8 / (184)
	MEM WRITE: c289 / (49801) => bf / (191)
	MEM READ: c287 / (49799) => 69 / (105)
[OP START 49799 -> 0x69 -> adc]
	REGS:
		PC: 49799 (c287)
		SP: 13 (d)
		A:  1 (1)
		X:  25 (19)
		Y:  149 (95)
		P:  110 (6e)
		|C|Z|I|D|B|X|V|N|
		|0|1|1|1|0|1|1|0|
	ADDRESSING MODE: IMMEDIATE
	MEM READ: c288 / (49800) => b8 / (184)
	BCD START -> 1 + b8
	BCD CONVERT -> 1 + 18
	BCD SUM -> 19
[OP END @ 49800]
Done..
