[TEST 60 - 69.json]
	MEM WRITE: d2fd / (54013) => 69 / (105)
	MEM WRITE: d2fe / (54014) => ee / (238)
	MEM WRITE: d2ff / (54015) => cd / (205)
	MEM READ: d2fd / (54013) => 69 / (105)
[OP START 54013 -> 0x69 -> adc]
	REGS:
		PC: 54013 (d2fd)
		SP: 73 (49)
		A:  145 (91)
		X:  217 (d9)
		Y:  60 (3c)
		P:  168 (a8)
		|C|Z|I|D|B|X|V|N|
		|0|0|0|1|0|1|0|1|
	ADDRESSING MODE: IMMEDIATE
	MEM READ: d2fe / (54014) => ee / (238)
	BCD START -> 91 + ee
	BCD CONVERT -> 91 + 54
	BCD SUM -> 45
[OP END @ 54014]
Done..
