[TEST 23 - 69.json]
	MEM WRITE: 9926 / (39206) => 69 / (105)
	MEM WRITE: 9927 / (39207) => ca / (202)
	MEM WRITE: 9928 / (39208) => 94 / (148)
	MEM READ: 9926 / (39206) => 69 / (105)
[OP START 39206 -> 0x69 -> adc]
	REGS:
		PC: 39206 (9926)
		SP: 186 (ba)
		A:  102 (66)
		X:  222 (de)
		Y:  124 (7c)
		P:  237 (ed)
		|C|Z|I|D|B|X|V|N|
		|1|0|1|1|0|1|1|1|
	ADDRESSING MODE: IMMEDIATE
	MEM READ: 9927 / (39207) => ca / (202)
	BCD START -> 66 + ca
	BCD CONVERT -> 66 + 30
	BCD SUM -> 97
[OP END @ 39207]
Done..
