[TEST 111 - 69.json]
	MEM WRITE: 2cc4 / (11460) => 69 / (105)
	MEM WRITE: 2cc5 / (11461) => 5c / (92)
	MEM WRITE: 2cc6 / (11462) => e4 / (228)
	MEM READ: 2cc4 / (11460) => 69 / (105)
[OP START 11460 -> 0x69 -> adc]
	REGS:
		PC: 11460 (2cc4)
		SP: 7 (7)
		A:  62 (3e)
		X:  112 (70)
		Y:  229 (e5)
		P:  169 (a9)
		|C|Z|I|D|B|X|V|N|
		|1|0|0|1|0|1|0|1|
	ADDRESSING MODE: IMMEDIATE
	MEM READ: 2cc5 / (11461) => 5c / (92)
	BCD START -> 3e + 5c
	BCD CONVERT -> 44 + 62
	BCD SUM -> 7
[OP END @ 11461]
Done..
