[TEST 140 - 69.json]
	MEM WRITE: ec74 / (60532) => 69 / (105)
	MEM WRITE: ec75 / (60533) => 0 / (0)
	MEM WRITE: ec76 / (60534) => a6 / (166)
	MEM READ: ec74 / (60532) => 69 / (105)
[OP START 60532 -> 0x69 -> adc]
	REGS:
		PC: 60532 (ec74)
		SP: 70 (46)
		A:  178 (b2)
		X:  155 (9b)
		Y:  176 (b0)
		P:  237 (ed)
		|C|Z|I|D|B|X|V|N|
		|1|0|1|1|0|1|1|1|
	ADDRESSING MODE: IMMEDIATE
	MEM READ: ec75 / (60533) => 0 / (0)
	BCD START -> b2 + 0
	BCD CONVERT -> 12 + 0
	BCD SUM -> 13
[OP END @ 60533]
Done..
