[TEST 401 - 69.json]
	MEM WRITE: c28e / (49806) => 69 / (105)
	MEM WRITE: c28f / (49807) => c8 / (200)
	MEM WRITE: c290 / (49808) => a4 / (164)
	MEM READ: c28e / (49806) => 69 / (105)
[OP START 49806 -> 0x69 -> adc]
	REGS:
		PC: 49806 (c28e)
		SP: 74 (4a)
		A:  1 (1)
		X:  42 (2a)
		Y:  48 (30)
		P:  43 (2b)
		|C|Z|I|D|B|X|V|N|
		|1|1|0|1|0|1|0|0|
	ADDRESSING MODE: IMMEDIATE
	MEM READ: c28f / (49807) => c8 / (200)
	BCD START -> 1 + c8
	BCD CONVERT -> 1 + 28
	BCD SUM -> 2a
[OP END @ 49807]
Done..
