[TEST 4 - 69.json]
	MEM WRITE: f124 / (61732) => 69 / (105)
	MEM WRITE: f125 / (61733) => 99 / (153)
	MEM WRITE: f126 / (61734) => 7c / (124)
	MEM READ: f124 / (61732) => 69 / (105)
[OP START 61732 -> 0x69 -> adc]
	REGS:
		PC: 61732 (f124)
		SP: 148 (94)
		A:  42 (2a)
		X:  68 (44)
		Y:  155 (9b)
		P:  109 (6d)
		|C|Z|I|D|B|X|V|N|
		|1|0|1|1|0|1|1|0|
	ADDRESSING MODE: IMMEDIATE
	MEM READ: f125 / (61733) => 99 / (153)
	BCD START -> 2a + 99
	BCD CONVERT -> 30 + 99
	BCD SUM -> 2a
[OP END @ 61733]
Done..
