[TEST 468 - 69.json]
	MEM WRITE: 7340 / (29504) => 69 / (105)
	MEM WRITE: 7341 / (29505) => 96 / (150)
	MEM WRITE: 7342 / (29506) => ab / (171)
	MEM READ: 7340 / (29504) => 69 / (105)
[OP START 29504 -> 0x69 -> adc]
	REGS:
		PC: 29504 (7340)
		SP: 182 (b6)
		A:  215 (d7)
		X:  74 (4a)
		Y:  84 (54)
		P:  235 (eb)
		|C|Z|I|D|B|X|V|N|
		|1|1|0|1|0|1|1|1|
	ADDRESSING MODE: IMMEDIATE
	MEM READ: 7341 / (29505) => 96 / (150)
	BCD START -> d7 + 96
	BCD CONVERT -> 37 + 96
	BCD SUM -> 34
[OP END @ 29505]
Done..
