[TEST 38 - 69.json]
	MEM WRITE: 5d11 / (23825) => 69 / (105)
	MEM WRITE: 5d12 / (23826) => 20 / (32)
	MEM WRITE: 5d13 / (23827) => f7 / (247)
	MEM READ: 5d11 / (23825) => 69 / (105)
[OP START 23825 -> 0x69 -> adc]
	REGS:
		PC: 23825 (5d11)
		SP: 173 (ad)
		A:  159 (9f)
		X:  54 (36)
		Y:  35 (23)
		P:  237 (ed)
		|C|Z|I|D|B|X|V|N|
		|1|0|1|1|0|1|1|1|
	ADDRESSING MODE: IMMEDIATE
	MEM READ: 5d12 / (23826) => 20 / (32)
	BCD START -> 9f + 20
	BCD CONVERT -> a5 + 20
	BCD SUM -> 26
[OP END @ 23826]
Done..
