[TEST 255 - 69.json]
	MEM WRITE: 6729 / (26409) => 69 / (105)
	MEM WRITE: 672a / (26410) => e / (14)
	MEM WRITE: 672b / (26411) => f5 / (245)
	MEM READ: 6729 / (26409) => 69 / (105)
[OP START 26409 -> 0x69 -> adc]
	REGS:
		PC: 26409 (6729)
		SP: 176 (b0)
		A:  55 (37)
		X:  156 (9c)
		Y:  24 (18)
		P:  40 (28)
		|C|Z|I|D|B|X|V|N|
		|0|0|0|1|0|1|0|0|
	ADDRESSING MODE: IMMEDIATE
	MEM READ: 672a / (26410) => e / (14)
	BCD START -> 37 + e
	BCD CONVERT -> 37 + 14
	BCD SUM -> 51
[OP END @ 26410]
Done..
