[TEST 286 - 69.json]
	MEM WRITE: 8099 / (32921) => 69 / (105)
	MEM WRITE: 809a / (32922) => 1c / (28)
	MEM WRITE: 809b / (32923) => a / (10)
	MEM READ: 8099 / (32921) => 69 / (105)
[OP START 32921 -> 0x69 -> adc]
	REGS:
		PC: 32921 (8099)
		SP: 164 (a4)
		A:  152 (98)
		X:  171 (ab)
		Y:  57 (39)
		P:  169 (a9)
		|C|Z|I|D|B|X|V|N|
		|1|0|0|1|0|1|0|1|
	ADDRESSING MODE: IMMEDIATE
	MEM READ: 809a / (32922) => 1c / (28)
	BCD START -> 98 + 1c
	BCD CONVERT -> 98 + 22
	BCD SUM -> 21
[OP END @ 32922]
Done..
