[TEST 153 - 69.json]
	MEM WRITE: 321b / (12827) => 69 / (105)
	MEM WRITE: 321c / (12828) => 74 / (116)
	MEM WRITE: 321d / (12829) => e8 / (232)
	MEM READ: 321b / (12827) => 69 / (105)
[OP START 12827 -> 0x69 -> adc]
	REGS:
		PC: 12827 (321b)
		SP: 241 (f1)
		A:  97 (61)
		X:  9 (9)
		Y:  61 (3d)
		P:  107 (6b)
		|C|Z|I|D|B|X|V|N|
		|1|1|0|1|0|1|1|0|
	ADDRESSING MODE: IMMEDIATE
	MEM READ: 321c / (12828) => 74 / (116)
	BCD START -> 61 + 74
	BCD CONVERT -> 61 + 74
	BCD SUM -> 36
[OP END @ 12828]
Done..
