[TEST 250 - 69.json]
	MEM WRITE: 6e0e / (28174) => 69 / (105)
	MEM WRITE: 6e0f / (28175) => 63 / (99)
	MEM WRITE: 6e10 / (28176) => e6 / (230)
	MEM READ: 6e0e / (28174) => 69 / (105)
[OP START 28174 -> 0x69 -> adc]
	REGS:
		PC: 28174 (6e0e)
		SP: 110 (6e)
		A:  165 (a5)
		X:  194 (c2)
		Y:  51 (33)
		P:  40 (28)
		|C|Z|I|D|B|X|V|N|
		|0|0|0|1|0|1|0|0|
	ADDRESSING MODE: IMMEDIATE
	MEM READ: 6e0f / (28175) => 63 / (99)
	BCD START -> a5 + 63
	BCD CONVERT -> 5 + 63
	BCD SUM -> 68
[OP END @ 28175]
Done..
