[TEST 7 - 69.json]
	MEM WRITE: e25d / (57949) => 69 / (105)
	MEM WRITE: e25e / (57950) => b0 / (176)
	MEM WRITE: e25f / (57951) => 7e / (126)
	MEM READ: e25d / (57949) => 69 / (105)
[OP START 57949 -> 0x69 -> adc]
	REGS:
		PC: 57949 (e25d)
		SP: 140 (8c)
		A:  209 (d1)
		X:  236 (ec)
		Y:  92 (5c)
		P:  46 (2e)
		|C|Z|I|D|B|X|V|N|
		|0|1|1|1|0|1|0|0|
	ADDRESSING MODE: IMMEDIATE
	MEM READ: e25e / (57950) => b0 / (176)
	BCD START -> d1 + b0
	BCD CONVERT -> 31 + 10
	BCD SUM -> 41
[OP END @ 57950]
Done..
