[TEST 44 - 69.json]
	MEM WRITE: 87e2 / (34786) => 69 / (105)
	MEM WRITE: 87e3 / (34787) => 11 / (17)
	MEM WRITE: 87e4 / (34788) => a4 / (164)
	MEM READ: 87e2 / (34786) => 69 / (105)
[OP START 34786 -> 0x69 -> adc]
	REGS:
		PC: 34786 (87e2)
		SP: 164 (a4)
		A:  94 (5e)
		X:  52 (34)
		Y:  143 (8f)
		P:  175 (af)
		|C|Z|I|D|B|X|V|N|
		|1|1|1|1|0|1|0|1|
	ADDRESSING MODE: IMMEDIATE
	MEM READ: 87e3 / (34787) => 11 / (17)
	BCD START -> 5e + 11
	BCD CONVERT -> 64 + 11
	BCD SUM -> 76
[OP END @ 34787]
Done..
