[TEST 119 - 69.json]
	MEM WRITE: d674 / (54900) => 69 / (105)
	MEM WRITE: d675 / (54901) => e7 / (231)
	MEM WRITE: d676 / (54902) => 5b / (91)
	MEM READ: d674 / (54900) => 69 / (105)
[OP START 54900 -> 0x69 -> adc]
	REGS:
		PC: 54900 (d674)
		SP: 27 (1b)
		A:  25 (19)
		X:  189 (bd)
		Y:  106 (6a)
		P:  239 (ef)
		|C|Z|I|D|B|X|V|N|
		|1|1|1|1|0|1|1|1|
	ADDRESSING MODE: IMMEDIATE
	MEM READ: d675 / (54901) => e7 / (231)
	BCD START -> 19 + e7
	BCD CONVERT -> 19 + 47
	BCD SUM -> 67
[OP END @ 54901]
Done..
