[TEST 193 - 69.json]
	MEM WRITE: f10d / (61709) => 69 / (105)
	MEM WRITE: f10e / (61710) => 6d / (109)
	MEM WRITE: f10f / (61711) => b0 / (176)
	MEM READ: f10d / (61709) => 69 / (105)
[OP START 61709 -> 0x69 -> adc]
	REGS:
		PC: 61709 (f10d)
		SP: 106 (6a)
		A:  248 (f8)
		X:  161 (a1)
		Y:  125 (7d)
		P:  235 (eb)
		|C|Z|I|D|B|X|V|N|
		|1|1|0|1|0|1|1|1|
	ADDRESSING MODE: IMMEDIATE
	MEM READ: f10e / (61710) => 6d / (109)
	BCD START -> f8 + 6d
	BCD CONVERT -> 58 + 73
	BCD SUM -> 32
[OP END @ 61710]
Done..
