[TEST 275 - 69.json]
	MEM WRITE: ade7 / (44519) => 69 / (105)
	MEM WRITE: ade8 / (44520) => 1b / (27)
	MEM WRITE: ade9 / (44521) => 84 / (132)
	MEM READ: ade7 / (44519) => 69 / (105)
[OP START 44519 -> 0x69 -> adc]
	REGS:
		PC: 44519 (ade7)
		SP: 251 (fb)
		A:  154 (9a)
		X:  98 (62)
		Y:  219 (db)
		P:  106 (6a)
		|C|Z|I|D|B|X|V|N|
		|0|1|0|1|0|1|1|0|
	ADDRESSING MODE: IMMEDIATE
	MEM READ: ade8 / (44520) => 1b / (27)
	BCD START -> 9a + 1b
	BCD CONVERT -> a0 + 21
	BCD SUM -> 21
[OP END @ 44520]
Done..
