[TEST 56 - 69.json]
	MEM WRITE: a930 / (43312) => 69 / (105)
	MEM WRITE: a931 / (43313) => d8 / (216)
	MEM WRITE: a932 / (43314) => 99 / (153)
	MEM READ: a930 / (43312) => 69 / (105)
[OP START 43312 -> 0x69 -> adc]
	REGS:
		PC: 43312 (a930)
		SP: 126 (7e)
		A:  253 (fd)
		X:  198 (c6)
		Y:  69 (45)
		P:  104 (68)
		|C|Z|I|D|B|X|V|N|
		|0|0|0|1|0|1|1|0|
	ADDRESSING MODE: IMMEDIATE
	MEM READ: a931 / (43313) => d8 / (216)
	BCD START -> fd + d8
	BCD CONVERT -> 63 + 38
	BCD SUM -> 1
[OP END @ 43313]
Done..
