[TEST 163 - 69.json]
	MEM WRITE: d0a0 / (53408) => 69 / (105)
	MEM WRITE: d0a1 / (53409) => 5a / (90)
	MEM WRITE: d0a2 / (53410) => 43 / (67)
	MEM READ: d0a0 / (53408) => 69 / (105)
[OP START 53408 -> 0x69 -> adc]
	REGS:
		PC: 53408 (d0a0)
		SP: 239 (ef)
		A:  48 (30)
		X:  103 (67)
		Y:  27 (1b)
		P:  233 (e9)
		|C|Z|I|D|B|X|V|N|
		|1|0|0|1|0|1|1|1|
	ADDRESSING MODE: IMMEDIATE
	MEM READ: d0a1 / (53409) => 5a / (90)
	BCD START -> 30 + 5a
	BCD CONVERT -> 30 + 60
	BCD SUM -> 91
[OP END @ 53409]
Done..
