[TEST 174 - 69.json]
	MEM WRITE: a95f / (43359) => 69 / (105)
	MEM WRITE: a960 / (43360) => 8f / (143)
	MEM WRITE: a961 / (43361) => bf / (191)
	MEM READ: a95f / (43359) => 69 / (105)
[OP START 43359 -> 0x69 -> adc]
	REGS:
		PC: 43359 (a95f)
		SP: 74 (4a)
		A:  59 (3b)
		X:  5 (5)
		Y:  189 (bd)
		P:  40 (28)
		|C|Z|I|D|B|X|V|N|
		|0|0|0|1|0|1|0|0|
	ADDRESSING MODE: IMMEDIATE
	MEM READ: a960 / (43360) => 8f / (143)
	BCD START -> 3b + 8f
	BCD CONVERT -> 41 + 95
	BCD SUM -> 36
[OP END @ 43360]
Done..
