[TEST 469 - 69.json]
	MEM WRITE: 7c99 / (31897) => 69 / (105)
	MEM WRITE: 7c9a / (31898) => c / (12)
	MEM WRITE: 7c9b / (31899) => e1 / (225)
	MEM READ: 7c99 / (31897) => 69 / (105)
[OP START 31897 -> 0x69 -> adc]
	REGS:
		PC: 31897 (7c99)
		SP: 58 (3a)
		A:  59 (3b)
		X:  248 (f8)
		Y:  208 (d0)
		P:  175 (af)
		|C|Z|I|D|B|X|V|N|
		|1|1|1|1|0|1|0|1|
	ADDRESSING MODE: IMMEDIATE
	MEM READ: 7c9a / (31898) => c / (12)
	BCD START -> 3b + c
	BCD CONVERT -> 41 + 12
	BCD SUM -> 54
[OP END @ 31898]
Done..
