[TEST 321 - 69.json]
	MEM WRITE: bdab / (48555) => 69 / (105)
	MEM WRITE: bdac / (48556) => 79 / (121)
	MEM WRITE: bdad / (48557) => c7 / (199)
	MEM READ: bdab / (48555) => 69 / (105)
[OP START 48555 -> 0x69 -> adc]
	REGS:
		PC: 48555 (bdab)
		SP: 108 (6c)
		A:  214 (d6)
		X:  18 (12)
		Y:  69 (45)
		P:  234 (ea)
		|C|Z|I|D|B|X|V|N|
		|0|1|0|1|0|1|1|1|
	ADDRESSING MODE: IMMEDIATE
	MEM READ: bdac / (48556) => 79 / (121)
	BCD START -> d6 + 79
	BCD CONVERT -> 36 + 79
	BCD SUM -> 15
[OP END @ 48556]
Done..
