[TEST 293 - 69.json]
	MEM WRITE: c939 / (51513) => 69 / (105)
	MEM WRITE: c93a / (51514) => 8 / (8)
	MEM WRITE: c93b / (51515) => 1c / (28)
	MEM READ: c939 / (51513) => 69 / (105)
[OP START 51513 -> 0x69 -> adc]
	REGS:
		PC: 51513 (c939)
		SP: 142 (8e)
		A:  108 (6c)
		X:  29 (1d)
		Y:  224 (e0)
		P:  107 (6b)
		|C|Z|I|D|B|X|V|N|
		|1|1|0|1|0|1|1|0|
	ADDRESSING MODE: IMMEDIATE
	MEM READ: c93a / (51514) => 8 / (8)
	BCD START -> 6c + 8
	BCD CONVERT -> 72 + 8
	BCD SUM -> 81
[OP END @ 51514]
Done..
