[TEST 137 - 69.json]
	MEM WRITE: 56dc / (22236) => 69 / (105)
	MEM WRITE: 56dd / (22237) => 25 / (37)
	MEM WRITE: 56de / (22238) => 20 / (32)
	MEM READ: 56dc / (22236) => 69 / (105)
[OP START 22236 -> 0x69 -> adc]
	REGS:
		PC: 22236 (56dc)
		SP: 16 (10)
		A:  145 (91)
		X:  142 (8e)
		Y:  83 (53)
		P:  111 (6f)
		|C|Z|I|D|B|X|V|N|
		|1|1|1|1|0|1|1|0|
	ADDRESSING MODE: IMMEDIATE
	MEM READ: 56dd / (22237) => 25 / (37)
	BCD START -> 91 + 25
	BCD CONVERT -> 91 + 25
	BCD SUM -> 17
[OP END @ 22237]
Done..
