[TEST 107 - 69.json]
	MEM WRITE: 4864 / (18532) => 69 / (105)
	MEM WRITE: 4865 / (18533) => 79 / (121)
	MEM WRITE: 4866 / (18534) => 3a / (58)
	MEM READ: 4864 / (18532) => 69 / (105)
[OP START 18532 -> 0x69 -> adc]
	REGS:
		PC: 18532 (4864)
		SP: 206 (ce)
		A:  10 (a)
		X:  214 (d6)
		Y:  197 (c5)
		P:  111 (6f)
		|C|Z|I|D|B|X|V|N|
		|1|1|1|1|0|1|1|0|
	ADDRESSING MODE: IMMEDIATE
	MEM READ: 4865 / (18533) => 79 / (121)
	BCD START -> a + 79
	BCD CONVERT -> 10 + 79
	BCD SUM -> 8a
[OP END @ 18533]
Done..
