[TEST 453 - 69.json]
	MEM WRITE: 9fde / (40926) => 69 / (105)
	MEM WRITE: 9fdf / (40927) => 42 / (66)
	MEM WRITE: 9fe0 / (40928) => bd / (189)
	MEM READ: 9fde / (40926) => 69 / (105)
[OP START 40926 -> 0x69 -> adc]
	REGS:
		PC: 40926 (9fde)
		SP: 85 (55)
		A:  195 (c3)
		X:  50 (32)
		Y:  223 (df)
		P:  169 (a9)
		|C|Z|I|D|B|X|V|N|
		|1|0|0|1|0|1|0|1|
	ADDRESSING MODE: IMMEDIATE
	MEM READ: 9fdf / (40927) => 42 / (66)
	BCD START -> c3 + 42
	BCD CONVERT -> 23 + 42
	BCD SUM -> 66
[OP END @ 40927]
Done..
