[TEST 118 - 69.json]
	MEM WRITE: 559c / (21916) => 69 / (105)
	MEM WRITE: 559d / (21917) => 0 / (0)
	MEM WRITE: 559e / (21918) => bb / (187)
	MEM READ: 559c / (21916) => 69 / (105)
[OP START 21916 -> 0x69 -> adc]
	REGS:
		PC: 21916 (559c)
		SP: 43 (2b)
		A:  56 (38)
		X:  235 (eb)
		Y:  160 (a0)
		P:  111 (6f)
		|C|Z|I|D|B|X|V|N|
		|1|1|1|1|0|1|1|0|
	ADDRESSING MODE: IMMEDIATE
	MEM READ: 559d / (21917) => 0 / (0)
	BCD START -> 38 + 0
	BCD CONVERT -> 38 + 0
	BCD SUM -> 39
[OP END @ 21917]
Done..
