[TEST 135 - 69.json]
	MEM WRITE: 7c64 / (31844) => 69 / (105)
	MEM WRITE: 7c65 / (31845) => 2a / (42)
	MEM WRITE: 7c66 / (31846) => 20 / (32)
	MEM READ: 7c64 / (31844) => 69 / (105)
[OP START 31844 -> 0x69 -> adc]
	REGS:
		PC: 31844 (7c64)
		SP: 142 (8e)
		A:  162 (a2)
		X:  201 (c9)
		Y:  60 (3c)
		P:  105 (69)
		|C|Z|I|D|B|X|V|N|
		|1|0|0|1|0|1|1|0|
	ADDRESSING MODE: IMMEDIATE
	MEM READ: 7c65 / (31845) => 2a / (42)
	BCD START -> a2 + 2a
	BCD CONVERT -> 2 + 30
	BCD SUM -> 33
[OP END @ 31845]
Done..
