[TEST 430 - 69.json]
	MEM WRITE: e6db / (59099) => 69 / (105)
	MEM WRITE: e6dc / (59100) => 64 / (100)
	MEM WRITE: e6dd / (59101) => 76 / (118)
	MEM READ: e6db / (59099) => 69 / (105)
[OP START 59099 -> 0x69 -> adc]
	REGS:
		PC: 59099 (e6db)
		SP: 112 (70)
		A:  169 (a9)
		X:  81 (51)
		Y:  185 (b9)
		P:  171 (ab)
		|C|Z|I|D|B|X|V|N|
		|1|1|0|1|0|1|0|1|
	ADDRESSING MODE: IMMEDIATE
	MEM READ: e6dc / (59100) => 64 / (100)
	BCD START -> a9 + 64
	BCD CONVERT -> 9 + 64
	BCD SUM -> 74
[OP END @ 59100]
Done..
