[TEST 304 - 69.json]
	MEM WRITE: 6e0a / (28170) => 69 / (105)
	MEM WRITE: 6e0b / (28171) => a0 / (160)
	MEM WRITE: 6e0c / (28172) => 5a / (90)
	MEM READ: 6e0a / (28170) => 69 / (105)
[OP START 28170 -> 0x69 -> adc]
	REGS:
		PC: 28170 (6e0a)
		SP: 247 (f7)
		A:  233 (e9)
		X:  209 (d1)
		Y:  202 (ca)
		P:  172 (ac)
		|C|Z|I|D|B|X|V|N|
		|0|0|1|1|0|1|0|1|
	ADDRESSING MODE: IMMEDIATE
	MEM READ: 6e0b / (28171) => a0 / (160)
	BCD START -> e9 + a0
	BCD CONVERT -> 49 + 0
	BCD SUM -> 49
[OP END @ 28171]
Done..
