[TEST 32 - 69.json]
	MEM WRITE: 64b2 / (25778) => 69 / (105)
	MEM WRITE: 64b3 / (25779) => 92 / (146)
	MEM WRITE: 64b4 / (25780) => ad / (173)
	MEM READ: 64b2 / (25778) => 69 / (105)
[OP START 25778 -> 0x69 -> adc]
	REGS:
		PC: 25778 (64b2)
		SP: 57 (39)
		A:  68 (44)
		X:  214 (d6)
		Y:  7 (7)
		P:  234 (ea)
		|C|Z|I|D|B|X|V|N|
		|0|1|0|1|0|1|1|1|
	ADDRESSING MODE: IMMEDIATE
	MEM READ: 64b3 / (25779) => 92 / (146)
	BCD START -> 44 + 92
	BCD CONVERT -> 44 + 92
	BCD SUM -> 36
[OP END @ 25779]
Done..
