[TEST 404 - 69.json]
	MEM WRITE: a9be / (43454) => 69 / (105)
	MEM WRITE: a9bf / (43455) => b9 / (185)
	MEM WRITE: a9c0 / (43456) => 3b / (59)
	MEM READ: a9be / (43454) => 69 / (105)
[OP START 43454 -> 0x69 -> adc]
	REGS:
		PC: 43454 (a9be)
		SP: 196 (c4)
		A:  82 (52)
		X:  176 (b0)
		Y:  133 (85)
		P:  42 (2a)
		|C|Z|I|D|B|X|V|N|
		|0|1|0|1|0|1|0|0|
	ADDRESSING MODE: IMMEDIATE
	MEM READ: a9bf / (43455) => b9 / (185)
	BCD START -> 52 + b9
	BCD CONVERT -> 52 + 19
	BCD SUM -> 71
[OP END @ 43455]
Done..
