[TEST 493 - 69.json]
	MEM WRITE: 83a8 / (33704) => 69 / (105)
	MEM WRITE: 83a9 / (33705) => 2e / (46)
	MEM WRITE: 83aa / (33706) => a5 / (165)
	MEM READ: 83a8 / (33704) => 69 / (105)
[OP START 33704 -> 0x69 -> adc]
	REGS:
		PC: 33704 (83a8)
		SP: 232 (e8)
		A:  99 (63)
		X:  173 (ad)
		Y:  188 (bc)
		P:  173 (ad)
		|C|Z|I|D|B|X|V|N|
		|1|0|1|1|0|1|0|1|
	ADDRESSING MODE: IMMEDIATE
	MEM READ: 83a9 / (33705) => 2e / (46)
	BCD START -> 63 + 2e
	BCD CONVERT -> 63 + 34
	BCD SUM -> 98
[OP END @ 33705]
Done..
