[TEST 198 - 69.json]
	MEM WRITE: 97da / (38874) => 69 / (105)
	MEM WRITE: 97db / (38875) => 57 / (87)
	MEM WRITE: 97dc / (38876) => e9 / (233)
	MEM READ: 97da / (38874) => 69 / (105)
[OP START 38874 -> 0x69 -> adc]
	REGS:
		PC: 38874 (97da)
		SP: 194 (c2)
		A:  80 (50)
		X:  37 (25)
		Y:  6 (6)
		P:  234 (ea)
		|C|Z|I|D|B|X|V|N|
		|0|1|0|1|0|1|1|1|
	ADDRESSING MODE: IMMEDIATE
	MEM READ: 97db / (38875) => 57 / (87)
	BCD START -> 50 + 57
	BCD CONVERT -> 50 + 57
	BCD SUM -> 7
[OP END @ 38875]
Done..
