[TEST 166 - 69.json]
	MEM WRITE: 9d52 / (40274) => 69 / (105)
	MEM WRITE: 9d53 / (40275) => c1 / (193)
	MEM WRITE: 9d54 / (40276) => 3f / (63)
	MEM READ: 9d52 / (40274) => 69 / (105)
[OP START 40274 -> 0x69 -> adc]
	REGS:
		PC: 40274 (9d52)
		SP: 54 (36)
		A:  201 (c9)
		X:  159 (9f)
		Y:  253 (fd)
		P:  43 (2b)
		|C|Z|I|D|B|X|V|N|
		|1|1|0|1|0|1|0|0|
	ADDRESSING MODE: IMMEDIATE
	MEM READ: 9d53 / (40275) => c1 / (193)
	BCD START -> c9 + c1
	BCD CONVERT -> 29 + 21
	BCD SUM -> 51
[OP END @ 40275]
Done..
