[TEST 53 - 69.json]
	MEM WRITE: 76a2 / (30370) => 69 / (105)
	MEM WRITE: 76a3 / (30371) => 7a / (122)
	MEM WRITE: 76a4 / (30372) => 78 / (120)
	MEM READ: 76a2 / (30370) => 69 / (105)
[OP START 30370 -> 0x69 -> adc]
	REGS:
		PC: 30370 (76a2)
		SP: 216 (d8)
		A:  33 (21)
		X:  241 (f1)
		Y:  5 (5)
		P:  47 (2f)
		|C|Z|I|D|B|X|V|N|
		|1|1|1|1|0|1|0|0|
	ADDRESSING MODE: IMMEDIATE
	MEM READ: 76a3 / (30371) => 7a / (122)
	BCD START -> 21 + 7a
	BCD CONVERT -> 21 + 80
	BCD SUM -> 2
[OP END @ 30371]
Done..
