[TEST 490 - 69.json]
	MEM WRITE: 7c12 / (31762) => 69 / (105)
	MEM WRITE: 7c13 / (31763) => 8c / (140)
	MEM WRITE: 7c14 / (31764) => 3c / (60)
	MEM READ: 7c12 / (31762) => 69 / (105)
[OP START 31762 -> 0x69 -> adc]
	REGS:
		PC: 31762 (7c12)
		SP: 184 (b8)
		A:  92 (5c)
		X:  241 (f1)
		Y:  81 (51)
		P:  42 (2a)
		|C|Z|I|D|B|X|V|N|
		|0|1|0|1|0|1|0|0|
	ADDRESSING MODE: IMMEDIATE
	MEM READ: 7c13 / (31763) => 8c / (140)
	BCD START -> 5c + 8c
	BCD CONVERT -> 62 + 92
	BCD SUM -> 54
[OP END @ 31763]
Done..
