[TEST 19 - 69.json]
	MEM WRITE: 812a / (33066) => 69 / (105)
	MEM WRITE: 812b / (33067) => 2c / (44)
	MEM WRITE: 812c / (33068) => f6 / (246)
	MEM READ: 812a / (33066) => 69 / (105)
[OP START 33066 -> 0x69 -> adc]
	REGS:
		PC: 33066 (812a)
		SP: 216 (d8)
		A:  156 (9c)
		X:  17 (11)
		Y:  193 (c1)
		P:  175 (af)
		|C|Z|I|D|B|X|V|N|
		|1|1|1|1|0|1|0|1|
	ADDRESSING MODE: IMMEDIATE
	MEM READ: 812b / (33067) => 2c / (44)
	BCD START -> 9c + 2c
	BCD CONVERT -> a2 + 32
	BCD SUM -> 35
[OP END @ 33067]
Done..
