[TEST 162 - 69.json]
	MEM WRITE: 9780 / (38784) => 69 / (105)
	MEM WRITE: 9781 / (38785) => fd / (253)
	MEM WRITE: 9782 / (38786) => 8e / (142)
	MEM READ: 9780 / (38784) => 69 / (105)
[OP START 38784 -> 0x69 -> adc]
	REGS:
		PC: 38784 (9780)
		SP: 71 (47)
		A:  8 (8)
		X:  182 (b6)
		Y:  170 (aa)
		P:  175 (af)
		|C|Z|I|D|B|X|V|N|
		|1|1|1|1|0|1|0|1|
	ADDRESSING MODE: IMMEDIATE
	MEM READ: 9781 / (38785) => fd / (253)
	BCD START -> 8 + fd
	BCD CONVERT -> 8 + 63
	BCD SUM -> 72
[OP END @ 38785]
Done..
