[TEST 225 - 69.json]
	MEM WRITE: 8d68 / (36200) => 69 / (105)
	MEM WRITE: 8d69 / (36201) => 57 / (87)
	MEM WRITE: 8d6a / (36202) => ac / (172)
	MEM READ: 8d68 / (36200) => 69 / (105)
[OP START 36200 -> 0x69 -> adc]
	REGS:
		PC: 36200 (8d68)
		SP: 130 (82)
		A:  93 (5d)
		X:  62 (3e)
		Y:  114 (72)
		P:  42 (2a)
		|C|Z|I|D|B|X|V|N|
		|0|1|0|1|0|1|0|0|
	ADDRESSING MODE: IMMEDIATE
	MEM READ: 8d69 / (36201) => 57 / (87)
	BCD START -> 5d + 57
	BCD CONVERT -> 63 + 57
	BCD SUM -> 20
[OP END @ 36201]
Done..
