[TEST 407 - 69.json]
	MEM WRITE: eed1 / (61137) => 69 / (105)
	MEM WRITE: eed2 / (61138) => f7 / (247)
	MEM WRITE: eed3 / (61139) => 5c / (92)
	MEM READ: eed1 / (61137) => 69 / (105)
[OP START 61137 -> 0x69 -> adc]
	REGS:
		PC: 61137 (eed1)
		SP: 169 (a9)
		A:  143 (8f)
		X:  174 (ae)
		Y:  49 (31)
		P:  109 (6d)
		|C|Z|I|D|B|X|V|N|
		|1|0|1|1|0|1|1|0|
	ADDRESSING MODE: IMMEDIATE
	MEM READ: eed2 / (61138) => f7 / (247)
	BCD START -> 8f + f7
	BCD CONVERT -> 95 + 57
	BCD SUM -> 53
[OP END @ 61138]
Done..
