[TEST 47 - 69.json]
	MEM WRITE: ba10 / (47632) => 69 / (105)
	MEM WRITE: ba11 / (47633) => 34 / (52)
	MEM WRITE: ba12 / (47634) => c5 / (197)
	MEM READ: ba10 / (47632) => 69 / (105)
[OP START 47632 -> 0x69 -> adc]
	REGS:
		PC: 47632 (ba10)
		SP: 118 (76)
		A:  239 (ef)
		X:  34 (22)
		Y:  27 (1b)
		P:  42 (2a)
		|C|Z|I|D|B|X|V|N|
		|0|1|0|1|0|1|0|0|
	ADDRESSING MODE: IMMEDIATE
	MEM READ: ba11 / (47633) => 34 / (52)
	BCD START -> ef + 34
	BCD CONVERT -> 55 + 34
	BCD SUM -> 89
[OP END @ 47633]
Done..
