[TEST 52 - 69.json]
	MEM WRITE: ccb8 / (52408) => 69 / (105)
	MEM WRITE: ccb9 / (52409) => bb / (187)
	MEM WRITE: ccba / (52410) => 3 / (3)
	MEM READ: ccb8 / (52408) => 69 / (105)
[OP START 52408 -> 0x69 -> adc]
	REGS:
		PC: 52408 (ccb8)
		SP: 157 (9d)
		A:  155 (9b)
		X:  164 (a4)
		Y:  122 (7a)
		P:  40 (28)
		|C|Z|I|D|B|X|V|N|
		|0|0|0|1|0|1|0|0|
	ADDRESSING MODE: IMMEDIATE
	MEM READ: ccb9 / (52409) => bb / (187)
	BCD START -> 9b + bb
	BCD CONVERT -> a1 + 21
	BCD SUM -> 22
[OP END @ 52409]
Done..
