[TEST 138 - 69.json]
	MEM WRITE: c28f / (49807) => 69 / (105)
	MEM WRITE: c290 / (49808) => ff / (255)
	MEM WRITE: c291 / (49809) => e4 / (228)
	MEM READ: c28f / (49807) => 69 / (105)
[OP START 49807 -> 0x69 -> adc]
	REGS:
		PC: 49807 (c28f)
		SP: 196 (c4)
		A:  214 (d6)
		X:  48 (30)
		Y:  125 (7d)
		P:  236 (ec)
		|C|Z|I|D|B|X|V|N|
		|0|0|1|1|0|1|1|1|
	ADDRESSING MODE: IMMEDIATE
	MEM READ: c290 / (49808) => ff / (255)
	BCD START -> d6 + ff
	BCD CONVERT -> 36 + 65
	BCD SUM -> 1
[OP END @ 49808]
Done..
