[TEST 320 - 69.json]
	MEM WRITE: fb1b / (64283) => 69 / (105)
	MEM WRITE: fb1c / (64284) => 74 / (116)
	MEM WRITE: fb1d / (64285) => d0 / (208)
	MEM READ: fb1b / (64283) => 69 / (105)
[OP START 64283 -> 0x69 -> adc]
	REGS:
		PC: 64283 (fb1b)
		SP: 22 (16)
		A:  232 (e8)
		X:  7 (7)
		Y:  75 (4b)
		P:  235 (eb)
		|C|Z|I|D|B|X|V|N|
		|1|1|0|1|0|1|1|1|
	ADDRESSING MODE: IMMEDIATE
	MEM READ: fb1c / (64284) => 74 / (116)
	BCD START -> e8 + 74
	BCD CONVERT -> 48 + 74
	BCD SUM -> 23
[OP END @ 64284]
Done..
