[TEST 221 - 69.json]
	MEM WRITE: 56c4 / (22212) => 69 / (105)
	MEM WRITE: 56c5 / (22213) => 54 / (84)
	MEM WRITE: 56c6 / (22214) => ae / (174)
	MEM READ: 56c4 / (22212) => 69 / (105)
[OP START 22212 -> 0x69 -> adc]
	REGS:
		PC: 22212 (56c4)
		SP: 1 (1)
		A:  63 (3f)
		X:  107 (6b)
		Y:  145 (91)
		P:  175 (af)
		|C|Z|I|D|B|X|V|N|
		|1|1|1|1|0|1|0|1|
	ADDRESSING MODE: IMMEDIATE
	MEM READ: 56c5 / (22213) => 54 / (84)
	BCD START -> 3f + 54
	BCD CONVERT -> 45 + 54
	BCD SUM -> 9a
[OP END @ 22213]
Done..
