[TEST 99 - 69.json]
	MEM WRITE: 812c / (33068) => 69 / (105)
	MEM WRITE: 812d / (33069) => db / (219)
	MEM WRITE: 812e / (33070) => 54 / (84)
	MEM READ: 812c / (33068) => 69 / (105)
[OP START 33068 -> 0x69 -> adc]
	REGS:
		PC: 33068 (812c)
		SP: 142 (8e)
		A:  79 (4f)
		X:  110 (6e)
		Y:  125 (7d)
		P:  173 (ad)
		|C|Z|I|D|B|X|V|N|
		|1|0|1|1|0|1|0|1|
	ADDRESSING MODE: IMMEDIATE
	MEM READ: 812d / (33069) => db / (219)
	BCD START -> 4f + db
	BCD CONVERT -> 55 + 41
	BCD SUM -> 97
[OP END @ 33069]
Done..
