[TEST 201 - 69.json]
	MEM WRITE: a601 / (42497) => 69 / (105)
	MEM WRITE: a602 / (42498) => b7 / (183)
	MEM WRITE: a603 / (42499) => 27 / (39)
	MEM READ: a601 / (42497) => 69 / (105)
[OP START 42497 -> 0x69 -> adc]
	REGS:
		PC: 42497 (a601)
		SP: 171 (ab)
		A:  71 (47)
		X:  95 (5f)
		Y:  236 (ec)
		P:  175 (af)
		|C|Z|I|D|B|X|V|N|
		|1|1|1|1|0|1|0|1|
	ADDRESSING MODE: IMMEDIATE
	MEM READ: a602 / (42498) => b7 / (183)
	BCD START -> 47 + b7
	BCD CONVERT -> 47 + 17
	BCD SUM -> 65
[OP END @ 42498]
Done..
