[TEST 475 - 69.json]
	MEM WRITE: 6f06 / (28422) => 69 / (105)
	MEM WRITE: 6f07 / (28423) => ff / (255)
	MEM WRITE: 6f08 / (28424) => 7f / (127)
	MEM READ: 6f06 / (28422) => 69 / (105)
[OP START 28422 -> 0x69 -> adc]
	REGS:
		PC: 28422 (6f06)
		SP: 245 (f5)
		A:  66 (42)
		X:  61 (3d)
		Y:  243 (f3)
		P:  105 (69)
		|C|Z|I|D|B|X|V|N|
		|1|0|0|1|0|1|1|0|
	ADDRESSING MODE: IMMEDIATE
	MEM READ: 6f07 / (28423) => ff / (255)
	BCD START -> 42 + ff
	BCD CONVERT -> 42 + 65
	BCD SUM -> 8
[OP END @ 28423]
Done..
