[TEST 343 - 69.json]
	MEM WRITE: ef72 / (61298) => 69 / (105)
	MEM WRITE: ef73 / (61299) => db / (219)
	MEM WRITE: ef74 / (61300) => 6b / (107)
	MEM READ: ef72 / (61298) => 69 / (105)
[OP START 61298 -> 0x69 -> adc]
	REGS:
		PC: 61298 (ef72)
		SP: 213 (d5)
		A:  229 (e5)
		X:  59 (3b)
		Y:  109 (6d)
		P:  172 (ac)
		|C|Z|I|D|B|X|V|N|
		|0|0|1|1|0|1|0|1|
	ADDRESSING MODE: IMMEDIATE
	MEM READ: ef73 / (61299) => db / (219)
	BCD START -> e5 + db
	BCD CONVERT -> 45 + 41
	BCD SUM -> 86
[OP END @ 61299]
Done..
