[TEST 82 - 69.json]
	MEM WRITE: ea7e / (60030) => 69 / (105)
	MEM WRITE: ea7f / (60031) => db / (219)
	MEM WRITE: ea80 / (60032) => df / (223)
	MEM READ: ea7e / (60030) => 69 / (105)
[OP START 60030 -> 0x69 -> adc]
	REGS:
		PC: 60030 (ea7e)
		SP: 98 (62)
		A:  71 (47)
		X:  147 (93)
		Y:  176 (b0)
		P:  234 (ea)
		|C|Z|I|D|B|X|V|N|
		|0|1|0|1|0|1|1|1|
	ADDRESSING MODE: IMMEDIATE
	MEM READ: ea7f / (60031) => db / (219)
	BCD START -> 47 + db
	BCD CONVERT -> 47 + 41
	BCD SUM -> 88
[OP END @ 60031]
Done..
