[TEST 355 - 69.json]
	MEM WRITE: 80c1 / (32961) => 69 / (105)
	MEM WRITE: 80c2 / (32962) => 7b / (123)
	MEM WRITE: 80c3 / (32963) => 58 / (88)
	MEM READ: 80c1 / (32961) => 69 / (105)
[OP START 32961 -> 0x69 -> adc]
	REGS:
		PC: 32961 (80c1)
		SP: 92 (5c)
		A:  68 (44)
		X:  242 (f2)
		Y:  130 (82)
		P:  168 (a8)
		|C|Z|I|D|B|X|V|N|
		|0|0|0|1|0|1|0|1|
	ADDRESSING MODE: IMMEDIATE
	MEM READ: 80c2 / (32962) => 7b / (123)
	BCD START -> 44 + 7b
	BCD CONVERT -> 44 + 81
	BCD SUM -> 25
[OP END @ 32962]
Done..
