[TEST 288 - 69.json]
	MEM WRITE: 5452 / (21586) => 69 / (105)
	MEM WRITE: 5453 / (21587) => e7 / (231)
	MEM WRITE: 5454 / (21588) => de / (222)
	MEM READ: 5452 / (21586) => 69 / (105)
[OP START 21586 -> 0x69 -> adc]
	REGS:
		PC: 21586 (5452)
		SP: 212 (d4)
		A:  245 (f5)
		X:  180 (b4)
		Y:  79 (4f)
		P:  111 (6f)
		|C|Z|I|D|B|X|V|N|
		|1|1|1|1|0|1|1|0|
	ADDRESSING MODE: IMMEDIATE
	MEM READ: 5453 / (21587) => e7 / (231)
	BCD START -> f5 + e7
	BCD CONVERT -> 55 + 47
	BCD SUM -> 3
[OP END @ 21587]
Done..
