[TEST 284 - 69.json]
	MEM WRITE: d597 / (54679) => 69 / (105)
	MEM WRITE: d598 / (54680) => e3 / (227)
	MEM WRITE: d599 / (54681) => 65 / (101)
	MEM READ: d597 / (54679) => 69 / (105)
[OP START 54679 -> 0x69 -> adc]
	REGS:
		PC: 54679 (d597)
		SP: 208 (d0)
		A:  20 (14)
		X:  227 (e3)
		Y:  6 (6)
		P:  106 (6a)
		|C|Z|I|D|B|X|V|N|
		|0|1|0|1|0|1|1|0|
	ADDRESSING MODE: IMMEDIATE
	MEM READ: d598 / (54680) => e3 / (227)
	BCD START -> 14 + e3
	BCD CONVERT -> 14 + 43
	BCD SUM -> 57
[OP END @ 54680]
Done..
