[TEST 467 - 69.json]
	MEM WRITE: cc71 / (52337) => 69 / (105)
	MEM WRITE: cc72 / (52338) => 46 / (70)
	MEM WRITE: cc73 / (52339) => 30 / (48)
	MEM READ: cc71 / (52337) => 69 / (105)
[OP START 52337 -> 0x69 -> adc]
	REGS:
		PC: 52337 (cc71)
		SP: 46 (2e)
		A:  142 (8e)
		X:  230 (e6)
		Y:  250 (fa)
		P:  170 (aa)
		|C|Z|I|D|B|X|V|N|
		|0|1|0|1|0|1|0|1|
	ADDRESSING MODE: IMMEDIATE
	MEM READ: cc72 / (52338) => 46 / (70)
	BCD START -> 8e + 46
	BCD CONVERT -> 94 + 46
	BCD SUM -> 40
[OP END @ 52338]
Done..
