[TEST 339 - 69.json]
	MEM WRITE: 60c2 / (24770) => 69 / (105)
	MEM WRITE: 60c3 / (24771) => 5d / (93)
	MEM WRITE: 60c4 / (24772) => a8 / (168)
	MEM READ: 60c2 / (24770) => 69 / (105)
[OP START 24770 -> 0x69 -> adc]
	REGS:
		PC: 24770 (60c2)
		SP: 180 (b4)
		A:  190 (be)
		X:  152 (98)
		Y:  185 (b9)
		P:  46 (2e)
		|C|Z|I|D|B|X|V|N|
		|0|1|1|1|0|1|0|0|
	ADDRESSING MODE: IMMEDIATE
	MEM READ: 60c3 / (24771) => 5d / (93)
	BCD START -> be + 5d
	BCD CONVERT -> 24 + 63
	BCD SUM -> 87
[OP END @ 24771]
Done..
