[TEST 120 - 69.json]
	MEM WRITE: b150 / (45392) => 69 / (105)
	MEM WRITE: b151 / (45393) => c6 / (198)
	MEM WRITE: b152 / (45394) => 4e / (78)
	MEM READ: b150 / (45392) => 69 / (105)
[OP START 45392 -> 0x69 -> adc]
	REGS:
		PC: 45392 (b150)
		SP: 58 (3a)
		A:  22 (16)
		X:  78 (4e)
		Y:  87 (57)
		P:  41 (29)
		|C|Z|I|D|B|X|V|N|
		|1|0|0|1|0|1|0|0|
	ADDRESSING MODE: IMMEDIATE
	MEM READ: b151 / (45393) => c6 / (198)
	BCD START -> 16 + c6
	BCD CONVERT -> 16 + 26
	BCD SUM -> 43
[OP END @ 45393]
Done..
