[TEST 21 - 69.json]
	MEM WRITE: 3ce3 / (15587) => 69 / (105)
	MEM WRITE: 3ce4 / (15588) => 88 / (136)
	MEM WRITE: 3ce5 / (15589) => 2f / (47)
	MEM READ: 3ce3 / (15587) => 69 / (105)
[OP START 15587 -> 0x69 -> adc]
	REGS:
		PC: 15587 (3ce3)
		SP: 184 (b8)
		A:  159 (9f)
		X:  137 (89)
		Y:  85 (55)
		P:  174 (ae)
		|C|Z|I|D|B|X|V|N|
		|0|1|1|1|0|1|0|1|
	ADDRESSING MODE: IMMEDIATE
	MEM READ: 3ce4 / (15588) => 88 / (136)
	BCD START -> 9f + 88
	BCD CONVERT -> a5 + 88
	BCD SUM -> 93
[OP END @ 15588]
Done..
