[TEST 221 - 69.json]
	MEM WRITE: d7b1 / (55217) => 69 / (105)
	MEM WRITE: d7b2 / (55218) => 19 / (25)
	MEM WRITE: d7b3 / (55219) => 38 / (56)
	MEM READ: d7b1 / (55217) => 69 / (105)
[OP START 55217 -> 0x69 -> adc]
	REGS:
		PC: 55217 (d7b1)
		SP: 94 (5e)
		A:  3 (3)
		X:  59 (3b)
		Y:  231 (e7)
		P:  104 (68)
		|C|Z|I|D|B|X|V|N|
		|0|0|0|1|0|1|1|0|
	ADDRESSING MODE: IMMEDIATE
	MEM READ: d7b2 / (55218) => 19 / (25)
	BCD START -> 3 + 19
	BCD CONVERT -> 3 + 19
	BCD SUM -> 22
[OP END @ 55218]
Done..
