[TEST 445 - 69.json]
	MEM WRITE: a115 / (41237) => 69 / (105)
	MEM WRITE: a116 / (41238) => ba / (186)
	MEM WRITE: a117 / (41239) => 43 / (67)
	MEM READ: a115 / (41237) => 69 / (105)
[OP START 41237 -> 0x69 -> adc]
	REGS:
		PC: 41237 (a115)
		SP: 10 (a)
		A:  4 (4)
		X:  45 (2d)
		Y:  131 (83)
		P:  41 (29)
		|C|Z|I|D|B|X|V|N|
		|1|0|0|1|0|1|0|0|
	ADDRESSING MODE: IMMEDIATE
	MEM READ: a116 / (41238) => ba / (186)
	BCD START -> 4 + ba
	BCD CONVERT -> 4 + 20
	BCD SUM -> 25
[OP END @ 41238]
Done..
