[TEST 159 - 69.json]
	MEM WRITE: a5d2 / (42450) => 69 / (105)
	MEM WRITE: a5d3 / (42451) => 97 / (151)
	MEM WRITE: a5d4 / (42452) => 3e / (62)
	MEM READ: a5d2 / (42450) => 69 / (105)
[OP START 42450 -> 0x69 -> adc]
	REGS:
		PC: 42450 (a5d2)
		SP: 220 (dc)
		A:  52 (34)
		X:  25 (19)
		Y:  77 (4d)
		P:  40 (28)
		|C|Z|I|D|B|X|V|N|
		|0|0|0|1|0|1|0|0|
	ADDRESSING MODE: IMMEDIATE
	MEM READ: a5d3 / (42451) => 97 / (151)
	BCD START -> 34 + 97
	BCD CONVERT -> 34 + 97
	BCD SUM -> 31
[OP END @ 42451]
Done..
