[TEST 238 - 69.json]
	MEM WRITE: 69a2 / (27042) => 69 / (105)
	MEM WRITE: 69a3 / (27043) => 4 / (4)
	MEM WRITE: 69a4 / (27044) => b5 / (181)
	MEM READ: 69a2 / (27042) => 69 / (105)
[OP START 27042 -> 0x69 -> adc]
	REGS:
		PC: 27042 (69a2)
		SP: 185 (b9)
		A:  221 (dd)
		X:  243 (f3)
		Y:  85 (55)
		P:  239 (ef)
		|C|Z|I|D|B|X|V|N|
		|1|1|1|1|0|1|1|1|
	ADDRESSING MODE: IMMEDIATE
	MEM READ: 69a3 / (27043) => 4 / (4)
	BCD START -> dd + 4
	BCD CONVERT -> 43 + 4
	BCD SUM -> 48
[OP END @ 27043]
Done..
