[TEST 429 - 69.json]
	MEM WRITE: d661 / (54881) => 69 / (105)
	MEM WRITE: d662 / (54882) => f / (15)
	MEM WRITE: d663 / (54883) => c4 / (196)
	MEM READ: d661 / (54881) => 69 / (105)
[OP START 54881 -> 0x69 -> adc]
	REGS:
		PC: 54881 (d661)
		SP: 83 (53)
		A:  152 (98)
		X:  59 (3b)
		Y:  42 (2a)
		P:  40 (28)
		|C|Z|I|D|B|X|V|N|
		|0|0|0|1|0|1|0|0|
	ADDRESSING MODE: IMMEDIATE
	MEM READ: d662 / (54882) => f / (15)
	BCD START -> 98 + f
	BCD CONVERT -> 98 + 15
	BCD SUM -> 13
[OP END @ 54882]
Done..
