[TEST 216 - 69.json]
	MEM WRITE: 3f91 / (16273) => 69 / (105)
	MEM WRITE: 3f92 / (16274) => fe / (254)
	MEM WRITE: 3f93 / (16275) => 29 / (41)
	MEM READ: 3f91 / (16273) => 69 / (105)
[OP START 16273 -> 0x69 -> adc]
	REGS:
		PC: 16273 (3f91)
		SP: 200 (c8)
		A:  129 (81)
		X:  26 (1a)
		Y:  31 (1f)
		P:  168 (a8)
		|C|Z|I|D|B|X|V|N|
		|0|0|0|1|0|1|0|1|
	ADDRESSING MODE: IMMEDIATE
	MEM READ: 3f92 / (16274) => fe / (254)
	BCD START -> 81 + fe
	BCD CONVERT -> 81 + 64
	BCD SUM -> 45
[OP END @ 16274]
Done..
