[TEST 213 - 69.json]
	MEM WRITE: ab94 / (43924) => 69 / (105)
	MEM WRITE: ab95 / (43925) => bb / (187)
	MEM WRITE: ab96 / (43926) => a / (10)
	MEM READ: ab94 / (43924) => 69 / (105)
[OP START 43924 -> 0x69 -> adc]
	REGS:
		PC: 43924 (ab94)
		SP: 205 (cd)
		A:  195 (c3)
		X:  29 (1d)
		Y:  90 (5a)
		P:  237 (ed)
		|C|Z|I|D|B|X|V|N|
		|1|0|1|1|0|1|1|1|
	ADDRESSING MODE: IMMEDIATE
	MEM READ: ab95 / (43925) => bb / (187)
	BCD START -> c3 + bb
	BCD CONVERT -> 23 + 21
	BCD SUM -> 45
[OP END @ 43925]
Done..
