[TEST 361 - 69.json]
	MEM WRITE: 55e8 / (21992) => 69 / (105)
	MEM WRITE: 55e9 / (21993) => b6 / (182)
	MEM WRITE: 55ea / (21994) => d8 / (216)
	MEM READ: 55e8 / (21992) => 69 / (105)
[OP START 21992 -> 0x69 -> adc]
	REGS:
		PC: 21992 (55e8)
		SP: 173 (ad)
		A:  179 (b3)
		X:  241 (f1)
		Y:  73 (49)
		P:  46 (2e)
		|C|Z|I|D|B|X|V|N|
		|0|1|1|1|0|1|0|0|
	ADDRESSING MODE: IMMEDIATE
	MEM READ: 55e9 / (21993) => b6 / (182)
	BCD START -> b3 + b6
	BCD CONVERT -> 13 + 16
	BCD SUM -> 29
[OP END @ 21993]
Done..
