[TEST 247 - 69.json]
	MEM WRITE: 8115 / (33045) => 69 / (105)
	MEM WRITE: 8116 / (33046) => 53 / (83)
	MEM WRITE: 8117 / (33047) => 8c / (140)
	MEM READ: 8115 / (33045) => 69 / (105)
[OP START 33045 -> 0x69 -> adc]
	REGS:
		PC: 33045 (8115)
		SP: 225 (e1)
		A:  28 (1c)
		X:  59 (3b)
		Y:  35 (23)
		P:  44 (2c)
		|C|Z|I|D|B|X|V|N|
		|0|0|1|1|0|1|0|0|
	ADDRESSING MODE: IMMEDIATE
	MEM READ: 8116 / (33046) => 53 / (83)
	BCD START -> 1c + 53
	BCD CONVERT -> 22 + 53
	BCD SUM -> 75
[OP END @ 33046]
Done..
