[TEST 195 - 69.json]
	MEM WRITE: 6893 / (26771) => 69 / (105)
	MEM WRITE: 6894 / (26772) => 98 / (152)
	MEM WRITE: 6895 / (26773) => 69 / (105)
	MEM READ: 6893 / (26771) => 69 / (105)
[OP START 26771 -> 0x69 -> adc]
	REGS:
		PC: 26771 (6893)
		SP: 249 (f9)
		A:  126 (7e)
		X:  224 (e0)
		Y:  232 (e8)
		P:  109 (6d)
		|C|Z|I|D|B|X|V|N|
		|1|0|1|1|0|1|1|0|
	ADDRESSING MODE: IMMEDIATE
	MEM READ: 6894 / (26772) => 98 / (152)
	BCD START -> 7e + 98
	BCD CONVERT -> 84 + 98
	BCD SUM -> 83
[OP END @ 26772]
Done..
