[TEST 267 - 69.json]
	MEM WRITE: e627 / (58919) => 69 / (105)
	MEM WRITE: e628 / (58920) => 82 / (130)
	MEM WRITE: e629 / (58921) => c1 / (193)
	MEM READ: e627 / (58919) => 69 / (105)
[OP START 58919 -> 0x69 -> adc]
	REGS:
		PC: 58919 (e627)
		SP: 251 (fb)
		A:  204 (cc)
		X:  126 (7e)
		Y:  182 (b6)
		P:  235 (eb)
		|C|Z|I|D|B|X|V|N|
		|1|1|0|1|0|1|1|1|
	ADDRESSING MODE: IMMEDIATE
	MEM READ: e628 / (58920) => 82 / (130)
	BCD START -> cc + 82
	BCD CONVERT -> 32 + 82
	BCD SUM -> 15
[OP END @ 58920]
Done..
