[TEST 410 - 69.json]
	MEM WRITE: d7b9 / (55225) => 69 / (105)
	MEM WRITE: d7ba / (55226) => 32 / (50)
	MEM WRITE: d7bb / (55227) => 28 / (40)
	MEM READ: d7b9 / (55225) => 69 / (105)
[OP START 55225 -> 0x69 -> adc]
	REGS:
		PC: 55225 (d7b9)
		SP: 24 (18)
		A:  242 (f2)
		X:  36 (24)
		Y:  97 (61)
		P:  41 (29)
		|C|Z|I|D|B|X|V|N|
		|1|0|0|1|0|1|0|0|
	ADDRESSING MODE: IMMEDIATE
	MEM READ: d7ba / (55226) => 32 / (50)
	BCD START -> f2 + 32
	BCD CONVERT -> 52 + 32
	BCD SUM -> 85
[OP END @ 55226]
Done..
