[TEST 0 - 69.json]
	MEM WRITE: aca7 / (44199) => 69 / (105)
	MEM WRITE: aca8 / (44200) => 3c / (60)
	MEM WRITE: aca9 / (44201) => 8c / (140)
	MEM READ: aca7 / (44199) => 69 / (105)
[OP START 44199 -> 0x69 -> adc]
	REGS:
		PC: 44199 (aca7)
		SP: 154 (9a)
		A:  247 (f7)
		X:  70 (46)
		Y:  140 (8c)
		P:  169 (a9)
		|C|Z|I|D|B|X|V|N|
		|1|0|0|1|0|1|0|1|
	ADDRESSING MODE: IMMEDIATE
	MEM READ: aca8 / (44200) => 3c / (60)
	BCD START -> f7 + 3c
	BCD CONVERT -> 57 + 42
	BCD SUM -> 9a
[OP END @ 44200]
Done..
