[TEST 116 - 69.json]
	MEM WRITE: 9cb9 / (40121) => 69 / (105)
	MEM WRITE: 9cba / (40122) => 35 / (53)
	MEM WRITE: 9cbb / (40123) => a0 / (160)
	MEM READ: 9cb9 / (40121) => 69 / (105)
[OP START 40121 -> 0x69 -> adc]
	REGS:
		PC: 40121 (9cb9)
		SP: 32 (20)
		A:  125 (7d)
		X:  231 (e7)
		Y:  142 (8e)
		P:  171 (ab)
		|C|Z|I|D|B|X|V|N|
		|1|1|0|1|0|1|0|1|
	ADDRESSING MODE: IMMEDIATE
	MEM READ: 9cba / (40122) => 35 / (53)
	BCD START -> 7d + 35
	BCD CONVERT -> 83 + 35
	BCD SUM -> 19
[OP END @ 40122]
Done..
