[TEST 374 - 69.json]
	MEM WRITE: f81e / (63518) => 69 / (105)
	MEM WRITE: f81f / (63519) => 51 / (81)
	MEM WRITE: f820 / (63520) => 5 / (5)
	MEM READ: f81e / (63518) => 69 / (105)
[OP START 63518 -> 0x69 -> adc]
	REGS:
		PC: 63518 (f81e)
		SP: 243 (f3)
		A:  133 (85)
		X:  202 (ca)
		Y:  248 (f8)
		P:  104 (68)
		|C|Z|I|D|B|X|V|N|
		|0|0|0|1|0|1|1|0|
	ADDRESSING MODE: IMMEDIATE
	MEM READ: f81f / (63519) => 51 / (81)
	BCD START -> 85 + 51
	BCD CONVERT -> 85 + 51
	BCD SUM -> 36
[OP END @ 63519]
Done..
