[TEST 563 - 69.json]
	MEM WRITE: e6bf / (59071) => 69 / (105)
	MEM WRITE: e6c0 / (59072) => 2c / (44)
	MEM WRITE: e6c1 / (59073) => e7 / (231)
	MEM READ: e6bf / (59071) => 69 / (105)
[OP START 59071 -> 0x69 -> adc]
	REGS:
		PC: 59071 (e6bf)
		SP: 34 (22)
		A:  147 (93)
		X:  237 (ed)
		Y:  215 (d7)
		P:  170 (aa)
		|C|Z|I|D|B|X|V|N|
		|0|1|0|1|0|1|0|1|
	ADDRESSING MODE: IMMEDIATE
	MEM READ: e6c0 / (59072) => 2c / (44)
	BCD START -> 93 + 2c
	BCD CONVERT -> 93 + 32
	BCD SUM -> 25
[OP END @ 59072]
Done..
