[TEST 537 - 69.json]
	MEM WRITE: ade5 / (44517) => 69 / (105)
	MEM WRITE: ade6 / (44518) => dd / (221)
	MEM WRITE: ade7 / (44519) => 69 / (105)
	MEM READ: ade5 / (44517) => 69 / (105)
[OP START 44517 -> 0x69 -> adc]
	REGS:
		PC: 44517 (ade5)
		SP: 142 (8e)
		A:  113 (71)
		X:  45 (2d)
		Y:  152 (98)
		P:  238 (ee)
		|C|Z|I|D|B|X|V|N|
		|0|1|1|1|0|1|1|1|
	ADDRESSING MODE: IMMEDIATE
	MEM READ: ade6 / (44518) => dd / (221)
	BCD START -> 71 + dd
	BCD CONVERT -> 71 + 43
	BCD SUM -> 14
[OP END @ 44518]
Done..
