[TEST 615 - 69.json]
	MEM WRITE: 7764 / (30564) => 69 / (105)
	MEM WRITE: 7765 / (30565) => e8 / (232)
	MEM WRITE: 7766 / (30566) => 13 / (19)
	MEM READ: 7764 / (30564) => 69 / (105)
[OP START 30564 -> 0x69 -> adc]
	REGS:
		PC: 30564 (7764)
		SP: 80 (50)
		A:  205 (cd)
		X:  136 (88)
		Y:  0 (0)
		P:  109 (6d)
		|C|Z|I|D|B|X|V|N|
		|1|0|1|1|0|1|1|0|
	ADDRESSING MODE: IMMEDIATE
	MEM READ: 7765 / (30565) => e8 / (232)
	BCD START -> cd + e8
	BCD CONVERT -> 33 + 48
	BCD SUM -> 82
[OP END @ 30565]
Done..
