[TEST 18 - 69.json]
	MEM WRITE: ba64 / (47716) => 69 / (105)
	MEM WRITE: ba65 / (47717) => 11 / (17)
	MEM WRITE: ba66 / (47718) => 73 / (115)
	MEM READ: ba64 / (47716) => 69 / (105)
[OP START 47716 -> 0x69 -> adc]
	REGS:
		PC: 47716 (ba64)
		SP: 237 (ed)
		A:  6 (6)
		X:  111 (6f)
		Y:  224 (e0)
		P:  238 (ee)
		|C|Z|I|D|B|X|V|N|
		|0|1|1|1|0|1|1|1|
	ADDRESSING MODE: IMMEDIATE
	MEM READ: ba65 / (47717) => 11 / (17)
	BCD START -> 6 + 11
	BCD CONVERT -> 6 + 11
	BCD SUM -> 17
[OP END @ 47717]
Done..
