[TEST 518 - 69.json]
	MEM WRITE: 97c4 / (38852) => 69 / (105)
	MEM WRITE: 97c5 / (38853) => a4 / (164)
	MEM WRITE: 97c6 / (38854) => f9 / (249)
	MEM READ: 97c4 / (38852) => 69 / (105)
[OP START 38852 -> 0x69 -> adc]
	REGS:
		PC: 38852 (97c4)
		SP: 97 (61)
		A:  110 (6e)
		X:  144 (90)
		Y:  112 (70)
		P:  110 (6e)
		|C|Z|I|D|B|X|V|N|
		|0|1|1|1|0|1|1|0|
	ADDRESSING MODE: IMMEDIATE
	MEM READ: 97c5 / (38853) => a4 / (164)
	BCD START -> 6e + a4
	BCD CONVERT -> 74 + 4
	BCD SUM -> 78
[OP END @ 38853]
Done..
