[TEST 395 - 69.json]
	MEM WRITE: fbde / (64478) => 69 / (105)
	MEM WRITE: fbdf / (64479) => 7a / (122)
	MEM WRITE: fbe0 / (64480) => b8 / (184)
	MEM READ: fbde / (64478) => 69 / (105)
[OP START 64478 -> 0x69 -> adc]
	REGS:
		PC: 64478 (fbde)
		SP: 188 (bc)
		A:  134 (86)
		X:  165 (a5)
		Y:  169 (a9)
		P:  41 (29)
		|C|Z|I|D|B|X|V|N|
		|1|0|0|1|0|1|0|0|
	ADDRESSING MODE: IMMEDIATE
	MEM READ: fbdf / (64479) => 7a / (122)
	BCD START -> 86 + 7a
	BCD CONVERT -> 86 + 80
	BCD SUM -> 67
[OP END @ 64479]
Done..
