[TEST 27 - 69.json]
	MEM WRITE: 39b6 / (14774) => 69 / (105)
	MEM WRITE: 39b7 / (14775) => e2 / (226)
	MEM WRITE: 39b8 / (14776) => db / (219)
	MEM READ: 39b6 / (14774) => 69 / (105)
[OP START 14774 -> 0x69 -> adc]
	REGS:
		PC: 14774 (39b6)
		SP: 7 (7)
		A:  113 (71)
		X:  55 (37)
		Y:  91 (5b)
		P:  237 (ed)
		|C|Z|I|D|B|X|V|N|
		|1|0|1|1|0|1|1|1|
	ADDRESSING MODE: IMMEDIATE
	MEM READ: 39b7 / (14775) => e2 / (226)
	BCD START -> 71 + e2
	BCD CONVERT -> 71 + 42
	BCD SUM -> 14
[OP END @ 14775]
Done..
