[TEST 635 - 69.json]
	MEM WRITE: ab0b / (43787) => 69 / (105)
	MEM WRITE: ab0c / (43788) => 3d / (61)
	MEM WRITE: ab0d / (43789) => 17 / (23)
	MEM READ: ab0b / (43787) => 69 / (105)
[OP START 43787 -> 0x69 -> adc]
	REGS:
		PC: 43787 (ab0b)
		SP: 69 (45)
		A:  107 (6b)
		X:  237 (ed)
		Y:  192 (c0)
		P:  238 (ee)
		|C|Z|I|D|B|X|V|N|
		|0|1|1|1|0|1|1|1|
	ADDRESSING MODE: IMMEDIATE
	MEM READ: ab0c / (43788) => 3d / (61)
	BCD START -> 6b + 3d
	BCD CONVERT -> 71 + 43
	BCD SUM -> 14
[OP END @ 43788]
Done..
