[TEST 3 - 69.json]
	MEM WRITE: f619 / (63001) => 69 / (105)
	MEM WRITE: f61a / (63002) => 8f / (143)
	MEM WRITE: f61b / (63003) => b3 / (179)
	MEM READ: f619 / (63001) => 69 / (105)
[OP START 63001 -> 0x69 -> adc]
	REGS:
		PC: 63001 (f619)
		SP: 130 (82)
		A:  227 (e3)
		X:  20 (14)
		Y:  229 (e5)
		P:  111 (6f)
		|C|Z|I|D|B|X|V|N|
		|1|1|1|1|0|1|1|0|
	ADDRESSING MODE: IMMEDIATE
	MEM READ: f61a / (63002) => 8f / (143)
	BCD START -> e3 + 8f
	BCD CONVERT -> 43 + 95
	BCD SUM -> 39
[OP END @ 63002]
Done..
