[TEST 332 - 69.json]
	MEM WRITE: 70d7 / (28887) => 69 / (105)
	MEM WRITE: 70d8 / (28888) => 7c / (124)
	MEM WRITE: 70d9 / (28889) => 1 / (1)
	MEM READ: 70d7 / (28887) => 69 / (105)
[OP START 28887 -> 0x69 -> adc]
	REGS:
		PC: 28887 (70d7)
		SP: 6 (6)
		A:  98 (62)
		X:  222 (de)
		Y:  26 (1a)
		P:  237 (ed)
		|C|Z|I|D|B|X|V|N|
		|1|0|1|1|0|1|1|1|
	ADDRESSING MODE: IMMEDIATE
	MEM READ: 70d8 / (28888) => 7c / (124)
	BCD START -> 62 + 7c
	BCD CONVERT -> 62 + 82
	BCD SUM -> 45
[OP END @ 28888]
Done..
