[TEST 500 - 69.json]
	MEM WRITE: 4cd3 / (19667) => 69 / (105)
	MEM WRITE: 4cd4 / (19668) => 58 / (88)
	MEM WRITE: 4cd5 / (19669) => 86 / (134)
	MEM READ: 4cd3 / (19667) => 69 / (105)
[OP START 19667 -> 0x69 -> adc]
	REGS:
		PC: 19667 (4cd3)
		SP: 113 (71)
		A:  254 (fe)
		X:  62 (3e)
		Y:  231 (e7)
		P:  237 (ed)
		|C|Z|I|D|B|X|V|N|
		|1|0|1|1|0|1|1|1|
	ADDRESSING MODE: IMMEDIATE
	MEM READ: 4cd4 / (19668) => 58 / (88)
	BCD START -> fe + 58
	BCD CONVERT -> 64 + 58
	BCD SUM -> 23
[OP END @ 19668]
Done..
