[TEST 391 - 69.json]
	MEM WRITE: a30d / (41741) => 69 / (105)
	MEM WRITE: a30e / (41742) => ea / (234)
	MEM WRITE: a30f / (41743) => ca / (202)
	MEM READ: a30d / (41741) => 69 / (105)
[OP START 41741 -> 0x69 -> adc]
	REGS:
		PC: 41741 (a30d)
		SP: 20 (14)
		A:  217 (d9)
		X:  156 (9c)
		Y:  112 (70)
		P:  106 (6a)
		|C|Z|I|D|B|X|V|N|
		|0|1|0|1|0|1|1|0|
	ADDRESSING MODE: IMMEDIATE
	MEM READ: a30e / (41742) => ea / (234)
	BCD START -> d9 + ea
	BCD CONVERT -> 39 + 50
	BCD SUM -> 89
[OP END @ 41742]
Done..
