[TEST 48 - 69.json]
	MEM WRITE: f729 / (63273) => 69 / (105)
	MEM WRITE: f72a / (63274) => 94 / (148)
	MEM WRITE: f72b / (63275) => 2c / (44)
	MEM READ: f729 / (63273) => 69 / (105)
[OP START 63273 -> 0x69 -> adc]
	REGS:
		PC: 63273 (f729)
		SP: 159 (9f)
		A:  219 (db)
		X:  128 (80)
		Y:  158 (9e)
		P:  173 (ad)
		|C|Z|I|D|B|X|V|N|
		|1|0|1|1|0|1|0|1|
	ADDRESSING MODE: IMMEDIATE
	MEM READ: f72a / (63274) => 94 / (148)
	BCD START -> db + 94
	BCD CONVERT -> 41 + 94
	BCD SUM -> 36
[OP END @ 63274]
Done..
