[TEST 605 - 69.json]
	MEM WRITE: 5676 / (22134) => 69 / (105)
	MEM WRITE: 5677 / (22135) => 64 / (100)
	MEM WRITE: 5678 / (22136) => ef / (239)
	MEM READ: 5676 / (22134) => 69 / (105)
[OP START 22134 -> 0x69 -> adc]
	REGS:
		PC: 22134 (5676)
		SP: 168 (a8)
		A:  60 (3c)
		X:  187 (bb)
		Y:  244 (f4)
		P:  237 (ed)
		|C|Z|I|D|B|X|V|N|
		|1|0|1|1|0|1|1|1|
	ADDRESSING MODE: IMMEDIATE
	MEM READ: 5677 / (22135) => 64 / (100)
	BCD START -> 3c + 64
	BCD CONVERT -> 42 + 64
	BCD SUM -> 7
[OP END @ 22135]
Done..
