[TEST 340 - 69.json]
	MEM WRITE: cbb6 / (52150) => 69 / (105)
	MEM WRITE: cbb7 / (52151) => 41 / (65)
	MEM WRITE: cbb8 / (52152) => 87 / (135)
	MEM READ: cbb6 / (52150) => 69 / (105)
[OP START 52150 -> 0x69 -> adc]
	REGS:
		PC: 52150 (cbb6)
		SP: 57 (39)
		A:  40 (28)
		X:  80 (50)
		Y:  125 (7d)
		P:  106 (6a)
		|C|Z|I|D|B|X|V|N|
		|0|1|0|1|0|1|1|0|
	ADDRESSING MODE: IMMEDIATE
	MEM READ: cbb7 / (52151) => 41 / (65)
	BCD START -> 28 + 41
	BCD CONVERT -> 28 + 41
	BCD SUM -> 69
[OP END @ 52151]
Done..
