[TEST 322 - 69.json]
	MEM WRITE: ea81 / (60033) => 69 / (105)
	MEM WRITE: ea82 / (60034) => be / (190)
	MEM WRITE: ea83 / (60035) => 70 / (112)
	MEM READ: ea81 / (60033) => 69 / (105)
[OP START 60033 -> 0x69 -> adc]
	REGS:
		PC: 60033 (ea81)
		SP: 152 (98)
		A:  113 (71)
		X:  33 (21)
		Y:  80 (50)
		P:  41 (29)
		|C|Z|I|D|B|X|V|N|
		|1|0|0|1|0|1|0|0|
	ADDRESSING MODE: IMMEDIATE
	MEM READ: ea82 / (60034) => be / (190)
	BCD START -> 71 + be
	BCD CONVERT -> 71 + 24
	BCD SUM -> 96
[OP END @ 60034]
Done..
