[TEST 11 - 69.json]
	MEM WRITE: 95fe / (38398) => 69 / (105)
	MEM WRITE: 95ff / (38399) => cc / (204)
	MEM WRITE: 9600 / (38400) => 9f / (159)
	MEM READ: 95fe / (38398) => 69 / (105)
[OP START 38398 -> 0x69 -> adc]
	REGS:
		PC: 38398 (95fe)
		SP: 99 (63)
		A:  184 (b8)
		X:  89 (59)
		Y:  68 (44)
		P:  237 (ed)
		|C|Z|I|D|B|X|V|N|
		|1|0|1|1|0|1|1|1|
	ADDRESSING MODE: IMMEDIATE
	MEM READ: 95ff / (38399) => cc / (204)
	BCD START -> b8 + cc
	BCD CONVERT -> 18 + 32
	BCD SUM -> 51
[OP END @ 38399]
Done..
