[TEST 541 - 69.json]
	MEM WRITE: f986 / (63878) => 69 / (105)
	MEM WRITE: f987 / (63879) => 19 / (25)
	MEM WRITE: f988 / (63880) => 72 / (114)
	MEM READ: f986 / (63878) => 69 / (105)
[OP START 63878 -> 0x69 -> adc]
	REGS:
		PC: 63878 (f986)
		SP: 205 (cd)
		A:  181 (b5)
		X:  194 (c2)
		Y:  219 (db)
		P:  233 (e9)
		|C|Z|I|D|B|X|V|N|
		|1|0|0|1|0|1|1|1|
	ADDRESSING MODE: IMMEDIATE
	MEM READ: f987 / (63879) => 19 / (25)
	BCD START -> b5 + 19
	BCD CONVERT -> 15 + 19
	BCD SUM -> 35
[OP END @ 63879]
Done..
