[TEST 327 - 69.json]
	MEM WRITE: 58e9 / (22761) => 69 / (105)
	MEM WRITE: 58ea / (22762) => 81 / (129)
	MEM WRITE: 58eb / (22763) => c3 / (195)
	MEM READ: 58e9 / (22761) => 69 / (105)
[OP START 22761 -> 0x69 -> adc]
	REGS:
		PC: 22761 (58e9)
		SP: 84 (54)
		A:  68 (44)
		X:  240 (f0)
		Y:  197 (c5)
		P:  174 (ae)
		|C|Z|I|D|B|X|V|N|
		|0|1|1|1|0|1|0|1|
	ADDRESSING MODE: IMMEDIATE
	MEM READ: 58ea / (22762) => 81 / (129)
	BCD START -> 44 + 81
	BCD CONVERT -> 44 + 81
	BCD SUM -> 25
[OP END @ 22762]
Done..
