[TEST 528 - 69.json]
	MEM WRITE: a163 / (41315) => 69 / (105)
	MEM WRITE: a164 / (41316) => 37 / (55)
	MEM WRITE: a165 / (41317) => a4 / (164)
	MEM READ: a163 / (41315) => 69 / (105)
[OP START 41315 -> 0x69 -> adc]
	REGS:
		PC: 41315 (a163)
		SP: 172 (ac)
		A:  162 (a2)
		X:  221 (dd)
		Y:  20 (14)
		P:  234 (ea)
		|C|Z|I|D|B|X|V|N|
		|0|1|0|1|0|1|1|1|
	ADDRESSING MODE: IMMEDIATE
	MEM READ: a164 / (41316) => 37 / (55)
	BCD START -> a2 + 37
	BCD CONVERT -> 2 + 37
	BCD SUM -> 39
[OP END @ 41316]
Done..
