[TEST 383 - 69.json]
	MEM WRITE: 40cd / (16589) => 69 / (105)
	MEM WRITE: 40ce / (16590) => e0 / (224)
	MEM WRITE: 40cf / (16591) => 18 / (24)
	MEM READ: 40cd / (16589) => 69 / (105)
[OP START 16589 -> 0x69 -> adc]
	REGS:
		PC: 16589 (40cd)
		SP: 245 (f5)
		A:  54 (36)
		X:  246 (f6)
		Y:  126 (7e)
		P:  109 (6d)
		|C|Z|I|D|B|X|V|N|
		|1|0|1|1|0|1|1|0|
	ADDRESSING MODE: IMMEDIATE
	MEM READ: 40ce / (16590) => e0 / (224)
	BCD START -> 36 + e0
	BCD CONVERT -> 36 + 40
	BCD SUM -> 77
[OP END @ 16590]
Done..
