[TEST 573 - 69.json]
	MEM WRITE: 2ffc / (12284) => 69 / (105)
	MEM WRITE: 2ffd / (12285) => 95 / (149)
	MEM WRITE: 2ffe / (12286) => d8 / (216)
	MEM READ: 2ffc / (12284) => 69 / (105)
[OP START 12284 -> 0x69 -> adc]
	REGS:
		PC: 12284 (2ffc)
		SP: 10 (a)
		A:  19 (13)
		X:  102 (66)
		Y:  55 (37)
		P:  108 (6c)
		|C|Z|I|D|B|X|V|N|
		|0|0|1|1|0|1|1|0|
	ADDRESSING MODE: IMMEDIATE
	MEM READ: 2ffd / (12285) => 95 / (149)
	BCD START -> 13 + 95
	BCD CONVERT -> 13 + 95
	BCD SUM -> 8
[OP END @ 12285]
Done..
