[TEST 66 - 69.json]
	MEM WRITE: 4c91 / (19601) => 69 / (105)
	MEM WRITE: 4c92 / (19602) => b6 / (182)
	MEM WRITE: 4c93 / (19603) => b2 / (178)
	MEM READ: 4c91 / (19601) => 69 / (105)
[OP START 19601 -> 0x69 -> adc]
	REGS:
		PC: 19601 (4c91)
		SP: 85 (55)
		A:  172 (ac)
		X:  187 (bb)
		Y:  170 (aa)
		P:  171 (ab)
		|C|Z|I|D|B|X|V|N|
		|1|1|0|1|0|1|0|1|
	ADDRESSING MODE: IMMEDIATE
	MEM READ: 4c92 / (19602) => b6 / (182)
	BCD START -> ac + b6
	BCD CONVERT -> 12 + 16
	BCD SUM -> 29
[OP END @ 19602]
Done..
