[TEST 4 - 69.json]
	MEM WRITE: abbb / (43963) => 69 / (105)
	MEM WRITE: abbc / (43964) => 1e / (30)
	MEM WRITE: abbd / (43965) => bf / (191)
	MEM READ: abbb / (43963) => 69 / (105)
[OP START 43963 -> 0x69 -> adc]
	REGS:
		PC: 43963 (abbb)
		SP: 120 (78)
		A:  36 (24)
		X:  10 (a)
		Y:  154 (9a)
		P:  106 (6a)
		|C|Z|I|D|B|X|V|N|
		|0|1|0|1|0|1|1|0|
	ADDRESSING MODE: IMMEDIATE
	MEM READ: abbc / (43964) => 1e / (30)
	BCD START -> 24 + 1e
	BCD CONVERT -> 24 + 24
	BCD SUM -> 48
[OP END @ 43964]
Done..
