[TEST 87 - 69.json]
	MEM WRITE: ada9 / (44457) => 69 / (105)
	MEM WRITE: adaa / (44458) => b2 / (178)
	MEM WRITE: adab / (44459) => 46 / (70)
	MEM READ: ada9 / (44457) => 69 / (105)
[OP START 44457 -> 0x69 -> adc]
	REGS:
		PC: 44457 (ada9)
		SP: 169 (a9)
		A:  125 (7d)
		X:  12 (c)
		Y:  227 (e3)
		P:  170 (aa)
		|C|Z|I|D|B|X|V|N|
		|0|1|0|1|0|1|0|1|
	ADDRESSING MODE: IMMEDIATE
	MEM READ: adaa / (44458) => b2 / (178)
	BCD START -> 7d + b2
	BCD CONVERT -> 83 + 12
	BCD SUM -> 95
[OP END @ 44458]
Done..
