[TEST 331 - 69.json]
	MEM WRITE: 2d0f / (11535) => 69 / (105)
	MEM WRITE: 2d10 / (11536) => 55 / (85)
	MEM WRITE: 2d11 / (11537) => 6e / (110)
	MEM READ: 2d0f / (11535) => 69 / (105)
[OP START 11535 -> 0x69 -> adc]
	REGS:
		PC: 11535 (2d0f)
		SP: 129 (81)
		A:  121 (79)
		X:  88 (58)
		Y:  103 (67)
		P:  239 (ef)
		|C|Z|I|D|B|X|V|N|
		|1|1|1|1|0|1|1|1|
	ADDRESSING MODE: IMMEDIATE
	MEM READ: 2d10 / (11536) => 55 / (85)
	BCD START -> 79 + 55
	BCD CONVERT -> 79 + 55
	BCD SUM -> 35
[OP END @ 11536]
Done..
