[TEST 31 - 69.json]
	MEM WRITE: b2e1 / (45793) => 69 / (105)
	MEM WRITE: b2e2 / (45794) => 5b / (91)
	MEM WRITE: b2e3 / (45795) => 41 / (65)
	MEM READ: b2e1 / (45793) => 69 / (105)
[OP START 45793 -> 0x69 -> adc]
	REGS:
		PC: 45793 (b2e1)
		SP: 40 (28)
		A:  199 (c7)
		X:  105 (69)
		Y:  94 (5e)
		P:  172 (ac)
		|C|Z|I|D|B|X|V|N|
		|0|0|1|1|0|1|0|1|
	ADDRESSING MODE: IMMEDIATE
	MEM READ: b2e2 / (45794) => 5b / (91)
	BCD START -> c7 + 5b
	BCD CONVERT -> 27 + 61
	BCD SUM -> 88
[OP END @ 45794]
Done..
