[TEST 50 - 69.json]
	MEM WRITE: d774 / (55156) => 69 / (105)
	MEM WRITE: d775 / (55157) => 28 / (40)
	MEM WRITE: d776 / (55158) => 75 / (117)
	MEM READ: d774 / (55156) => 69 / (105)
[OP START 55156 -> 0x69 -> adc]
	REGS:
		PC: 55156 (d774)
		SP: 83 (53)
		A:  81 (51)
		X:  133 (85)
		Y:  104 (68)
		P:  235 (eb)
		|C|Z|I|D|B|X|V|N|
		|1|1|0|1|0|1|1|1|
	ADDRESSING MODE: IMMEDIATE
	MEM READ: d775 / (55157) => 28 / (40)
	BCD START -> 51 + 28
	BCD CONVERT -> 51 + 28
	BCD SUM -> 7a
[OP END @ 55157]
Done..
