[TEST 59 - 69.json]
	MEM WRITE: d892 / (55442) => 69 / (105)
	MEM WRITE: d893 / (55443) => aa / (170)
	MEM WRITE: d894 / (55444) => 28 / (40)
	MEM READ: d892 / (55442) => 69 / (105)
[OP START 55442 -> 0x69 -> adc]
	REGS:
		PC: 55442 (d892)
		SP: 200 (c8)
		A:  57 (39)
		X:  148 (94)
		Y:  15 (f)
		P:  168 (a8)
		|C|Z|I|D|B|X|V|N|
		|0|0|0|1|0|1|0|1|
	ADDRESSING MODE: IMMEDIATE
	MEM READ: d893 / (55443) => aa / (170)
	BCD START -> 39 + aa
	BCD CONVERT -> 39 + 10
	BCD SUM -> 49
[OP END @ 55443]
Done..
