[TEST 588 - 69.json]
	MEM WRITE: 64f7 / (25847) => 69 / (105)
	MEM WRITE: 64f8 / (25848) => b7 / (183)
	MEM WRITE: 64f9 / (25849) => 19 / (25)
	MEM READ: 64f7 / (25847) => 69 / (105)
[OP START 25847 -> 0x69 -> adc]
	REGS:
		PC: 25847 (64f7)
		SP: 227 (e3)
		A:  63 (3f)
		X:  18 (12)
		Y:  253 (fd)
		P:  44 (2c)
		|C|Z|I|D|B|X|V|N|
		|0|0|1|1|0|1|0|0|
	ADDRESSING MODE: IMMEDIATE
	MEM READ: 64f8 / (25848) => b7 / (183)
	BCD START -> 3f + b7
	BCD CONVERT -> 45 + 17
	BCD SUM -> 62
[OP END @ 25848]
Done..
