[TEST 366 - 69.json]
	MEM WRITE: f0a7 / (61607) => 69 / (105)
	MEM WRITE: f0a8 / (61608) => f4 / (244)
	MEM WRITE: f0a9 / (61609) => ef / (239)
	MEM READ: f0a7 / (61607) => 69 / (105)
[OP START 61607 -> 0x69 -> adc]
	REGS:
		PC: 61607 (f0a7)
		SP: 233 (e9)
		A:  182 (b6)
		X:  113 (71)
		Y:  38 (26)
		P:  239 (ef)
		|C|Z|I|D|B|X|V|N|
		|1|1|1|1|0|1|1|1|
	ADDRESSING MODE: IMMEDIATE
	MEM READ: f0a8 / (61608) => f4 / (244)
	BCD START -> b6 + f4
	BCD CONVERT -> 16 + 54
	BCD SUM -> 71
[OP END @ 61608]
Done..
