[TEST 36 - 69.json]
	MEM WRITE: 48ca / (18634) => 69 / (105)
	MEM WRITE: 48cb / (18635) => cd / (205)
	MEM WRITE: 48cc / (18636) => cd / (205)
	MEM READ: 48ca / (18634) => 69 / (105)
[OP START 18634 -> 0x69 -> adc]
	REGS:
		PC: 18634 (48ca)
		SP: 148 (94)
		A:  214 (d6)
		X:  70 (46)
		Y:  46 (2e)
		P:  237 (ed)
		|C|Z|I|D|B|X|V|N|
		|1|0|1|1|0|1|1|1|
	ADDRESSING MODE: IMMEDIATE
	MEM READ: 48cb / (18635) => cd / (205)
	BCD START -> d6 + cd
	BCD CONVERT -> 36 + 33
	BCD SUM -> 6a
[OP END @ 18635]
Done..
