[TEST 26 - 69.json]
	MEM WRITE: 82b5 / (33461) => 69 / (105)
	MEM WRITE: 82b6 / (33462) => b5 / (181)
	MEM WRITE: 82b7 / (33463) => 2d / (45)
	MEM READ: 82b5 / (33461) => 69 / (105)
[OP START 33461 -> 0x69 -> adc]
	REGS:
		PC: 33461 (82b5)
		SP: 145 (91)
		A:  56 (38)
		X:  243 (f3)
		Y:  209 (d1)
		P:  234 (ea)
		|C|Z|I|D|B|X|V|N|
		|0|1|0|1|0|1|1|1|
	ADDRESSING MODE: IMMEDIATE
	MEM READ: 82b6 / (33462) => b5 / (181)
	BCD START -> 38 + b5
	BCD CONVERT -> 38 + 15
	BCD SUM -> 53
[OP END @ 33462]
Done..
