[TEST 620 - 69.json]
	MEM WRITE: 6a5b / (27227) => 69 / (105)
	MEM WRITE: 6a5c / (27228) => 8a / (138)
	MEM WRITE: 6a5d / (27229) => 96 / (150)
	MEM READ: 6a5b / (27227) => 69 / (105)
[OP START 27227 -> 0x69 -> adc]
	REGS:
		PC: 27227 (6a5b)
		SP: 237 (ed)
		A:  82 (52)
		X:  132 (84)
		Y:  55 (37)
		P:  238 (ee)
		|C|Z|I|D|B|X|V|N|
		|0|1|1|1|0|1|1|1|
	ADDRESSING MODE: IMMEDIATE
	MEM READ: 6a5c / (27228) => 8a / (138)
	BCD START -> 52 + 8a
	BCD CONVERT -> 52 + 90
	BCD SUM -> 42
[OP END @ 27228]
Done..
