[TEST 575 - 69.json]
	MEM WRITE: 5d3a / (23866) => 69 / (105)
	MEM WRITE: 5d3b / (23867) => 49 / (73)
	MEM WRITE: 5d3c / (23868) => 5e / (94)
	MEM READ: 5d3a / (23866) => 69 / (105)
[OP START 23866 -> 0x69 -> adc]
	REGS:
		PC: 23866 (5d3a)
		SP: 125 (7d)
		A:  36 (24)
		X:  167 (a7)
		Y:  172 (ac)
		P:  105 (69)
		|C|Z|I|D|B|X|V|N|
		|1|0|0|1|0|1|1|0|
	ADDRESSING MODE: IMMEDIATE
	MEM READ: 5d3b / (23867) => 49 / (73)
	BCD START -> 24 + 49
	BCD CONVERT -> 24 + 49
	BCD SUM -> 74
[OP END @ 23867]
Done..
