[TEST 602 - 69.json]
	MEM WRITE: 56a4 / (22180) => 69 / (105)
	MEM WRITE: 56a5 / (22181) => 6c / (108)
	MEM WRITE: 56a6 / (22182) => ce / (206)
	MEM READ: 56a4 / (22180) => 69 / (105)
[OP START 22180 -> 0x69 -> adc]
	REGS:
		PC: 22180 (56a4)
		SP: 16 (10)
		A:  149 (95)
		X:  177 (b1)
		Y:  186 (ba)
		P:  171 (ab)
		|C|Z|I|D|B|X|V|N|
		|1|1|0|1|0|1|0|1|
	ADDRESSING MODE: IMMEDIATE
	MEM READ: 56a5 / (22181) => 6c / (108)
	BCD START -> 95 + 6c
	BCD CONVERT -> 95 + 72
	BCD SUM -> 68
[OP END @ 22181]
Done..
