[TEST 344 - 69.json]
	MEM WRITE: f393 / (62355) => 69 / (105)
	MEM WRITE: f394 / (62356) => a6 / (166)
	MEM WRITE: f395 / (62357) => db / (219)
	MEM READ: f393 / (62355) => 69 / (105)
[OP START 62355 -> 0x69 -> adc]
	REGS:
		PC: 62355 (f393)
		SP: 108 (6c)
		A:  229 (e5)
		X:  89 (59)
		Y:  35 (23)
		P:  235 (eb)
		|C|Z|I|D|B|X|V|N|
		|1|1|0|1|0|1|1|1|
	ADDRESSING MODE: IMMEDIATE
	MEM READ: f394 / (62356) => a6 / (166)
	BCD START -> e5 + a6
	BCD CONVERT -> 45 + 6
	BCD SUM -> 52
[OP END @ 62356]
Done..
