[TEST 100 - 69.json]
	MEM WRITE: 95dd / (38365) => 69 / (105)
	MEM WRITE: 95de / (38366) => 27 / (39)
	MEM WRITE: 95df / (38367) => da / (218)
	MEM READ: 95dd / (38365) => 69 / (105)
[OP START 38365 -> 0x69 -> adc]
	REGS:
		PC: 38365 (95dd)
		SP: 112 (70)
		A:  90 (5a)
		X:  53 (35)
		Y:  60 (3c)
		P:  238 (ee)
		|C|Z|I|D|B|X|V|N|
		|0|1|1|1|0|1|1|1|
	ADDRESSING MODE: IMMEDIATE
	MEM READ: 95de / (38366) => 27 / (39)
	BCD START -> 5a + 27
	BCD CONVERT -> 60 + 27
	BCD SUM -> 87
[OP END @ 38366]
Done..
