[TEST 578 - 69.json]
	MEM WRITE: 9247 / (37447) => 69 / (105)
	MEM WRITE: 9248 / (37448) => 3 / (3)
	MEM WRITE: 9249 / (37449) => b0 / (176)
	MEM READ: 9247 / (37447) => 69 / (105)
[OP START 37447 -> 0x69 -> adc]
	REGS:
		PC: 37447 (9247)
		SP: 235 (eb)
		A:  121 (79)
		X:  201 (c9)
		Y:  122 (7a)
		P:  45 (2d)
		|C|Z|I|D|B|X|V|N|
		|1|0|1|1|0|1|0|0|
	ADDRESSING MODE: IMMEDIATE
	MEM READ: 9248 / (37448) => 3 / (3)
	BCD START -> 79 + 3
	BCD CONVERT -> 79 + 3
	BCD SUM -> 83
[OP END @ 37448]
Done..
