[TEST 34 - 69.json]
	MEM WRITE: e02e / (57390) => 69 / (105)
	MEM WRITE: e02f / (57391) => 48 / (72)
	MEM WRITE: e030 / (57392) => 2 / (2)
	MEM READ: e02e / (57390) => 69 / (105)
[OP START 57390 -> 0x69 -> adc]
	REGS:
		PC: 57390 (e02e)
		SP: 227 (e3)
		A:  65 (41)
		X:  104 (68)
		Y:  56 (38)
		P:  171 (ab)
		|C|Z|I|D|B|X|V|N|
		|1|1|0|1|0|1|0|1|
	ADDRESSING MODE: IMMEDIATE
	MEM READ: e02f / (57391) => 48 / (72)
	BCD START -> 41 + 48
	BCD CONVERT -> 41 + 48
	BCD SUM -> 8a
[OP END @ 57391]
Done..
