[TEST 308 - 69.json]
	MEM WRITE: d97c / (55676) => 69 / (105)
	MEM WRITE: d97d / (55677) => 10 / (16)
	MEM WRITE: d97e / (55678) => 66 / (102)
	MEM READ: d97c / (55676) => 69 / (105)
[OP START 55676 -> 0x69 -> adc]
	REGS:
		PC: 55676 (d97c)
		SP: 188 (bc)
		A:  120 (78)
		X:  12 (c)
		Y:  220 (dc)
		P:  105 (69)
		|C|Z|I|D|B|X|V|N|
		|1|0|0|1|0|1|1|0|
	ADDRESSING MODE: IMMEDIATE
	MEM READ: d97d / (55677) => 10 / (16)
	BCD START -> 78 + 10
	BCD CONVERT -> 78 + 10
	BCD SUM -> 89
[OP END @ 55677]
Done..
