[TEST 370 - 69.json]
	MEM WRITE: f78f / (63375) => 69 / (105)
	MEM WRITE: f790 / (63376) => 4e / (78)
	MEM WRITE: f791 / (63377) => cb / (203)
	MEM READ: f78f / (63375) => 69 / (105)
[OP START 63375 -> 0x69 -> adc]
	REGS:
		PC: 63375 (f78f)
		SP: 93 (5d)
		A:  48 (30)
		X:  55 (37)
		Y:  80 (50)
		P:  46 (2e)
		|C|Z|I|D|B|X|V|N|
		|0|1|1|1|0|1|0|0|
	ADDRESSING MODE: IMMEDIATE
	MEM READ: f790 / (63376) => 4e / (78)
	BCD START -> 30 + 4e
	BCD CONVERT -> 30 + 54
	BCD SUM -> 84
[OP END @ 63376]
Done..
