[TEST 481 - 69.json]
	MEM WRITE: e927 / (59687) => 69 / (105)
	MEM WRITE: e928 / (59688) => b4 / (180)
	MEM WRITE: e929 / (59689) => f / (15)
	MEM READ: e927 / (59687) => 69 / (105)
[OP START 59687 -> 0x69 -> adc]
	REGS:
		PC: 59687 (e927)
		SP: 37 (25)
		A:  65 (41)
		X:  31 (1f)
		Y:  186 (ba)
		P:  232 (e8)
		|C|Z|I|D|B|X|V|N|
		|0|0|0|1|0|1|1|1|
	ADDRESSING MODE: IMMEDIATE
	MEM READ: e928 / (59688) => b4 / (180)
	BCD START -> 41 + b4
	BCD CONVERT -> 41 + 14
	BCD SUM -> 55
[OP END @ 59688]
Done..
