[TEST 454 - 69.json]
	MEM WRITE: b1d4 / (45524) => 69 / (105)
	MEM WRITE: b1d5 / (45525) => 5a / (90)
	MEM WRITE: b1d6 / (45526) => b3 / (179)
	MEM READ: b1d4 / (45524) => 69 / (105)
[OP START 45524 -> 0x69 -> adc]
	REGS:
		PC: 45524 (b1d4)
		SP: 85 (55)
		A:  78 (4e)
		X:  28 (1c)
		Y:  183 (b7)
		P:  47 (2f)
		|C|Z|I|D|B|X|V|N|
		|1|1|1|1|0|1|0|0|
	ADDRESSING MODE: IMMEDIATE
	MEM READ: b1d5 / (45525) => 5a / (90)
	BCD START -> 4e + 5a
	BCD CONVERT -> 54 + 60
	BCD SUM -> 15
[OP END @ 45525]
Done..
