[TEST 4 - 69.json]
	MEM WRITE: 5085 / (20613) => 69 / (105)
	MEM WRITE: 5086 / (20614) => 1d / (29)
	MEM WRITE: 5087 / (20615) => 70 / (112)
	MEM READ: 5085 / (20613) => 69 / (105)
[OP START 20613 -> 0x69 -> adc]
	REGS:
		PC: 20613 (5085)
		SP: 200 (c8)
		A:  67 (43)
		X:  71 (47)
		Y:  130 (82)
		P:  233 (e9)
		|C|Z|I|D|B|X|V|N|
		|1|0|0|1|0|1|1|1|
	ADDRESSING MODE: IMMEDIATE
	MEM READ: 5086 / (20614) => 1d / (29)
	BCD START -> 43 + 1d
	BCD CONVERT -> 43 + 23
	BCD SUM -> 67
[OP END @ 20614]
Done..
