[TEST 445 - 69.json]
	MEM WRITE: 4116 / (16662) => 69 / (105)
	MEM WRITE: 4117 / (16663) => f3 / (243)
	MEM WRITE: 4118 / (16664) => 23 / (35)
	MEM READ: 4116 / (16662) => 69 / (105)
[OP START 16662 -> 0x69 -> adc]
	REGS:
		PC: 16662 (4116)
		SP: 226 (e2)
		A:  88 (58)
		X:  76 (4c)
		Y:  153 (99)
		P:  173 (ad)
		|C|Z|I|D|B|X|V|N|
		|1|0|1|1|0|1|0|1|
	ADDRESSING MODE: IMMEDIATE
	MEM READ: 4117 / (16663) => f3 / (243)
	BCD START -> 58 + f3
	BCD CONVERT -> 58 + 53
	BCD SUM -> 12
[OP END @ 16663]
Done..
