[TEST 409 - 69.json]
	MEM WRITE: f29a / (62106) => 69 / (105)
	MEM WRITE: f29b / (62107) => a4 / (164)
	MEM WRITE: f29c / (62108) => e7 / (231)
	MEM READ: f29a / (62106) => 69 / (105)
[OP START 62106 -> 0x69 -> adc]
	REGS:
		PC: 62106 (f29a)
		SP: 85 (55)
		A:  87 (57)
		X:  222 (de)
		Y:  226 (e2)
		P:  110 (6e)
		|C|Z|I|D|B|X|V|N|
		|0|1|1|1|0|1|1|0|
	ADDRESSING MODE: IMMEDIATE
	MEM READ: f29b / (62107) => a4 / (164)
	BCD START -> 57 + a4
	BCD CONVERT -> 57 + 4
	BCD SUM -> 61
[OP END @ 62107]
Done..
