[TEST 433 - 69.json]
	MEM WRITE: 5217 / (21015) => 69 / (105)
	MEM WRITE: 5218 / (21016) => 56 / (86)
	MEM WRITE: 5219 / (21017) => de / (222)
	MEM READ: 5217 / (21015) => 69 / (105)
[OP START 21015 -> 0x69 -> adc]
	REGS:
		PC: 21015 (5217)
		SP: 28 (1c)
		A:  58 (3a)
		X:  109 (6d)
		Y:  139 (8b)
		P:  235 (eb)
		|C|Z|I|D|B|X|V|N|
		|1|1|0|1|0|1|1|1|
	ADDRESSING MODE: IMMEDIATE
	MEM READ: 5218 / (21016) => 56 / (86)
	BCD START -> 3a + 56
	BCD CONVERT -> 40 + 56
	BCD SUM -> 97
[OP END @ 21016]
Done..
