[TEST 406 - 69.json]
	MEM WRITE: c861 / (51297) => 69 / (105)
	MEM WRITE: c862 / (51298) => 76 / (118)
	MEM WRITE: c863 / (51299) => b6 / (182)
	MEM READ: c861 / (51297) => 69 / (105)
[OP START 51297 -> 0x69 -> adc]
	REGS:
		PC: 51297 (c861)
		SP: 125 (7d)
		A:  105 (69)
		X:  201 (c9)
		Y:  15 (f)
		P:  47 (2f)
		|C|Z|I|D|B|X|V|N|
		|1|1|1|1|0|1|0|0|
	ADDRESSING MODE: IMMEDIATE
	MEM READ: c862 / (51298) => 76 / (118)
	BCD START -> 69 + 76
	BCD CONVERT -> 69 + 76
	BCD SUM -> 46
[OP END @ 51298]
Done..
