[TEST 7 - 69.json]
	MEM WRITE: 8645 / (34373) => 69 / (105)
	MEM WRITE: 8646 / (34374) => 70 / (112)
	MEM WRITE: 8647 / (34375) => 1e / (30)
	MEM READ: 8645 / (34373) => 69 / (105)
[OP START 34373 -> 0x69 -> adc]
	REGS:
		PC: 34373 (8645)
		SP: 8 (8)
		A:  233 (e9)
		X:  188 (bc)
		Y:  120 (78)
		P:  41 (29)
		|C|Z|I|D|B|X|V|N|
		|1|0|0|1|0|1|0|0|
	ADDRESSING MODE: IMMEDIATE
	MEM READ: 8646 / (34374) => 70 / (112)
	BCD START -> e9 + 70
	BCD CONVERT -> 49 + 70
	BCD SUM -> 1a
[OP END @ 34374]
Done..
