[TEST 43 - 69.json]
	MEM WRITE: 413d / (16701) => 69 / (105)
	MEM WRITE: 413e / (16702) => 2d / (45)
	MEM WRITE: 413f / (16703) => b3 / (179)
	MEM READ: 413d / (16701) => 69 / (105)
[OP START 16701 -> 0x69 -> adc]
	REGS:
		PC: 16701 (413d)
		SP: 72 (48)
		A:  74 (4a)
		X:  71 (47)
		Y:  236 (ec)
		P:  233 (e9)
		|C|Z|I|D|B|X|V|N|
		|1|0|0|1|0|1|1|1|
	ADDRESSING MODE: IMMEDIATE
	MEM READ: 413e / (16702) => 2d / (45)
	BCD START -> 4a + 2d
	BCD CONVERT -> 50 + 33
	BCD SUM -> 84
[OP END @ 16702]
Done..
