[TEST 400 - 69.json]
	MEM WRITE: b4e7 / (46311) => 69 / (105)
	MEM WRITE: b4e8 / (46312) => c8 / (200)
	MEM WRITE: b4e9 / (46313) => 41 / (65)
	MEM READ: b4e7 / (46311) => 69 / (105)
[OP START 46311 -> 0x69 -> adc]
	REGS:
		PC: 46311 (b4e7)
		SP: 129 (81)
		A:  112 (70)
		X:  235 (eb)
		Y:  195 (c3)
		P:  104 (68)
		|C|Z|I|D|B|X|V|N|
		|0|0|0|1|0|1|1|0|
	ADDRESSING MODE: IMMEDIATE
	MEM READ: b4e8 / (46312) => c8 / (200)
	BCD START -> 70 + c8
	BCD CONVERT -> 70 + 28
	BCD SUM -> 98
[OP END @ 46312]
Done..
