[TEST 452 - 69.json]
	MEM WRITE: bbc7 / (48071) => 69 / (105)
	MEM WRITE: bbc8 / (48072) => bf / (191)
	MEM WRITE: bbc9 / (48073) => 73 / (115)
	MEM READ: bbc7 / (48071) => 69 / (105)
[OP START 48071 -> 0x69 -> adc]
	REGS:
		PC: 48071 (bbc7)
		SP: 189 (bd)
		A:  150 (96)
		X:  154 (9a)
		Y:  3 (3)
		P:  171 (ab)
		|C|Z|I|D|B|X|V|N|
		|1|1|0|1|0|1|0|1|
	ADDRESSING MODE: IMMEDIATE
	MEM READ: bbc8 / (48072) => bf / (191)
	BCD START -> 96 + bf
	BCD CONVERT -> 96 + 25
	BCD SUM -> 22
[OP END @ 48072]
Done..
