[TEST 457 - 69.json]
	MEM WRITE: 2743 / (10051) => 69 / (105)
	MEM WRITE: 2744 / (10052) => 5c / (92)
	MEM WRITE: 2745 / (10053) => 8f / (143)
	MEM READ: 2743 / (10051) => 69 / (105)
[OP START 10051 -> 0x69 -> adc]
	REGS:
		PC: 10051 (2743)
		SP: 154 (9a)
		A:  29 (1d)
		X:  242 (f2)
		Y:  182 (b6)
		P:  107 (6b)
		|C|Z|I|D|B|X|V|N|
		|1|1|0|1|0|1|1|0|
	ADDRESSING MODE: IMMEDIATE
	MEM READ: 2744 / (10052) => 5c / (92)
	BCD START -> 1d + 5c
	BCD CONVERT -> 23 + 62
	BCD SUM -> 86
[OP END @ 10052]
Done..
