[TEST 466 - 69.json]
	MEM WRITE: cf31 / (53041) => 69 / (105)
	MEM WRITE: cf32 / (53042) => 72 / (114)
	MEM WRITE: cf33 / (53043) => 73 / (115)
	MEM READ: cf31 / (53041) => 69 / (105)
[OP START 53041 -> 0x69 -> adc]
	REGS:
		PC: 53041 (cf31)
		SP: 62 (3e)
		A:  88 (58)
		X:  6 (6)
		Y:  20 (14)
		P:  41 (29)
		|C|Z|I|D|B|X|V|N|
		|1|0|0|1|0|1|0|0|
	ADDRESSING MODE: IMMEDIATE
	MEM READ: cf32 / (53042) => 72 / (114)
	BCD START -> 58 + 72
	BCD CONVERT -> 58 + 72
	BCD SUM -> 31
[OP END @ 53042]
Done..
