[TEST 41 - 69.json]
	MEM WRITE: f50d / (62733) => 69 / (105)
	MEM WRITE: f50e / (62734) => 1a / (26)
	MEM WRITE: f50f / (62735) => 47 / (71)
	MEM READ: f50d / (62733) => 69 / (105)
[OP START 62733 -> 0x69 -> adc]
	REGS:
		PC: 62733 (f50d)
		SP: 225 (e1)
		A:  156 (9c)
		X:  27 (1b)
		Y:  197 (c5)
		P:  46 (2e)
		|C|Z|I|D|B|X|V|N|
		|0|1|1|1|0|1|0|0|
	ADDRESSING MODE: IMMEDIATE
	MEM READ: f50e / (62734) => 1a / (26)
	BCD START -> 9c + 1a
	BCD CONVERT -> a2 + 20
	BCD SUM -> 22
[OP END @ 62734]
Done..
