[TEST 475 - 69.json]
	MEM WRITE: 74dd / (29917) => 69 / (105)
	MEM WRITE: 74de / (29918) => 39 / (57)
	MEM WRITE: 74df / (29919) => 7b / (123)
	MEM READ: 74dd / (29917) => 69 / (105)
[OP START 29917 -> 0x69 -> adc]
	REGS:
		PC: 29917 (74dd)
		SP: 166 (a6)
		A:  229 (e5)
		X:  137 (89)
		Y:  184 (b8)
		P:  236 (ec)
		|C|Z|I|D|B|X|V|N|
		|0|0|1|1|0|1|1|1|
	ADDRESSING MODE: IMMEDIATE
	MEM READ: 74de / (29918) => 39 / (57)
	BCD START -> e5 + 39
	BCD CONVERT -> 45 + 39
	BCD SUM -> 84
[OP END @ 29918]
Done..
