[TEST 456 - 69.json]
	MEM WRITE: a6e3 / (42723) => 69 / (105)
	MEM WRITE: a6e4 / (42724) => 6c / (108)
	MEM WRITE: a6e5 / (42725) => d8 / (216)
	MEM READ: a6e3 / (42723) => 69 / (105)
[OP START 42723 -> 0x69 -> adc]
	REGS:
		PC: 42723 (a6e3)
		SP: 242 (f2)
		A:  3 (3)
		X:  216 (d8)
		Y:  54 (36)
		P:  174 (ae)
		|C|Z|I|D|B|X|V|N|
		|0|1|1|1|0|1|0|1|
	ADDRESSING MODE: IMMEDIATE
	MEM READ: a6e4 / (42724) => 6c / (108)
	BCD START -> 3 + 6c
	BCD CONVERT -> 3 + 72
	BCD SUM -> 75
[OP END @ 42724]
Done..
