[TEST 49 - 69.json]
	MEM WRITE: 86b0 / (34480) => 69 / (105)
	MEM WRITE: 86b1 / (34481) => 7a / (122)
	MEM WRITE: 86b2 / (34482) => 16 / (22)
	MEM READ: 86b0 / (34480) => 69 / (105)
[OP START 34480 -> 0x69 -> adc]
	REGS:
		PC: 34480 (86b0)
		SP: 44 (2c)
		A:  226 (e2)
		X:  93 (5d)
		Y:  100 (64)
		P:  111 (6f)
		|C|Z|I|D|B|X|V|N|
		|1|1|1|1|0|1|1|0|
	ADDRESSING MODE: IMMEDIATE
	MEM READ: 86b1 / (34481) => 7a / (122)
	BCD START -> e2 + 7a
	BCD CONVERT -> 42 + 80
	BCD SUM -> 23
[OP END @ 34481]
Done..
