[TEST 196 - 69.json]
	MEM WRITE: d57f / (54655) => 69 / (105)
	MEM WRITE: d580 / (54656) => 8f / (143)
	MEM WRITE: d581 / (54657) => bc / (188)
	MEM READ: d57f / (54655) => 69 / (105)
[OP START 54655 -> 0x69 -> adc]
	REGS:
		PC: 54655 (d57f)
		SP: 238 (ee)
		A:  103 (67)
		X:  10 (a)
		Y:  77 (4d)
		P:  169 (a9)
		|C|Z|I|D|B|X|V|N|
		|1|0|0|1|0|1|0|1|
	ADDRESSING MODE: IMMEDIATE
	MEM READ: d580 / (54656) => 8f / (143)
	BCD START -> 67 + 8f
	BCD CONVERT -> 67 + 95
	BCD SUM -> 63
[OP END @ 54656]
Done..
