[TEST 540 - 69.json]
	MEM WRITE: 7137 / (28983) => 69 / (105)
	MEM WRITE: 7138 / (28984) => c / (12)
	MEM WRITE: 7139 / (28985) => 12 / (18)
	MEM READ: 7137 / (28983) => 69 / (105)
[OP START 28983 -> 0x69 -> adc]
	REGS:
		PC: 28983 (7137)
		SP: 129 (81)
		A:  164 (a4)
		X:  115 (73)
		Y:  16 (10)
		P:  236 (ec)
		|C|Z|I|D|B|X|V|N|
		|0|0|1|1|0|1|1|1|
	ADDRESSING MODE: IMMEDIATE
	MEM READ: 7138 / (28984) => c / (12)
	BCD START -> a4 + c
	BCD CONVERT -> 4 + 12
	BCD SUM -> 16
[OP END @ 28984]
Done..
