[TEST 489 - 69.json]
	MEM WRITE: b914 / (47380) => 69 / (105)
	MEM WRITE: b915 / (47381) => 4e / (78)
	MEM WRITE: b916 / (47382) => f5 / (245)
	MEM READ: b914 / (47380) => 69 / (105)
[OP START 47380 -> 0x69 -> adc]
	REGS:
		PC: 47380 (b914)
		SP: 28 (1c)
		A:  70 (46)
		X:  104 (68)
		Y:  40 (28)
		P:  170 (aa)
		|C|Z|I|D|B|X|V|N|
		|0|1|0|1|0|1|0|1|
	ADDRESSING MODE: IMMEDIATE
	MEM READ: b915 / (47381) => 4e / (78)
	BCD START -> 46 + 4e
	BCD CONVERT -> 46 + 54
	BCD SUM -> 0
[OP END @ 47381]
Done..
