[TEST 314 - 69.json]
	MEM WRITE: 78e9 / (30953) => 69 / (105)
	MEM WRITE: 78ea / (30954) => 9a / (154)
	MEM WRITE: 78eb / (30955) => 38 / (56)
	MEM READ: 78e9 / (30953) => 69 / (105)
[OP START 30953 -> 0x69 -> adc]
	REGS:
		PC: 30953 (78e9)
		SP: 41 (29)
		A:  197 (c5)
		X:  147 (93)
		Y:  202 (ca)
		P:  46 (2e)
		|C|Z|I|D|B|X|V|N|
		|0|1|1|1|0|1|0|0|
	ADDRESSING MODE: IMMEDIATE
	MEM READ: 78ea / (30954) => 9a / (154)
	BCD START -> c5 + 9a
	BCD CONVERT -> 25 + a0
	BCD SUM -> 25
[OP END @ 30954]
Done..
