[TEST 455 - 69.json]
	MEM WRITE: 4764 / (18276) => 69 / (105)
	MEM WRITE: 4765 / (18277) => 15 / (21)
	MEM WRITE: 4766 / (18278) => 8c / (140)
	MEM READ: 4764 / (18276) => 69 / (105)
[OP START 18276 -> 0x69 -> adc]
	REGS:
		PC: 18276 (4764)
		SP: 156 (9c)
		A:  62 (3e)
		X:  161 (a1)
		Y:  201 (c9)
		P:  237 (ed)
		|C|Z|I|D|B|X|V|N|
		|1|0|1|1|0|1|1|1|
	ADDRESSING MODE: IMMEDIATE
	MEM READ: 4765 / (18277) => 15 / (21)
	BCD START -> 3e + 15
	BCD CONVERT -> 44 + 15
	BCD SUM -> 5a
[OP END @ 18277]
Done..
