[TEST 202 - 69.json]
	MEM WRITE: 5947 / (22855) => 69 / (105)
	MEM WRITE: 5948 / (22856) => cb / (203)
	MEM WRITE: 5949 / (22857) => 8 / (8)
	MEM READ: 5947 / (22855) => 69 / (105)
[OP START 22855 -> 0x69 -> adc]
	REGS:
		PC: 22855 (5947)
		SP: 253 (fd)
		A:  90 (5a)
		X:  132 (84)
		Y:  255 (ff)
		P:  105 (69)
		|C|Z|I|D|B|X|V|N|
		|1|0|0|1|0|1|1|0|
	ADDRESSING MODE: IMMEDIATE
	MEM READ: 5948 / (22856) => cb / (203)
	BCD START -> 5a + cb
	BCD CONVERT -> 60 + 31
	BCD SUM -> 92
[OP END @ 22856]
Done..
