[TEST 536 - 69.json]
	MEM WRITE: fe63 / (65123) => 69 / (105)
	MEM WRITE: fe64 / (65124) => 96 / (150)
	MEM WRITE: fe65 / (65125) => da / (218)
	MEM READ: fe63 / (65123) => 69 / (105)
[OP START 65123 -> 0x69 -> adc]
	REGS:
		PC: 65123 (fe63)
		SP: 116 (74)
		A:  41 (29)
		X:  98 (62)
		Y:  109 (6d)
		P:  43 (2b)
		|C|Z|I|D|B|X|V|N|
		|1|1|0|1|0|1|0|0|
	ADDRESSING MODE: IMMEDIATE
	MEM READ: fe64 / (65124) => 96 / (150)
	BCD START -> 29 + 96
	BCD CONVERT -> 29 + 96
	BCD SUM -> 26
[OP END @ 65124]
Done..
