[TEST 459 - 69.json]
	MEM WRITE: 43c1 / (17345) => 69 / (105)
	MEM WRITE: 43c2 / (17346) => 7c / (124)
	MEM WRITE: 43c3 / (17347) => af / (175)
	MEM READ: 43c1 / (17345) => 69 / (105)
[OP START 17345 -> 0x69 -> adc]
	REGS:
		PC: 17345 (43c1)
		SP: 69 (45)
		A:  132 (84)
		X:  106 (6a)
		Y:  156 (9c)
		P:  168 (a8)
		|C|Z|I|D|B|X|V|N|
		|0|0|0|1|0|1|0|1|
	ADDRESSING MODE: IMMEDIATE
	MEM READ: 43c2 / (17346) => 7c / (124)
	BCD START -> 84 + 7c
	BCD CONVERT -> 84 + 82
	BCD SUM -> 66
[OP END @ 17346]
Done..
