[TEST 525 - 69.json]
	MEM WRITE: 57fe / (22526) => 69 / (105)
	MEM WRITE: 57ff / (22527) => f3 / (243)
	MEM WRITE: 5800 / (22528) => f9 / (249)
	MEM READ: 57fe / (22526) => 69 / (105)
[OP START 22526 -> 0x69 -> adc]
	REGS:
		PC: 22526 (57fe)
		SP: 101 (65)
		A:  52 (34)
		X:  179 (b3)
		Y:  239 (ef)
		P:  104 (68)
		|C|Z|I|D|B|X|V|N|
		|0|0|0|1|0|1|1|0|
	ADDRESSING MODE: IMMEDIATE
	MEM READ: 57ff / (22527) => f3 / (243)
	BCD START -> 34 + f3
	BCD CONVERT -> 34 + 53
	BCD SUM -> 87
[OP END @ 22527]
Done..
