[TEST 294 - 69.json]
	MEM WRITE: bb9a / (48026) => 69 / (105)
	MEM WRITE: bb9b / (48027) => 52 / (82)
	MEM WRITE: bb9c / (48028) => b / (11)
	MEM READ: bb9a / (48026) => 69 / (105)
[OP START 48026 -> 0x69 -> adc]
	REGS:
		PC: 48026 (bb9a)
		SP: 110 (6e)
		A:  111 (6f)
		X:  51 (33)
		Y:  130 (82)
		P:  46 (2e)
		|C|Z|I|D|B|X|V|N|
		|0|1|1|1|0|1|0|0|
	ADDRESSING MODE: IMMEDIATE
	MEM READ: bb9b / (48027) => 52 / (82)
	BCD START -> 6f + 52
	BCD CONVERT -> 75 + 52
	BCD SUM -> 27
[OP END @ 48027]
Done..
