[TEST 56 - 69.json]
	MEM WRITE: dddb / (56795) => 69 / (105)
	MEM WRITE: dddc / (56796) => a1 / (161)
	MEM WRITE: dddd / (56797) => 53 / (83)
	MEM READ: dddb / (56795) => 69 / (105)
[OP START 56795 -> 0x69 -> adc]
	REGS:
		PC: 56795 (dddb)
		SP: 26 (1a)
		A:  121 (79)
		X:  161 (a1)
		Y:  133 (85)
		P:  42 (2a)
		|C|Z|I|D|B|X|V|N|
		|0|1|0|1|0|1|0|0|
	ADDRESSING MODE: IMMEDIATE
	MEM READ: dddc / (56796) => a1 / (161)
	BCD START -> 79 + a1
	BCD CONVERT -> 79 + 1
	BCD SUM -> 80
[OP END @ 56796]
Done..
