[TEST 127 - 69.json]
	MEM WRITE: 5fb6 / (24502) => 69 / (105)
	MEM WRITE: 5fb7 / (24503) => 7c / (124)
	MEM WRITE: 5fb8 / (24504) => 59 / (89)
	MEM READ: 5fb6 / (24502) => 69 / (105)
[OP START 24502 -> 0x69 -> adc]
	REGS:
		PC: 24502 (5fb6)
		SP: 94 (5e)
		A:  142 (8e)
		X:  82 (52)
		Y:  91 (5b)
		P:  234 (ea)
		|C|Z|I|D|B|X|V|N|
		|0|1|0|1|0|1|1|1|
	ADDRESSING MODE: IMMEDIATE
	MEM READ: 5fb7 / (24503) => 7c / (124)
	BCD START -> 8e + 7c
	BCD CONVERT -> 94 + 82
	BCD SUM -> 76
[OP END @ 24503]
Done..
