[TEST 586 - 69.json]
	MEM WRITE: 9ed0 / (40656) => 69 / (105)
	MEM WRITE: 9ed1 / (40657) => 5d / (93)
	MEM WRITE: 9ed2 / (40658) => 78 / (120)
	MEM READ: 9ed0 / (40656) => 69 / (105)
[OP START 40656 -> 0x69 -> adc]
	REGS:
		PC: 40656 (9ed0)
		SP: 188 (bc)
		A:  220 (dc)
		X:  46 (2e)
		Y:  7 (7)
		P:  47 (2f)
		|C|Z|I|D|B|X|V|N|
		|1|1|1|1|0|1|0|0|
	ADDRESSING MODE: IMMEDIATE
	MEM READ: 9ed1 / (40657) => 5d / (93)
	BCD START -> dc + 5d
	BCD CONVERT -> 42 + 63
	BCD SUM -> 6
[OP END @ 40657]
Done..
