[TEST 587 - 69.json]
	MEM WRITE: ca7a / (51834) => 69 / (105)
	MEM WRITE: ca7b / (51835) => 87 / (135)
	MEM WRITE: ca7c / (51836) => be / (190)
	MEM READ: ca7a / (51834) => 69 / (105)
[OP START 51834 -> 0x69 -> adc]
	REGS:
		PC: 51834 (ca7a)
		SP: 67 (43)
		A:  126 (7e)
		X:  126 (7e)
		Y:  22 (16)
		P:  109 (6d)
		|C|Z|I|D|B|X|V|N|
		|1|0|1|1|0|1|1|0|
	ADDRESSING MODE: IMMEDIATE
	MEM READ: ca7b / (51835) => 87 / (135)
	BCD START -> 7e + 87
	BCD CONVERT -> 84 + 87
	BCD SUM -> 72
[OP END @ 51835]
Done..
