[TEST 60 - 69.json]
	MEM WRITE: 9010 / (36880) => 69 / (105)
	MEM WRITE: 9011 / (36881) => 59 / (89)
	MEM WRITE: 9012 / (36882) => 9a / (154)
	MEM READ: 9010 / (36880) => 69 / (105)
[OP START 36880 -> 0x69 -> adc]
	REGS:
		PC: 36880 (9010)
		SP: 208 (d0)
		A:  126 (7e)
		X:  249 (f9)
		Y:  120 (78)
		P:  169 (a9)
		|C|Z|I|D|B|X|V|N|
		|1|0|0|1|0|1|0|1|
	ADDRESSING MODE: IMMEDIATE
	MEM READ: 9011 / (36881) => 59 / (89)
	BCD START -> 7e + 59
	BCD CONVERT -> 84 + 59
	BCD SUM -> 44
[OP END @ 36881]
Done..
