[TEST 509 - 69.json]
	MEM WRITE: b1e6 / (45542) => 69 / (105)
	MEM WRITE: b1e7 / (45543) => fb / (251)
	MEM WRITE: b1e8 / (45544) => 5a / (90)
	MEM READ: b1e6 / (45542) => 69 / (105)
[OP START 45542 -> 0x69 -> adc]
	REGS:
		PC: 45542 (b1e6)
		SP: 202 (ca)
		A:  75 (4b)
		X:  114 (72)
		Y:  255 (ff)
		P:  42 (2a)
		|C|Z|I|D|B|X|V|N|
		|0|1|0|1|0|1|0|0|
	ADDRESSING MODE: IMMEDIATE
	MEM READ: b1e7 / (45543) => fb / (251)
	BCD START -> 4b + fb
	BCD CONVERT -> 51 + 61
	BCD SUM -> 12
[OP END @ 45543]
Done..
