[TEST 179 - 69.json]
	MEM WRITE: 2871 / (10353) => 69 / (105)
	MEM WRITE: 2872 / (10354) => 3f / (63)
	MEM WRITE: 2873 / (10355) => 65 / (101)
	MEM READ: 2871 / (10353) => 69 / (105)
[OP START 10353 -> 0x69 -> adc]
	REGS:
		PC: 10353 (2871)
		SP: 118 (76)
		A:  236 (ec)
		X:  2 (2)
		Y:  193 (c1)
		P:  44 (2c)
		|C|Z|I|D|B|X|V|N|
		|0|0|1|1|0|1|0|0|
	ADDRESSING MODE: IMMEDIATE
	MEM READ: 2872 / (10354) => 3f / (63)
	BCD START -> ec + 3f
	BCD CONVERT -> 52 + 45
	BCD SUM -> 97
[OP END @ 10354]
Done..
