[TEST 297 - 69.json]
	MEM WRITE: 2a45 / (10821) => 69 / (105)
	MEM WRITE: 2a46 / (10822) => ae / (174)
	MEM WRITE: 2a47 / (10823) => cb / (203)
	MEM READ: 2a45 / (10821) => 69 / (105)
[OP START 10821 -> 0x69 -> adc]
	REGS:
		PC: 10821 (2a45)
		SP: 76 (4c)
		A:  172 (ac)
		X:  242 (f2)
		Y:  24 (18)
		P:  175 (af)
		|C|Z|I|D|B|X|V|N|
		|1|1|1|1|0|1|0|1|
	ADDRESSING MODE: IMMEDIATE
	MEM READ: 2a46 / (10822) => ae / (174)
	BCD START -> ac + ae
	BCD CONVERT -> 12 + 14
	BCD SUM -> 27
[OP END @ 10822]
Done..
