[TEST 12 - 69.json]
	MEM WRITE: f262 / (62050) => 69 / (105)
	MEM WRITE: f263 / (62051) => af / (175)
	MEM WRITE: f264 / (62052) => a9 / (169)
	MEM READ: f262 / (62050) => 69 / (105)
[OP START 62050 -> 0x69 -> adc]
	REGS:
		PC: 62050 (f262)
		SP: 177 (b1)
		A:  15 (f)
		X:  172 (ac)
		Y:  5 (5)
		P:  109 (6d)
		|C|Z|I|D|B|X|V|N|
		|1|0|1|1|0|1|1|0|
	ADDRESSING MODE: IMMEDIATE
	MEM READ: f263 / (62051) => af / (175)
	BCD START -> f + af
	BCD CONVERT -> 15 + 15
	BCD SUM -> 31
[OP END @ 62051]
Done..
