[TEST 104 - 69.json]
	MEM WRITE: 96b8 / (38584) => 69 / (105)
	MEM WRITE: 96b9 / (38585) => b1 / (177)
	MEM WRITE: 96ba / (38586) => 54 / (84)
	MEM READ: 96b8 / (38584) => 69 / (105)
[OP START 38584 -> 0x69 -> adc]
	REGS:
		PC: 38584 (96b8)
		SP: 48 (30)
		A:  111 (6f)
		X:  115 (73)
		Y:  191 (bf)
		P:  170 (aa)
		|C|Z|I|D|B|X|V|N|
		|0|1|0|1|0|1|0|1|
	ADDRESSING MODE: IMMEDIATE
	MEM READ: 96b9 / (38585) => b1 / (177)
	BCD START -> 6f + b1
	BCD CONVERT -> 75 + 11
	BCD SUM -> 86
[OP END @ 38585]
Done..
