[TEST 567 - 69.json]
	MEM WRITE: 502b / (20523) => 69 / (105)
	MEM WRITE: 502c / (20524) => 73 / (115)
	MEM WRITE: 502d / (20525) => 51 / (81)
	MEM READ: 502b / (20523) => 69 / (105)
[OP START 20523 -> 0x69 -> adc]
	REGS:
		PC: 20523 (502b)
		SP: 174 (ae)
		A:  137 (89)
		X:  169 (a9)
		Y:  75 (4b)
		P:  44 (2c)
		|C|Z|I|D|B|X|V|N|
		|0|0|1|1|0|1|0|0|
	ADDRESSING MODE: IMMEDIATE
	MEM READ: 502c / (20524) => 73 / (115)
	BCD START -> 89 + 73
	BCD CONVERT -> 89 + 73
	BCD SUM -> 62
[OP END @ 20524]
Done..
