[TEST 106 - 69.json]
	MEM WRITE: 2078 / (8312) => 69 / (105)
	MEM WRITE: 2079 / (8313) => 98 / (152)
	MEM WRITE: 207a / (8314) => b9 / (185)
	MEM READ: 2078 / (8312) => 69 / (105)
[OP START 8312 -> 0x69 -> adc]
	REGS:
		PC: 8312 (2078)
		SP: 227 (e3)
		A:  171 (ab)
		X:  102 (66)
		Y:  65 (41)
		P:  106 (6a)
		|C|Z|I|D|B|X|V|N|
		|0|1|0|1|0|1|1|0|
	ADDRESSING MODE: IMMEDIATE
	MEM READ: 2079 / (8313) => 98 / (152)
	BCD START -> ab + 98
	BCD CONVERT -> 11 + 98
	BCD SUM -> 9
[OP END @ 8313]
Done..
