[TEST 440 - 69.json]
	MEM WRITE: 6265 / (25189) => 69 / (105)
	MEM WRITE: 6266 / (25190) => 29 / (41)
	MEM WRITE: 6267 / (25191) => 9d / (157)
	MEM READ: 6265 / (25189) => 69 / (105)
[OP START 25189 -> 0x69 -> adc]
	REGS:
		PC: 25189 (6265)
		SP: 18 (12)
		A:  60 (3c)
		X:  144 (90)
		Y:  180 (b4)
		P:  239 (ef)
		|C|Z|I|D|B|X|V|N|
		|1|1|1|1|0|1|1|1|
	ADDRESSING MODE: IMMEDIATE
	MEM READ: 6266 / (25190) => 29 / (41)
	BCD START -> 3c + 29
	BCD CONVERT -> 42 + 29
	BCD SUM -> 72
[OP END @ 25190]
Done..
