[TEST 330 - 69.json]
	MEM WRITE: a42e / (42030) => 69 / (105)
	MEM WRITE: a42f / (42031) => 33 / (51)
	MEM WRITE: a430 / (42032) => 96 / (150)
	MEM READ: a42e / (42030) => 69 / (105)
[OP START 42030 -> 0x69 -> adc]
	REGS:
		PC: 42030 (a42e)
		SP: 188 (bc)
		A:  20 (14)
		X:  60 (3c)
		Y:  62 (3e)
		P:  108 (6c)
		|C|Z|I|D|B|X|V|N|
		|0|0|1|1|0|1|1|0|
	ADDRESSING MODE: IMMEDIATE
	MEM READ: a42f / (42031) => 33 / (51)
	BCD START -> 14 + 33
	BCD CONVERT -> 14 + 33
	BCD SUM -> 47
[OP END @ 42031]
Done..
