[TEST 510 - 69.json]
	MEM WRITE: e7ab / (59307) => 69 / (105)
	MEM WRITE: e7ac / (59308) => 7e / (126)
	MEM WRITE: e7ad / (59309) => 43 / (67)
	MEM READ: e7ab / (59307) => 69 / (105)
[OP START 59307 -> 0x69 -> adc]
	REGS:
		PC: 59307 (e7ab)
		SP: 20 (14)
		A:  57 (39)
		X:  245 (f5)
		Y:  18 (12)
		P:  40 (28)
		|C|Z|I|D|B|X|V|N|
		|0|0|0|1|0|1|0|0|
	ADDRESSING MODE: IMMEDIATE
	MEM READ: e7ac / (59308) => 7e / (126)
	BCD START -> 39 + 7e
	BCD CONVERT -> 39 + 84
	BCD SUM -> 23
[OP END @ 59308]
Done..
