[TEST 424 - 69.json]
	MEM WRITE: 2aec / (10988) => 69 / (105)
	MEM WRITE: 2aed / (10989) => 36 / (54)
	MEM WRITE: 2aee / (10990) => 99 / (153)
	MEM READ: 2aec / (10988) => 69 / (105)
[OP START 10988 -> 0x69 -> adc]
	REGS:
		PC: 10988 (2aec)
		SP: 53 (35)
		A:  67 (43)
		X:  137 (89)
		Y:  184 (b8)
		P:  107 (6b)
		|C|Z|I|D|B|X|V|N|
		|1|1|0|1|0|1|1|0|
	ADDRESSING MODE: IMMEDIATE
	MEM READ: 2aed / (10989) => 36 / (54)
	BCD START -> 43 + 36
	BCD CONVERT -> 43 + 36
	BCD SUM -> 7a
[OP END @ 10989]
Done..
