[TEST 115 - 69.json]
	MEM WRITE: ed92 / (60818) => 69 / (105)
	MEM WRITE: ed93 / (60819) => a / (10)
	MEM WRITE: ed94 / (60820) => ee / (238)
	MEM READ: ed92 / (60818) => 69 / (105)
[OP START 60818 -> 0x69 -> adc]
	REGS:
		PC: 60818 (ed92)
		SP: 212 (d4)
		A:  224 (e0)
		X:  120 (78)
		Y:  84 (54)
		P:  234 (ea)
		|C|Z|I|D|B|X|V|N|
		|0|1|0|1|0|1|1|1|
	ADDRESSING MODE: IMMEDIATE
	MEM READ: ed93 / (60819) => a / (10)
	BCD START -> e0 + a
	BCD CONVERT -> 40 + 10
	BCD SUM -> 50
[OP END @ 60819]
Done..
