[TEST 125 - 69.json]
	MEM WRITE: a545 / (42309) => 69 / (105)
	MEM WRITE: a546 / (42310) => 19 / (25)
	MEM WRITE: a547 / (42311) => bf / (191)
	MEM READ: a545 / (42309) => 69 / (105)
[OP START 42309 -> 0x69 -> adc]
	REGS:
		PC: 42309 (a545)
		SP: 183 (b7)
		A:  75 (4b)
		X:  32 (20)
		Y:  67 (43)
		P:  235 (eb)
		|C|Z|I|D|B|X|V|N|
		|1|1|0|1|0|1|1|1|
	ADDRESSING MODE: IMMEDIATE
	MEM READ: a546 / (42310) => 19 / (25)
	BCD START -> 4b + 19
	BCD CONVERT -> 51 + 19
	BCD SUM -> 71
[OP END @ 42310]
Done..
