[TEST 568 - 69.json]
	MEM WRITE: ebb8 / (60344) => 69 / (105)
	MEM WRITE: ebb9 / (60345) => de / (222)
	MEM WRITE: ebba / (60346) => 26 / (38)
	MEM READ: ebb8 / (60344) => 69 / (105)
[OP START 60344 -> 0x69 -> adc]
	REGS:
		PC: 60344 (ebb8)
		SP: 210 (d2)
		A:  151 (97)
		X:  45 (2d)
		Y:  223 (df)
		P:  237 (ed)
		|C|Z|I|D|B|X|V|N|
		|1|0|1|1|0|1|1|1|
	ADDRESSING MODE: IMMEDIATE
	MEM READ: ebb9 / (60345) => de / (222)
	BCD START -> 97 + de
	BCD CONVERT -> 97 + 44
	BCD SUM -> 42
[OP END @ 60345]
Done..
