[TEST 73 - 69.json]
	MEM WRITE: 90f8 / (37112) => 69 / (105)
	MEM WRITE: 90f9 / (37113) => a6 / (166)
	MEM WRITE: 90fa / (37114) => 9 / (9)
	MEM READ: 90f8 / (37112) => 69 / (105)
[OP START 37112 -> 0x69 -> adc]
	REGS:
		PC: 37112 (90f8)
		SP: 54 (36)
		A:  38 (26)
		X:  150 (96)
		Y:  70 (46)
		P:  233 (e9)
		|C|Z|I|D|B|X|V|N|
		|1|0|0|1|0|1|1|1|
	ADDRESSING MODE: IMMEDIATE
	MEM READ: 90f9 / (37113) => a6 / (166)
	BCD START -> 26 + a6
	BCD CONVERT -> 26 + 6
	BCD SUM -> 33
[OP END @ 37113]
Done..
