[TEST 377 - 69.json]
	MEM WRITE: fc77 / (64631) => 69 / (105)
	MEM WRITE: fc78 / (64632) => fa / (250)
	MEM WRITE: fc79 / (64633) => 4 / (4)
	MEM READ: fc77 / (64631) => 69 / (105)
[OP START 64631 -> 0x69 -> adc]
	REGS:
		PC: 64631 (fc77)
		SP: 227 (e3)
		A:  164 (a4)
		X:  249 (f9)
		Y:  190 (be)
		P:  232 (e8)
		|C|Z|I|D|B|X|V|N|
		|0|0|0|1|0|1|1|1|
	ADDRESSING MODE: IMMEDIATE
	MEM READ: fc78 / (64632) => fa / (250)
	BCD START -> a4 + fa
	BCD CONVERT -> 4 + 60
	BCD SUM -> 64
[OP END @ 64632]
Done..
