[TEST 443 - 69.json]
	MEM WRITE: 68d0 / (26832) => 69 / (105)
	MEM WRITE: 68d1 / (26833) => 4d / (77)
	MEM WRITE: 68d2 / (26834) => b1 / (177)
	MEM READ: 68d0 / (26832) => 69 / (105)
[OP START 26832 -> 0x69 -> adc]
	REGS:
		PC: 26832 (68d0)
		SP: 245 (f5)
		A:  115 (73)
		X:  157 (9d)
		Y:  3 (3)
		P:  175 (af)
		|C|Z|I|D|B|X|V|N|
		|1|1|1|1|0|1|0|1|
	ADDRESSING MODE: IMMEDIATE
	MEM READ: 68d1 / (26833) => 4d / (77)
	BCD START -> 73 + 4d
	BCD CONVERT -> 73 + 53
	BCD SUM -> 27
[OP END @ 26833]
Done..
