[TEST 44 - 69.json]
	MEM WRITE: f86b / (63595) => 69 / (105)
	MEM WRITE: f86c / (63596) => c1 / (193)
	MEM WRITE: f86d / (63597) => a8 / (168)
	MEM READ: f86b / (63595) => 69 / (105)
[OP START 63595 -> 0x69 -> adc]
	REGS:
		PC: 63595 (f86b)
		SP: 61 (3d)
		A:  149 (95)
		X:  141 (8d)
		Y:  244 (f4)
		P:  41 (29)
		|C|Z|I|D|B|X|V|N|
		|1|0|0|1|0|1|0|0|
	ADDRESSING MODE: IMMEDIATE
	MEM READ: f86c / (63596) => c1 / (193)
	BCD START -> 95 + c1
	BCD CONVERT -> 95 + 21
	BCD SUM -> 17
[OP END @ 63596]
Done..
