[TEST 139 - 69.json]
	MEM WRITE: 6116 / (24854) => 69 / (105)
	MEM WRITE: 6117 / (24855) => 22 / (34)
	MEM WRITE: 6118 / (24856) => 4 / (4)
	MEM READ: 6116 / (24854) => 69 / (105)
[OP START 24854 -> 0x69 -> adc]
	REGS:
		PC: 24854 (6116)
		SP: 160 (a0)
		A:  248 (f8)
		X:  41 (29)
		Y:  209 (d1)
		P:  172 (ac)
		|C|Z|I|D|B|X|V|N|
		|0|0|1|1|0|1|0|1|
	ADDRESSING MODE: IMMEDIATE
	MEM READ: 6117 / (24855) => 22 / (34)
	BCD START -> f8 + 22
	BCD CONVERT -> 58 + 22
	BCD SUM -> 80
[OP END @ 24855]
Done..
