[TEST 486 - 69.json]
	MEM WRITE: 8ef2 / (36594) => 69 / (105)
	MEM WRITE: 8ef3 / (36595) => e7 / (231)
	MEM WRITE: 8ef4 / (36596) => ec / (236)
	MEM READ: 8ef2 / (36594) => 69 / (105)
[OP START 36594 -> 0x69 -> adc]
	REGS:
		PC: 36594 (8ef2)
		SP: 100 (64)
		A:  35 (23)
		X:  9 (9)
		Y:  175 (af)
		P:  234 (ea)
		|C|Z|I|D|B|X|V|N|
		|0|1|0|1|0|1|1|1|
	ADDRESSING MODE: IMMEDIATE
	MEM READ: 8ef3 / (36595) => e7 / (231)
	BCD START -> 23 + e7
	BCD CONVERT -> 23 + 47
	BCD SUM -> 70
[OP END @ 36595]
Done..
