[TEST 490 - 69.json]
	MEM WRITE: c137 / (49463) => 69 / (105)
	MEM WRITE: c138 / (49464) => 7c / (124)
	MEM WRITE: c139 / (49465) => b4 / (180)
	MEM READ: c137 / (49463) => 69 / (105)
[OP START 49463 -> 0x69 -> adc]
	REGS:
		PC: 49463 (c137)
		SP: 83 (53)
		A:  239 (ef)
		X:  243 (f3)
		Y:  85 (55)
		P:  174 (ae)
		|C|Z|I|D|B|X|V|N|
		|0|1|1|1|0|1|0|1|
	ADDRESSING MODE: IMMEDIATE
	MEM READ: c138 / (49464) => 7c / (124)
	BCD START -> ef + 7c
	BCD CONVERT -> 55 + 82
	BCD SUM -> 37
[OP END @ 49464]
Done..
