[TEST 397 - 69.json]
	MEM WRITE: c289 / (49801) => 69 / (105)
	MEM WRITE: c28a / (49802) => f9 / (249)
	MEM WRITE: c28b / (49803) => 8c / (140)
	MEM READ: c289 / (49801) => 69 / (105)
[OP START 49801 -> 0x69 -> adc]
	REGS:
		PC: 49801 (c289)
		SP: 230 (e6)
		A:  101 (65)
		X:  90 (5a)
		Y:  14 (e)
		P:  40 (28)
		|C|Z|I|D|B|X|V|N|
		|0|0|0|1|0|1|0|0|
	ADDRESSING MODE: IMMEDIATE
	MEM READ: c28a / (49802) => f9 / (249)
	BCD START -> 65 + f9
	BCD CONVERT -> 65 + 59
	BCD SUM -> 24
[OP END @ 49802]
Done..
