[TEST 57 - 69.json]
	MEM WRITE: 7b58 / (31576) => 69 / (105)
	MEM WRITE: 7b59 / (31577) => 67 / (103)
	MEM WRITE: 7b5a / (31578) => 4b / (75)
	MEM READ: 7b58 / (31576) => 69 / (105)
[OP START 31576 -> 0x69 -> adc]
	REGS:
		PC: 31576 (7b58)
		SP: 186 (ba)
		A:  219 (db)
		X:  224 (e0)
		Y:  234 (ea)
		P:  232 (e8)
		|C|Z|I|D|B|X|V|N|
		|0|0|0|1|0|1|1|1|
	ADDRESSING MODE: IMMEDIATE
	MEM READ: 7b59 / (31577) => 67 / (103)
	BCD START -> db + 67
	BCD CONVERT -> 41 + 67
	BCD SUM -> 8
[OP END @ 31577]
Done..
