[TEST 534 - 69.json]
	MEM WRITE: ad4e / (44366) => 69 / (105)
	MEM WRITE: ad4f / (44367) => 5b / (91)
	MEM WRITE: ad50 / (44368) => 78 / (120)
	MEM READ: ad4e / (44366) => 69 / (105)
[OP START 44366 -> 0x69 -> adc]
	REGS:
		PC: 44366 (ad4e)
		SP: 53 (35)
		A:  226 (e2)
		X:  136 (88)
		Y:  157 (9d)
		P:  110 (6e)
		|C|Z|I|D|B|X|V|N|
		|0|1|1|1|0|1|1|0|
	ADDRESSING MODE: IMMEDIATE
	MEM READ: ad4f / (44367) => 5b / (91)
	BCD START -> e2 + 5b
	BCD CONVERT -> 42 + 61
	BCD SUM -> 3
[OP END @ 44367]
Done..
