[TEST 616 - 69.json]
	MEM WRITE: 9912 / (39186) => 69 / (105)
	MEM WRITE: 9913 / (39187) => a8 / (168)
	MEM WRITE: 9914 / (39188) => 50 / (80)
	MEM READ: 9912 / (39186) => 69 / (105)
[OP START 39186 -> 0x69 -> adc]
	REGS:
		PC: 39186 (9912)
		SP: 240 (f0)
		A:  247 (f7)
		X:  45 (2d)
		Y:  168 (a8)
		P:  173 (ad)
		|C|Z|I|D|B|X|V|N|
		|1|0|1|1|0|1|0|1|
	ADDRESSING MODE: IMMEDIATE
	MEM READ: 9913 / (39187) => a8 / (168)
	BCD START -> f7 + a8
	BCD CONVERT -> 57 + 8
	BCD SUM -> 66
[OP END @ 39187]
Done..
