[TEST 333 - 69.json]
	MEM WRITE: c802 / (51202) => 69 / (105)
	MEM WRITE: c803 / (51203) => fb / (251)
	MEM WRITE: c804 / (51204) => b8 / (184)
	MEM READ: c802 / (51202) => 69 / (105)
[OP START 51202 -> 0x69 -> adc]
	REGS:
		PC: 51202 (c802)
		SP: 170 (aa)
		A:  123 (7b)
		X:  68 (44)
		Y:  59 (3b)
		P:  235 (eb)
		|C|Z|I|D|B|X|V|N|
		|1|1|0|1|0|1|1|1|
	ADDRESSING MODE: IMMEDIATE
	MEM READ: c803 / (51203) => fb / (251)
	BCD START -> 7b + fb
	BCD CONVERT -> 81 + 61
	BCD SUM -> 43
[OP END @ 51203]
Done..
