[TEST 520 - 69.json]
	MEM WRITE: 2124 / (8484) => 69 / (105)
	MEM WRITE: 2125 / (8485) => ca / (202)
	MEM WRITE: 2126 / (8486) => 31 / (49)
	MEM READ: 2124 / (8484) => 69 / (105)
[OP START 8484 -> 0x69 -> adc]
	REGS:
		PC: 8484 (2124)
		SP: 101 (65)
		A:  104 (68)
		X:  128 (80)
		Y:  105 (69)
		P:  234 (ea)
		|C|Z|I|D|B|X|V|N|
		|0|1|0|1|0|1|1|1|
	ADDRESSING MODE: IMMEDIATE
	MEM READ: 2125 / (8485) => ca / (202)
	BCD START -> 68 + ca
	BCD CONVERT -> 68 + 30
	BCD SUM -> 98
[OP END @ 8485]
Done..
