[TEST 606 - 69.json]
	MEM WRITE: 3792 / (14226) => 69 / (105)
	MEM WRITE: 3793 / (14227) => 57 / (87)
	MEM WRITE: 3794 / (14228) => 84 / (132)
	MEM READ: 3792 / (14226) => 69 / (105)
[OP START 14226 -> 0x69 -> adc]
	REGS:
		PC: 14226 (3792)
		SP: 195 (c3)
		A:  236 (ec)
		X:  74 (4a)
		Y:  209 (d1)
		P:  107 (6b)
		|C|Z|I|D|B|X|V|N|
		|1|1|0|1|0|1|1|0|
	ADDRESSING MODE: IMMEDIATE
	MEM READ: 3793 / (14227) => 57 / (87)
	BCD START -> ec + 57
	BCD CONVERT -> 52 + 57
	BCD SUM -> a
[OP END @ 14227]
Done..
