[TEST 182 - 69.json]
	MEM WRITE: 3ad0 / (15056) => 69 / (105)
	MEM WRITE: 3ad1 / (15057) => 61 / (97)
	MEM WRITE: 3ad2 / (15058) => 78 / (120)
	MEM READ: 3ad0 / (15056) => 69 / (105)
[OP START 15056 -> 0x69 -> adc]
	REGS:
		PC: 15056 (3ad0)
		SP: 211 (d3)
		A:  238 (ee)
		X:  248 (f8)
		Y:  241 (f1)
		P:  104 (68)
		|C|Z|I|D|B|X|V|N|
		|0|0|0|1|0|1|1|0|
	ADDRESSING MODE: IMMEDIATE
	MEM READ: 3ad1 / (15057) => 61 / (97)
	BCD START -> ee + 61
	BCD CONVERT -> 54 + 61
	BCD SUM -> 15
[OP END @ 15057]
Done..
