[TEST 16 - 69.json]
	MEM WRITE: 657d / (25981) => 69 / (105)
	MEM WRITE: 657e / (25982) => c1 / (193)
	MEM WRITE: 657f / (25983) => b6 / (182)
	MEM READ: 657d / (25981) => 69 / (105)
[OP START 25981 -> 0x69 -> adc]
	REGS:
		PC: 25981 (657d)
		SP: 80 (50)
		A:  89 (59)
		X:  228 (e4)
		Y:  103 (67)
		P:  235 (eb)
		|C|Z|I|D|B|X|V|N|
		|1|1|0|1|0|1|1|1|
	ADDRESSING MODE: IMMEDIATE
	MEM READ: 657e / (25982) => c1 / (193)
	BCD START -> 59 + c1
	BCD CONVERT -> 59 + 21
	BCD SUM -> 81
[OP END @ 25982]
Done..
