[TEST 435 - 69.json]
	MEM WRITE: 5542 / (21826) => 69 / (105)
	MEM WRITE: 5543 / (21827) => cf / (207)
	MEM WRITE: 5544 / (21828) => 4b / (75)
	MEM READ: 5542 / (21826) => 69 / (105)
[OP START 21826 -> 0x69 -> adc]
	REGS:
		PC: 21826 (5542)
		SP: 142 (8e)
		A:  155 (9b)
		X:  5 (5)
		Y:  129 (81)
		P:  236 (ec)
		|C|Z|I|D|B|X|V|N|
		|0|0|1|1|0|1|1|1|
	ADDRESSING MODE: IMMEDIATE
	MEM READ: 5543 / (21827) => cf / (207)
	BCD START -> 9b + cf
	BCD CONVERT -> a1 + 35
	BCD SUM -> 36
[OP END @ 21827]
Done..
