[TEST 80 - 69.json]
	MEM WRITE: 83b1 / (33713) => 69 / (105)
	MEM WRITE: 83b2 / (33714) => e8 / (232)
	MEM WRITE: 83b3 / (33715) => fe / (254)
	MEM READ: 83b1 / (33713) => 69 / (105)
[OP START 33713 -> 0x69 -> adc]
	REGS:
		PC: 33713 (83b1)
		SP: 45 (2d)
		A:  133 (85)
		X:  242 (f2)
		Y:  201 (c9)
		P:  234 (ea)
		|C|Z|I|D|B|X|V|N|
		|0|1|0|1|0|1|1|1|
	ADDRESSING MODE: IMMEDIATE
	MEM READ: 83b2 / (33714) => e8 / (232)
	BCD START -> 85 + e8
	BCD CONVERT -> 85 + 48
	BCD SUM -> 33
[OP END @ 33714]
Done..
