[TEST 497 - 69.json]
	MEM WRITE: 4e5a / (20058) => 69 / (105)
	MEM WRITE: 4e5b / (20059) => db / (219)
	MEM WRITE: 4e5c / (20060) => 55 / (85)
	MEM READ: 4e5a / (20058) => 69 / (105)
[OP START 20058 -> 0x69 -> adc]
	REGS:
		PC: 20058 (4e5a)
		SP: 252 (fc)
		A:  6 (6)
		X:  123 (7b)
		Y:  103 (67)
		P:  41 (29)
		|C|Z|I|D|B|X|V|N|
		|1|0|0|1|0|1|0|0|
	ADDRESSING MODE: IMMEDIATE
	MEM READ: 4e5b / (20059) => db / (219)
	BCD START -> 6 + db
	BCD CONVERT -> 6 + 41
	BCD SUM -> 48
[OP END @ 20059]
Done..
