[TEST 514 - 69.json]
	MEM WRITE: c253 / (49747) => 69 / (105)
	MEM WRITE: c254 / (49748) => b9 / (185)
	MEM WRITE: c255 / (49749) => 25 / (37)
	MEM READ: c253 / (49747) => 69 / (105)
[OP START 49747 -> 0x69 -> adc]
	REGS:
		PC: 49747 (c253)
		SP: 59 (3b)
		A:  29 (1d)
		X:  165 (a5)
		Y:  24 (18)
		P:  104 (68)
		|C|Z|I|D|B|X|V|N|
		|0|0|0|1|0|1|1|0|
	ADDRESSING MODE: IMMEDIATE
	MEM READ: c254 / (49748) => b9 / (185)
	BCD START -> 1d + b9
	BCD CONVERT -> 23 + 19
	BCD SUM -> 42
[OP END @ 49748]
Done..
