[TEST 312 - 69.json]
	MEM WRITE: c3b1 / (50097) => 69 / (105)
	MEM WRITE: c3b2 / (50098) => 7b / (123)
	MEM WRITE: c3b3 / (50099) => b1 / (177)
	MEM READ: c3b1 / (50097) => 69 / (105)
[OP START 50097 -> 0x69 -> adc]
	REGS:
		PC: 50097 (c3b1)
		SP: 248 (f8)
		A:  188 (bc)
		X:  226 (e2)
		Y:  81 (51)
		P:  239 (ef)
		|C|Z|I|D|B|X|V|N|
		|1|1|1|1|0|1|1|1|
	ADDRESSING MODE: IMMEDIATE
	MEM READ: c3b2 / (50098) => 7b / (123)
	BCD START -> bc + 7b
	BCD CONVERT -> 22 + 81
	BCD SUM -> 4
[OP END @ 50098]
Done..
