[TEST 87 - 69.json]
	MEM WRITE: 5fe4 / (24548) => 69 / (105)
	MEM WRITE: 5fe5 / (24549) => 64 / (100)
	MEM WRITE: 5fe6 / (24550) => 8c / (140)
	MEM READ: 5fe4 / (24548) => 69 / (105)
[OP START 24548 -> 0x69 -> adc]
	REGS:
		PC: 24548 (5fe4)
		SP: 57 (39)
		A:  162 (a2)
		X:  239 (ef)
		Y:  208 (d0)
		P:  105 (69)
		|C|Z|I|D|B|X|V|N|
		|1|0|0|1|0|1|1|0|
	ADDRESSING MODE: IMMEDIATE
	MEM READ: 5fe5 / (24549) => 64 / (100)
	BCD START -> a2 + 64
	BCD CONVERT -> 2 + 64
	BCD SUM -> 67
[OP END @ 24549]
Done..
