[TEST 383 - 69.json]
	MEM WRITE: b0e5 / (45285) => 69 / (105)
	MEM WRITE: b0e6 / (45286) => 95 / (149)
	MEM WRITE: b0e7 / (45287) => 73 / (115)
	MEM READ: b0e5 / (45285) => 69 / (105)
[OP START 45285 -> 0x69 -> adc]
	REGS:
		PC: 45285 (b0e5)
		SP: 202 (ca)
		A:  197 (c5)
		X:  201 (c9)
		Y:  39 (27)
		P:  109 (6d)
		|C|Z|I|D|B|X|V|N|
		|1|0|1|1|0|1|1|0|
	ADDRESSING MODE: IMMEDIATE
	MEM READ: b0e6 / (45286) => 95 / (149)
	BCD START -> c5 + 95
	BCD CONVERT -> 25 + 95
	BCD SUM -> 21
[OP END @ 45286]
Done..
