[TEST 366 - 69.json]
	MEM WRITE: 4bcd / (19405) => 69 / (105)
	MEM WRITE: 4bce / (19406) => ca / (202)
	MEM WRITE: 4bcf / (19407) => 63 / (99)
	MEM READ: 4bcd / (19405) => 69 / (105)
[OP START 19405 -> 0x69 -> adc]
	REGS:
		PC: 19405 (4bcd)
		SP: 234 (ea)
		A:  201 (c9)
		X:  221 (dd)
		Y:  193 (c1)
		P:  104 (68)
		|C|Z|I|D|B|X|V|N|
		|0|0|0|1|0|1|1|0|
	ADDRESSING MODE: IMMEDIATE
	MEM READ: 4bce / (19406) => ca / (202)
	BCD START -> c9 + ca
	BCD CONVERT -> 29 + 30
	BCD SUM -> 59
[OP END @ 19406]
Done..
