[TEST 564 - 69.json]
	MEM WRITE: 93b7 / (37815) => 69 / (105)
	MEM WRITE: 93b8 / (37816) => 21 / (33)
	MEM WRITE: 93b9 / (37817) => 5b / (91)
	MEM READ: 93b7 / (37815) => 69 / (105)
[OP START 37815 -> 0x69 -> adc]
	REGS:
		PC: 37815 (93b7)
		SP: 114 (72)
		A:  242 (f2)
		X:  151 (97)
		Y:  55 (37)
		P:  170 (aa)
		|C|Z|I|D|B|X|V|N|
		|0|1|0|1|0|1|0|1|
	ADDRESSING MODE: IMMEDIATE
	MEM READ: 93b8 / (37816) => 21 / (33)
	BCD START -> f2 + 21
	BCD CONVERT -> 52 + 21
	BCD SUM -> 73
[OP END @ 37816]
Done..
