[TEST 257 - 69.json]
	MEM WRITE: 5494 / (21652) => 69 / (105)
	MEM WRITE: 5495 / (21653) => 60 / (96)
	MEM WRITE: 5496 / (21654) => 11 / (17)
	MEM READ: 5494 / (21652) => 69 / (105)
[OP START 21652 -> 0x69 -> adc]
	REGS:
		PC: 21652 (5494)
		SP: 222 (de)
		A:  24 (18)
		X:  207 (cf)
		Y:  8 (8)
		P:  44 (2c)
		|C|Z|I|D|B|X|V|N|
		|0|0|1|1|0|1|0|0|
	ADDRESSING MODE: IMMEDIATE
	MEM READ: 5495 / (21653) => 60 / (96)
	BCD START -> 18 + 60
	BCD CONVERT -> 18 + 60
	BCD SUM -> 78
[OP END @ 21653]
Done..
