[TEST 99 - 69.json]
	MEM WRITE: a961 / (43361) => 69 / (105)
	MEM WRITE: a962 / (43362) => 63 / (99)
	MEM WRITE: a963 / (43363) => 89 / (137)
	MEM READ: a961 / (43361) => 69 / (105)
[OP START 43361 -> 0x69 -> adc]
	REGS:
		PC: 43361 (a961)
		SP: 161 (a1)
		A:  222 (de)
		X:  5 (5)
		Y:  177 (b1)
		P:  108 (6c)
		|C|Z|I|D|B|X|V|N|
		|0|0|1|1|0|1|1|0|
	ADDRESSING MODE: IMMEDIATE
	MEM READ: a962 / (43362) => 63 / (99)
	BCD START -> de + 63
	BCD CONVERT -> 44 + 63
	BCD SUM -> 7
[OP END @ 43362]
Done..
