[TEST 467 - 69.json]
	MEM WRITE: 60e7 / (24807) => 69 / (105)
	MEM WRITE: 60e8 / (24808) => 8 / (8)
	MEM WRITE: 60e9 / (24809) => f2 / (242)
	MEM READ: 60e7 / (24807) => 69 / (105)
[OP START 24807 -> 0x69 -> adc]
	REGS:
		PC: 24807 (60e7)
		SP: 44 (2c)
		A:  183 (b7)
		X:  102 (66)
		Y:  168 (a8)
		P:  104 (68)
		|C|Z|I|D|B|X|V|N|
		|0|0|0|1|0|1|1|0|
	ADDRESSING MODE: IMMEDIATE
	MEM READ: 60e8 / (24808) => 8 / (8)
	BCD START -> b7 + 8
	BCD CONVERT -> 17 + 8
	BCD SUM -> 25
[OP END @ 24808]
Done..
