[TEST 623 - 69.json]
	MEM WRITE: 9cda / (40154) => 69 / (105)
	MEM WRITE: 9cdb / (40155) => 90 / (144)
	MEM WRITE: 9cdc / (40156) => d8 / (216)
	MEM READ: 9cda / (40154) => 69 / (105)
[OP START 40154 -> 0x69 -> adc]
	REGS:
		PC: 40154 (9cda)
		SP: 43 (2b)
		A:  36 (24)
		X:  45 (2d)
		Y:  75 (4b)
		P:  46 (2e)
		|C|Z|I|D|B|X|V|N|
		|0|1|1|1|0|1|0|0|
	ADDRESSING MODE: IMMEDIATE
	MEM READ: 9cdb / (40155) => 90 / (144)
	BCD START -> 24 + 90
	BCD CONVERT -> 24 + 90
	BCD SUM -> 14
[OP END @ 40155]
Done..
