[TEST 363 - 69.json]
	MEM WRITE: 6725 / (26405) => 69 / (105)
	MEM WRITE: 6726 / (26406) => e6 / (230)
	MEM WRITE: 6727 / (26407) => b3 / (179)
	MEM READ: 6725 / (26405) => 69 / (105)
[OP START 26405 -> 0x69 -> adc]
	REGS:
		PC: 26405 (6725)
		SP: 72 (48)
		A:  178 (b2)
		X:  23 (17)
		Y:  8 (8)
		P:  107 (6b)
		|C|Z|I|D|B|X|V|N|
		|1|1|0|1|0|1|1|0|
	ADDRESSING MODE: IMMEDIATE
	MEM READ: 6726 / (26406) => e6 / (230)
	BCD START -> b2 + e6
	BCD CONVERT -> 12 + 46
	BCD SUM -> 59
[OP END @ 26406]
Done..
