[TEST 551 - 69.json]
	MEM WRITE: 17b9 / (6073) => 69 / (105)
	MEM WRITE: 17ba / (6074) => a2 / (162)
	MEM WRITE: 17bb / (6075) => a8 / (168)
	MEM READ: 17b9 / (6073) => 69 / (105)
[OP START 6073 -> 0x69 -> adc]
	REGS:
		PC: 6073 (17b9)
		SP: 133 (85)
		A:  139 (8b)
		X:  156 (9c)
		Y:  111 (6f)
		P:  238 (ee)
		|C|Z|I|D|B|X|V|N|
		|0|1|1|1|0|1|1|1|
	ADDRESSING MODE: IMMEDIATE
	MEM READ: 17ba / (6074) => a2 / (162)
	BCD START -> 8b + a2
	BCD CONVERT -> 91 + 2
	BCD SUM -> 93
[OP END @ 6074]
Done..
