[TEST 197 - 69.json]
	MEM WRITE: 5d1c / (23836) => 69 / (105)
	MEM WRITE: 5d1d / (23837) => 32 / (50)
	MEM WRITE: 5d1e / (23838) => ec / (236)
	MEM READ: 5d1c / (23836) => 69 / (105)
[OP START 23836 -> 0x69 -> adc]
	REGS:
		PC: 23836 (5d1c)
		SP: 238 (ee)
		A:  33 (21)
		X:  217 (d9)
		Y:  58 (3a)
		P:  168 (a8)
		|C|Z|I|D|B|X|V|N|
		|0|0|0|1|0|1|0|1|
	ADDRESSING MODE: IMMEDIATE
	MEM READ: 5d1d / (23837) => 32 / (50)
	BCD START -> 21 + 32
	BCD CONVERT -> 21 + 32
	BCD SUM -> 53
[OP END @ 23837]
Done..
