[TEST 36 - 69.json]
	MEM WRITE: 4d1a / (19738) => 69 / (105)
	MEM WRITE: 4d1b / (19739) => a2 / (162)
	MEM WRITE: 4d1c / (19740) => c2 / (194)
	MEM READ: 4d1a / (19738) => 69 / (105)
[OP START 19738 -> 0x69 -> adc]
	REGS:
		PC: 19738 (4d1a)
		SP: 145 (91)
		A:  36 (24)
		X:  213 (d5)
		Y:  238 (ee)
		P:  174 (ae)
		|C|Z|I|D|B|X|V|N|
		|0|1|1|1|0|1|0|1|
	ADDRESSING MODE: IMMEDIATE
	MEM READ: 4d1b / (19739) => a2 / (162)
	BCD START -> 24 + a2
	BCD CONVERT -> 24 + 2
	BCD SUM -> 26
[OP END @ 19739]
Done..
