[TEST 524 - 69.json]
	MEM WRITE: 2d2c / (11564) => 69 / (105)
	MEM WRITE: 2d2d / (11565) => c9 / (201)
	MEM WRITE: 2d2e / (11566) => 34 / (52)
	MEM READ: 2d2c / (11564) => 69 / (105)
[OP START 11564 -> 0x69 -> adc]
	REGS:
		PC: 11564 (2d2c)
		SP: 66 (42)
		A:  23 (17)
		X:  103 (67)
		Y:  99 (63)
		P:  169 (a9)
		|C|Z|I|D|B|X|V|N|
		|1|0|0|1|0|1|0|1|
	ADDRESSING MODE: IMMEDIATE
	MEM READ: 2d2d / (11565) => c9 / (201)
	BCD START -> 17 + c9
	BCD CONVERT -> 17 + 29
	BCD SUM -> 47
[OP END @ 11565]
Done..
