[TEST 141 - 69.json]
	MEM WRITE: ce0a / (52746) => 69 / (105)
	MEM WRITE: ce0b / (52747) => 4d / (77)
	MEM WRITE: ce0c / (52748) => 54 / (84)
	MEM READ: ce0a / (52746) => 69 / (105)
[OP START 52746 -> 0x69 -> adc]
	REGS:
		PC: 52746 (ce0a)
		SP: 215 (d7)
		A:  101 (65)
		X:  95 (5f)
		Y:  193 (c1)
		P:  168 (a8)
		|C|Z|I|D|B|X|V|N|
		|0|0|0|1|0|1|0|1|
	ADDRESSING MODE: IMMEDIATE
	MEM READ: ce0b / (52747) => 4d / (77)
	BCD START -> 65 + 4d
	BCD CONVERT -> 65 + 53
	BCD SUM -> 18
[OP END @ 52747]
Done..
