[TEST 178 - 69.json]
	MEM WRITE: 545c / (21596) => 69 / (105)
	MEM WRITE: 545d / (21597) => c9 / (201)
	MEM WRITE: 545e / (21598) => c3 / (195)
	MEM READ: 545c / (21596) => 69 / (105)
[OP START 21596 -> 0x69 -> adc]
	REGS:
		PC: 21596 (545c)
		SP: 152 (98)
		A:  97 (61)
		X:  114 (72)
		Y:  13 (d)
		P:  41 (29)
		|C|Z|I|D|B|X|V|N|
		|1|0|0|1|0|1|0|0|
	ADDRESSING MODE: IMMEDIATE
	MEM READ: 545d / (21597) => c9 / (201)
	BCD START -> 61 + c9
	BCD CONVERT -> 61 + 29
	BCD SUM -> 91
[OP END @ 21597]
Done..
