[TEST 145 - 69.json]
	MEM WRITE: 2774 / (10100) => 69 / (105)
	MEM WRITE: 2775 / (10101) => 5a / (90)
	MEM WRITE: 2776 / (10102) => bb / (187)
	MEM READ: 2774 / (10100) => 69 / (105)
[OP START 10100 -> 0x69 -> adc]
	REGS:
		PC: 10100 (2774)
		SP: 108 (6c)
		A:  164 (a4)
		X:  221 (dd)
		Y:  151 (97)
		P:  232 (e8)
		|C|Z|I|D|B|X|V|N|
		|0|0|0|1|0|1|1|1|
	ADDRESSING MODE: IMMEDIATE
	MEM READ: 2775 / (10101) => 5a / (90)
	BCD START -> a4 + 5a
	BCD CONVERT -> 4 + 60
	BCD SUM -> 64
[OP END @ 10101]
Done..
