[TEST 295 - 69.json]
	MEM WRITE: 885d / (34909) => 69 / (105)
	MEM WRITE: 885e / (34910) => cc / (204)
	MEM WRITE: 885f / (34911) => a / (10)
	MEM READ: 885d / (34909) => 69 / (105)
[OP START 34909 -> 0x69 -> adc]
	REGS:
		PC: 34909 (885d)
		SP: 193 (c1)
		A:  28 (1c)
		X:  120 (78)
		Y:  244 (f4)
		P:  233 (e9)
		|C|Z|I|D|B|X|V|N|
		|1|0|0|1|0|1|1|1|
	ADDRESSING MODE: IMMEDIATE
	MEM READ: 885e / (34910) => cc / (204)
	BCD START -> 1c + cc
	BCD CONVERT -> 22 + 32
	BCD SUM -> 55
[OP END @ 34910]
Done..
