[TEST 250 - 69.json]
	MEM WRITE: 2918 / (10520) => 69 / (105)
	MEM WRITE: 2919 / (10521) => 2c / (44)
	MEM WRITE: 291a / (10522) => 28 / (40)
	MEM READ: 2918 / (10520) => 69 / (105)
[OP START 10520 -> 0x69 -> adc]
	REGS:
		PC: 10520 (2918)
		SP: 106 (6a)
		A:  234 (ea)
		X:  189 (bd)
		Y:  41 (29)
		P:  173 (ad)
		|C|Z|I|D|B|X|V|N|
		|1|0|1|1|0|1|0|1|
	ADDRESSING MODE: IMMEDIATE
	MEM READ: 2919 / (10521) => 2c / (44)
	BCD START -> ea + 2c
	BCD CONVERT -> 50 + 32
	BCD SUM -> 83
[OP END @ 10521]
Done..
