[TEST 10 - 69.json]
	MEM WRITE: 7b0e / (31502) => 69 / (105)
	MEM WRITE: 7b0f / (31503) => e8 / (232)
	MEM WRITE: 7b10 / (31504) => f8 / (248)
	MEM READ: 7b0e / (31502) => 69 / (105)
[OP START 31502 -> 0x69 -> adc]
	REGS:
		PC: 31502 (7b0e)
		SP: 140 (8c)
		A:  0 (0)
		X:  39 (27)
		Y:  197 (c5)
		P:  234 (ea)
		|C|Z|I|D|B|X|V|N|
		|0|1|0|1|0|1|1|1|
	ADDRESSING MODE: IMMEDIATE
	MEM READ: 7b0f / (31503) => e8 / (232)
	BCD START -> 0 + e8
	BCD CONVERT -> 0 + 48
	BCD SUM -> 48
[OP END @ 31503]
Done..
