[TEST 368 - 69.json]
	MEM WRITE: ce2a / (52778) => 69 / (105)
	MEM WRITE: ce2b / (52779) => 1b / (27)
	MEM WRITE: ce2c / (52780) => 2f / (47)
	MEM READ: ce2a / (52778) => 69 / (105)
[OP START 52778 -> 0x69 -> adc]
	REGS:
		PC: 52778 (ce2a)
		SP: 204 (cc)
		A:  155 (9b)
		X:  190 (be)
		Y:  174 (ae)
		P:  42 (2a)
		|C|Z|I|D|B|X|V|N|
		|0|1|0|1|0|1|0|0|
	ADDRESSING MODE: IMMEDIATE
	MEM READ: ce2b / (52779) => 1b / (27)
	BCD START -> 9b + 1b
	BCD CONVERT -> a1 + 21
	BCD SUM -> 22
[OP END @ 52779]
Done..
