[TEST 176 - 69.json]
	MEM WRITE: b133 / (45363) => 69 / (105)
	MEM WRITE: b134 / (45364) => 55 / (85)
	MEM WRITE: b135 / (45365) => 4c / (76)
	MEM READ: b133 / (45363) => 69 / (105)
[OP START 45363 -> 0x69 -> adc]
	REGS:
		PC: 45363 (b133)
		SP: 18 (12)
		A:  142 (8e)
		X:  95 (5f)
		Y:  56 (38)
		P:  47 (2f)
		|C|Z|I|D|B|X|V|N|
		|1|1|1|1|0|1|0|0|
	ADDRESSING MODE: IMMEDIATE
	MEM READ: b134 / (45364) => 55 / (85)
	BCD START -> 8e + 55
	BCD CONVERT -> 94 + 55
	BCD SUM -> 4a
[OP END @ 45364]
Done..
