[TEST 512 - 69.json]
	MEM WRITE: de23 / (56867) => 69 / (105)
	MEM WRITE: de24 / (56868) => 58 / (88)
	MEM WRITE: de25 / (56869) => 87 / (135)
	MEM READ: de23 / (56867) => 69 / (105)
[OP START 56867 -> 0x69 -> adc]
	REGS:
		PC: 56867 (de23)
		SP: 218 (da)
		A:  123 (7b)
		X:  242 (f2)
		Y:  237 (ed)
		P:  171 (ab)
		|C|Z|I|D|B|X|V|N|
		|1|1|0|1|0|1|0|1|
	ADDRESSING MODE: IMMEDIATE
	MEM READ: de24 / (56868) => 58 / (88)
	BCD START -> 7b + 58
	BCD CONVERT -> 81 + 58
	BCD SUM -> 3a
[OP END @ 56868]
Done..
