[TEST 324 - 69.json]
	MEM WRITE: f4ac / (62636) => 69 / (105)
	MEM WRITE: f4ad / (62637) => 6e / (110)
	MEM WRITE: f4ae / (62638) => fa / (250)
	MEM READ: f4ac / (62636) => 69 / (105)
[OP START 62636 -> 0x69 -> adc]
	REGS:
		PC: 62636 (f4ac)
		SP: 195 (c3)
		A:  26 (1a)
		X:  127 (7f)
		Y:  109 (6d)
		P:  237 (ed)
		|C|Z|I|D|B|X|V|N|
		|1|0|1|1|0|1|1|1|
	ADDRESSING MODE: IMMEDIATE
	MEM READ: f4ad / (62637) => 6e / (110)
	BCD START -> 1a + 6e
	BCD CONVERT -> 20 + 74
	BCD SUM -> 95
[OP END @ 62637]
Done..
