[TEST 618 - 69.json]
	MEM WRITE: b1e3 / (45539) => 69 / (105)
	MEM WRITE: b1e4 / (45540) => 12 / (18)
	MEM WRITE: b1e5 / (45541) => b2 / (178)
	MEM READ: b1e3 / (45539) => 69 / (105)
[OP START 45539 -> 0x69 -> adc]
	REGS:
		PC: 45539 (b1e3)
		SP: 107 (6b)
		A:  218 (da)
		X:  180 (b4)
		Y:  146 (92)
		P:  109 (6d)
		|C|Z|I|D|B|X|V|N|
		|1|0|1|1|0|1|1|0|
	ADDRESSING MODE: IMMEDIATE
	MEM READ: b1e4 / (45540) => 12 / (18)
	BCD START -> da + 12
	BCD CONVERT -> 40 + 12
	BCD SUM -> 53
[OP END @ 45540]
Done..
