[TEST 345 - 69.json]
	MEM WRITE: ee34 / (60980) => 69 / (105)
	MEM WRITE: ee35 / (60981) => 64 / (100)
	MEM WRITE: ee36 / (60982) => 29 / (41)
	MEM READ: ee34 / (60980) => 69 / (105)
[OP START 60980 -> 0x69 -> adc]
	REGS:
		PC: 60980 (ee34)
		SP: 129 (81)
		A:  10 (a)
		X:  122 (7a)
		Y:  218 (da)
		P:  40 (28)
		|C|Z|I|D|B|X|V|N|
		|0|0|0|1|0|1|0|0|
	ADDRESSING MODE: IMMEDIATE
	MEM READ: ee35 / (60981) => 64 / (100)
	BCD START -> a + 64
	BCD CONVERT -> 10 + 64
	BCD SUM -> 74
[OP END @ 60981]
Done..
