[TEST 357 - 69.json]
	MEM WRITE: 96a7 / (38567) => 69 / (105)
	MEM WRITE: 96a8 / (38568) => 2a / (42)
	MEM WRITE: 96a9 / (38569) => 82 / (130)
	MEM READ: 96a7 / (38567) => 69 / (105)
[OP START 38567 -> 0x69 -> adc]
	REGS:
		PC: 38567 (96a7)
		SP: 103 (67)
		A:  173 (ad)
		X:  21 (15)
		Y:  60 (3c)
		P:  43 (2b)
		|C|Z|I|D|B|X|V|N|
		|1|1|0|1|0|1|0|0|
	ADDRESSING MODE: IMMEDIATE
	MEM READ: 96a8 / (38568) => 2a / (42)
	BCD START -> ad + 2a
	BCD CONVERT -> 13 + 30
	BCD SUM -> 44
[OP END @ 38568]
Done..
