[TEST 511 - 69.json]
	MEM WRITE: 3493 / (13459) => 69 / (105)
	MEM WRITE: 3494 / (13460) => 64 / (100)
	MEM WRITE: 3495 / (13461) => c5 / (197)
	MEM READ: 3493 / (13459) => 69 / (105)
[OP START 13459 -> 0x69 -> adc]
	REGS:
		PC: 13459 (3493)
		SP: 250 (fa)
		A:  213 (d5)
		X:  16 (10)
		Y:  7 (7)
		P:  169 (a9)
		|C|Z|I|D|B|X|V|N|
		|1|0|0|1|0|1|0|1|
	ADDRESSING MODE: IMMEDIATE
	MEM READ: 3494 / (13460) => 64 / (100)
	BCD START -> d5 + 64
	BCD CONVERT -> 35 + 64
	BCD SUM -> 9a
[OP END @ 13460]
Done..
