[TEST 264 - 69.json]
	MEM WRITE: 35d9 / (13785) => 69 / (105)
	MEM WRITE: 35da / (13786) => d9 / (217)
	MEM WRITE: 35db / (13787) => a9 / (169)
	MEM READ: 35d9 / (13785) => 69 / (105)
[OP START 13785 -> 0x69 -> adc]
	REGS:
		PC: 13785 (35d9)
		SP: 127 (7f)
		A:  160 (a0)
		X:  65 (41)
		Y:  204 (cc)
		P:  111 (6f)
		|C|Z|I|D|B|X|V|N|
		|1|1|1|1|0|1|1|0|
	ADDRESSING MODE: IMMEDIATE
	MEM READ: 35da / (13786) => d9 / (217)
	BCD START -> a0 + d9
	BCD CONVERT -> 0 + 39
	BCD SUM -> 3a
[OP END @ 13786]
Done..
