[TEST 15 - 69.json]
	MEM WRITE: b092 / (45202) => 69 / (105)
	MEM WRITE: b093 / (45203) => 96 / (150)
	MEM WRITE: b094 / (45204) => 71 / (113)
	MEM READ: b092 / (45202) => 69 / (105)
[OP START 45202 -> 0x69 -> adc]
	REGS:
		PC: 45202 (b092)
		SP: 229 (e5)
		A:  230 (e6)
		X:  79 (4f)
		Y:  77 (4d)
		P:  175 (af)
		|C|Z|I|D|B|X|V|N|
		|1|1|1|1|0|1|0|1|
	ADDRESSING MODE: IMMEDIATE
	MEM READ: b093 / (45203) => 96 / (150)
	BCD START -> e6 + 96
	BCD CONVERT -> 46 + 96
	BCD SUM -> 43
[OP END @ 45203]
Done..
