[TEST 305 - 69.json]
	MEM WRITE: 3a9e / (15006) => 69 / (105)
	MEM WRITE: 3a9f / (15007) => 5e / (94)
	MEM WRITE: 3aa0 / (15008) => 21 / (33)
	MEM READ: 3a9e / (15006) => 69 / (105)
[OP START 15006 -> 0x69 -> adc]
	REGS:
		PC: 15006 (3a9e)
		SP: 247 (f7)
		A:  209 (d1)
		X:  60 (3c)
		Y:  44 (2c)
		P:  171 (ab)
		|C|Z|I|D|B|X|V|N|
		|1|1|0|1|0|1|0|1|
	ADDRESSING MODE: IMMEDIATE
	MEM READ: 3a9f / (15007) => 5e / (94)
	BCD START -> d1 + 5e
	BCD CONVERT -> 31 + 64
	BCD SUM -> 96
[OP END @ 15007]
Done..
