[TEST 260 - 69.json]
	MEM WRITE: 82db / (33499) => 69 / (105)
	MEM WRITE: 82dc / (33500) => 20 / (32)
	MEM WRITE: 82dd / (33501) => cc / (204)
	MEM READ: 82db / (33499) => 69 / (105)
[OP START 33499 -> 0x69 -> adc]
	REGS:
		PC: 33499 (82db)
		SP: 218 (da)
		A:  246 (f6)
		X:  153 (99)
		Y:  97 (61)
		P:  106 (6a)
		|C|Z|I|D|B|X|V|N|
		|0|1|0|1|0|1|1|0|
	ADDRESSING MODE: IMMEDIATE
	MEM READ: 82dc / (33500) => 20 / (32)
	BCD START -> f6 + 20
	BCD CONVERT -> 56 + 20
	BCD SUM -> 76
[OP END @ 33500]
Done..
