[TEST 288 - 69.json]
	MEM WRITE: cb96 / (52118) => 69 / (105)
	MEM WRITE: cb97 / (52119) => 4d / (77)
	MEM WRITE: cb98 / (52120) => 72 / (114)
	MEM READ: cb96 / (52118) => 69 / (105)
[OP START 52118 -> 0x69 -> adc]
	REGS:
		PC: 52118 (cb96)
		SP: 113 (71)
		A:  59 (3b)
		X:  11 (b)
		Y:  96 (60)
		P:  174 (ae)
		|C|Z|I|D|B|X|V|N|
		|0|1|1|1|0|1|0|1|
	ADDRESSING MODE: IMMEDIATE
	MEM READ: cb97 / (52119) => 4d / (77)
	BCD START -> 3b + 4d
	BCD CONVERT -> 41 + 53
	BCD SUM -> 94
[OP END @ 52119]
Done..
