[TEST 244 - 69.json]
	MEM WRITE: 65ef / (26095) => 69 / (105)
	MEM WRITE: 65f0 / (26096) => d / (13)
	MEM WRITE: 65f1 / (26097) => 7a / (122)
	MEM READ: 65ef / (26095) => 69 / (105)
[OP START 26095 -> 0x69 -> adc]
	REGS:
		PC: 26095 (65ef)
		SP: 123 (7b)
		A:  183 (b7)
		X:  204 (cc)
		Y:  198 (c6)
		P:  233 (e9)
		|C|Z|I|D|B|X|V|N|
		|1|0|0|1|0|1|1|1|
	ADDRESSING MODE: IMMEDIATE
	MEM READ: 65f0 / (26096) => d / (13)
	BCD START -> b7 + d
	BCD CONVERT -> 17 + 13
	BCD SUM -> 31
[OP END @ 26096]
Done..
