[TEST 530 - 69.json]
	MEM WRITE: 6671 / (26225) => 69 / (105)
	MEM WRITE: 6672 / (26226) => b / (11)
	MEM WRITE: 6673 / (26227) => b1 / (177)
	MEM READ: 6671 / (26225) => 69 / (105)
[OP START 26225 -> 0x69 -> adc]
	REGS:
		PC: 26225 (6671)
		SP: 159 (9f)
		A:  237 (ed)
		X:  92 (5c)
		Y:  214 (d6)
		P:  172 (ac)
		|C|Z|I|D|B|X|V|N|
		|0|0|1|1|0|1|0|1|
	ADDRESSING MODE: IMMEDIATE
	MEM READ: 6672 / (26226) => b / (11)
	BCD START -> ed + b
	BCD CONVERT -> 53 + 11
	BCD SUM -> 64
[OP END @ 26226]
Done..
