[TEST 50 - 69.json]
	MEM WRITE: a72f / (42799) => 69 / (105)
	MEM WRITE: a730 / (42800) => f2 / (242)
	MEM WRITE: a731 / (42801) => 41 / (65)
	MEM READ: a72f / (42799) => 69 / (105)
[OP START 42799 -> 0x69 -> adc]
	REGS:
		PC: 42799 (a72f)
		SP: 253 (fd)
		A:  34 (22)
		X:  8 (8)
		Y:  116 (74)
		P:  40 (28)
		|C|Z|I|D|B|X|V|N|
		|0|0|0|1|0|1|0|0|
	ADDRESSING MODE: IMMEDIATE
	MEM READ: a730 / (42800) => f2 / (242)
	BCD START -> 22 + f2
	BCD CONVERT -> 22 + 52
	BCD SUM -> 74
[OP END @ 42800]
Done..
