[TEST 327 - 69.json]
	MEM WRITE: c69f / (50847) => 69 / (105)
	MEM WRITE: c6a0 / (50848) => 79 / (121)
	MEM WRITE: c6a1 / (50849) => c1 / (193)
	MEM READ: c69f / (50847) => 69 / (105)
[OP START 50847 -> 0x69 -> adc]
	REGS:
		PC: 50847 (c69f)
		SP: 117 (75)
		A:  255 (ff)
		X:  36 (24)
		Y:  117 (75)
		P:  42 (2a)
		|C|Z|I|D|B|X|V|N|
		|0|1|0|1|0|1|0|0|
	ADDRESSING MODE: IMMEDIATE
	MEM READ: c6a0 / (50848) => 79 / (121)
	BCD START -> ff + 79
	BCD CONVERT -> 65 + 79
	BCD SUM -> 44
[OP END @ 50848]
Done..
