[TEST 434 - 69.json]
	MEM WRITE: f4bb / (62651) => 69 / (105)
	MEM WRITE: f4bc / (62652) => a3 / (163)
	MEM WRITE: f4bd / (62653) => 19 / (25)
	MEM READ: f4bb / (62651) => 69 / (105)
[OP START 62651 -> 0x69 -> adc]
	REGS:
		PC: 62651 (f4bb)
		SP: 156 (9c)
		A:  141 (8d)
		X:  230 (e6)
		Y:  141 (8d)
		P:  105 (69)
		|C|Z|I|D|B|X|V|N|
		|1|0|0|1|0|1|1|0|
	ADDRESSING MODE: IMMEDIATE
	MEM READ: f4bc / (62652) => a3 / (163)
	BCD START -> 8d + a3
	BCD CONVERT -> 93 + 3
	BCD SUM -> 97
[OP END @ 62652]
Done..
