[TEST 444 - 69.json]
	MEM WRITE: 329d / (12957) => 69 / (105)
	MEM WRITE: 329e / (12958) => a0 / (160)
	MEM WRITE: 329f / (12959) => 83 / (131)
	MEM READ: 329d / (12957) => 69 / (105)
[OP START 12957 -> 0x69 -> adc]
	REGS:
		PC: 12957 (329d)
		SP: 12 (c)
		A:  27 (1b)
		X:  142 (8e)
		Y:  252 (fc)
		P:  46 (2e)
		|C|Z|I|D|B|X|V|N|
		|0|1|1|1|0|1|0|0|
	ADDRESSING MODE: IMMEDIATE
	MEM READ: 329e / (12958) => a0 / (160)
	BCD START -> 1b + a0
	BCD CONVERT -> 21 + 0
	BCD SUM -> 21
[OP END @ 12958]
Done..
