[TEST 124 - 69.json]
	MEM WRITE: a1ce / (41422) => 69 / (105)
	MEM WRITE: a1cf / (41423) => 6e / (110)
	MEM WRITE: a1d0 / (41424) => 1 / (1)
	MEM READ: a1ce / (41422) => 69 / (105)
[OP START 41422 -> 0x69 -> adc]
	REGS:
		PC: 41422 (a1ce)
		SP: 121 (79)
		A:  237 (ed)
		X:  171 (ab)
		Y:  95 (5f)
		P:  105 (69)
		|C|Z|I|D|B|X|V|N|
		|1|0|0|1|0|1|1|0|
	ADDRESSING MODE: IMMEDIATE
	MEM READ: a1cf / (41423) => 6e / (110)
	BCD START -> ed + 6e
	BCD CONVERT -> 53 + 74
	BCD SUM -> 28
[OP END @ 41423]
Done..
