[TEST 590 - 69.json]
	MEM WRITE: f67a / (63098) => 69 / (105)
	MEM WRITE: f67b / (63099) => 37 / (55)
	MEM WRITE: f67c / (63100) => f3 / (243)
	MEM READ: f67a / (63098) => 69 / (105)
[OP START 63098 -> 0x69 -> adc]
	REGS:
		PC: 63098 (f67a)
		SP: 92 (5c)
		A:  142 (8e)
		X:  142 (8e)
		Y:  241 (f1)
		P:  233 (e9)
		|C|Z|I|D|B|X|V|N|
		|1|0|0|1|0|1|1|1|
	ADDRESSING MODE: IMMEDIATE
	MEM READ: f67b / (63099) => 37 / (55)
	BCD START -> 8e + 37
	BCD CONVERT -> 94 + 37
	BCD SUM -> 32
[OP END @ 63099]
Done..
