[TEST 77 - 69.json]
	MEM WRITE: 8106 / (33030) => 69 / (105)
	MEM WRITE: 8107 / (33031) => 5e / (94)
	MEM WRITE: 8108 / (33032) => 4 / (4)
	MEM READ: 8106 / (33030) => 69 / (105)
[OP START 33030 -> 0x69 -> adc]
	REGS:
		PC: 33030 (8106)
		SP: 59 (3b)
		A:  76 (4c)
		X:  124 (7c)
		Y:  116 (74)
		P:  170 (aa)
		|C|Z|I|D|B|X|V|N|
		|0|1|0|1|0|1|0|1|
	ADDRESSING MODE: IMMEDIATE
	MEM READ: 8107 / (33031) => 5e / (94)
	BCD START -> 4c + 5e
	BCD CONVERT -> 52 + 64
	BCD SUM -> 16
[OP END @ 33031]
Done..
