[TEST 144 - 69.json]
	MEM WRITE: 613b / (24891) => 69 / (105)
	MEM WRITE: 613c / (24892) => 76 / (118)
	MEM WRITE: 613d / (24893) => 41 / (65)
	MEM READ: 613b / (24891) => 69 / (105)
[OP START 24891 -> 0x69 -> adc]
	REGS:
		PC: 24891 (613b)
		SP: 24 (18)
		A:  32 (20)
		X:  110 (6e)
		Y:  203 (cb)
		P:  110 (6e)
		|C|Z|I|D|B|X|V|N|
		|0|1|1|1|0|1|1|0|
	ADDRESSING MODE: IMMEDIATE
	MEM READ: 613c / (24892) => 76 / (118)
	BCD START -> 20 + 76
	BCD CONVERT -> 20 + 76
	BCD SUM -> 96
[OP END @ 24892]
Done..
