[TEST 220 - 69.json]
	MEM WRITE: cc58 / (52312) => 69 / (105)
	MEM WRITE: cc59 / (52313) => 28 / (40)
	MEM WRITE: cc5a / (52314) => b7 / (183)
	MEM READ: cc58 / (52312) => 69 / (105)
[OP START 52312 -> 0x69 -> adc]
	REGS:
		PC: 52312 (cc58)
		SP: 92 (5c)
		A:  49 (31)
		X:  183 (b7)
		Y:  62 (3e)
		P:  236 (ec)
		|C|Z|I|D|B|X|V|N|
		|0|0|1|1|0|1|1|1|
	ADDRESSING MODE: IMMEDIATE
	MEM READ: cc59 / (52313) => 28 / (40)
	BCD START -> 31 + 28
	BCD CONVERT -> 31 + 28
	BCD SUM -> 59
[OP END @ 52313]
Done..
