[TEST 503 - 69.json]
	MEM WRITE: e4ac / (58540) => 69 / (105)
	MEM WRITE: e4ad / (58541) => 7b / (123)
	MEM WRITE: e4ae / (58542) => 7 / (7)
	MEM READ: e4ac / (58540) => 69 / (105)
[OP START 58540 -> 0x69 -> adc]
	REGS:
		PC: 58540 (e4ac)
		SP: 88 (58)
		A:  195 (c3)
		X:  220 (dc)
		Y:  41 (29)
		P:  168 (a8)
		|C|Z|I|D|B|X|V|N|
		|0|0|0|1|0|1|0|1|
	ADDRESSING MODE: IMMEDIATE
	MEM READ: e4ad / (58541) => 7b / (123)
	BCD START -> c3 + 7b
	BCD CONVERT -> 23 + 81
	BCD SUM -> 4
[OP END @ 58541]
Done..
