[TEST 7 - 69.json]
	MEM WRITE: 43c2 / (17346) => 69 / (105)
	MEM WRITE: 43c3 / (17347) => 35 / (53)
	MEM WRITE: 43c4 / (17348) => ce / (206)
	MEM READ: 43c2 / (17346) => 69 / (105)
[OP START 17346 -> 0x69 -> adc]
	REGS:
		PC: 17346 (43c2)
		SP: 191 (bf)
		A:  233 (e9)
		X:  149 (95)
		Y:  31 (1f)
		P:  173 (ad)
		|C|Z|I|D|B|X|V|N|
		|1|0|1|1|0|1|0|1|
	ADDRESSING MODE: IMMEDIATE
	MEM READ: 43c3 / (17347) => 35 / (53)
	BCD START -> e9 + 35
	BCD CONVERT -> 49 + 35
	BCD SUM -> 85
[OP END @ 17347]
Done..
