[TEST 92 - 69.json]
	MEM WRITE: a13f / (41279) => 69 / (105)
	MEM WRITE: a140 / (41280) => 4d / (77)
	MEM WRITE: a141 / (41281) => 60 / (96)
	MEM READ: a13f / (41279) => 69 / (105)
[OP START 41279 -> 0x69 -> adc]
	REGS:
		PC: 41279 (a13f)
		SP: 213 (d5)
		A:  24 (18)
		X:  8 (8)
		Y:  199 (c7)
		P:  45 (2d)
		|C|Z|I|D|B|X|V|N|
		|1|0|1|1|0|1|0|0|
	ADDRESSING MODE: IMMEDIATE
	MEM READ: a140 / (41280) => 4d / (77)
	BCD START -> 18 + 4d
	BCD CONVERT -> 18 + 53
	BCD SUM -> 72
[OP END @ 41280]
Done..
