[TEST 499 - 69.json]
	MEM WRITE: 7bc6 / (31686) => 69 / (105)
	MEM WRITE: 7bc7 / (31687) => 9e / (158)
	MEM WRITE: 7bc8 / (31688) => 39 / (57)
	MEM READ: 7bc6 / (31686) => 69 / (105)
[OP START 31686 -> 0x69 -> adc]
	REGS:
		PC: 31686 (7bc6)
		SP: 22 (16)
		A:  128 (80)
		X:  83 (53)
		Y:  210 (d2)
		P:  168 (a8)
		|C|Z|I|D|B|X|V|N|
		|0|0|0|1|0|1|0|1|
	ADDRESSING MODE: IMMEDIATE
	MEM READ: 7bc7 / (31687) => 9e / (158)
	BCD START -> 80 + 9e
	BCD CONVERT -> 80 + a4
	BCD SUM -> 84
[OP END @ 31687]
Done..
