[TEST 605 - 69.json]
	MEM WRITE: 5c87 / (23687) => 69 / (105)
	MEM WRITE: 5c88 / (23688) => 17 / (23)
	MEM WRITE: 5c89 / (23689) => 2b / (43)
	MEM READ: 5c87 / (23687) => 69 / (105)
[OP START 23687 -> 0x69 -> adc]
	REGS:
		PC: 23687 (5c87)
		SP: 199 (c7)
		A:  214 (d6)
		X:  105 (69)
		Y:  22 (16)
		P:  46 (2e)
		|C|Z|I|D|B|X|V|N|
		|0|1|1|1|0|1|0|0|
	ADDRESSING MODE: IMMEDIATE
	MEM READ: 5c88 / (23688) => 17 / (23)
	BCD START -> d6 + 17
	BCD CONVERT -> 36 + 17
	BCD SUM -> 53
[OP END @ 23688]
Done..
