[TEST 436 - 69.json]
	MEM WRITE: b109 / (45321) => 69 / (105)
	MEM WRITE: b10a / (45322) => 23 / (35)
	MEM WRITE: b10b / (45323) => b8 / (184)
	MEM READ: b109 / (45321) => 69 / (105)
[OP START 45321 -> 0x69 -> adc]
	REGS:
		PC: 45321 (b109)
		SP: 129 (81)
		A:  122 (7a)
		X:  33 (21)
		Y:  128 (80)
		P:  233 (e9)
		|C|Z|I|D|B|X|V|N|
		|1|0|0|1|0|1|1|1|
	ADDRESSING MODE: IMMEDIATE
	MEM READ: b10a / (45322) => 23 / (35)
	BCD START -> 7a + 23
	BCD CONVERT -> 80 + 23
	BCD SUM -> 4
[OP END @ 45322]
Done..
