[TEST 483 - 69.json]
	MEM WRITE: 8fd6 / (36822) => 69 / (105)
	MEM WRITE: 8fd7 / (36823) => e6 / (230)
	MEM WRITE: 8fd8 / (36824) => 23 / (35)
	MEM READ: 8fd6 / (36822) => 69 / (105)
[OP START 36822 -> 0x69 -> adc]
	REGS:
		PC: 36822 (8fd6)
		SP: 235 (eb)
		A:  195 (c3)
		X:  13 (d)
		Y:  19 (13)
		P:  109 (6d)
		|C|Z|I|D|B|X|V|N|
		|1|0|1|1|0|1|1|0|
	ADDRESSING MODE: IMMEDIATE
	MEM READ: 8fd7 / (36823) => e6 / (230)
	BCD START -> c3 + e6
	BCD CONVERT -> 23 + 46
	BCD SUM -> 6a
[OP END @ 36823]
Done..
