[TEST 576 - 69.json]
	MEM WRITE: 330b / (13067) => 69 / (105)
	MEM WRITE: 330c / (13068) => b / (11)
	MEM WRITE: 330d / (13069) => ed / (237)
	MEM READ: 330b / (13067) => 69 / (105)
[OP START 13067 -> 0x69 -> adc]
	REGS:
		PC: 13067 (330b)
		SP: 84 (54)
		A:  214 (d6)
		X:  76 (4c)
		Y:  24 (18)
		P:  105 (69)
		|C|Z|I|D|B|X|V|N|
		|1|0|0|1|0|1|1|0|
	ADDRESSING MODE: IMMEDIATE
	MEM READ: 330c / (13068) => b / (11)
	BCD START -> d6 + b
	BCD CONVERT -> 36 + 11
	BCD SUM -> 48
[OP END @ 13068]
Done..
