[TEST 130 - 69.json]
	MEM WRITE: 9d35 / (40245) => 69 / (105)
	MEM WRITE: 9d36 / (40246) => d0 / (208)
	MEM WRITE: 9d37 / (40247) => a9 / (169)
	MEM READ: 9d35 / (40245) => 69 / (105)
[OP START 40245 -> 0x69 -> adc]
	REGS:
		PC: 40245 (9d35)
		SP: 72 (48)
		A:  82 (52)
		X:  18 (12)
		Y:  84 (54)
		P:  40 (28)
		|C|Z|I|D|B|X|V|N|
		|0|0|0|1|0|1|0|0|
	ADDRESSING MODE: IMMEDIATE
	MEM READ: 9d36 / (40246) => d0 / (208)
	BCD START -> 52 + d0
	BCD CONVERT -> 52 + 30
	BCD SUM -> 82
[OP END @ 40246]
Done..
