[TEST 460 - 69.json]
	MEM WRITE: 4c67 / (19559) => 69 / (105)
	MEM WRITE: 4c68 / (19560) => 91 / (145)
	MEM WRITE: 4c69 / (19561) => ce / (206)
	MEM READ: 4c67 / (19559) => 69 / (105)
[OP START 19559 -> 0x69 -> adc]
	REGS:
		PC: 19559 (4c67)
		SP: 114 (72)
		A:  236 (ec)
		X:  17 (11)
		Y:  123 (7b)
		P:  235 (eb)
		|C|Z|I|D|B|X|V|N|
		|1|1|0|1|0|1|1|1|
	ADDRESSING MODE: IMMEDIATE
	MEM READ: 4c68 / (19560) => 91 / (145)
	BCD START -> ec + 91
	BCD CONVERT -> 52 + 91
	BCD SUM -> 44
[OP END @ 19560]
Done..
