[TEST 425 - 69.json]
	MEM WRITE: 3a9d / (15005) => 69 / (105)
	MEM WRITE: 3a9e / (15006) => 18 / (24)
	MEM WRITE: 3a9f / (15007) => 77 / (119)
	MEM READ: 3a9d / (15005) => 69 / (105)
[OP START 15005 -> 0x69 -> adc]
	REGS:
		PC: 15005 (3a9d)
		SP: 90 (5a)
		A:  171 (ab)
		X:  128 (80)
		Y:  86 (56)
		P:  239 (ef)
		|C|Z|I|D|B|X|V|N|
		|1|1|1|1|0|1|1|1|
	ADDRESSING MODE: IMMEDIATE
	MEM READ: 3a9e / (15006) => 18 / (24)
	BCD START -> ab + 18
	BCD CONVERT -> 11 + 18
	BCD SUM -> 2a
[OP END @ 15006]
Done..
