[TEST 162 - 69.json]
	MEM WRITE: 8fb5 / (36789) => 69 / (105)
	MEM WRITE: 8fb6 / (36790) => 3f / (63)
	MEM WRITE: 8fb7 / (36791) => e7 / (231)
	MEM READ: 8fb5 / (36789) => 69 / (105)
[OP START 36789 -> 0x69 -> adc]
	REGS:
		PC: 36789 (8fb5)
		SP: 236 (ec)
		A:  3 (3)
		X:  0 (0)
		Y:  123 (7b)
		P:  237 (ed)
		|C|Z|I|D|B|X|V|N|
		|1|0|1|1|0|1|1|1|
	ADDRESSING MODE: IMMEDIATE
	MEM READ: 8fb6 / (36790) => 3f / (63)
	BCD START -> 3 + 3f
	BCD CONVERT -> 3 + 45
	BCD SUM -> 49
[OP END @ 36790]
Done..
