[TEST 308 - 69.json]
	MEM WRITE: 484f / (18511) => 69 / (105)
	MEM WRITE: 4850 / (18512) => 2e / (46)
	MEM WRITE: 4851 / (18513) => be / (190)
	MEM READ: 484f / (18511) => 69 / (105)
[OP START 18511 -> 0x69 -> adc]
	REGS:
		PC: 18511 (484f)
		SP: 187 (bb)
		A:  102 (66)
		X:  109 (6d)
		Y:  134 (86)
		P:  174 (ae)
		|C|Z|I|D|B|X|V|N|
		|0|1|1|1|0|1|0|1|
	ADDRESSING MODE: IMMEDIATE
	MEM READ: 4850 / (18512) => 2e / (46)
	BCD START -> 66 + 2e
	BCD CONVERT -> 66 + 34
	BCD SUM -> 0
[OP END @ 18512]
Done..
