[TEST 574 - 69.json]
	MEM WRITE: 7f19 / (32537) => 69 / (105)
	MEM WRITE: 7f1a / (32538) => 6f / (111)
	MEM WRITE: 7f1b / (32539) => 47 / (71)
	MEM READ: 7f19 / (32537) => 69 / (105)
[OP START 32537 -> 0x69 -> adc]
	REGS:
		PC: 32537 (7f19)
		SP: 214 (d6)
		A:  198 (c6)
		X:  243 (f3)
		Y:  81 (51)
		P:  109 (6d)
		|C|Z|I|D|B|X|V|N|
		|1|0|1|1|0|1|1|0|
	ADDRESSING MODE: IMMEDIATE
	MEM READ: 7f1a / (32538) => 6f / (111)
	BCD START -> c6 + 6f
	BCD CONVERT -> 26 + 75
	BCD SUM -> 2
[OP END @ 32538]
Done..
