[TEST 47 - 69.json]
	MEM WRITE: e6e6 / (59110) => 69 / (105)
	MEM WRITE: e6e7 / (59111) => 1c / (28)
	MEM WRITE: e6e8 / (59112) => a9 / (169)
	MEM READ: e6e6 / (59110) => 69 / (105)
[OP START 59110 -> 0x69 -> adc]
	REGS:
		PC: 59110 (e6e6)
		SP: 2 (2)
		A:  18 (12)
		X:  120 (78)
		Y:  208 (d0)
		P:  237 (ed)
		|C|Z|I|D|B|X|V|N|
		|1|0|1|1|0|1|1|1|
	ADDRESSING MODE: IMMEDIATE
	MEM READ: e6e7 / (59111) => 1c / (28)
	BCD START -> 12 + 1c
	BCD CONVERT -> 12 + 22
	BCD SUM -> 35
[OP END @ 59111]
Done..
