[TEST 167 - 69.json]
	MEM WRITE: 8612 / (34322) => 69 / (105)
	MEM WRITE: 8613 / (34323) => ce / (206)
	MEM WRITE: 8614 / (34324) => 76 / (118)
	MEM READ: 8612 / (34322) => 69 / (105)
[OP START 34322 -> 0x69 -> adc]
	REGS:
		PC: 34322 (8612)
		SP: 109 (6d)
		A:  96 (60)
		X:  135 (87)
		Y:  237 (ed)
		P:  235 (eb)
		|C|Z|I|D|B|X|V|N|
		|1|1|0|1|0|1|1|1|
	ADDRESSING MODE: IMMEDIATE
	MEM READ: 8613 / (34323) => ce / (206)
	BCD START -> 60 + ce
	BCD CONVERT -> 60 + 34
	BCD SUM -> 95
[OP END @ 34323]
Done..
