[TEST 452 - 69.json]
	MEM WRITE: b8e4 / (47332) => 69 / (105)
	MEM WRITE: b8e5 / (47333) => bc / (188)
	MEM WRITE: b8e6 / (47334) => ca / (202)
	MEM READ: b8e4 / (47332) => 69 / (105)
[OP START 47332 -> 0x69 -> adc]
	REGS:
		PC: 47332 (b8e4)
		SP: 28 (1c)
		A:  86 (56)
		X:  201 (c9)
		Y:  198 (c6)
		P:  109 (6d)
		|C|Z|I|D|B|X|V|N|
		|1|0|1|1|0|1|1|0|
	ADDRESSING MODE: IMMEDIATE
	MEM READ: b8e5 / (47333) => bc / (188)
	BCD START -> 56 + bc
	BCD CONVERT -> 56 + 22
	BCD SUM -> 79
[OP END @ 47333]
Done..
