[TEST 462 - 69.json]
	MEM WRITE: c2c1 / (49857) => 69 / (105)
	MEM WRITE: c2c2 / (49858) => ba / (186)
	MEM WRITE: c2c3 / (49859) => 85 / (133)
	MEM READ: c2c1 / (49857) => 69 / (105)
[OP START 49857 -> 0x69 -> adc]
	REGS:
		PC: 49857 (c2c1)
		SP: 225 (e1)
		A:  6 (6)
		X:  118 (76)
		Y:  195 (c3)
		P:  234 (ea)
		|C|Z|I|D|B|X|V|N|
		|0|1|0|1|0|1|1|1|
	ADDRESSING MODE: IMMEDIATE
	MEM READ: c2c2 / (49858) => ba / (186)
	BCD START -> 6 + ba
	BCD CONVERT -> 6 + 20
	BCD SUM -> 26
[OP END @ 49858]
Done..
