[TEST 556 - 69.json]
	MEM WRITE: 6ccc / (27852) => 69 / (105)
	MEM WRITE: 6ccd / (27853) => b4 / (180)
	MEM WRITE: 6cce / (27854) => 34 / (52)
	MEM READ: 6ccc / (27852) => 69 / (105)
[OP START 27852 -> 0x69 -> adc]
	REGS:
		PC: 27852 (6ccc)
		SP: 245 (f5)
		A:  187 (bb)
		X:  78 (4e)
		Y:  180 (b4)
		P:  168 (a8)
		|C|Z|I|D|B|X|V|N|
		|0|0|0|1|0|1|0|1|
	ADDRESSING MODE: IMMEDIATE
	MEM READ: 6ccd / (27853) => b4 / (180)
	BCD START -> bb + b4
	BCD CONVERT -> 21 + 14
	BCD SUM -> 35
[OP END @ 27853]
Done..
