[TEST 492 - 69.json]
	MEM WRITE: 3be3 / (15331) => 69 / (105)
	MEM WRITE: 3be4 / (15332) => b / (11)
	MEM WRITE: 3be5 / (15333) => 8b / (139)
	MEM READ: 3be3 / (15331) => 69 / (105)
[OP START 15331 -> 0x69 -> adc]
	REGS:
		PC: 15331 (3be3)
		SP: 39 (27)
		A:  105 (69)
		X:  42 (2a)
		Y:  246 (f6)
		P:  175 (af)
		|C|Z|I|D|B|X|V|N|
		|1|1|1|1|0|1|0|1|
	ADDRESSING MODE: IMMEDIATE
	MEM READ: 3be4 / (15332) => b / (11)
	BCD START -> 69 + b
	BCD CONVERT -> 69 + 11
	BCD SUM -> 81
[OP END @ 15332]
Done..
