[TEST 9 - 69.json]
	MEM WRITE: 5dc8 / (24008) => 69 / (105)
	MEM WRITE: 5dc9 / (24009) => a / (10)
	MEM WRITE: 5dca / (24010) => cb / (203)
	MEM READ: 5dc8 / (24008) => 69 / (105)
[OP START 24008 -> 0x69 -> adc]
	REGS:
		PC: 24008 (5dc8)
		SP: 50 (32)
		A:  97 (61)
		X:  118 (76)
		Y:  189 (bd)
		P:  41 (29)
		|C|Z|I|D|B|X|V|N|
		|1|0|0|1|0|1|0|0|
	ADDRESSING MODE: IMMEDIATE
	MEM READ: 5dc9 / (24009) => a / (10)
	BCD START -> 61 + a
	BCD CONVERT -> 61 + 10
	BCD SUM -> 72
[OP END @ 24009]
Done..
