[TEST 520 - 69.json]
	MEM WRITE: 4db0 / (19888) => 69 / (105)
	MEM WRITE: 4db1 / (19889) => 85 / (133)
	MEM WRITE: 4db2 / (19890) => 5f / (95)
	MEM READ: 4db0 / (19888) => 69 / (105)
[OP START 19888 -> 0x69 -> adc]
	REGS:
		PC: 19888 (4db0)
		SP: 124 (7c)
		A:  186 (ba)
		X:  18 (12)
		Y:  100 (64)
		P:  46 (2e)
		|C|Z|I|D|B|X|V|N|
		|0|1|1|1|0|1|0|0|
	ADDRESSING MODE: IMMEDIATE
	MEM READ: 4db1 / (19889) => 85 / (133)
	BCD START -> ba + 85
	BCD CONVERT -> 20 + 85
	BCD SUM -> 5
[OP END @ 19889]
Done..
