[TEST 121 - 69.json]
	MEM WRITE: 48f5 / (18677) => 69 / (105)
	MEM WRITE: 48f6 / (18678) => 99 / (153)
	MEM WRITE: 48f7 / (18679) => bc / (188)
	MEM READ: 48f5 / (18677) => 69 / (105)
[OP START 18677 -> 0x69 -> adc]
	REGS:
		PC: 18677 (48f5)
		SP: 202 (ca)
		A:  219 (db)
		X:  14 (e)
		Y:  225 (e1)
		P:  104 (68)
		|C|Z|I|D|B|X|V|N|
		|0|0|0|1|0|1|1|0|
	ADDRESSING MODE: IMMEDIATE
	MEM READ: 48f6 / (18678) => 99 / (153)
	BCD START -> db + 99
	BCD CONVERT -> 41 + 99
	BCD SUM -> 40
[OP END @ 18678]
Done..
