[TEST 379 - 69.json]
	MEM WRITE: bec9 / (48841) => 69 / (105)
	MEM WRITE: beca / (48842) => 6d / (109)
	MEM WRITE: becb / (48843) => fa / (250)
	MEM READ: bec9 / (48841) => 69 / (105)
[OP START 48841 -> 0x69 -> adc]
	REGS:
		PC: 48841 (bec9)
		SP: 2 (2)
		A:  46 (2e)
		X:  146 (92)
		Y:  53 (35)
		P:  234 (ea)
		|C|Z|I|D|B|X|V|N|
		|0|1|0|1|0|1|1|1|
	ADDRESSING MODE: IMMEDIATE
	MEM READ: beca / (48842) => 6d / (109)
	BCD START -> 2e + 6d
	BCD CONVERT -> 34 + 73
	BCD SUM -> 7
[OP END @ 48842]
Done..
