[TEST 323 - 69.json]
	MEM WRITE: dec2 / (57026) => 69 / (105)
	MEM WRITE: dec3 / (57027) => 55 / (85)
	MEM WRITE: dec4 / (57028) => ef / (239)
	MEM READ: dec2 / (57026) => 69 / (105)
[OP START 57026 -> 0x69 -> adc]
	REGS:
		PC: 57026 (dec2)
		SP: 125 (7d)
		A:  146 (92)
		X:  203 (cb)
		Y:  145 (91)
		P:  44 (2c)
		|C|Z|I|D|B|X|V|N|
		|0|0|1|1|0|1|0|0|
	ADDRESSING MODE: IMMEDIATE
	MEM READ: dec3 / (57027) => 55 / (85)
	BCD START -> 92 + 55
	BCD CONVERT -> 92 + 55
	BCD SUM -> 47
[OP END @ 57027]
Done..
