[TEST 545 - 69.json]
	MEM WRITE: 577f / (22399) => 69 / (105)
	MEM WRITE: 5780 / (22400) => 1a / (26)
	MEM WRITE: 5781 / (22401) => 13 / (19)
	MEM READ: 577f / (22399) => 69 / (105)
[OP START 22399 -> 0x69 -> adc]
	REGS:
		PC: 22399 (577f)
		SP: 18 (12)
		A:  38 (26)
		X:  169 (a9)
		Y:  9 (9)
		P:  111 (6f)
		|C|Z|I|D|B|X|V|N|
		|1|1|1|1|0|1|1|0|
	ADDRESSING MODE: IMMEDIATE
	MEM READ: 5780 / (22400) => 1a / (26)
	BCD START -> 26 + 1a
	BCD CONVERT -> 26 + 20
	BCD SUM -> 47
[OP END @ 22400]
Done..
