[TEST 151 - 69.json]
	MEM WRITE: 7f9c / (32668) => 69 / (105)
	MEM WRITE: 7f9d / (32669) => f6 / (246)
	MEM WRITE: 7f9e / (32670) => 4c / (76)
	MEM READ: 7f9c / (32668) => 69 / (105)
[OP START 32668 -> 0x69 -> adc]
	REGS:
		PC: 32668 (7f9c)
		SP: 150 (96)
		A:  147 (93)
		X:  8 (8)
		Y:  101 (65)
		P:  105 (69)
		|C|Z|I|D|B|X|V|N|
		|1|0|0|1|0|1|1|0|
	ADDRESSING MODE: IMMEDIATE
	MEM READ: 7f9d / (32669) => f6 / (246)
	BCD START -> 93 + f6
	BCD CONVERT -> 93 + 56
	BCD SUM -> 4a
[OP END @ 32669]
Done..
