[TEST 135 - 69.json]
	MEM WRITE: 978a / (38794) => 69 / (105)
	MEM WRITE: 978b / (38795) => 70 / (112)
	MEM WRITE: 978c / (38796) => 35 / (53)
	MEM READ: 978a / (38794) => 69 / (105)
[OP START 38794 -> 0x69 -> adc]
	REGS:
		PC: 38794 (978a)
		SP: 26 (1a)
		A:  11 (b)
		X:  47 (2f)
		Y:  248 (f8)
		P:  106 (6a)
		|C|Z|I|D|B|X|V|N|
		|0|1|0|1|0|1|1|0|
	ADDRESSING MODE: IMMEDIATE
	MEM READ: 978b / (38795) => 70 / (112)
	BCD START -> b + 70
	BCD CONVERT -> 11 + 70
	BCD SUM -> 81
[OP END @ 38795]
Done..
