[TEST 58 - 69.json]
	MEM WRITE: b118 / (45336) => 69 / (105)
	MEM WRITE: b119 / (45337) => 23 / (35)
	MEM WRITE: b11a / (45338) => 63 / (99)
	MEM READ: b118 / (45336) => 69 / (105)
[OP START 45336 -> 0x69 -> adc]
	REGS:
		PC: 45336 (b118)
		SP: 15 (f)
		A:  118 (76)
		X:  150 (96)
		Y:  129 (81)
		P:  239 (ef)
		|C|Z|I|D|B|X|V|N|
		|1|1|1|1|0|1|1|1|
	ADDRESSING MODE: IMMEDIATE
	MEM READ: b119 / (45337) => 23 / (35)
	BCD START -> 76 + 23
	BCD CONVERT -> 76 + 23
	BCD SUM -> 9a
[OP END @ 45337]
Done..
