[TEST 166 - 69.json]
	MEM WRITE: 98d3 / (39123) => 69 / (105)
	MEM WRITE: 98d4 / (39124) => 2f / (47)
	MEM WRITE: 98d5 / (39125) => a4 / (164)
	MEM READ: 98d3 / (39123) => 69 / (105)
[OP START 39123 -> 0x69 -> adc]
	REGS:
		PC: 39123 (98d3)
		SP: 65 (41)
		A:  86 (56)
		X:  50 (32)
		Y:  60 (3c)
		P:  46 (2e)
		|C|Z|I|D|B|X|V|N|
		|0|1|1|1|0|1|0|0|
	ADDRESSING MODE: IMMEDIATE
	MEM READ: 98d4 / (39124) => 2f / (47)
	BCD START -> 56 + 2f
	BCD CONVERT -> 56 + 35
	BCD SUM -> 91
[OP END @ 39124]
Done..
