[TEST 610 - 69.json]
	MEM WRITE: f4ec / (62700) => 69 / (105)
	MEM WRITE: f4ed / (62701) => 6d / (109)
	MEM WRITE: f4ee / (62702) => c4 / (196)
	MEM READ: f4ec / (62700) => 69 / (105)
[OP START 62700 -> 0x69 -> adc]
	REGS:
		PC: 62700 (f4ec)
		SP: 91 (5b)
		A:  18 (12)
		X:  126 (7e)
		Y:  251 (fb)
		P:  239 (ef)
		|C|Z|I|D|B|X|V|N|
		|1|1|1|1|0|1|1|1|
	ADDRESSING MODE: IMMEDIATE
	MEM READ: f4ed / (62701) => 6d / (109)
	BCD START -> 12 + 6d
	BCD CONVERT -> 12 + 73
	BCD SUM -> 86
[OP END @ 62701]
Done..
