[TEST 110 - 69.json]
	MEM WRITE: 2838 / (10296) => 69 / (105)
	MEM WRITE: 2839 / (10297) => 4c / (76)
	MEM WRITE: 283a / (10298) => 1f / (31)
	MEM READ: 2838 / (10296) => 69 / (105)
[OP START 10296 -> 0x69 -> adc]
	REGS:
		PC: 10296 (2838)
		SP: 122 (7a)
		A:  148 (94)
		X:  233 (e9)
		Y:  141 (8d)
		P:  236 (ec)
		|C|Z|I|D|B|X|V|N|
		|0|0|1|1|0|1|1|1|
	ADDRESSING MODE: IMMEDIATE
	MEM READ: 2839 / (10297) => 4c / (76)
	BCD START -> 94 + 4c
	BCD CONVERT -> 94 + 52
	BCD SUM -> 46
[OP END @ 10297]
Done..
