[TEST 94 - 69.json]
	MEM WRITE: 701e / (28702) => 69 / (105)
	MEM WRITE: 701f / (28703) => 6d / (109)
	MEM WRITE: 7020 / (28704) => 5f / (95)
	MEM READ: 701e / (28702) => 69 / (105)
[OP START 28702 -> 0x69 -> adc]
	REGS:
		PC: 28702 (701e)
		SP: 249 (f9)
		A:  80 (50)
		X:  38 (26)
		Y:  81 (51)
		P:  45 (2d)
		|C|Z|I|D|B|X|V|N|
		|1|0|1|1|0|1|0|0|
	ADDRESSING MODE: IMMEDIATE
	MEM READ: 701f / (28703) => 6d / (109)
	BCD START -> 50 + 6d
	BCD CONVERT -> 50 + 73
	BCD SUM -> 24
[OP END @ 28703]
Done..
