[TEST 107 - 69.json]
	MEM WRITE: 3297 / (12951) => 69 / (105)
	MEM WRITE: 3298 / (12952) => 67 / (103)
	MEM WRITE: 3299 / (12953) => e4 / (228)
	MEM READ: 3297 / (12951) => 69 / (105)
[OP START 12951 -> 0x69 -> adc]
	REGS:
		PC: 12951 (3297)
		SP: 200 (c8)
		A:  39 (27)
		X:  56 (38)
		Y:  73 (49)
		P:  238 (ee)
		|C|Z|I|D|B|X|V|N|
		|0|1|1|1|0|1|1|1|
	ADDRESSING MODE: IMMEDIATE
	MEM READ: 3298 / (12952) => 67 / (103)
	BCD START -> 27 + 67
	BCD CONVERT -> 27 + 67
	BCD SUM -> 94
[OP END @ 12952]
Done..
