[TEST 28 - 69.json]
	MEM WRITE: e086 / (57478) => 69 / (105)
	MEM WRITE: e087 / (57479) => 35 / (53)
	MEM WRITE: e088 / (57480) => 8f / (143)
	MEM READ: e086 / (57478) => 69 / (105)
[OP START 57478 -> 0x69 -> adc]
	REGS:
		PC: 57478 (e086)
		SP: 151 (97)
		A:  178 (b2)
		X:  196 (c4)
		Y:  83 (53)
		P:  175 (af)
		|C|Z|I|D|B|X|V|N|
		|1|1|1|1|0|1|0|1|
	ADDRESSING MODE: IMMEDIATE
	MEM READ: e087 / (57479) => 35 / (53)
	BCD START -> b2 + 35
	BCD CONVERT -> 12 + 35
	BCD SUM -> 48
[OP END @ 57479]
Done..
