[TEST 95 - 69.json]
	MEM WRITE: 6a24 / (27172) => 69 / (105)
	MEM WRITE: 6a25 / (27173) => 8c / (140)
	MEM WRITE: 6a26 / (27174) => 8b / (139)
	MEM READ: 6a24 / (27172) => 69 / (105)
[OP START 27172 -> 0x69 -> adc]
	REGS:
		PC: 27172 (6a24)
		SP: 209 (d1)
		A:  7 (7)
		X:  60 (3c)
		Y:  187 (bb)
		P:  169 (a9)
		|C|Z|I|D|B|X|V|N|
		|1|0|0|1|0|1|0|1|
	ADDRESSING MODE: IMMEDIATE
	MEM READ: 6a25 / (27173) => 8c / (140)
	BCD START -> 7 + 8c
	BCD CONVERT -> 7 + 92
	BCD SUM -> 9a
[OP END @ 27173]
Done..
