[TEST 89 - 69.json]
	MEM WRITE: d595 / (54677) => 69 / (105)
	MEM WRITE: d596 / (54678) => 29 / (41)
	MEM WRITE: d597 / (54679) => f6 / (246)
	MEM READ: d595 / (54677) => 69 / (105)
[OP START 54677 -> 0x69 -> adc]
	REGS:
		PC: 54677 (d595)
		SP: 95 (5f)
		A:  26 (1a)
		X:  43 (2b)
		Y:  64 (40)
		P:  109 (6d)
		|C|Z|I|D|B|X|V|N|
		|1|0|1|1|0|1|1|0|
	ADDRESSING MODE: IMMEDIATE
	MEM READ: d596 / (54678) => 29 / (41)
	BCD START -> 1a + 29
	BCD CONVERT -> 20 + 29
	BCD SUM -> 4a
[OP END @ 54678]
Done..
