[TEST 55 - 69.json]
	MEM WRITE: 92d9 / (37593) => 69 / (105)
	MEM WRITE: 92da / (37594) => d / (13)
	MEM WRITE: 92db / (37595) => c2 / (194)
	MEM READ: 92d9 / (37593) => 69 / (105)
[OP START 37593 -> 0x69 -> adc]
	REGS:
		PC: 37593 (92d9)
		SP: 98 (62)
		A:  202 (ca)
		X:  134 (86)
		Y:  213 (d5)
		P:  238 (ee)
		|C|Z|I|D|B|X|V|N|
		|0|1|1|1|0|1|1|1|
	ADDRESSING MODE: IMMEDIATE
	MEM READ: 92da / (37594) => d / (13)
	BCD START -> ca + d
	BCD CONVERT -> 30 + 13
	BCD SUM -> 43
[OP END @ 37594]
Done..
