[TEST 26 - 69.json]
	MEM WRITE: 5b3c / (23356) => 69 / (105)
	MEM WRITE: 5b3d / (23357) => 2d / (45)
	MEM WRITE: 5b3e / (23358) => 18 / (24)
	MEM READ: 5b3c / (23356) => 69 / (105)
[OP START 23356 -> 0x69 -> adc]
	REGS:
		PC: 23356 (5b3c)
		SP: 139 (8b)
		A:  64 (40)
		X:  137 (89)
		Y:  187 (bb)
		P:  105 (69)
		|C|Z|I|D|B|X|V|N|
		|1|0|0|1|0|1|1|0|
	ADDRESSING MODE: IMMEDIATE
	MEM READ: 5b3d / (23357) => 2d / (45)
	BCD START -> 40 + 2d
	BCD CONVERT -> 40 + 33
	BCD SUM -> 74
[OP END @ 23357]
Done..
