[TEST 79 - 69.json]
	MEM WRITE: b423 / (46115) => 69 / (105)
	MEM WRITE: b424 / (46116) => f3 / (243)
	MEM WRITE: b425 / (46117) => 8f / (143)
	MEM READ: b423 / (46115) => 69 / (105)
[OP START 46115 -> 0x69 -> adc]
	REGS:
		PC: 46115 (b423)
		SP: 12 (c)
		A:  75 (4b)
		X:  170 (aa)
		Y:  212 (d4)
		P:  235 (eb)
		|C|Z|I|D|B|X|V|N|
		|1|1|0|1|0|1|1|1|
	ADDRESSING MODE: IMMEDIATE
	MEM READ: b424 / (46116) => f3 / (243)
	BCD START -> 4b + f3
	BCD CONVERT -> 51 + 53
	BCD SUM -> 5
[OP END @ 46116]
Done..
