[TEST 32 - 69.json]
	MEM WRITE: 526f / (21103) => 69 / (105)
	MEM WRITE: 5270 / (21104) => fa / (250)
	MEM WRITE: 5271 / (21105) => 51 / (81)
	MEM READ: 526f / (21103) => 69 / (105)
[OP START 21103 -> 0x69 -> adc]
	REGS:
		PC: 21103 (526f)
		SP: 176 (b0)
		A:  245 (f5)
		X:  61 (3d)
		Y:  141 (8d)
		P:  105 (69)
		|C|Z|I|D|B|X|V|N|
		|1|0|0|1|0|1|1|0|
	ADDRESSING MODE: IMMEDIATE
	MEM READ: 5270 / (21104) => fa / (250)
	BCD START -> f5 + fa
	BCD CONVERT -> 55 + 60
	BCD SUM -> 16
[OP END @ 21104]
Done..
