[TEST 621 - 69.json]
	MEM WRITE: ae45 / (44613) => 69 / (105)
	MEM WRITE: ae46 / (44614) => 2a / (42)
	MEM WRITE: ae47 / (44615) => dc / (220)
	MEM READ: ae45 / (44613) => 69 / (105)
[OP START 44613 -> 0x69 -> adc]
	REGS:
		PC: 44613 (ae45)
		SP: 176 (b0)
		A:  9 (9)
		X:  119 (77)
		Y:  232 (e8)
		P:  238 (ee)
		|C|Z|I|D|B|X|V|N|
		|0|1|1|1|0|1|1|1|
	ADDRESSING MODE: IMMEDIATE
	MEM READ: ae46 / (44614) => 2a / (42)
	BCD START -> 9 + 2a
	BCD CONVERT -> 9 + 30
	BCD SUM -> 39
[OP END @ 44614]
Done..
