[TEST 68 - 69.json]
	MEM WRITE: aebb / (44731) => 69 / (105)
	MEM WRITE: aebc / (44732) => 23 / (35)
	MEM WRITE: aebd / (44733) => 39 / (57)
	MEM READ: aebb / (44731) => 69 / (105)
[OP START 44731 -> 0x69 -> adc]
	REGS:
		PC: 44731 (aebb)
		SP: 145 (91)
		A:  187 (bb)
		X:  203 (cb)
		Y:  10 (a)
		P:  109 (6d)
		|C|Z|I|D|B|X|V|N|
		|1|0|1|1|0|1|1|0|
	ADDRESSING MODE: IMMEDIATE
	MEM READ: aebc / (44732) => 23 / (35)
	BCD START -> bb + 23
	BCD CONVERT -> 21 + 23
	BCD SUM -> 45
[OP END @ 44732]
Done..
