[TEST 2 - 69.json]
	MEM WRITE: e9e2 / (59874) => 69 / (105)
	MEM WRITE: e9e3 / (59875) => 19 / (25)
	MEM WRITE: e9e4 / (59876) => 1e / (30)
	MEM READ: e9e2 / (59874) => 69 / (105)
[OP START 59874 -> 0x69 -> adc]
	REGS:
		PC: 59874 (e9e2)
		SP: 242 (f2)
		A:  188 (bc)
		X:  140 (8c)
		Y:  106 (6a)
		P:  173 (ad)
		|C|Z|I|D|B|X|V|N|
		|1|0|1|1|0|1|0|1|
	ADDRESSING MODE: IMMEDIATE
	MEM READ: e9e3 / (59875) => 19 / (25)
	BCD START -> bc + 19
	BCD CONVERT -> 22 + 19
	BCD SUM -> 42
[OP END @ 59875]
Done..
