[TEST 17 - 69.json]
	MEM WRITE: 2fc0 / (12224) => 69 / (105)
	MEM WRITE: 2fc1 / (12225) => a / (10)
	MEM WRITE: 2fc2 / (12226) => 5f / (95)
	MEM READ: 2fc0 / (12224) => 69 / (105)
[OP START 12224 -> 0x69 -> adc]
	REGS:
		PC: 12224 (2fc0)
		SP: 57 (39)
		A:  50 (32)
		X:  160 (a0)
		Y:  154 (9a)
		P:  47 (2f)
		|C|Z|I|D|B|X|V|N|
		|1|1|1|1|0|1|0|0|
	ADDRESSING MODE: IMMEDIATE
	MEM READ: 2fc1 / (12225) => a / (10)
	BCD START -> 32 + a
	BCD CONVERT -> 32 + 10
	BCD SUM -> 43
[OP END @ 12225]
Done..
