[TEST 91 - 69.json]
	MEM WRITE: 62e9 / (25321) => 69 / (105)
	MEM WRITE: 62ea / (25322) => b0 / (176)
	MEM WRITE: 62eb / (25323) => fc / (252)
	MEM READ: 62e9 / (25321) => 69 / (105)
[OP START 25321 -> 0x69 -> adc]
	REGS:
		PC: 25321 (62e9)
		SP: 140 (8c)
		A:  175 (af)
		X:  187 (bb)
		Y:  147 (93)
		P:  238 (ee)
		|C|Z|I|D|B|X|V|N|
		|0|1|1|1|0|1|1|1|
	ADDRESSING MODE: IMMEDIATE
	MEM READ: 62ea / (25322) => b0 / (176)
	BCD START -> af + b0
	BCD CONVERT -> 15 + 10
	BCD SUM -> 25
[OP END @ 25322]
Done..
