[TEST 47 - 69.json]
	MEM WRITE: c1b2 / (49586) => 69 / (105)
	MEM WRITE: c1b3 / (49587) => 84 / (132)
	MEM WRITE: c1b4 / (49588) => 6a / (106)
	MEM READ: c1b2 / (49586) => 69 / (105)
[OP START 49586 -> 0x69 -> adc]
	REGS:
		PC: 49586 (c1b2)
		SP: 50 (32)
		A:  245 (f5)
		X:  148 (94)
		Y:  85 (55)
		P:  237 (ed)
		|C|Z|I|D|B|X|V|N|
		|1|0|1|1|0|1|1|1|
	ADDRESSING MODE: IMMEDIATE
	MEM READ: c1b3 / (49587) => 84 / (132)
	BCD START -> f5 + 84
	BCD CONVERT -> 55 + 84
	BCD SUM -> 3a
[OP END @ 49587]
Done..
