[TEST 33 - 69.json]
	MEM WRITE: 6dfb / (28155) => 69 / (105)
	MEM WRITE: 6dfc / (28156) => fb / (251)
	MEM WRITE: 6dfd / (28157) => 29 / (41)
	MEM READ: 6dfb / (28155) => 69 / (105)
[OP START 28155 -> 0x69 -> adc]
	REGS:
		PC: 28155 (6dfb)
		SP: 147 (93)
		A:  27 (1b)
		X:  106 (6a)
		Y:  4 (4)
		P:  173 (ad)
		|C|Z|I|D|B|X|V|N|
		|1|0|1|1|0|1|0|1|
	ADDRESSING MODE: IMMEDIATE
	MEM READ: 6dfc / (28156) => fb / (251)
	BCD START -> 1b + fb
	BCD CONVERT -> 21 + 61
	BCD SUM -> 83
[OP END @ 28156]
Done..
