[TEST 4 - 69.json]
	MEM WRITE: d96c / (55660) => 69 / (105)
	MEM WRITE: d96d / (55661) => 7f / (127)
	MEM WRITE: d96e / (55662) => 8a / (138)
	MEM READ: d96c / (55660) => 69 / (105)
[OP START 55660 -> 0x69 -> adc]
	REGS:
		PC: 55660 (d96c)
		SP: 230 (e6)
		A:  160 (a0)
		X:  97 (61)
		Y:  206 (ce)
		P:  171 (ab)
		|C|Z|I|D|B|X|V|N|
		|1|1|0|1|0|1|0|1|
	ADDRESSING MODE: IMMEDIATE
	MEM READ: d96d / (55661) => 7f / (127)
	BCD START -> a0 + 7f
	BCD CONVERT -> 0 + 85
	BCD SUM -> 86
[OP END @ 55661]
Done..
