[TEST 602 - 69.json]
	MEM WRITE: 8ab4 / (35508) => 69 / (105)
	MEM WRITE: 8ab5 / (35509) => 82 / (130)
	MEM WRITE: 8ab6 / (35510) => 22 / (34)
	MEM READ: 8ab4 / (35508) => 69 / (105)
[OP START 35508 -> 0x69 -> adc]
	REGS:
		PC: 35508 (8ab4)
		SP: 182 (b6)
		A:  225 (e1)
		X:  213 (d5)
		Y:  25 (19)
		P:  175 (af)
		|C|Z|I|D|B|X|V|N|
		|1|1|1|1|0|1|0|1|
	ADDRESSING MODE: IMMEDIATE
	MEM READ: 8ab5 / (35509) => 82 / (130)
	BCD START -> e1 + 82
	BCD CONVERT -> 41 + 82
	BCD SUM -> 24
[OP END @ 35509]
Done..
