[TEST 50 - 69.json]
	MEM WRITE: 80a2 / (32930) => 69 / (105)
	MEM WRITE: 80a3 / (32931) => 2f / (47)
	MEM WRITE: 80a4 / (32932) => f9 / (249)
	MEM READ: 80a2 / (32930) => 69 / (105)
[OP START 32930 -> 0x69 -> adc]
	REGS:
		PC: 32930 (80a2)
		SP: 64 (40)
		A:  205 (cd)
		X:  225 (e1)
		Y:  58 (3a)
		P:  174 (ae)
		|C|Z|I|D|B|X|V|N|
		|0|1|1|1|0|1|0|1|
	ADDRESSING MODE: IMMEDIATE
	MEM READ: 80a3 / (32931) => 2f / (47)
	BCD START -> cd + 2f
	BCD CONVERT -> 33 + 35
	BCD SUM -> 68
[OP END @ 32931]
Done..
