[TEST 295 - 69.json]
	MEM WRITE: 29a9 / (10665) => 69 / (105)
	MEM WRITE: 29aa / (10666) => 8a / (138)
	MEM WRITE: 29ab / (10667) => d5 / (213)
	MEM READ: 29a9 / (10665) => 69 / (105)
[OP START 10665 -> 0x69 -> adc]
	REGS:
		PC: 10665 (29a9)
		SP: 70 (46)
		A:  188 (bc)
		X:  235 (eb)
		Y:  33 (21)
		P:  108 (6c)
		|C|Z|I|D|B|X|V|N|
		|0|0|1|1|0|1|1|0|
	ADDRESSING MODE: IMMEDIATE
	MEM READ: 29aa / (10666) => 8a / (138)
	BCD START -> bc + 8a
	BCD CONVERT -> 22 + 90
	BCD SUM -> 12
[OP END @ 10666]
Done..
