[TEST 149 - 69.json]
	MEM WRITE: 4820 / (18464) => 69 / (105)
	MEM WRITE: 4821 / (18465) => 8b / (139)
	MEM WRITE: 4822 / (18466) => c8 / (200)
	MEM READ: 4820 / (18464) => 69 / (105)
[OP START 18464 -> 0x69 -> adc]
	REGS:
		PC: 18464 (4820)
		SP: 136 (88)
		A:  161 (a1)
		X:  109 (6d)
		Y:  11 (b)
		P:  232 (e8)
		|C|Z|I|D|B|X|V|N|
		|0|0|0|1|0|1|1|1|
	ADDRESSING MODE: IMMEDIATE
	MEM READ: 4821 / (18465) => 8b / (139)
	BCD START -> a1 + 8b
	BCD CONVERT -> 1 + 91
	BCD SUM -> 92
[OP END @ 18465]
Done..
