[TEST 151 - 69.json]
	MEM WRITE: cc30 / (52272) => 69 / (105)
	MEM WRITE: cc31 / (52273) => b1 / (177)
	MEM WRITE: cc32 / (52274) => 16 / (22)
	MEM READ: cc30 / (52272) => 69 / (105)
[OP START 52272 -> 0x69 -> adc]
	REGS:
		PC: 52272 (cc30)
		SP: 222 (de)
		A:  42 (2a)
		X:  83 (53)
		Y:  187 (bb)
		P:  104 (68)
		|C|Z|I|D|B|X|V|N|
		|0|0|0|1|0|1|1|0|
	ADDRESSING MODE: IMMEDIATE
	MEM READ: cc31 / (52273) => b1 / (177)
	BCD START -> 2a + b1
	BCD CONVERT -> 30 + 11
	BCD SUM -> 41
[OP END @ 52273]
Done..
