[TEST 307 - 69.json]
	MEM WRITE: dfb5 / (57269) => 69 / (105)
	MEM WRITE: dfb6 / (57270) => d6 / (214)
	MEM WRITE: dfb7 / (57271) => ff / (255)
	MEM READ: dfb5 / (57269) => 69 / (105)
[OP START 57269 -> 0x69 -> adc]
	REGS:
		PC: 57269 (dfb5)
		SP: 197 (c5)
		A:  187 (bb)
		X:  88 (58)
		Y:  143 (8f)
		P:  105 (69)
		|C|Z|I|D|B|X|V|N|
		|1|0|0|1|0|1|1|0|
	ADDRESSING MODE: IMMEDIATE
	MEM READ: dfb6 / (57270) => d6 / (214)
	BCD START -> bb + d6
	BCD CONVERT -> 21 + 36
	BCD SUM -> 58
[OP END @ 57270]
Done..
