[TEST 164 - 69.json]
	MEM WRITE: f873 / (63603) => 69 / (105)
	MEM WRITE: f874 / (63604) => 81 / (129)
	MEM WRITE: f875 / (63605) => 30 / (48)
	MEM READ: f873 / (63603) => 69 / (105)
[OP START 63603 -> 0x69 -> adc]
	REGS:
		PC: 63603 (f873)
		SP: 210 (d2)
		A:  77 (4d)
		X:  15 (f)
		Y:  41 (29)
		P:  175 (af)
		|C|Z|I|D|B|X|V|N|
		|1|1|1|1|0|1|0|1|
	ADDRESSING MODE: IMMEDIATE
	MEM READ: f874 / (63604) => 81 / (129)
	BCD START -> 4d + 81
	BCD CONVERT -> 53 + 81
	BCD SUM -> 35
[OP END @ 63604]
Done..
