[TEST 177 - 69.json]
	MEM WRITE: 3f9f / (16287) => 69 / (105)
	MEM WRITE: 3fa0 / (16288) => 7b / (123)
	MEM WRITE: 3fa1 / (16289) => e4 / (228)
	MEM READ: 3f9f / (16287) => 69 / (105)
[OP START 16287 -> 0x69 -> adc]
	REGS:
		PC: 16287 (3f9f)
		SP: 116 (74)
		A:  110 (6e)
		X:  255 (ff)
		Y:  202 (ca)
		P:  238 (ee)
		|C|Z|I|D|B|X|V|N|
		|0|1|1|1|0|1|1|1|
	ADDRESSING MODE: IMMEDIATE
	MEM READ: 3fa0 / (16288) => 7b / (123)
	BCD START -> 6e + 7b
	BCD CONVERT -> 74 + 81
	BCD SUM -> 55
[OP END @ 16288]
Done..
