[TEST 428 - 69.json]
	MEM WRITE: 2774 / (10100) => 69 / (105)
	MEM WRITE: 2775 / (10101) => 73 / (115)
	MEM WRITE: 2776 / (10102) => ed / (237)
	MEM READ: 2774 / (10100) => 69 / (105)
[OP START 10100 -> 0x69 -> adc]
	REGS:
		PC: 10100 (2774)
		SP: 73 (49)
		A:  225 (e1)
		X:  41 (29)
		Y:  86 (56)
		P:  108 (6c)
		|C|Z|I|D|B|X|V|N|
		|0|0|1|1|0|1|1|0|
	ADDRESSING MODE: IMMEDIATE
	MEM READ: 2775 / (10101) => 73 / (115)
	BCD START -> e1 + 73
	BCD CONVERT -> 41 + 73
	BCD SUM -> 14
[OP END @ 10101]
Done..
