[TEST 485 - 69.json]
	MEM WRITE: bb60 / (47968) => 69 / (105)
	MEM WRITE: bb61 / (47969) => f3 / (243)
	MEM WRITE: bb62 / (47970) => f9 / (249)
	MEM READ: bb60 / (47968) => 69 / (105)
[OP START 47968 -> 0x69 -> adc]
	REGS:
		PC: 47968 (bb60)
		SP: 37 (25)
		A:  97 (61)
		X:  21 (15)
		Y:  253 (fd)
		P:  110 (6e)
		|C|Z|I|D|B|X|V|N|
		|0|1|1|1|0|1|1|0|
	ADDRESSING MODE: IMMEDIATE
	MEM READ: bb61 / (47969) => f3 / (243)
	BCD START -> 61 + f3
	BCD CONVERT -> 61 + 53
	BCD SUM -> 14
[OP END @ 47969]
Done..
