[TEST 153 - 69.json]
	MEM WRITE: 38c9 / (14537) => 69 / (105)
	MEM WRITE: 38ca / (14538) => aa / (170)
	MEM WRITE: 38cb / (14539) => 47 / (71)
	MEM READ: 38c9 / (14537) => 69 / (105)
[OP START 14537 -> 0x69 -> adc]
	REGS:
		PC: 14537 (38c9)
		SP: 166 (a6)
		A:  248 (f8)
		X:  78 (4e)
		Y:  8 (8)
		P:  236 (ec)
		|C|Z|I|D|B|X|V|N|
		|0|0|1|1|0|1|1|1|
	ADDRESSING MODE: IMMEDIATE
	MEM READ: 38ca / (14538) => aa / (170)
	BCD START -> f8 + aa
	BCD CONVERT -> 58 + 10
	BCD SUM -> 68
[OP END @ 14538]
Done..
