[TEST 37 - 69.json]
	MEM WRITE: 62a5 / (25253) => 69 / (105)
	MEM WRITE: 62a6 / (25254) => 62 / (98)
	MEM WRITE: 62a7 / (25255) => 33 / (51)
	MEM READ: 62a5 / (25253) => 69 / (105)
[OP START 25253 -> 0x69 -> adc]
	REGS:
		PC: 25253 (62a5)
		SP: 247 (f7)
		A:  137 (89)
		X:  175 (af)
		Y:  22 (16)
		P:  44 (2c)
		|C|Z|I|D|B|X|V|N|
		|0|0|1|1|0|1|0|0|
	ADDRESSING MODE: IMMEDIATE
	MEM READ: 62a6 / (25254) => 62 / (98)
	BCD START -> 89 + 62
	BCD CONVERT -> 89 + 62
	BCD SUM -> 51
[OP END @ 25254]
Done..
