[TEST 6 - 69.json]
	MEM WRITE: 59d1 / (22993) => 69 / (105)
	MEM WRITE: 59d2 / (22994) => 96 / (150)
	MEM WRITE: 59d3 / (22995) => ee / (238)
	MEM READ: 59d1 / (22993) => 69 / (105)
[OP START 22993 -> 0x69 -> adc]
	REGS:
		PC: 22993 (59d1)
		SP: 123 (7b)
		A:  208 (d0)
		X:  193 (c1)
		Y:  221 (dd)
		P:  233 (e9)
		|C|Z|I|D|B|X|V|N|
		|1|0|0|1|0|1|1|1|
	ADDRESSING MODE: IMMEDIATE
	MEM READ: 59d2 / (22994) => 96 / (150)
	BCD START -> d0 + 96
	BCD CONVERT -> 30 + 96
	BCD SUM -> 27
[OP END @ 22994]
Done..
