[TEST 245 - 69.json]
	MEM WRITE: 6d00 / (27904) => 69 / (105)
	MEM WRITE: 6d01 / (27905) => 35 / (53)
	MEM WRITE: 6d02 / (27906) => fc / (252)
	MEM READ: 6d00 / (27904) => 69 / (105)
[OP START 27904 -> 0x69 -> adc]
	REGS:
		PC: 27904 (6d00)
		SP: 76 (4c)
		A:  192 (c0)
		X:  236 (ec)
		Y:  72 (48)
		P:  170 (aa)
		|C|Z|I|D|B|X|V|N|
		|0|1|0|1|0|1|0|1|
	ADDRESSING MODE: IMMEDIATE
	MEM READ: 6d01 / (27905) => 35 / (53)
	BCD START -> c0 + 35
	BCD CONVERT -> 20 + 35
	BCD SUM -> 55
[OP END @ 27905]
Done..
