[TEST 366 - 69.json]
	MEM WRITE: fcec / (64748) => 69 / (105)
	MEM WRITE: fced / (64749) => bc / (188)
	MEM WRITE: fcee / (64750) => 18 / (24)
	MEM READ: fcec / (64748) => 69 / (105)
[OP START 64748 -> 0x69 -> adc]
	REGS:
		PC: 64748 (fcec)
		SP: 38 (26)
		A:  211 (d3)
		X:  253 (fd)
		Y:  253 (fd)
		P:  237 (ed)
		|C|Z|I|D|B|X|V|N|
		|1|0|1|1|0|1|1|1|
	ADDRESSING MODE: IMMEDIATE
	MEM READ: fced / (64749) => bc / (188)
	BCD START -> d3 + bc
	BCD CONVERT -> 33 + 22
	BCD SUM -> 56
[OP END @ 64749]
Done..
