[TEST 129 - 69.json]
	MEM WRITE: 84fb / (34043) => 69 / (105)
	MEM WRITE: 84fc / (34044) => 33 / (51)
	MEM WRITE: 84fd / (34045) => 86 / (134)
	MEM READ: 84fb / (34043) => 69 / (105)
[OP START 34043 -> 0x69 -> adc]
	REGS:
		PC: 34043 (84fb)
		SP: 147 (93)
		A:  45 (2d)
		X:  98 (62)
		Y:  169 (a9)
		P:  40 (28)
		|C|Z|I|D|B|X|V|N|
		|0|0|0|1|0|1|0|0|
	ADDRESSING MODE: IMMEDIATE
	MEM READ: 84fc / (34044) => 33 / (51)
	BCD START -> 2d + 33
	BCD CONVERT -> 33 + 33
	BCD SUM -> 66
[OP END @ 34044]
Done..
