[TEST 76 - 69.json]
	MEM WRITE: 9041 / (36929) => 69 / (105)
	MEM WRITE: 9042 / (36930) => ba / (186)
	MEM WRITE: 9043 / (36931) => 13 / (19)
	MEM READ: 9041 / (36929) => 69 / (105)
[OP START 36929 -> 0x69 -> adc]
	REGS:
		PC: 36929 (9041)
		SP: 153 (99)
		A:  25 (19)
		X:  208 (d0)
		Y:  107 (6b)
		P:  106 (6a)
		|C|Z|I|D|B|X|V|N|
		|0|1|0|1|0|1|1|0|
	ADDRESSING MODE: IMMEDIATE
	MEM READ: 9042 / (36930) => ba / (186)
	BCD START -> 19 + ba
	BCD CONVERT -> 19 + 20
	BCD SUM -> 39
[OP END @ 36930]
Done..
