[TEST 401 - 69.json]
	MEM WRITE: e4fb / (58619) => 69 / (105)
	MEM WRITE: e4fc / (58620) => ba / (186)
	MEM WRITE: e4fd / (58621) => 2 / (2)
	MEM READ: e4fb / (58619) => 69 / (105)
[OP START 58619 -> 0x69 -> adc]
	REGS:
		PC: 58619 (e4fb)
		SP: 171 (ab)
		A:  65 (41)
		X:  150 (96)
		Y:  214 (d6)
		P:  107 (6b)
		|C|Z|I|D|B|X|V|N|
		|1|1|0|1|0|1|1|0|
	ADDRESSING MODE: IMMEDIATE
	MEM READ: e4fc / (58620) => ba / (186)
	BCD START -> 41 + ba
	BCD CONVERT -> 41 + 20
	BCD SUM -> 62
[OP END @ 58620]
Done..
