[TEST 348 - 69.json]
	MEM WRITE: c94b / (51531) => 69 / (105)
	MEM WRITE: c94c / (51532) => f6 / (246)
	MEM WRITE: c94d / (51533) => 8f / (143)
	MEM READ: c94b / (51531) => 69 / (105)
[OP START 51531 -> 0x69 -> adc]
	REGS:
		PC: 51531 (c94b)
		SP: 67 (43)
		A:  249 (f9)
		X:  111 (6f)
		Y:  184 (b8)
		P:  45 (2d)
		|C|Z|I|D|B|X|V|N|
		|1|0|1|1|0|1|0|0|
	ADDRESSING MODE: IMMEDIATE
	MEM READ: c94c / (51532) => f6 / (246)
	BCD START -> f9 + f6
	BCD CONVERT -> 59 + 56
	BCD SUM -> 16
[OP END @ 51532]
Done..
