[TEST 48 - 69.json]
	MEM WRITE: 95e2 / (38370) => 69 / (105)
	MEM WRITE: 95e3 / (38371) => c9 / (201)
	MEM WRITE: 95e4 / (38372) => 7d / (125)
	MEM READ: 95e2 / (38370) => 69 / (105)
[OP START 38370 -> 0x69 -> adc]
	REGS:
		PC: 38370 (95e2)
		SP: 222 (de)
		A:  192 (c0)
		X:  161 (a1)
		Y:  107 (6b)
		P:  104 (68)
		|C|Z|I|D|B|X|V|N|
		|0|0|0|1|0|1|1|0|
	ADDRESSING MODE: IMMEDIATE
	MEM READ: 95e3 / (38371) => c9 / (201)
	BCD START -> c0 + c9
	BCD CONVERT -> 20 + 29
	BCD SUM -> 49
[OP END @ 38371]
Done..
