[TEST 35 - 69.json]
	MEM WRITE: 3bc3 / (15299) => 69 / (105)
	MEM WRITE: 3bc4 / (15300) => 58 / (88)
	MEM WRITE: 3bc5 / (15301) => 2b / (43)
	MEM READ: 3bc3 / (15299) => 69 / (105)
[OP START 15299 -> 0x69 -> adc]
	REGS:
		PC: 15299 (3bc3)
		SP: 75 (4b)
		A:  67 (43)
		X:  4 (4)
		Y:  149 (95)
		P:  237 (ed)
		|C|Z|I|D|B|X|V|N|
		|1|0|1|1|0|1|1|1|
	ADDRESSING MODE: IMMEDIATE
	MEM READ: 3bc4 / (15300) => 58 / (88)
	BCD START -> 43 + 58
	BCD CONVERT -> 43 + 58
	BCD SUM -> 2
[OP END @ 15300]
Done..
