[TEST 382 - 69.json]
	MEM WRITE: 95d5 / (38357) => 69 / (105)
	MEM WRITE: 95d6 / (38358) => d7 / (215)
	MEM WRITE: 95d7 / (38359) => 1d / (29)
	MEM READ: 95d5 / (38357) => 69 / (105)
[OP START 38357 -> 0x69 -> adc]
	REGS:
		PC: 38357 (95d5)
		SP: 81 (51)
		A:  237 (ed)
		X:  151 (97)
		Y:  100 (64)
		P:  172 (ac)
		|C|Z|I|D|B|X|V|N|
		|0|0|1|1|0|1|0|1|
	ADDRESSING MODE: IMMEDIATE
	MEM READ: 95d6 / (38358) => d7 / (215)
	BCD START -> ed + d7
	BCD CONVERT -> 53 + 37
	BCD SUM -> 90
[OP END @ 38358]
Done..
