[TEST 344 - 69.json]
	MEM WRITE: b26e / (45678) => 69 / (105)
	MEM WRITE: b26f / (45679) => 64 / (100)
	MEM WRITE: b270 / (45680) => e7 / (231)
	MEM READ: b26e / (45678) => 69 / (105)
[OP START 45678 -> 0x69 -> adc]
	REGS:
		PC: 45678 (b26e)
		SP: 55 (37)
		A:  254 (fe)
		X:  10 (a)
		Y:  129 (81)
		P:  174 (ae)
		|C|Z|I|D|B|X|V|N|
		|0|1|1|1|0|1|0|1|
	ADDRESSING MODE: IMMEDIATE
	MEM READ: b26f / (45679) => 64 / (100)
	BCD START -> fe + 64
	BCD CONVERT -> 64 + 64
	BCD SUM -> 28
[OP END @ 45679]
Done..
