[TEST 486 - 69.json]
	MEM WRITE: d2e6 / (53990) => 69 / (105)
	MEM WRITE: d2e7 / (53991) => 4b / (75)
	MEM WRITE: d2e8 / (53992) => 7 / (7)
	MEM READ: d2e6 / (53990) => 69 / (105)
[OP START 53990 -> 0x69 -> adc]
	REGS:
		PC: 53990 (d2e6)
		SP: 35 (23)
		A:  46 (2e)
		X:  107 (6b)
		Y:  118 (76)
		P:  107 (6b)
		|C|Z|I|D|B|X|V|N|
		|1|1|0|1|0|1|1|0|
	ADDRESSING MODE: IMMEDIATE
	MEM READ: d2e7 / (53991) => 4b / (75)
	BCD START -> 2e + 4b
	BCD CONVERT -> 34 + 51
	BCD SUM -> 86
[OP END @ 53991]
Done..
