[TEST 244 - 69.json]
	MEM WRITE: e21b / (57883) => 69 / (105)
	MEM WRITE: e21c / (57884) => c5 / (197)
	MEM WRITE: e21d / (57885) => 93 / (147)
	MEM READ: e21b / (57883) => 69 / (105)
[OP START 57883 -> 0x69 -> adc]
	REGS:
		PC: 57883 (e21b)
		SP: 22 (16)
		A:  133 (85)
		X:  30 (1e)
		Y:  195 (c3)
		P:  107 (6b)
		|C|Z|I|D|B|X|V|N|
		|1|1|0|1|0|1|1|0|
	ADDRESSING MODE: IMMEDIATE
	MEM READ: e21c / (57884) => c5 / (197)
	BCD START -> 85 + c5
	BCD CONVERT -> 85 + 25
	BCD SUM -> 11
[OP END @ 57884]
Done..
