[TEST 68 - 69.json]
	MEM WRITE: c260 / (49760) => 69 / (105)
	MEM WRITE: c261 / (49761) => 93 / (147)
	MEM WRITE: c262 / (49762) => 8c / (140)
	MEM READ: c260 / (49760) => 69 / (105)
[OP START 49760 -> 0x69 -> adc]
	REGS:
		PC: 49760 (c260)
		SP: 146 (92)
		A:  144 (90)
		X:  36 (24)
		Y:  207 (cf)
		P:  47 (2f)
		|C|Z|I|D|B|X|V|N|
		|1|1|1|1|0|1|0|0|
	ADDRESSING MODE: IMMEDIATE
	MEM READ: c261 / (49761) => 93 / (147)
	BCD START -> 90 + 93
	BCD CONVERT -> 90 + 93
	BCD SUM -> 84
[OP END @ 49761]
Done..
