[TEST 235 - 69.json]
	MEM WRITE: 30d7 / (12503) => 69 / (105)
	MEM WRITE: 30d8 / (12504) => 48 / (72)
	MEM WRITE: 30d9 / (12505) => 2 / (2)
	MEM READ: 30d7 / (12503) => 69 / (105)
[OP START 12503 -> 0x69 -> adc]
	REGS:
		PC: 12503 (30d7)
		SP: 66 (42)
		A:  143 (8f)
		X:  48 (30)
		Y:  57 (39)
		P:  175 (af)
		|C|Z|I|D|B|X|V|N|
		|1|1|1|1|0|1|0|1|
	ADDRESSING MODE: IMMEDIATE
	MEM READ: 30d8 / (12504) => 48 / (72)
	BCD START -> 8f + 48
	BCD CONVERT -> 95 + 48
	BCD SUM -> 44
[OP END @ 12504]
Done..
