[TEST 127 - 69.json]
	MEM WRITE: a9d3 / (43475) => 69 / (105)
	MEM WRITE: a9d4 / (43476) => a7 / (167)
	MEM WRITE: a9d5 / (43477) => c6 / (198)
	MEM READ: a9d3 / (43475) => 69 / (105)
[OP START 43475 -> 0x69 -> adc]
	REGS:
		PC: 43475 (a9d3)
		SP: 176 (b0)
		A:  161 (a1)
		X:  15 (f)
		Y:  178 (b2)
		P:  44 (2c)
		|C|Z|I|D|B|X|V|N|
		|0|0|1|1|0|1|0|0|
	ADDRESSING MODE: IMMEDIATE
	MEM READ: a9d4 / (43476) => a7 / (167)
	BCD START -> a1 + a7
	BCD CONVERT -> 1 + 7
	BCD SUM -> 8
[OP END @ 43476]
Done..
