[TEST 274 - 69.json]
	MEM WRITE: 6ce5 / (27877) => 69 / (105)
	MEM WRITE: 6ce6 / (27878) => cc / (204)
	MEM WRITE: 6ce7 / (27879) => a / (10)
	MEM READ: 6ce5 / (27877) => 69 / (105)
[OP START 27877 -> 0x69 -> adc]
	REGS:
		PC: 27877 (6ce5)
		SP: 197 (c5)
		A:  126 (7e)
		X:  194 (c2)
		Y:  166 (a6)
		P:  234 (ea)
		|C|Z|I|D|B|X|V|N|
		|0|1|0|1|0|1|1|1|
	ADDRESSING MODE: IMMEDIATE
	MEM READ: 6ce6 / (27878) => cc / (204)
	BCD START -> 7e + cc
	BCD CONVERT -> 84 + 32
	BCD SUM -> 16
[OP END @ 27878]
Done..
