[TEST 308 - 69.json]
	MEM WRITE: 7ca4 / (31908) => 69 / (105)
	MEM WRITE: 7ca5 / (31909) => 2b / (43)
	MEM WRITE: 7ca6 / (31910) => 84 / (132)
	MEM READ: 7ca4 / (31908) => 69 / (105)
[OP START 31908 -> 0x69 -> adc]
	REGS:
		PC: 31908 (7ca4)
		SP: 208 (d0)
		A:  146 (92)
		X:  108 (6c)
		Y:  183 (b7)
		P:  174 (ae)
		|C|Z|I|D|B|X|V|N|
		|0|1|1|1|0|1|0|1|
	ADDRESSING MODE: IMMEDIATE
	MEM READ: 7ca5 / (31909) => 2b / (43)
	BCD START -> 92 + 2b
	BCD CONVERT -> 92 + 31
	BCD SUM -> 23
[OP END @ 31909]
Done..
