[TEST 455 - 69.json]
	MEM WRITE: 743f / (29759) => 69 / (105)
	MEM WRITE: 7440 / (29760) => 29 / (41)
	MEM WRITE: 7441 / (29761) => fc / (252)
	MEM READ: 743f / (29759) => 69 / (105)
[OP START 29759 -> 0x69 -> adc]
	REGS:
		PC: 29759 (743f)
		SP: 159 (9f)
		A:  79 (4f)
		X:  176 (b0)
		Y:  37 (25)
		P:  44 (2c)
		|C|Z|I|D|B|X|V|N|
		|0|0|1|1|0|1|0|0|
	ADDRESSING MODE: IMMEDIATE
	MEM READ: 7440 / (29760) => 29 / (41)
	BCD START -> 4f + 29
	BCD CONVERT -> 55 + 29
	BCD SUM -> 84
[OP END @ 29760]
Done..
