[TEST 75 - 69.json]
	MEM WRITE: 5538 / (21816) => 69 / (105)
	MEM WRITE: 5539 / (21817) => a1 / (161)
	MEM WRITE: 553a / (21818) => 6e / (110)
	MEM READ: 5538 / (21816) => 69 / (105)
[OP START 21816 -> 0x69 -> adc]
	REGS:
		PC: 21816 (5538)
		SP: 250 (fa)
		A:  171 (ab)
		X:  134 (86)
		Y:  33 (21)
		P:  239 (ef)
		|C|Z|I|D|B|X|V|N|
		|1|1|1|1|0|1|1|1|
	ADDRESSING MODE: IMMEDIATE
	MEM READ: 5539 / (21817) => a1 / (161)
	BCD START -> ab + a1
	BCD CONVERT -> 11 + 1
	BCD SUM -> 13
[OP END @ 21817]
Done..
