[TEST 290 - 69.json]
	MEM WRITE: ef27 / (61223) => 69 / (105)
	MEM WRITE: ef28 / (61224) => 7f / (127)
	MEM WRITE: ef29 / (61225) => d5 / (213)
	MEM READ: ef27 / (61223) => 69 / (105)
[OP START 61223 -> 0x69 -> adc]
	REGS:
		PC: 61223 (ef27)
		SP: 22 (16)
		A:  250 (fa)
		X:  71 (47)
		Y:  147 (93)
		P:  106 (6a)
		|C|Z|I|D|B|X|V|N|
		|0|1|0|1|0|1|1|0|
	ADDRESSING MODE: IMMEDIATE
	MEM READ: ef28 / (61224) => 7f / (127)
	BCD START -> fa + 7f
	BCD CONVERT -> 60 + 85
	BCD SUM -> 45
[OP END @ 61224]
Done..
