[TEST 331 - 69.json]
	MEM WRITE: 6e30 / (28208) => 69 / (105)
	MEM WRITE: 6e31 / (28209) => 5c / (92)
	MEM WRITE: 6e32 / (28210) => de / (222)
	MEM READ: 6e30 / (28208) => 69 / (105)
[OP START 28208 -> 0x69 -> adc]
	REGS:
		PC: 28208 (6e30)
		SP: 104 (68)
		A:  214 (d6)
		X:  222 (de)
		Y:  174 (ae)
		P:  46 (2e)
		|C|Z|I|D|B|X|V|N|
		|0|1|1|1|0|1|0|0|
	ADDRESSING MODE: IMMEDIATE
	MEM READ: 6e31 / (28209) => 5c / (92)
	BCD START -> d6 + 5c
	BCD CONVERT -> 36 + 62
	BCD SUM -> 98
[OP END @ 28209]
Done..
