[TEST 216 - 69.json]
	MEM WRITE: 5a57 / (23127) => 69 / (105)
	MEM WRITE: 5a58 / (23128) => 19 / (25)
	MEM WRITE: 5a59 / (23129) => 5f / (95)
	MEM READ: 5a57 / (23127) => 69 / (105)
[OP START 23127 -> 0x69 -> adc]
	REGS:
		PC: 23127 (5a57)
		SP: 244 (f4)
		A:  155 (9b)
		X:  180 (b4)
		Y:  70 (46)
		P:  43 (2b)
		|C|Z|I|D|B|X|V|N|
		|1|1|0|1|0|1|0|0|
	ADDRESSING MODE: IMMEDIATE
	MEM READ: 5a58 / (23128) => 19 / (25)
	BCD START -> 9b + 19
	BCD CONVERT -> a1 + 19
	BCD SUM -> 21
[OP END @ 23128]
Done..
