[TEST 36 - 69.json]
	MEM WRITE: bc49 / (48201) => 69 / (105)
	MEM WRITE: bc4a / (48202) => 96 / (150)
	MEM WRITE: bc4b / (48203) => 2f / (47)
	MEM READ: bc49 / (48201) => 69 / (105)
[OP START 48201 -> 0x69 -> adc]
	REGS:
		PC: 48201 (bc49)
		SP: 247 (f7)
		A:  172 (ac)
		X:  58 (3a)
		Y:  64 (40)
		P:  104 (68)
		|C|Z|I|D|B|X|V|N|
		|0|0|0|1|0|1|1|0|
	ADDRESSING MODE: IMMEDIATE
	MEM READ: bc4a / (48202) => 96 / (150)
	BCD START -> ac + 96
	BCD CONVERT -> 12 + 96
	BCD SUM -> 8
[OP END @ 48202]
Done..
