[TEST 236 - 69.json]
	MEM WRITE: ebf0 / (60400) => 69 / (105)
	MEM WRITE: ebf1 / (60401) => 8c / (140)
	MEM WRITE: ebf2 / (60402) => d6 / (214)
	MEM READ: ebf0 / (60400) => 69 / (105)
[OP START 60400 -> 0x69 -> adc]
	REGS:
		PC: 60400 (ebf0)
		SP: 104 (68)
		A:  234 (ea)
		X:  67 (43)
		Y:  191 (bf)
		P:  42 (2a)
		|C|Z|I|D|B|X|V|N|
		|0|1|0|1|0|1|0|0|
	ADDRESSING MODE: IMMEDIATE
	MEM READ: ebf1 / (60401) => 8c / (140)
	BCD START -> ea + 8c
	BCD CONVERT -> 50 + 92
	BCD SUM -> 42
[OP END @ 60401]
Done..
