[TEST 304 - 69.json]
	MEM WRITE: e234 / (57908) => 69 / (105)
	MEM WRITE: e235 / (57909) => d7 / (215)
	MEM WRITE: e236 / (57910) => 5c / (92)
	MEM READ: e234 / (57908) => 69 / (105)
[OP START 57908 -> 0x69 -> adc]
	REGS:
		PC: 57908 (e234)
		SP: 175 (af)
		A:  140 (8c)
		X:  129 (81)
		Y:  44 (2c)
		P:  108 (6c)
		|C|Z|I|D|B|X|V|N|
		|0|0|1|1|0|1|1|0|
	ADDRESSING MODE: IMMEDIATE
	MEM READ: e235 / (57909) => d7 / (215)
	BCD START -> 8c + d7
	BCD CONVERT -> 92 + 37
	BCD SUM -> 29
[OP END @ 57909]
Done..
