[TEST 457 - 69.json]
	MEM WRITE: 90c5 / (37061) => 69 / (105)
	MEM WRITE: 90c6 / (37062) => 9a / (154)
	MEM WRITE: 90c7 / (37063) => 90 / (144)
	MEM READ: 90c5 / (37061) => 69 / (105)
[OP START 37061 -> 0x69 -> adc]
	REGS:
		PC: 37061 (90c5)
		SP: 60 (3c)
		A:  209 (d1)
		X:  67 (43)
		Y:  128 (80)
		P:  108 (6c)
		|C|Z|I|D|B|X|V|N|
		|0|0|1|1|0|1|1|0|
	ADDRESSING MODE: IMMEDIATE
	MEM READ: 90c6 / (37062) => 9a / (154)
	BCD START -> d1 + 9a
	BCD CONVERT -> 31 + a0
	BCD SUM -> 31
[OP END @ 37062]
Done..
