[TEST 138 - 69.json]
	MEM WRITE: b93c / (47420) => 69 / (105)
	MEM WRITE: b93d / (47421) => 1f / (31)
	MEM WRITE: b93e / (47422) => 83 / (131)
	MEM READ: b93c / (47420) => 69 / (105)
[OP START 47420 -> 0x69 -> adc]
	REGS:
		PC: 47420 (b93c)
		SP: 184 (b8)
		A:  180 (b4)
		X:  141 (8d)
		Y:  232 (e8)
		P:  46 (2e)
		|C|Z|I|D|B|X|V|N|
		|0|1|1|1|0|1|0|0|
	ADDRESSING MODE: IMMEDIATE
	MEM READ: b93d / (47421) => 1f / (31)
	BCD START -> b4 + 1f
	BCD CONVERT -> 14 + 25
	BCD SUM -> 39
[OP END @ 47421]
Done..
