[TEST 167 - 69.json]
	MEM WRITE: 93a7 / (37799) => 69 / (105)
	MEM WRITE: 93a8 / (37800) => 50 / (80)
	MEM WRITE: 93a9 / (37801) => cf / (207)
	MEM READ: 93a7 / (37799) => 69 / (105)
[OP START 37799 -> 0x69 -> adc]
	REGS:
		PC: 37799 (93a7)
		SP: 26 (1a)
		A:  161 (a1)
		X:  77 (4d)
		Y:  207 (cf)
		P:  238 (ee)
		|C|Z|I|D|B|X|V|N|
		|0|1|1|1|0|1|1|1|
	ADDRESSING MODE: IMMEDIATE
	MEM READ: 93a8 / (37800) => 50 / (80)
	BCD START -> a1 + 50
	BCD CONVERT -> 1 + 50
	BCD SUM -> 51
[OP END @ 37800]
Done..
