[TEST 359 - 69.json]
	MEM WRITE: 2f94 / (12180) => 69 / (105)
	MEM WRITE: 2f95 / (12181) => d7 / (215)
	MEM WRITE: 2f96 / (12182) => 1 / (1)
	MEM READ: 2f94 / (12180) => 69 / (105)
[OP START 12180 -> 0x69 -> adc]
	REGS:
		PC: 12180 (2f94)
		SP: 232 (e8)
		A:  112 (70)
		X:  87 (57)
		Y:  39 (27)
		P:  41 (29)
		|C|Z|I|D|B|X|V|N|
		|1|0|0|1|0|1|0|0|
	ADDRESSING MODE: IMMEDIATE
	MEM READ: 2f95 / (12181) => d7 / (215)
	BCD START -> 70 + d7
	BCD CONVERT -> 70 + 37
	BCD SUM -> 8
[OP END @ 12181]
Done..
