[TEST 358 - 69.json]
	MEM WRITE: bada / (47834) => 69 / (105)
	MEM WRITE: badb / (47835) => 28 / (40)
	MEM WRITE: badc / (47836) => 81 / (129)
	MEM READ: bada / (47834) => 69 / (105)
[OP START 47834 -> 0x69 -> adc]
	REGS:
		PC: 47834 (bada)
		SP: 33 (21)
		A:  119 (77)
		X:  225 (e1)
		Y:  251 (fb)
		P:  46 (2e)
		|C|Z|I|D|B|X|V|N|
		|0|1|1|1|0|1|0|0|
	ADDRESSING MODE: IMMEDIATE
	MEM READ: badb / (47835) => 28 / (40)
	BCD START -> 77 + 28
	BCD CONVERT -> 77 + 28
	BCD SUM -> 5
[OP END @ 47835]
Done..
