[TEST 152 - 69.json]
	MEM WRITE: 5e02 / (24066) => 69 / (105)
	MEM WRITE: 5e03 / (24067) => 8c / (140)
	MEM WRITE: 5e04 / (24068) => 85 / (133)
	MEM READ: 5e02 / (24066) => 69 / (105)
[OP START 24066 -> 0x69 -> adc]
	REGS:
		PC: 24066 (5e02)
		SP: 9 (9)
		A:  23 (17)
		X:  72 (48)
		Y:  20 (14)
		P:  239 (ef)
		|C|Z|I|D|B|X|V|N|
		|1|1|1|1|0|1|1|1|
	ADDRESSING MODE: IMMEDIATE
	MEM READ: 5e03 / (24067) => 8c / (140)
	BCD START -> 17 + 8c
	BCD CONVERT -> 17 + 92
	BCD SUM -> a
[OP END @ 24067]
Done..
