[TEST 40 - 69.json]
	MEM WRITE: 8ef0 / (36592) => 69 / (105)
	MEM WRITE: 8ef1 / (36593) => 51 / (81)
	MEM WRITE: 8ef2 / (36594) => 70 / (112)
	MEM READ: 8ef0 / (36592) => 69 / (105)
[OP START 36592 -> 0x69 -> adc]
	REGS:
		PC: 36592 (8ef0)
		SP: 133 (85)
		A:  145 (91)
		X:  248 (f8)
		Y:  133 (85)
		P:  170 (aa)
		|C|Z|I|D|B|X|V|N|
		|0|1|0|1|0|1|0|1|
	ADDRESSING MODE: IMMEDIATE
	MEM READ: 8ef1 / (36593) => 51 / (81)
	BCD START -> 91 + 51
	BCD CONVERT -> 91 + 51
	BCD SUM -> 42
[OP END @ 36593]
Done..
