[TEST 55 - 69.json]
	MEM WRITE: bbf9 / (48121) => 69 / (105)
	MEM WRITE: bbfa / (48122) => c8 / (200)
	MEM WRITE: bbfb / (48123) => 8e / (142)
	MEM READ: bbf9 / (48121) => 69 / (105)
[OP START 48121 -> 0x69 -> adc]
	REGS:
		PC: 48121 (bbf9)
		SP: 136 (88)
		A:  235 (eb)
		X:  26 (1a)
		Y:  8 (8)
		P:  173 (ad)
		|C|Z|I|D|B|X|V|N|
		|1|0|1|1|0|1|0|1|
	ADDRESSING MODE: IMMEDIATE
	MEM READ: bbfa / (48122) => c8 / (200)
	BCD START -> eb + c8
	BCD CONVERT -> 51 + 28
	BCD SUM -> 7a
[OP END @ 48122]
Done..
