[TEST 12 - 69.json]
	MEM WRITE: 413b / (16699) => 69 / (105)
	MEM WRITE: 413c / (16700) => d6 / (214)
	MEM WRITE: 413d / (16701) => f9 / (249)
	MEM READ: 413b / (16699) => 69 / (105)
[OP START 16699 -> 0x69 -> adc]
	REGS:
		PC: 16699 (413b)
		SP: 97 (61)
		A:  103 (67)
		X:  161 (a1)
		Y:  154 (9a)
		P:  236 (ec)
		|C|Z|I|D|B|X|V|N|
		|0|0|1|1|0|1|1|1|
	ADDRESSING MODE: IMMEDIATE
	MEM READ: 413c / (16700) => d6 / (214)
	BCD START -> 67 + d6
	BCD CONVERT -> 67 + 36
	BCD SUM -> 3
[OP END @ 16700]
Done..
