[TEST 157 - 69.json]
	MEM WRITE: a4ff / (42239) => 69 / (105)
	MEM WRITE: a500 / (42240) => b / (11)
	MEM WRITE: a501 / (42241) => 8e / (142)
	MEM READ: a4ff / (42239) => 69 / (105)
[OP START 42239 -> 0x69 -> adc]
	REGS:
		PC: 42239 (a4ff)
		SP: 100 (64)
		A:  185 (b9)
		X:  228 (e4)
		Y:  11 (b)
		P:  110 (6e)
		|C|Z|I|D|B|X|V|N|
		|0|1|1|1|0|1|1|0|
	ADDRESSING MODE: IMMEDIATE
	MEM READ: a500 / (42240) => b / (11)
	BCD START -> b9 + b
	BCD CONVERT -> 19 + 11
	BCD SUM -> 30
[OP END @ 42240]
Done..
