[TEST 272 - 69.json]
	MEM WRITE: a1ec / (41452) => 69 / (105)
	MEM WRITE: a1ed / (41453) => bb / (187)
	MEM WRITE: a1ee / (41454) => d8 / (216)
	MEM READ: a1ec / (41452) => 69 / (105)
[OP START 41452 -> 0x69 -> adc]
	REGS:
		PC: 41452 (a1ec)
		SP: 21 (15)
		A:  177 (b1)
		X:  71 (47)
		Y:  17 (11)
		P:  238 (ee)
		|C|Z|I|D|B|X|V|N|
		|0|1|1|1|0|1|1|1|
	ADDRESSING MODE: IMMEDIATE
	MEM READ: a1ed / (41453) => bb / (187)
	BCD START -> b1 + bb
	BCD CONVERT -> 11 + 21
	BCD SUM -> 32
[OP END @ 41453]
Done..
