[TEST 329 - 69.json]
	MEM WRITE: eaaf / (60079) => 69 / (105)
	MEM WRITE: eab0 / (60080) => c7 / (199)
	MEM WRITE: eab1 / (60081) => 5e / (94)
	MEM READ: eaaf / (60079) => 69 / (105)
[OP START 60079 -> 0x69 -> adc]
	REGS:
		PC: 60079 (eaaf)
		SP: 180 (b4)
		A:  172 (ac)
		X:  177 (b1)
		Y:  104 (68)
		P:  41 (29)
		|C|Z|I|D|B|X|V|N|
		|1|0|0|1|0|1|0|0|
	ADDRESSING MODE: IMMEDIATE
	MEM READ: eab0 / (60080) => c7 / (199)
	BCD START -> ac + c7
	BCD CONVERT -> 12 + 27
	BCD SUM -> 3a
[OP END @ 60080]
Done..
