[TEST 81 - 69.json]
	MEM WRITE: 8d80 / (36224) => 69 / (105)
	MEM WRITE: 8d81 / (36225) => f8 / (248)
	MEM WRITE: 8d82 / (36226) => 4f / (79)
	MEM READ: 8d80 / (36224) => 69 / (105)
[OP START 36224 -> 0x69 -> adc]
	REGS:
		PC: 36224 (8d80)
		SP: 107 (6b)
		A:  14 (e)
		X:  109 (6d)
		Y:  94 (5e)
		P:  105 (69)
		|C|Z|I|D|B|X|V|N|
		|1|0|0|1|0|1|1|0|
	ADDRESSING MODE: IMMEDIATE
	MEM READ: 8d81 / (36225) => f8 / (248)
	BCD START -> e + f8
	BCD CONVERT -> 14 + 58
	BCD SUM -> 73
[OP END @ 36225]
Done..
