[TEST 477 - 69.json]
	MEM WRITE: 998a / (39306) => 69 / (105)
	MEM WRITE: 998b / (39307) => c5 / (197)
	MEM WRITE: 998c / (39308) => 90 / (144)
	MEM READ: 998a / (39306) => 69 / (105)
[OP START 39306 -> 0x69 -> adc]
	REGS:
		PC: 39306 (998a)
		SP: 34 (22)
		A:  206 (ce)
		X:  194 (c2)
		Y:  197 (c5)
		P:  47 (2f)
		|C|Z|I|D|B|X|V|N|
		|1|1|1|1|0|1|0|0|
	ADDRESSING MODE: IMMEDIATE
	MEM READ: 998b / (39307) => c5 / (197)
	BCD START -> ce + c5
	BCD CONVERT -> 34 + 25
	BCD SUM -> 5a
[OP END @ 39307]
Done..
