[TEST 13 - 69.json]
	MEM WRITE: fe6b / (65131) => 69 / (105)
	MEM WRITE: fe6c / (65132) => 54 / (84)
	MEM WRITE: fe6d / (65133) => 20 / (32)
	MEM READ: fe6b / (65131) => 69 / (105)
[OP START 65131 -> 0x69 -> adc]
	REGS:
		PC: 65131 (fe6b)
		SP: 98 (62)
		A:  219 (db)
		X:  253 (fd)
		Y:  193 (c1)
		P:  106 (6a)
		|C|Z|I|D|B|X|V|N|
		|0|1|0|1|0|1|1|0|
	ADDRESSING MODE: IMMEDIATE
	MEM READ: fe6c / (65132) => 54 / (84)
	BCD START -> db + 54
	BCD CONVERT -> 41 + 54
	BCD SUM -> 95
[OP END @ 65132]
Done..
