[TEST 194 - 69.json]
	MEM WRITE: b368 / (45928) => 69 / (105)
	MEM WRITE: b369 / (45929) => 4d / (77)
	MEM WRITE: b36a / (45930) => f4 / (244)
	MEM READ: b368 / (45928) => 69 / (105)
[OP START 45928 -> 0x69 -> adc]
	REGS:
		PC: 45928 (b368)
		SP: 181 (b5)
		A:  94 (5e)
		X:  34 (22)
		Y:  112 (70)
		P:  41 (29)
		|C|Z|I|D|B|X|V|N|
		|1|0|0|1|0|1|0|0|
	ADDRESSING MODE: IMMEDIATE
	MEM READ: b369 / (45929) => 4d / (77)
	BCD START -> 5e + 4d
	BCD CONVERT -> 64 + 53
	BCD SUM -> 18
[OP END @ 45929]
Done..
