[TEST 41 - 69.json]
	MEM WRITE: dbfa / (56314) => 69 / (105)
	MEM WRITE: dbfb / (56315) => b5 / (181)
	MEM WRITE: dbfc / (56316) => c8 / (200)
	MEM READ: dbfa / (56314) => 69 / (105)
[OP START 56314 -> 0x69 -> adc]
	REGS:
		PC: 56314 (dbfa)
		SP: 79 (4f)
		A:  184 (b8)
		X:  117 (75)
		Y:  46 (2e)
		P:  45 (2d)
		|C|Z|I|D|B|X|V|N|
		|1|0|1|1|0|1|0|0|
	ADDRESSING MODE: IMMEDIATE
	MEM READ: dbfb / (56315) => b5 / (181)
	BCD START -> b8 + b5
	BCD CONVERT -> 18 + 15
	BCD SUM -> 34
[OP END @ 56315]
Done..
