[TEST 75 - 69.json]
	MEM WRITE: e83e / (59454) => 69 / (105)
	MEM WRITE: e83f / (59455) => a / (10)
	MEM WRITE: e840 / (59456) => e7 / (231)
	MEM READ: e83e / (59454) => 69 / (105)
[OP START 59454 -> 0x69 -> adc]
	REGS:
		PC: 59454 (e83e)
		SP: 229 (e5)
		A:  42 (2a)
		X:  216 (d8)
		Y:  43 (2b)
		P:  171 (ab)
		|C|Z|I|D|B|X|V|N|
		|1|1|0|1|0|1|0|1|
	ADDRESSING MODE: IMMEDIATE
	MEM READ: e83f / (59455) => a / (10)
	BCD START -> 2a + a
	BCD CONVERT -> 30 + 10
	BCD SUM -> 41
[OP END @ 59455]
Done..
