[TEST 354 - 69.json]
	MEM WRITE: 4560 / (17760) => 69 / (105)
	MEM WRITE: 4561 / (17761) => be / (190)
	MEM WRITE: 4562 / (17762) => 27 / (39)
	MEM READ: 4560 / (17760) => 69 / (105)
[OP START 17760 -> 0x69 -> adc]
	REGS:
		PC: 17760 (4560)
		SP: 161 (a1)
		A:  148 (94)
		X:  150 (96)
		Y:  109 (6d)
		P:  232 (e8)
		|C|Z|I|D|B|X|V|N|
		|0|0|0|1|0|1|1|1|
	ADDRESSING MODE: IMMEDIATE
	MEM READ: 4561 / (17761) => be / (190)
	BCD START -> 94 + be
	BCD CONVERT -> 94 + 24
	BCD SUM -> 18
[OP END @ 17761]
Done..
