[TEST 474 - 69.json]
	MEM WRITE: 2548 / (9544) => 69 / (105)
	MEM WRITE: 2549 / (9545) => 14 / (20)
	MEM WRITE: 254a / (9546) => d2 / (210)
	MEM READ: 2548 / (9544) => 69 / (105)
[OP START 9544 -> 0x69 -> adc]
	REGS:
		PC: 9544 (2548)
		SP: 134 (86)
		A:  176 (b0)
		X:  142 (8e)
		Y:  177 (b1)
		P:  235 (eb)
		|C|Z|I|D|B|X|V|N|
		|1|1|0|1|0|1|1|1|
	ADDRESSING MODE: IMMEDIATE
	MEM READ: 2549 / (9545) => 14 / (20)
	BCD START -> b0 + 14
	BCD CONVERT -> 10 + 14
	BCD SUM -> 25
[OP END @ 9545]
Done..
