[TEST 77 - 69.json]
	MEM WRITE: f3b8 / (62392) => 69 / (105)
	MEM WRITE: f3b9 / (62393) => 9e / (158)
	MEM WRITE: f3ba / (62394) => 2c / (44)
	MEM READ: f3b8 / (62392) => 69 / (105)
[OP START 62392 -> 0x69 -> adc]
	REGS:
		PC: 62392 (f3b8)
		SP: 71 (47)
		A:  131 (83)
		X:  92 (5c)
		Y:  188 (bc)
		P:  175 (af)
		|C|Z|I|D|B|X|V|N|
		|1|1|1|1|0|1|0|1|
	ADDRESSING MODE: IMMEDIATE
	MEM READ: f3b9 / (62393) => 9e / (158)
	BCD START -> 83 + 9e
	BCD CONVERT -> 83 + a4
	BCD SUM -> 88
[OP END @ 62393]
Done..
