[TEST 436 - 69.json]
	MEM WRITE: c319 / (49945) => 69 / (105)
	MEM WRITE: c31a / (49946) => 2e / (46)
	MEM WRITE: c31b / (49947) => 53 / (83)
	MEM READ: c319 / (49945) => 69 / (105)
[OP START 49945 -> 0x69 -> adc]
	REGS:
		PC: 49945 (c319)
		SP: 166 (a6)
		A:  29 (1d)
		X:  75 (4b)
		Y:  99 (63)
		P:  168 (a8)
		|C|Z|I|D|B|X|V|N|
		|0|0|0|1|0|1|0|1|
	ADDRESSING MODE: IMMEDIATE
	MEM READ: c31a / (49946) => 2e / (46)
	BCD START -> 1d + 2e
	BCD CONVERT -> 23 + 34
	BCD SUM -> 57
[OP END @ 49946]
Done..
