[TEST 197 - 69.json]
	MEM WRITE: e662 / (58978) => 69 / (105)
	MEM WRITE: e663 / (58979) => bc / (188)
	MEM WRITE: e664 / (58980) => 4 / (4)
	MEM READ: e662 / (58978) => 69 / (105)
[OP START 58978 -> 0x69 -> adc]
	REGS:
		PC: 58978 (e662)
		SP: 212 (d4)
		A:  212 (d4)
		X:  195 (c3)
		Y:  116 (74)
		P:  40 (28)
		|C|Z|I|D|B|X|V|N|
		|0|0|0|1|0|1|0|0|
	ADDRESSING MODE: IMMEDIATE
	MEM READ: e663 / (58979) => bc / (188)
	BCD START -> d4 + bc
	BCD CONVERT -> 34 + 22
	BCD SUM -> 56
[OP END @ 58979]
Done..
