[TEST 240 - 69.json]
	MEM WRITE: 811a / (33050) => 69 / (105)
	MEM WRITE: 811b / (33051) => d3 / (211)
	MEM WRITE: 811c / (33052) => 1 / (1)
	MEM READ: 811a / (33050) => 69 / (105)
[OP START 33050 -> 0x69 -> adc]
	REGS:
		PC: 33050 (811a)
		SP: 79 (4f)
		A:  35 (23)
		X:  43 (2b)
		Y:  187 (bb)
		P:  170 (aa)
		|C|Z|I|D|B|X|V|N|
		|0|1|0|1|0|1|0|1|
	ADDRESSING MODE: IMMEDIATE
	MEM READ: 811b / (33051) => d3 / (211)
	BCD START -> 23 + d3
	BCD CONVERT -> 23 + 33
	BCD SUM -> 56
[OP END @ 33051]
Done..
