[TEST 221 - 69.json]
	MEM WRITE: c791 / (51089) => 69 / (105)
	MEM WRITE: c792 / (51090) => 38 / (56)
	MEM WRITE: c793 / (51091) => fa / (250)
	MEM READ: c791 / (51089) => 69 / (105)
[OP START 51089 -> 0x69 -> adc]
	REGS:
		PC: 51089 (c791)
		SP: 74 (4a)
		A:  116 (74)
		X:  209 (d1)
		Y:  96 (60)
		P:  169 (a9)
		|C|Z|I|D|B|X|V|N|
		|1|0|0|1|0|1|0|1|
	ADDRESSING MODE: IMMEDIATE
	MEM READ: c792 / (51090) => 38 / (56)
	BCD START -> 74 + 38
	BCD CONVERT -> 74 + 38
	BCD SUM -> 13
[OP END @ 51090]
Done..
