[TEST 462 - 69.json]
	MEM WRITE: b7c7 / (47047) => 69 / (105)
	MEM WRITE: b7c8 / (47048) => 8e / (142)
	MEM WRITE: b7c9 / (47049) => 6f / (111)
	MEM READ: b7c7 / (47047) => 69 / (105)
[OP START 47047 -> 0x69 -> adc]
	REGS:
		PC: 47047 (b7c7)
		SP: 255 (ff)
		A:  165 (a5)
		X:  151 (97)
		Y:  109 (6d)
		P:  238 (ee)
		|C|Z|I|D|B|X|V|N|
		|0|1|1|1|0|1|1|1|
	ADDRESSING MODE: IMMEDIATE
	MEM READ: b7c8 / (47048) => 8e / (142)
	BCD START -> a5 + 8e
	BCD CONVERT -> 5 + 94
	BCD SUM -> 99
[OP END @ 47048]
Done..
