[TEST 93 - 69.json]
	MEM WRITE: 6c59 / (27737) => 69 / (105)
	MEM WRITE: 6c5a / (27738) => 6c / (108)
	MEM WRITE: 6c5b / (27739) => 4c / (76)
	MEM READ: 6c59 / (27737) => 69 / (105)
[OP START 27737 -> 0x69 -> adc]
	REGS:
		PC: 27737 (6c59)
		SP: 173 (ad)
		A:  72 (48)
		X:  200 (c8)
		Y:  186 (ba)
		P:  171 (ab)
		|C|Z|I|D|B|X|V|N|
		|1|1|0|1|0|1|0|1|
	ADDRESSING MODE: IMMEDIATE
	MEM READ: 6c5a / (27738) => 6c / (108)
	BCD START -> 48 + 6c
	BCD CONVERT -> 48 + 72
	BCD SUM -> 21
[OP END @ 27738]
Done..
