[TEST 484 - 69.json]
	MEM WRITE: 3df2 / (15858) => 69 / (105)
	MEM WRITE: 3df3 / (15859) => d4 / (212)
	MEM WRITE: 3df4 / (15860) => 47 / (71)
	MEM READ: 3df2 / (15858) => 69 / (105)
[OP START 15858 -> 0x69 -> adc]
	REGS:
		PC: 15858 (3df2)
		SP: 3 (3)
		A:  48 (30)
		X:  120 (78)
		Y:  253 (fd)
		P:  168 (a8)
		|C|Z|I|D|B|X|V|N|
		|0|0|0|1|0|1|0|1|
	ADDRESSING MODE: IMMEDIATE
	MEM READ: 3df3 / (15859) => d4 / (212)
	BCD START -> 30 + d4
	BCD CONVERT -> 30 + 34
	BCD SUM -> 64
[OP END @ 15859]
Done..
