[TEST 72 - 69.json]
	MEM WRITE: baff / (47871) => 69 / (105)
	MEM WRITE: bb00 / (47872) => b / (11)
	MEM WRITE: bb01 / (47873) => 1f / (31)
	MEM READ: baff / (47871) => 69 / (105)
[OP START 47871 -> 0x69 -> adc]
	REGS:
		PC: 47871 (baff)
		SP: 232 (e8)
		A:  33 (21)
		X:  166 (a6)
		Y:  200 (c8)
		P:  239 (ef)
		|C|Z|I|D|B|X|V|N|
		|1|1|1|1|0|1|1|1|
	ADDRESSING MODE: IMMEDIATE
	MEM READ: bb00 / (47872) => b / (11)
	BCD START -> 21 + b
	BCD CONVERT -> 21 + 11
	BCD SUM -> 33
[OP END @ 47872]
Done..
