[TEST 458 - 69.json]
	MEM WRITE: 6b2e / (27438) => 69 / (105)
	MEM WRITE: 6b2f / (27439) => 48 / (72)
	MEM WRITE: 6b30 / (27440) => 11 / (17)
	MEM READ: 6b2e / (27438) => 69 / (105)
[OP START 27438 -> 0x69 -> adc]
	REGS:
		PC: 27438 (6b2e)
		SP: 250 (fa)
		A:  222 (de)
		X:  128 (80)
		Y:  227 (e3)
		P:  175 (af)
		|C|Z|I|D|B|X|V|N|
		|1|1|1|1|0|1|0|1|
	ADDRESSING MODE: IMMEDIATE
	MEM READ: 6b2f / (27439) => 48 / (72)
	BCD START -> de + 48
	BCD CONVERT -> 44 + 48
	BCD SUM -> 93
[OP END @ 27439]
Done..
