[TEST 310 - 69.json]
	MEM WRITE: c49b / (50331) => 69 / (105)
	MEM WRITE: c49c / (50332) => 28 / (40)
	MEM WRITE: c49d / (50333) => c0 / (192)
	MEM READ: c49b / (50331) => 69 / (105)
[OP START 50331 -> 0x69 -> adc]
	REGS:
		PC: 50331 (c49b)
		SP: 143 (8f)
		A:  52 (34)
		X:  252 (fc)
		Y:  67 (43)
		P:  107 (6b)
		|C|Z|I|D|B|X|V|N|
		|1|1|0|1|0|1|1|0|
	ADDRESSING MODE: IMMEDIATE
	MEM READ: c49c / (50332) => 28 / (40)
	BCD START -> 34 + 28
	BCD CONVERT -> 34 + 28
	BCD SUM -> 63
[OP END @ 50332]
Done..
