[TEST 52 - 69.json]
	MEM WRITE: f9c5 / (63941) => 69 / (105)
	MEM WRITE: f9c6 / (63942) => 8c / (140)
	MEM WRITE: f9c7 / (63943) => 6c / (108)
	MEM READ: f9c5 / (63941) => 69 / (105)
[OP START 63941 -> 0x69 -> adc]
	REGS:
		PC: 63941 (f9c5)
		SP: 155 (9b)
		A:  226 (e2)
		X:  95 (5f)
		Y:  201 (c9)
		P:  110 (6e)
		|C|Z|I|D|B|X|V|N|
		|0|1|1|1|0|1|1|0|
	ADDRESSING MODE: IMMEDIATE
	MEM READ: f9c6 / (63942) => 8c / (140)
	BCD START -> e2 + 8c
	BCD CONVERT -> 42 + 92
	BCD SUM -> 34
[OP END @ 63942]
Done..
