[TEST 415 - 69.json]
	MEM WRITE: d319 / (54041) => 69 / (105)
	MEM WRITE: d31a / (54042) => 4f / (79)
	MEM WRITE: d31b / (54043) => ea / (234)
	MEM READ: d319 / (54041) => 69 / (105)
[OP START 54041 -> 0x69 -> adc]
	REGS:
		PC: 54041 (d319)
		SP: 221 (dd)
		A:  76 (4c)
		X:  228 (e4)
		Y:  153 (99)
		P:  233 (e9)
		|C|Z|I|D|B|X|V|N|
		|1|0|0|1|0|1|1|1|
	ADDRESSING MODE: IMMEDIATE
	MEM READ: d31a / (54042) => 4f / (79)
	BCD START -> 4c + 4f
	BCD CONVERT -> 52 + 55
	BCD SUM -> 8
[OP END @ 54042]
Done..
