[TEST 338 - 69.json]
	MEM WRITE: 68f0 / (26864) => 69 / (105)
	MEM WRITE: 68f1 / (26865) => 41 / (65)
	MEM WRITE: 68f2 / (26866) => 5f / (95)
	MEM READ: 68f0 / (26864) => 69 / (105)
[OP START 26864 -> 0x69 -> adc]
	REGS:
		PC: 26864 (68f0)
		SP: 148 (94)
		A:  11 (b)
		X:  164 (a4)
		Y:  249 (f9)
		P:  171 (ab)
		|C|Z|I|D|B|X|V|N|
		|1|1|0|1|0|1|0|1|
	ADDRESSING MODE: IMMEDIATE
	MEM READ: 68f1 / (26865) => 41 / (65)
	BCD START -> b + 41
	BCD CONVERT -> 11 + 41
	BCD SUM -> 53
[OP END @ 26865]
Done..
