[TEST 305 - 69.json]
	MEM WRITE: a8e5 / (43237) => 69 / (105)
	MEM WRITE: a8e6 / (43238) => ef / (239)
	MEM WRITE: a8e7 / (43239) => 38 / (56)
	MEM READ: a8e5 / (43237) => 69 / (105)
[OP START 43237 -> 0x69 -> adc]
	REGS:
		PC: 43237 (a8e5)
		SP: 154 (9a)
		A:  170 (aa)
		X:  169 (a9)
		Y:  72 (48)
		P:  108 (6c)
		|C|Z|I|D|B|X|V|N|
		|0|0|1|1|0|1|1|0|
	ADDRESSING MODE: IMMEDIATE
	MEM READ: a8e6 / (43238) => ef / (239)
	BCD START -> aa + ef
	BCD CONVERT -> 10 + 55
	BCD SUM -> 65
[OP END @ 43238]
Done..
