[TEST 448 - 69.json]
	MEM WRITE: 2a9c / (10908) => 69 / (105)
	MEM WRITE: 2a9d / (10909) => 7d / (125)
	MEM WRITE: 2a9e / (10910) => de / (222)
	MEM READ: 2a9c / (10908) => 69 / (105)
[OP START 10908 -> 0x69 -> adc]
	REGS:
		PC: 10908 (2a9c)
		SP: 10 (a)
		A:  128 (80)
		X:  125 (7d)
		Y:  5 (5)
		P:  170 (aa)
		|C|Z|I|D|B|X|V|N|
		|0|1|0|1|0|1|0|1|
	ADDRESSING MODE: IMMEDIATE
	MEM READ: 2a9d / (10909) => 7d / (125)
	BCD START -> 80 + 7d
	BCD CONVERT -> 80 + 83
	BCD SUM -> 63
[OP END @ 10909]
Done..
