[TEST 460 - 69.json]
	MEM WRITE: a6d6 / (42710) => 69 / (105)
	MEM WRITE: a6d7 / (42711) => 9f / (159)
	MEM WRITE: a6d8 / (42712) => de / (222)
	MEM READ: a6d6 / (42710) => 69 / (105)
[OP START 42710 -> 0x69 -> adc]
	REGS:
		PC: 42710 (a6d6)
		SP: 220 (dc)
		A:  152 (98)
		X:  217 (d9)
		Y:  202 (ca)
		P:  47 (2f)
		|C|Z|I|D|B|X|V|N|
		|1|1|1|1|0|1|0|0|
	ADDRESSING MODE: IMMEDIATE
	MEM READ: a6d7 / (42711) => 9f / (159)
	BCD START -> 98 + 9f
	BCD CONVERT -> 98 + a5
	BCD SUM -> a4
[OP END @ 42711]
Done..
