[TEST 459 - 69.json]
	MEM WRITE: cf3f / (53055) => 69 / (105)
	MEM WRITE: cf40 / (53056) => ea / (234)
	MEM WRITE: cf41 / (53057) => a9 / (169)
	MEM READ: cf3f / (53055) => 69 / (105)
[OP START 53055 -> 0x69 -> adc]
	REGS:
		PC: 53055 (cf3f)
		SP: 173 (ad)
		A:  144 (90)
		X:  216 (d8)
		Y:  5 (5)
		P:  110 (6e)
		|C|Z|I|D|B|X|V|N|
		|0|1|1|1|0|1|1|0|
	ADDRESSING MODE: IMMEDIATE
	MEM READ: cf40 / (53056) => ea / (234)
	BCD START -> 90 + ea
	BCD CONVERT -> 90 + 50
	BCD SUM -> 40
[OP END @ 53056]
Done..
