[TEST 91 - 69.json]
	MEM WRITE: c055 / (49237) => 69 / (105)
	MEM WRITE: c056 / (49238) => 29 / (41)
	MEM WRITE: c057 / (49239) => 99 / (153)
	MEM READ: c055 / (49237) => 69 / (105)
[OP START 49237 -> 0x69 -> adc]
	REGS:
		PC: 49237 (c055)
		SP: 29 (1d)
		A:  217 (d9)
		X:  166 (a6)
		Y:  65 (41)
		P:  40 (28)
		|C|Z|I|D|B|X|V|N|
		|0|0|0|1|0|1|0|0|
	ADDRESSING MODE: IMMEDIATE
	MEM READ: c056 / (49238) => 29 / (41)
	BCD START -> d9 + 29
	BCD CONVERT -> 39 + 29
	BCD SUM -> 68
[OP END @ 49238]
Done..
