[TEST 463 - 69.json]
	MEM WRITE: 4f27 / (20263) => 69 / (105)
	MEM WRITE: 4f28 / (20264) => 57 / (87)
	MEM WRITE: 4f29 / (20265) => 9b / (155)
	MEM READ: 4f27 / (20263) => 69 / (105)
[OP START 20263 -> 0x69 -> adc]
	REGS:
		PC: 20263 (4f27)
		SP: 12 (c)
		A:  0 (0)
		X:  254 (fe)
		Y:  198 (c6)
		P:  42 (2a)
		|C|Z|I|D|B|X|V|N|
		|0|1|0|1|0|1|0|0|
	ADDRESSING MODE: IMMEDIATE
	MEM READ: 4f28 / (20264) => 57 / (87)
	BCD START -> 0 + 57
	BCD CONVERT -> 0 + 57
	BCD SUM -> 57
[OP END @ 20264]
Done..
