[TEST 63 - 69.json]
	MEM WRITE: 6f7f / (28543) => 69 / (105)
	MEM WRITE: 6f80 / (28544) => 68 / (104)
	MEM WRITE: 6f81 / (28545) => a4 / (164)
	MEM READ: 6f7f / (28543) => 69 / (105)
[OP START 28543 -> 0x69 -> adc]
	REGS:
		PC: 28543 (6f7f)
		SP: 55 (37)
		A:  175 (af)
		X:  160 (a0)
		Y:  33 (21)
		P:  169 (a9)
		|C|Z|I|D|B|X|V|N|
		|1|0|0|1|0|1|0|1|
	ADDRESSING MODE: IMMEDIATE
	MEM READ: 6f80 / (28544) => 68 / (104)
	BCD START -> af + 68
	BCD CONVERT -> 15 + 68
	BCD SUM -> 84
[OP END @ 28544]
Done..
