[TEST 273 - 69.json]
	MEM WRITE: c425 / (50213) => 69 / (105)
	MEM WRITE: c426 / (50214) => 1b / (27)
	MEM WRITE: c427 / (50215) => 4d / (77)
	MEM READ: c425 / (50213) => 69 / (105)
[OP START 50213 -> 0x69 -> adc]
	REGS:
		PC: 50213 (c425)
		SP: 73 (49)
		A:  72 (48)
		X:  165 (a5)
		Y:  244 (f4)
		P:  172 (ac)
		|C|Z|I|D|B|X|V|N|
		|0|0|1|1|0|1|0|1|
	ADDRESSING MODE: IMMEDIATE
	MEM READ: c426 / (50214) => 1b / (27)
	BCD START -> 48 + 1b
	BCD CONVERT -> 48 + 21
	BCD SUM -> 69
[OP END @ 50214]
Done..
