[TEST 431 - 69.json]
	MEM WRITE: 5548 / (21832) => 69 / (105)
	MEM WRITE: 5549 / (21833) => 91 / (145)
	MEM WRITE: 554a / (21834) => 41 / (65)
	MEM READ: 5548 / (21832) => 69 / (105)
[OP START 21832 -> 0x69 -> adc]
	REGS:
		PC: 21832 (5548)
		SP: 129 (81)
		A:  58 (3a)
		X:  144 (90)
		Y:  45 (2d)
		P:  45 (2d)
		|C|Z|I|D|B|X|V|N|
		|1|0|1|1|0|1|0|0|
	ADDRESSING MODE: IMMEDIATE
	MEM READ: 5549 / (21833) => 91 / (145)
	BCD START -> 3a + 91
	BCD CONVERT -> 40 + 91
	BCD SUM -> 32
[OP END @ 21833]
Done..
