[TEST 276 - 69.json]
	MEM WRITE: 7d9a / (32154) => 69 / (105)
	MEM WRITE: 7d9b / (32155) => 1f / (31)
	MEM WRITE: 7d9c / (32156) => 48 / (72)
	MEM READ: 7d9a / (32154) => 69 / (105)
[OP START 32154 -> 0x69 -> adc]
	REGS:
		PC: 32154 (7d9a)
		SP: 132 (84)
		A:  170 (aa)
		X:  81 (51)
		Y:  191 (bf)
		P:  41 (29)
		|C|Z|I|D|B|X|V|N|
		|1|0|0|1|0|1|0|0|
	ADDRESSING MODE: IMMEDIATE
	MEM READ: 7d9b / (32155) => 1f / (31)
	BCD START -> aa + 1f
	BCD CONVERT -> 10 + 25
	BCD SUM -> 36
[OP END @ 32155]
Done..
