[TEST 341 - 69.json]
	MEM WRITE: 9118 / (37144) => 69 / (105)
	MEM WRITE: 9119 / (37145) => 1 / (1)
	MEM WRITE: 911a / (37146) => eb / (235)
	MEM READ: 9118 / (37144) => 69 / (105)
[OP START 37144 -> 0x69 -> adc]
	REGS:
		PC: 37144 (9118)
		SP: 64 (40)
		A:  183 (b7)
		X:  143 (8f)
		Y:  117 (75)
		P:  46 (2e)
		|C|Z|I|D|B|X|V|N|
		|0|1|1|1|0|1|0|0|
	ADDRESSING MODE: IMMEDIATE
	MEM READ: 9119 / (37145) => 1 / (1)
	BCD START -> b7 + 1
	BCD CONVERT -> 17 + 1
	BCD SUM -> 18
[OP END @ 37145]
Done..
