[TEST 621 - 69.json]
	MEM WRITE: 9c37 / (39991) => 69 / (105)
	MEM WRITE: 9c38 / (39992) => 55 / (85)
	MEM WRITE: 9c39 / (39993) => 87 / (135)
	MEM READ: 9c37 / (39991) => 69 / (105)
[OP START 39991 -> 0x69 -> adc]
	REGS:
		PC: 39991 (9c37)
		SP: 228 (e4)
		A:  57 (39)
		X:  217 (d9)
		Y:  221 (dd)
		P:  106 (6a)
		|C|Z|I|D|B|X|V|N|
		|0|1|0|1|0|1|1|0|
	ADDRESSING MODE: IMMEDIATE
	MEM READ: 9c38 / (39992) => 55 / (85)
	BCD START -> 39 + 55
	BCD CONVERT -> 39 + 55
	BCD SUM -> 94
[OP END @ 39992]
Done..
