[TEST 69 - 69.json]
	MEM WRITE: d392 / (54162) => 69 / (105)
	MEM WRITE: d393 / (54163) => a2 / (162)
	MEM WRITE: d394 / (54164) => 59 / (89)
	MEM READ: d392 / (54162) => 69 / (105)
[OP START 54162 -> 0x69 -> adc]
	REGS:
		PC: 54162 (d392)
		SP: 44 (2c)
		A:  44 (2c)
		X:  83 (53)
		Y:  73 (49)
		P:  172 (ac)
		|C|Z|I|D|B|X|V|N|
		|0|0|1|1|0|1|0|1|
	ADDRESSING MODE: IMMEDIATE
	MEM READ: d393 / (54163) => a2 / (162)
	BCD START -> 2c + a2
	BCD CONVERT -> 32 + 2
	BCD SUM -> 34
[OP END @ 54163]
Done..
