[TEST 505 - 69.json]
	MEM WRITE: 93db / (37851) => 69 / (105)
	MEM WRITE: 93dc / (37852) => b2 / (178)
	MEM WRITE: 93dd / (37853) => fd / (253)
	MEM READ: 93db / (37851) => 69 / (105)
[OP START 37851 -> 0x69 -> adc]
	REGS:
		PC: 37851 (93db)
		SP: 180 (b4)
		A:  86 (56)
		X:  91 (5b)
		Y:  209 (d1)
		P:  43 (2b)
		|C|Z|I|D|B|X|V|N|
		|1|1|0|1|0|1|0|0|
	ADDRESSING MODE: IMMEDIATE
	MEM READ: 93dc / (37852) => b2 / (178)
	BCD START -> 56 + b2
	BCD CONVERT -> 56 + 12
	BCD SUM -> 69
[OP END @ 37852]
Done..
