[TEST 587 - 69.json]
	MEM WRITE: 3845 / (14405) => 69 / (105)
	MEM WRITE: 3846 / (14406) => ab / (171)
	MEM WRITE: 3847 / (14407) => 92 / (146)
	MEM READ: 3845 / (14405) => 69 / (105)
[OP START 14405 -> 0x69 -> adc]
	REGS:
		PC: 14405 (3845)
		SP: 67 (43)
		A:  97 (61)
		X:  93 (5d)
		Y:  202 (ca)
		P:  239 (ef)
		|C|Z|I|D|B|X|V|N|
		|1|1|1|1|0|1|1|1|
	ADDRESSING MODE: IMMEDIATE
	MEM READ: 3846 / (14406) => ab / (171)
	BCD START -> 61 + ab
	BCD CONVERT -> 61 + 11
	BCD SUM -> 73
[OP END @ 14406]
Done..
