[TEST 49 - 69.json]
	MEM WRITE: 9aa3 / (39587) => 69 / (105)
	MEM WRITE: 9aa4 / (39588) => cb / (203)
	MEM WRITE: 9aa5 / (39589) => 2 / (2)
	MEM READ: 9aa3 / (39587) => 69 / (105)
[OP START 39587 -> 0x69 -> adc]
	REGS:
		PC: 39587 (9aa3)
		SP: 199 (c7)
		A:  243 (f3)
		X:  10 (a)
		Y:  57 (39)
		P:  47 (2f)
		|C|Z|I|D|B|X|V|N|
		|1|1|1|1|0|1|0|0|
	ADDRESSING MODE: IMMEDIATE
	MEM READ: 9aa4 / (39588) => cb / (203)
	BCD START -> f3 + cb
	BCD CONVERT -> 53 + 31
	BCD SUM -> 85
[OP END @ 39588]
Done..
