[TEST 35 - 69.json]
	MEM WRITE: c8f3 / (51443) => 69 / (105)
	MEM WRITE: c8f4 / (51444) => 77 / (119)
	MEM WRITE: c8f5 / (51445) => 17 / (23)
	MEM READ: c8f3 / (51443) => 69 / (105)
[OP START 51443 -> 0x69 -> adc]
	REGS:
		PC: 51443 (c8f3)
		SP: 44 (2c)
		A:  60 (3c)
		X:  129 (81)
		Y:  118 (76)
		P:  173 (ad)
		|C|Z|I|D|B|X|V|N|
		|1|0|1|1|0|1|0|1|
	ADDRESSING MODE: IMMEDIATE
	MEM READ: c8f4 / (51444) => 77 / (119)
	BCD START -> 3c + 77
	BCD CONVERT -> 42 + 77
	BCD SUM -> 1a
[OP END @ 51444]
Done..
