[TEST 102 - 69.json]
	MEM WRITE: 1f6b / (8043) => 69 / (105)
	MEM WRITE: 1f6c / (8044) => e6 / (230)
	MEM WRITE: 1f6d / (8045) => e7 / (231)
	MEM READ: 1f6b / (8043) => 69 / (105)
[OP START 8043 -> 0x69 -> adc]
	REGS:
		PC: 8043 (1f6b)
		SP: 141 (8d)
		A:  178 (b2)
		X:  100 (64)
		Y:  204 (cc)
		P:  110 (6e)
		|C|Z|I|D|B|X|V|N|
		|0|1|1|1|0|1|1|0|
	ADDRESSING MODE: IMMEDIATE
	MEM READ: 1f6c / (8044) => e6 / (230)
	BCD START -> b2 + e6
	BCD CONVERT -> 12 + 46
	BCD SUM -> 58
[OP END @ 8044]
Done..
