[TEST 516 - 69.json]
	MEM WRITE: 53dc / (21468) => 69 / (105)
	MEM WRITE: 53dd / (21469) => 91 / (145)
	MEM WRITE: 53de / (21470) => e3 / (227)
	MEM READ: 53dc / (21468) => 69 / (105)
[OP START 21468 -> 0x69 -> adc]
	REGS:
		PC: 21468 (53dc)
		SP: 165 (a5)
		A:  158 (9e)
		X:  248 (f8)
		Y:  57 (39)
		P:  168 (a8)
		|C|Z|I|D|B|X|V|N|
		|0|0|0|1|0|1|0|1|
	ADDRESSING MODE: IMMEDIATE
	MEM READ: 53dd / (21469) => 91 / (145)
	BCD START -> 9e + 91
	BCD CONVERT -> a4 + 91
	BCD SUM -> 95
[OP END @ 21469]
Done..
