[TEST 39 - 69.json]
	MEM WRITE: 8356 / (33622) => 69 / (105)
	MEM WRITE: 8357 / (33623) => 3e / (62)
	MEM WRITE: 8358 / (33624) => 8d / (141)
	MEM READ: 8356 / (33622) => 69 / (105)
[OP START 33622 -> 0x69 -> adc]
	REGS:
		PC: 33622 (8356)
		SP: 81 (51)
		A:  136 (88)
		X:  13 (d)
		Y:  8 (8)
		P:  104 (68)
		|C|Z|I|D|B|X|V|N|
		|0|0|0|1|0|1|1|0|
	ADDRESSING MODE: IMMEDIATE
	MEM READ: 8357 / (33623) => 3e / (62)
	BCD START -> 88 + 3e
	BCD CONVERT -> 88 + 44
	BCD SUM -> 32
[OP END @ 33623]
Done..
