[TEST 570 - 69.json]
	MEM WRITE: a4a3 / (42147) => 69 / (105)
	MEM WRITE: a4a4 / (42148) => 32 / (50)
	MEM WRITE: a4a5 / (42149) => a3 / (163)
	MEM READ: a4a3 / (42147) => 69 / (105)
[OP START 42147 -> 0x69 -> adc]
	REGS:
		PC: 42147 (a4a3)
		SP: 103 (67)
		A:  55 (37)
		X:  28 (1c)
		Y:  158 (9e)
		P:  173 (ad)
		|C|Z|I|D|B|X|V|N|
		|1|0|1|1|0|1|0|1|
	ADDRESSING MODE: IMMEDIATE
	MEM READ: a4a4 / (42148) => 32 / (50)
	BCD START -> 37 + 32
	BCD CONVERT -> 37 + 32
	BCD SUM -> 6a
[OP END @ 42148]
Done..
