[TEST 89 - 69.json]
	MEM WRITE: 9aa3 / (39587) => 69 / (105)
	MEM WRITE: 9aa4 / (39588) => 12 / (18)
	MEM WRITE: 9aa5 / (39589) => d5 / (213)
	MEM READ: 9aa3 / (39587) => 69 / (105)
[OP START 39587 -> 0x69 -> adc]
	REGS:
		PC: 39587 (9aa3)
		SP: 200 (c8)
		A:  119 (77)
		X:  167 (a7)
		Y:  178 (b2)
		P:  170 (aa)
		|C|Z|I|D|B|X|V|N|
		|0|1|0|1|0|1|0|1|
	ADDRESSING MODE: IMMEDIATE
	MEM READ: 9aa4 / (39588) => 12 / (18)
	BCD START -> 77 + 12
	BCD CONVERT -> 77 + 12
	BCD SUM -> 89
[OP END @ 39588]
Done..
