[TEST 514 - 69.json]
	MEM WRITE: 2859 / (10329) => 69 / (105)
	MEM WRITE: 285a / (10330) => a5 / (165)
	MEM WRITE: 285b / (10331) => 89 / (137)
	MEM READ: 2859 / (10329) => 69 / (105)
[OP START 10329 -> 0x69 -> adc]
	REGS:
		PC: 10329 (2859)
		SP: 235 (eb)
		A:  124 (7c)
		X:  202 (ca)
		Y:  59 (3b)
		P:  173 (ad)
		|C|Z|I|D|B|X|V|N|
		|1|0|1|1|0|1|0|1|
	ADDRESSING MODE: IMMEDIATE
	MEM READ: 285a / (10330) => a5 / (165)
	BCD START -> 7c + a5
	BCD CONVERT -> 82 + 5
	BCD SUM -> 88
[OP END @ 10330]
Done..
