[TEST 73 - 69.json]
	MEM WRITE: 4fa4 / (20388) => 69 / (105)
	MEM WRITE: 4fa5 / (20389) => 41 / (65)
	MEM WRITE: 4fa6 / (20390) => a2 / (162)
	MEM READ: 4fa4 / (20388) => 69 / (105)
[OP START 20388 -> 0x69 -> adc]
	REGS:
		PC: 20388 (4fa4)
		SP: 137 (89)
		A:  221 (dd)
		X:  197 (c5)
		Y:  210 (d2)
		P:  168 (a8)
		|C|Z|I|D|B|X|V|N|
		|0|0|0|1|0|1|0|1|
	ADDRESSING MODE: IMMEDIATE
	MEM READ: 4fa5 / (20389) => 41 / (65)
	BCD START -> dd + 41
	BCD CONVERT -> 43 + 41
	BCD SUM -> 84
[OP END @ 20389]
Done..
