[TEST 97 - 69.json]
	MEM WRITE: 82e0 / (33504) => 69 / (105)
	MEM WRITE: 82e1 / (33505) => fa / (250)
	MEM WRITE: 82e2 / (33506) => 56 / (86)
	MEM READ: 82e0 / (33504) => 69 / (105)
[OP START 33504 -> 0x69 -> adc]
	REGS:
		PC: 33504 (82e0)
		SP: 82 (52)
		A:  82 (52)
		X:  196 (c4)
		Y:  166 (a6)
		P:  236 (ec)
		|C|Z|I|D|B|X|V|N|
		|0|0|1|1|0|1|1|1|
	ADDRESSING MODE: IMMEDIATE
	MEM READ: 82e1 / (33505) => fa / (250)
	BCD START -> 52 + fa
	BCD CONVERT -> 52 + 60
	BCD SUM -> 12
[OP END @ 33505]
Done..
