[TEST 37 - 69.json]
	MEM WRITE: 5a59 / (23129) => 69 / (105)
	MEM WRITE: 5a5a / (23130) => 19 / (25)
	MEM WRITE: 5a5b / (23131) => 30 / (48)
	MEM READ: 5a59 / (23129) => 69 / (105)
[OP START 23129 -> 0x69 -> adc]
	REGS:
		PC: 23129 (5a59)
		SP: 27 (1b)
		A:  252 (fc)
		X:  34 (22)
		Y:  245 (f5)
		P:  232 (e8)
		|C|Z|I|D|B|X|V|N|
		|0|0|0|1|0|1|1|1|
	ADDRESSING MODE: IMMEDIATE
	MEM READ: 5a5a / (23130) => 19 / (25)
	BCD START -> fc + 19
	BCD CONVERT -> 62 + 19
	BCD SUM -> 81
[OP END @ 23130]
Done..
