[TEST 548 - 69.json]
	MEM WRITE: a375 / (41845) => 69 / (105)
	MEM WRITE: a376 / (41846) => 70 / (112)
	MEM WRITE: a377 / (41847) => 2f / (47)
	MEM READ: a375 / (41845) => 69 / (105)
[OP START 41845 -> 0x69 -> adc]
	REGS:
		PC: 41845 (a375)
		SP: 96 (60)
		A:  126 (7e)
		X:  159 (9f)
		Y:  48 (30)
		P:  107 (6b)
		|C|Z|I|D|B|X|V|N|
		|1|1|0|1|0|1|1|0|
	ADDRESSING MODE: IMMEDIATE
	MEM READ: a376 / (41846) => 70 / (112)
	BCD START -> 7e + 70
	BCD CONVERT -> 84 + 70
	BCD SUM -> 55
[OP END @ 41846]
Done..
