[TEST 108 - 69.json]
	MEM WRITE: 318e / (12686) => 69 / (105)
	MEM WRITE: 318f / (12687) => cf / (207)
	MEM WRITE: 3190 / (12688) => f6 / (246)
	MEM READ: 318e / (12686) => 69 / (105)
[OP START 12686 -> 0x69 -> adc]
	REGS:
		PC: 12686 (318e)
		SP: 46 (2e)
		A:  250 (fa)
		X:  131 (83)
		Y:  200 (c8)
		P:  45 (2d)
		|C|Z|I|D|B|X|V|N|
		|1|0|1|1|0|1|0|0|
	ADDRESSING MODE: IMMEDIATE
	MEM READ: 318f / (12687) => cf / (207)
	BCD START -> fa + cf
	BCD CONVERT -> 60 + 35
	BCD SUM -> 96
[OP END @ 12687]
Done..
