[TEST 547 - 69.json]
	MEM WRITE: cb6a / (52074) => 69 / (105)
	MEM WRITE: cb6b / (52075) => 23 / (35)
	MEM WRITE: cb6c / (52076) => ad / (173)
	MEM READ: cb6a / (52074) => 69 / (105)
[OP START 52074 -> 0x69 -> adc]
	REGS:
		PC: 52074 (cb6a)
		SP: 148 (94)
		A:  161 (a1)
		X:  136 (88)
		Y:  201 (c9)
		P:  43 (2b)
		|C|Z|I|D|B|X|V|N|
		|1|1|0|1|0|1|0|0|
	ADDRESSING MODE: IMMEDIATE
	MEM READ: cb6b / (52075) => 23 / (35)
	BCD START -> a1 + 23
	BCD CONVERT -> 1 + 23
	BCD SUM -> 25
[OP END @ 52075]
Done..
