[TEST 52 - 69.json]
	MEM WRITE: b6d6 / (46806) => 69 / (105)
	MEM WRITE: b6d7 / (46807) => 24 / (36)
	MEM WRITE: b6d8 / (46808) => 4b / (75)
	MEM READ: b6d6 / (46806) => 69 / (105)
[OP START 46806 -> 0x69 -> adc]
	REGS:
		PC: 46806 (b6d6)
		SP: 72 (48)
		A:  209 (d1)
		X:  158 (9e)
		Y:  121 (79)
		P:  47 (2f)
		|C|Z|I|D|B|X|V|N|
		|1|1|1|1|0|1|0|0|
	ADDRESSING MODE: IMMEDIATE
	MEM READ: b6d7 / (46807) => 24 / (36)
	BCD START -> d1 + 24
	BCD CONVERT -> 31 + 24
	BCD SUM -> 56
[OP END @ 46807]
Done..
