[TEST 4 - 69.json]
	MEM WRITE: 75a8 / (30120) => 69 / (105)
	MEM WRITE: 75a9 / (30121) => be / (190)
	MEM WRITE: 75aa / (30122) => f9 / (249)
	MEM READ: 75a8 / (30120) => 69 / (105)
[OP START 30120 -> 0x69 -> adc]
	REGS:
		PC: 30120 (75a8)
		SP: 155 (9b)
		A:  181 (b5)
		X:  241 (f1)
		Y:  168 (a8)
		P:  237 (ed)
		|C|Z|I|D|B|X|V|N|
		|1|0|1|1|0|1|1|1|
	ADDRESSING MODE: IMMEDIATE
	MEM READ: 75a9 / (30121) => be / (190)
	BCD START -> b5 + be
	BCD CONVERT -> 15 + 24
	BCD SUM -> 3a
[OP END @ 30121]
Done..
