[TEST 551 - 69.json]
	MEM WRITE: 3cbe / (15550) => 69 / (105)
	MEM WRITE: 3cbf / (15551) => ff / (255)
	MEM WRITE: 3cc0 / (15552) => 37 / (55)
	MEM READ: 3cbe / (15550) => 69 / (105)
[OP START 15550 -> 0x69 -> adc]
	REGS:
		PC: 15550 (3cbe)
		SP: 204 (cc)
		A:  37 (25)
		X:  35 (23)
		Y:  156 (9c)
		P:  237 (ed)
		|C|Z|I|D|B|X|V|N|
		|1|0|1|1|0|1|1|1|
	ADDRESSING MODE: IMMEDIATE
	MEM READ: 3cbf / (15551) => ff / (255)
	BCD START -> 25 + ff
	BCD CONVERT -> 25 + 65
	BCD SUM -> 91
[OP END @ 15551]
Done..
