[TEST 600 - 69.json]
	MEM WRITE: ebfc / (60412) => 69 / (105)
	MEM WRITE: ebfd / (60413) => 82 / (130)
	MEM WRITE: ebfe / (60414) => 4d / (77)
	MEM READ: ebfc / (60412) => 69 / (105)
[OP START 60412 -> 0x69 -> adc]
	REGS:
		PC: 60412 (ebfc)
		SP: 244 (f4)
		A:  77 (4d)
		X:  171 (ab)
		Y:  97 (61)
		P:  174 (ae)
		|C|Z|I|D|B|X|V|N|
		|0|1|1|1|0|1|0|1|
	ADDRESSING MODE: IMMEDIATE
	MEM READ: ebfd / (60413) => 82 / (130)
	BCD START -> 4d + 82
	BCD CONVERT -> 53 + 82
	BCD SUM -> 35
[OP END @ 60413]
Done..
