[TEST 78 - 69.json]
	MEM WRITE: 966a / (38506) => 69 / (105)
	MEM WRITE: 966b / (38507) => b8 / (184)
	MEM WRITE: 966c / (38508) => 5d / (93)
	MEM READ: 966a / (38506) => 69 / (105)
[OP START 38506 -> 0x69 -> adc]
	REGS:
		PC: 38506 (966a)
		SP: 97 (61)
		A:  68 (44)
		X:  238 (ee)
		Y:  201 (c9)
		P:  43 (2b)
		|C|Z|I|D|B|X|V|N|
		|1|1|0|1|0|1|0|0|
	ADDRESSING MODE: IMMEDIATE
	MEM READ: 966b / (38507) => b8 / (184)
	BCD START -> 44 + b8
	BCD CONVERT -> 44 + 18
	BCD SUM -> 63
[OP END @ 38507]
Done..
