[TEST 612 - 69.json]
	MEM WRITE: d2f6 / (54006) => 69 / (105)
	MEM WRITE: d2f7 / (54007) => 54 / (84)
	MEM WRITE: d2f8 / (54008) => c5 / (197)
	MEM READ: d2f6 / (54006) => 69 / (105)
[OP START 54006 -> 0x69 -> adc]
	REGS:
		PC: 54006 (d2f6)
		SP: 121 (79)
		A:  158 (9e)
		X:  98 (62)
		Y:  249 (f9)
		P:  239 (ef)
		|C|Z|I|D|B|X|V|N|
		|1|1|1|1|0|1|1|1|
	ADDRESSING MODE: IMMEDIATE
	MEM READ: d2f7 / (54007) => 54 / (84)
	BCD START -> 9e + 54
	BCD CONVERT -> a4 + 54
	BCD SUM -> 59
[OP END @ 54007]
Done..
