[TEST 34 - 69.json]
	MEM WRITE: ae35 / (44597) => 69 / (105)
	MEM WRITE: ae36 / (44598) => 23 / (35)
	MEM WRITE: ae37 / (44599) => ca / (202)
	MEM READ: ae35 / (44597) => 69 / (105)
[OP START 44597 -> 0x69 -> adc]
	REGS:
		PC: 44597 (ae35)
		SP: 82 (52)
		A:  103 (67)
		X:  42 (2a)
		Y:  182 (b6)
		P:  171 (ab)
		|C|Z|I|D|B|X|V|N|
		|1|1|0|1|0|1|0|1|
	ADDRESSING MODE: IMMEDIATE
	MEM READ: ae36 / (44598) => 23 / (35)
	BCD START -> 67 + 23
	BCD CONVERT -> 67 + 23
	BCD SUM -> 91
[OP END @ 44598]
Done..
