[TEST 1 - 69.json]
	MEM WRITE: d498 / (54424) => 69 / (105)
	MEM WRITE: d499 / (54425) => 6d / (109)
	MEM WRITE: d49a / (54426) => e0 / (224)
	MEM READ: d498 / (54424) => 69 / (105)
[OP START 54424 -> 0x69 -> adc]
	REGS:
		PC: 54424 (d498)
		SP: 157 (9d)
		A:  107 (6b)
		X:  170 (aa)
		Y:  67 (43)
		P:  106 (6a)
		|C|Z|I|D|B|X|V|N|
		|0|1|0|1|0|1|1|0|
	ADDRESSING MODE: IMMEDIATE
	MEM READ: d499 / (54425) => 6d / (109)
	BCD START -> 6b + 6d
	BCD CONVERT -> 71 + 73
	BCD SUM -> 44
[OP END @ 54425]
Done..
