[TEST 21 - 69.json]
	MEM WRITE: dbe5 / (56293) => 69 / (105)
	MEM WRITE: dbe6 / (56294) => 6a / (106)
	MEM WRITE: dbe7 / (56295) => 26 / (38)
	MEM READ: dbe5 / (56293) => 69 / (105)
[OP START 56293 -> 0x69 -> adc]
	REGS:
		PC: 56293 (dbe5)
		SP: 18 (12)
		A:  79 (4f)
		X:  127 (7f)
		Y:  186 (ba)
		P:  47 (2f)
		|C|Z|I|D|B|X|V|N|
		|1|1|1|1|0|1|0|0|
	ADDRESSING MODE: IMMEDIATE
	MEM READ: dbe6 / (56294) => 6a / (106)
	BCD START -> 4f + 6a
	BCD CONVERT -> 55 + 70
	BCD SUM -> 26
[OP END @ 56294]
Done..
