[TEST 111 - 69.json]
	MEM WRITE: 52bc / (21180) => 69 / (105)
	MEM WRITE: 52bd / (21181) => c1 / (193)
	MEM WRITE: 52be / (21182) => e5 / (229)
	MEM READ: 52bc / (21180) => 69 / (105)
[OP START 21180 -> 0x69 -> adc]
	REGS:
		PC: 21180 (52bc)
		SP: 38 (26)
		A:  9 (9)
		X:  74 (4a)
		Y:  141 (8d)
		P:  171 (ab)
		|C|Z|I|D|B|X|V|N|
		|1|1|0|1|0|1|0|1|
	ADDRESSING MODE: IMMEDIATE
	MEM READ: 52bd / (21181) => c1 / (193)
	BCD START -> 9 + c1
	BCD CONVERT -> 9 + 21
	BCD SUM -> 31
[OP END @ 21181]
Done..
