[TEST 1 - 69.json]
	MEM WRITE: 7fd9 / (32729) => 69 / (105)
	MEM WRITE: 7fda / (32730) => c7 / (199)
	MEM WRITE: 7fdb / (32731) => 74 / (116)
	MEM READ: 7fd9 / (32729) => 69 / (105)
[OP START 32729 -> 0x69 -> adc]
	REGS:
		PC: 32729 (7fd9)
		SP: 173 (ad)
		A:  125 (7d)
		X:  4 (4)
		Y:  225 (e1)
		P:  109 (6d)
		|C|Z|I|D|B|X|V|N|
		|1|0|1|1|0|1|1|0|
	ADDRESSING MODE: IMMEDIATE
	MEM READ: 7fda / (32730) => c7 / (199)
	BCD START -> 7d + c7
	BCD CONVERT -> 83 + 27
	BCD SUM -> 11
[OP END @ 32730]
Done..
