[TEST 71 - 69.json]
	MEM WRITE: bdb3 / (48563) => 69 / (105)
	MEM WRITE: bdb4 / (48564) => 7c / (124)
	MEM WRITE: bdb5 / (48565) => f0 / (240)
	MEM READ: bdb3 / (48563) => 69 / (105)
[OP START 48563 -> 0x69 -> adc]
	REGS:
		PC: 48563 (bdb3)
		SP: 64 (40)
		A:  78 (4e)
		X:  73 (49)
		Y:  196 (c4)
		P:  172 (ac)
		|C|Z|I|D|B|X|V|N|
		|0|0|1|1|0|1|0|1|
	ADDRESSING MODE: IMMEDIATE
	MEM READ: bdb4 / (48564) => 7c / (124)
	BCD START -> 4e + 7c
	BCD CONVERT -> 54 + 82
	BCD SUM -> 36
[OP END @ 48564]
Done..
