[TEST 512 - 69.json]
	MEM WRITE: 7ee7 / (32487) => 69 / (105)
	MEM WRITE: 7ee8 / (32488) => 3f / (63)
	MEM WRITE: 7ee9 / (32489) => 1d / (29)
	MEM READ: 7ee7 / (32487) => 69 / (105)
[OP START 32487 -> 0x69 -> adc]
	REGS:
		PC: 32487 (7ee7)
		SP: 177 (b1)
		A:  21 (15)
		X:  159 (9f)
		Y:  11 (b)
		P:  105 (69)
		|C|Z|I|D|B|X|V|N|
		|1|0|0|1|0|1|1|0|
	ADDRESSING MODE: IMMEDIATE
	MEM READ: 7ee8 / (32488) => 3f / (63)
	BCD START -> 15 + 3f
	BCD CONVERT -> 15 + 45
	BCD SUM -> 61
[OP END @ 32488]
Done..
