[TEST 57 - 69.json]
	MEM WRITE: a1a4 / (41380) => 69 / (105)
	MEM WRITE: a1a5 / (41381) => ca / (202)
	MEM WRITE: a1a6 / (41382) => fb / (251)
	MEM READ: a1a4 / (41380) => 69 / (105)
[OP START 41380 -> 0x69 -> adc]
	REGS:
		PC: 41380 (a1a4)
		SP: 233 (e9)
		A:  154 (9a)
		X:  95 (5f)
		Y:  217 (d9)
		P:  108 (6c)
		|C|Z|I|D|B|X|V|N|
		|0|0|1|1|0|1|1|0|
	ADDRESSING MODE: IMMEDIATE
	MEM READ: a1a5 / (41381) => ca / (202)
	BCD START -> 9a + ca
	BCD CONVERT -> a0 + 30
	BCD SUM -> 30
[OP END @ 41381]
Done..
