[TEST 607 - 69.json]
	MEM WRITE: 7c8b / (31883) => 69 / (105)
	MEM WRITE: 7c8c / (31884) => e8 / (232)
	MEM WRITE: 7c8d / (31885) => 53 / (83)
	MEM READ: 7c8b / (31883) => 69 / (105)
[OP START 31883 -> 0x69 -> adc]
	REGS:
		PC: 31883 (7c8b)
		SP: 137 (89)
		A:  78 (4e)
		X:  40 (28)
		Y:  151 (97)
		P:  174 (ae)
		|C|Z|I|D|B|X|V|N|
		|0|1|1|1|0|1|0|1|
	ADDRESSING MODE: IMMEDIATE
	MEM READ: 7c8c / (31884) => e8 / (232)
	BCD START -> 4e + e8
	BCD CONVERT -> 54 + 48
	BCD SUM -> 2
[OP END @ 31884]
Done..
