[TEST 517 - 69.json]
	MEM WRITE: 40d9 / (16601) => 69 / (105)
	MEM WRITE: 40da / (16602) => 57 / (87)
	MEM WRITE: 40db / (16603) => d6 / (214)
	MEM READ: 40d9 / (16601) => 69 / (105)
[OP START 16601 -> 0x69 -> adc]
	REGS:
		PC: 16601 (40d9)
		SP: 25 (19)
		A:  118 (76)
		X:  241 (f1)
		Y:  110 (6e)
		P:  47 (2f)
		|C|Z|I|D|B|X|V|N|
		|1|1|1|1|0|1|0|0|
	ADDRESSING MODE: IMMEDIATE
	MEM READ: 40da / (16602) => 57 / (87)
	BCD START -> 76 + 57
	BCD CONVERT -> 76 + 57
	BCD SUM -> 34
[OP END @ 16602]
Done..
