[TEST 619 - 69.json]
	MEM WRITE: 4731 / (18225) => 69 / (105)
	MEM WRITE: 4732 / (18226) => 70 / (112)
	MEM WRITE: 4733 / (18227) => 7a / (122)
	MEM READ: 4731 / (18225) => 69 / (105)
[OP START 18225 -> 0x69 -> adc]
	REGS:
		PC: 18225 (4731)
		SP: 184 (b8)
		A:  48 (30)
		X:  67 (43)
		Y:  162 (a2)
		P:  170 (aa)
		|C|Z|I|D|B|X|V|N|
		|0|1|0|1|0|1|0|1|
	ADDRESSING MODE: IMMEDIATE
	MEM READ: 4732 / (18226) => 70 / (112)
	BCD START -> 30 + 70
	BCD CONVERT -> 30 + 70
	BCD SUM -> 0
[OP END @ 18226]
Done..
