[TEST 580 - 69.json]
	MEM WRITE: fd86 / (64902) => 69 / (105)
	MEM WRITE: fd87 / (64903) => ba / (186)
	MEM WRITE: fd88 / (64904) => 2 / (2)
	MEM READ: fd86 / (64902) => 69 / (105)
[OP START 64902 -> 0x69 -> adc]
	REGS:
		PC: 64902 (fd86)
		SP: 22 (16)
		A:  97 (61)
		X:  244 (f4)
		Y:  57 (39)
		P:  232 (e8)
		|C|Z|I|D|B|X|V|N|
		|0|0|0|1|0|1|1|1|
	ADDRESSING MODE: IMMEDIATE
	MEM READ: fd87 / (64903) => ba / (186)
	BCD START -> 61 + ba
	BCD CONVERT -> 61 + 20
	BCD SUM -> 81
[OP END @ 64903]
Done..
