[TEST 90 - 69.json]
	MEM WRITE: daba / (55994) => 69 / (105)
	MEM WRITE: dabb / (55995) => da / (218)
	MEM WRITE: dabc / (55996) => f / (15)
	MEM READ: daba / (55994) => 69 / (105)
[OP START 55994 -> 0x69 -> adc]
	REGS:
		PC: 55994 (daba)
		SP: 5 (5)
		A:  75 (4b)
		X:  253 (fd)
		Y:  210 (d2)
		P:  41 (29)
		|C|Z|I|D|B|X|V|N|
		|1|0|0|1|0|1|0|0|
	ADDRESSING MODE: IMMEDIATE
	MEM READ: dabb / (55995) => da / (218)
	BCD START -> 4b + da
	BCD CONVERT -> 51 + 40
	BCD SUM -> 92
[OP END @ 55995]
Done..
