[TEST 94 - 69.json]
	MEM WRITE: 3925 / (14629) => 69 / (105)
	MEM WRITE: 3926 / (14630) => c7 / (199)
	MEM WRITE: 3927 / (14631) => 77 / (119)
	MEM READ: 3925 / (14629) => 69 / (105)
[OP START 14629 -> 0x69 -> adc]
	REGS:
		PC: 14629 (3925)
		SP: 221 (dd)
		A:  48 (30)
		X:  165 (a5)
		Y:  28 (1c)
		P:  47 (2f)
		|C|Z|I|D|B|X|V|N|
		|1|1|1|1|0|1|0|0|
	ADDRESSING MODE: IMMEDIATE
	MEM READ: 3926 / (14630) => c7 / (199)
	BCD START -> 30 + c7
	BCD CONVERT -> 30 + 27
	BCD SUM -> 58
[OP END @ 14630]
Done..
