[TEST 99 - 69.json]
	MEM WRITE: 4d2e / (19758) => 69 / (105)
	MEM WRITE: 4d2f / (19759) => 7e / (126)
	MEM WRITE: 4d30 / (19760) => f / (15)
	MEM READ: 4d2e / (19758) => 69 / (105)
[OP START 19758 -> 0x69 -> adc]
	REGS:
		PC: 19758 (4d2e)
		SP: 167 (a7)
		A:  159 (9f)
		X:  50 (32)
		Y:  123 (7b)
		P:  234 (ea)
		|C|Z|I|D|B|X|V|N|
		|0|1|0|1|0|1|1|1|
	ADDRESSING MODE: IMMEDIATE
	MEM READ: 4d2f / (19759) => 7e / (126)
	BCD START -> 9f + 7e
	BCD CONVERT -> a5 + 84
	BCD SUM -> 89
[OP END @ 19759]
Done..
