[TEST 96 - 69.json]
	MEM WRITE: 8ca2 / (36002) => 69 / (105)
	MEM WRITE: 8ca3 / (36003) => e6 / (230)
	MEM WRITE: 8ca4 / (36004) => f4 / (244)
	MEM READ: 8ca2 / (36002) => 69 / (105)
[OP START 36002 -> 0x69 -> adc]
	REGS:
		PC: 36002 (8ca2)
		SP: 164 (a4)
		A:  167 (a7)
		X:  229 (e5)
		Y:  107 (6b)
		P:  172 (ac)
		|C|Z|I|D|B|X|V|N|
		|0|0|1|1|0|1|0|1|
	ADDRESSING MODE: IMMEDIATE
	MEM READ: 8ca3 / (36003) => e6 / (230)
	BCD START -> a7 + e6
	BCD CONVERT -> 7 + 46
	BCD SUM -> 53
[OP END @ 36003]
Done..
