[TEST 95 - 69.json]
	MEM WRITE: 7a87 / (31367) => 69 / (105)
	MEM WRITE: 7a88 / (31368) => 84 / (132)
	MEM WRITE: 7a89 / (31369) => 43 / (67)
	MEM READ: 7a87 / (31367) => 69 / (105)
[OP START 31367 -> 0x69 -> adc]
	REGS:
		PC: 31367 (7a87)
		SP: 153 (99)
		A:  12 (c)
		X:  102 (66)
		Y:  172 (ac)
		P:  44 (2c)
		|C|Z|I|D|B|X|V|N|
		|0|0|1|1|0|1|0|0|
	ADDRESSING MODE: IMMEDIATE
	MEM READ: 7a88 / (31368) => 84 / (132)
	BCD START -> c + 84
	BCD CONVERT -> 12 + 84
	BCD SUM -> 96
[OP END @ 31368]
Done..
