[TEST 5 - 69.json]
	MEM WRITE: 96de / (38622) => 69 / (105)
	MEM WRITE: 96df / (38623) => 2a / (42)
	MEM WRITE: 96e0 / (38624) => 99 / (153)
	MEM READ: 96de / (38622) => 69 / (105)
[OP START 38622 -> 0x69 -> adc]
	REGS:
		PC: 38622 (96de)
		SP: 205 (cd)
		A:  140 (8c)
		X:  166 (a6)
		Y:  119 (77)
		P:  168 (a8)
		|C|Z|I|D|B|X|V|N|
		|0|0|0|1|0|1|0|1|
	ADDRESSING MODE: IMMEDIATE
	MEM READ: 96df / (38623) => 2a / (42)
	BCD START -> 8c + 2a
	BCD CONVERT -> 92 + 30
	BCD SUM -> 22
[OP END @ 38623]
Done..
