[TEST 0 - 6c.json]
	MEM WRITE: fb8f / (64399) => 6c / (108)
	MEM WRITE: fb90 / (64400) => 44 / (68)
	MEM WRITE: fb91 / (64401) => c1 / (193)
	MEM WRITE: c144 / (49476) => 16 / (22)
	MEM WRITE: c145 / (49477) => 82 / (130)
	MEM WRITE: 8216 / (33302) => 64 / (100)
	MEM READ: fb8f / (64399) => 6c / (108)
[OP START 64399 -> 0x6c -> jmp]
	REGS:
		PC: 64399 (fb8f)
		SP: 123 (7b)
		A:  25 (19)
		X:  194 (c2)
		Y:  3 (3)
		P:  239 (ef)
		|C|Z|I|D|B|X|V|N|
		|1|1|1|1|0|1|1|1|
	ADDRESSING MODE: ABSOLUTE_INDIRECT
	MEM READ: fb90 / (64400) => 44 / (68)
	MEM READ: fb91 / (64401) => c1 / (193)
	MEM READ: c144 / (49476) => 16 / (22)
	MEM READ: c145 / (49477) => 82 / (130)
[OP END @ 33301]
Done..
