[TEST 0 - 6d.json]
	MEM WRITE: 2ea7 / (11943) => 6d / (109)
	MEM WRITE: 2ea8 / (11944) => 9b / (155)
	MEM WRITE: 2ea9 / (11945) => 6c / (108)
	MEM WRITE: 6c9b / (27803) => 71 / (113)
	MEM WRITE: 2eaa / (11946) => e6 / (230)
	MEM READ: 2ea7 / (11943) => 6d / (109)
[OP START 11943 -> 0x6d -> adc]
	REGS:
		PC: 11943 (2ea7)
		SP: 103 (67)
		A:  67 (43)
		X:  39 (27)
		Y:  24 (18)
		P:  232 (e8)
		|C|Z|I|D|B|X|V|N|
		|0|0|0|1|0|1|1|1|
	ADDRESSING MODE: ABSOLUTE
	MEM READ: 2ea8 / (11944) => 9b / (155)
	MEM READ: 2ea9 / (11945) => 6c / (108)
	MEM READ: 6c9b / (27803) => 71 / (113)
[OP END @ 11945]
Done..
