[TEST 0 - 6e.json]
	MEM WRITE: b105 / (45317) => 6e / (110)
	MEM WRITE: b106 / (45318) => 76 / (118)
	MEM WRITE: b107 / (45319) => 7c / (124)
	MEM WRITE: 7c76 / (31862) => b9 / (185)
	MEM WRITE: b108 / (45320) => 8b / (139)
	MEM READ: b105 / (45317) => 6e / (110)
[OP START 45317 -> 0x6e -> ror]
	REGS:
		PC: 45317 (b105)
		SP: 109 (6d)
		A:  76 (4c)
		X:  43 (2b)
		Y:  171 (ab)
		P:  175 (af)
		|C|Z|I|D|B|X|V|N|
		|1|1|1|1|0|1|0|1|
	ADDRESSING MODE: ABSOLUTE
	MEM READ: b106 / (45318) => 76 / (118)
	MEM READ: b107 / (45319) => 7c / (124)
	MEM READ: 7c76 / (31862) => b9 / (185)
	MEM WRITE: 7c76 / (31862) => dc / (220)
[OP END @ 45319]
Done..
