[TEST 0 - 71.json]
	MEM WRITE: e089 / (57481) => 71 / (113)
	MEM WRITE: e08a / (57482) => 20 / (32)
	MEM WRITE: e08b / (57483) => 6d / (109)
	MEM WRITE: 20 / (32) => 90 / (144)
	MEM WRITE: 21 / (33) => 51 / (81)
	MEM WRITE: 5179 / (20857) => 46 / (70)
	MEM WRITE: 5279 / (21113) => 67 / (103)
	MEM READ: e089 / (57481) => 71 / (113)
[OP START 57481 -> 0x71 -> adc]
	REGS:
		PC: 57481 (e089)
		SP: 58 (3a)
		A:  120 (78)
		X:  107 (6b)
		Y:  233 (e9)
		P:  37 (25)
		|C|Z|I|D|B|X|V|N|
		|1|0|1|0|0|1|0|0|
	ADDRESSING MODE: ZERO_PAGE_INDIRECT_Y
	MEM READ: e08a / (57482) => 20 / (32)
	MEM READ: 20 / (32) => 90 / (144)
	MEM READ: 21 / (33) => 51 / (81)
	MEM READ: 5279 / (21113) => 67 / (103)
[OP END @ 57482]
Done..
