[TEST 0 - 75.json]
	MEM WRITE: b26c / (45676) => 75 / (117)
	MEM WRITE: b26d / (45677) => 5f / (95)
	MEM WRITE: b26e / (45678) => 61 / (97)
	MEM WRITE: 5f / (95) => 86 / (134)
	MEM WRITE: fb / (251) => e7 / (231)
	MEM READ: b26c / (45676) => 75 / (117)
[OP START 45676 -> 0x75 -> adc]
	REGS:
		PC: 45676 (b26c)
		SP: 53 (35)
		A:  87 (57)
		X:  156 (9c)
		Y:  45 (2d)
		P:  226 (e2)
		|C|Z|I|D|B|X|V|N|
		|0|1|0|0|0|1|1|1|
	ADDRESSING MODE: ZERO_PAGE_X
	MEM READ: b26d / (45677) => 5f / (95)
	MEM READ: fb / (251) => e7 / (231)
[OP END @ 45677]
Done..
