[TEST 0 - 76.json]
	MEM WRITE: f7b / (3963) => 76 / (118)
	MEM WRITE: f7c / (3964) => 67 / (103)
	MEM WRITE: f7d / (3965) => 88 / (136)
	MEM WRITE: 67 / (103) => 44 / (68)
	MEM WRITE: d2 / (210) => 79 / (121)
	MEM READ: f7b / (3963) => 76 / (118)
[OP START 3963 -> 0x76 -> ror]
	REGS:
		PC: 3963 (f7b)
		SP: 10 (a)
		A:  25 (19)
		X:  107 (6b)
		Y:  254 (fe)
		P:  97 (61)
		|C|Z|I|D|B|X|V|N|
		|1|0|0|0|0|1|1|0|
	ADDRESSING MODE: ZERO_PAGE_X
	MEM READ: f7c / (3964) => 67 / (103)
	MEM READ: d2 / (210) => 79 / (121)
	MEM WRITE: d2 / (210) => bc / (188)
[OP END @ 3964]
Done..
