[TEST 0 - 79.json]
	MEM WRITE: 34cb / (13515) => 79 / (121)
	MEM WRITE: 34cc / (13516) => ad / (173)
	MEM WRITE: 34cd / (13517) => 73 / (115)
	MEM WRITE: 73d0 / (29648) => 4a / (74)
	MEM WRITE: 34ce / (13518) => 77 / (119)
	MEM READ: 34cb / (13515) => 79 / (121)
[OP START 13515 -> 0x79 -> adc]
	REGS:
		PC: 13515 (34cb)
		SP: 112 (70)
		A:  241 (f1)
		X:  20 (14)
		Y:  35 (23)
		P:  225 (e1)
		|C|Z|I|D|B|X|V|N|
		|1|0|0|0|0|1|1|1|
	ADDRESSING MODE: ABSOLUTE_Y
	MEM READ: 34cc / (13516) => ad / (173)
	MEM READ: 34cd / (13517) => 73 / (115)
	MEM READ: 73d0 / (29648) => 4a / (74)
[OP END @ 13517]
Done..
