[TEST 0 - 7d.json]
	MEM WRITE: 2fb4 / (12212) => 7d / (125)
	MEM WRITE: 2fb5 / (12213) => 4d / (77)
	MEM WRITE: 2fb6 / (12214) => 93 / (147)
	MEM WRITE: 9356 / (37718) => 3 / (3)
	MEM WRITE: 2fb7 / (12215) => 48 / (72)
	MEM READ: 2fb4 / (12212) => 7d / (125)
[OP START 12212 -> 0x7d -> adc]
	REGS:
		PC: 12212 (2fb4)
		SP: 53 (35)
		A:  155 (9b)
		X:  9 (9)
		Y:  118 (76)
		P:  166 (a6)
		|C|Z|I|D|B|X|V|N|
		|0|1|1|0|0|1|0|1|
	ADDRESSING MODE: ABSOLUTE_X
	MEM READ: 2fb5 / (12213) => 4d / (77)
	MEM READ: 2fb6 / (12214) => 93 / (147)
	MEM READ: 9356 / (37718) => 3 / (3)
[OP END @ 12214]
Done..
