[TEST 0 - 7e.json]
	MEM WRITE: a299 / (41625) => 7e / (126)
	MEM WRITE: a29a / (41626) => 80 / (128)
	MEM WRITE: a29b / (41627) => 8a / (138)
	MEM WRITE: 8ab2 / (35506) => 53 / (83)
	MEM WRITE: a29c / (41628) => 7f / (127)
	MEM READ: a299 / (41625) => 7e / (126)
[OP START 41625 -> 0x7e -> ror]
	REGS:
		PC: 41625 (a299)
		SP: 54 (36)
		A:  137 (89)
		X:  50 (32)
		Y:  138 (8a)
		P:  45 (2d)
		|C|Z|I|D|B|X|V|N|
		|1|0|1|1|0|1|0|0|
	ADDRESSING MODE: ABSOLUTE_X
	MEM READ: a29a / (41626) => 80 / (128)
	MEM READ: a29b / (41627) => 8a / (138)
	MEM READ: 8ab2 / (35506) => 53 / (83)
	MEM WRITE: 8ab2 / (35506) => a9 / (169)
[OP END @ 41627]
Done..
