[TEST 0 - 84.json]
	MEM WRITE: a08c / (41100) => 84 / (132)
	MEM WRITE: a08d / (41101) => 8f / (143)
	MEM WRITE: a08e / (41102) => ad / (173)
	MEM READ: a08c / (41100) => 84 / (132)
[OP START 41100 -> 0x84 -> sty]
	REGS:
		PC: 41100 (a08c)
		SP: 66 (42)
		A:  96 (60)
		X:  28 (1c)
		Y:  18 (12)
		P:  34 (22)
		|C|Z|I|D|B|X|V|N|
		|0|1|0|0|0|1|0|0|
	ADDRESSING MODE: ZERO_PAGE
	MEM READ: a08d / (41101) => 8f / (143)
	store addr: 8f -> 12
	MEM WRITE: 8f / (143) => 12 / (18)
[OP END @ 41101]
Done..
