[TEST 0 - 85.json]
	MEM WRITE: 7f80 / (32640) => 85 / (133)
	MEM WRITE: 7f81 / (32641) => 64 / (100)
	MEM WRITE: 7f82 / (32642) => 87 / (135)
	MEM READ: 7f80 / (32640) => 85 / (133)
[OP START 32640 -> 0x85 -> sta]
	REGS:
		PC: 32640 (7f80)
		SP: 137 (89)
		A:  39 (27)
		X:  212 (d4)
		Y:  54 (36)
		P:  231 (e7)
		|C|Z|I|D|B|X|V|N|
		|1|1|1|0|0|1|1|1|
	ADDRESSING MODE: ZERO_PAGE
	MEM READ: 7f81 / (32641) => 64 / (100)
	store addr: 64 -> 27
	MEM WRITE: 64 / (100) => 27 / (39)
[OP END @ 32641]
Done..
