[TEST 0 - 86.json]
	MEM WRITE: 4879 / (18553) => 86 / (134)
	MEM WRITE: 487a / (18554) => 93 / (147)
	MEM WRITE: 487b / (18555) => 8d / (141)
	MEM READ: 4879 / (18553) => 86 / (134)
[OP START 18553 -> 0x86 -> stx]
	REGS:
		PC: 18553 (4879)
		SP: 104 (68)
		A:  207 (cf)
		X:  210 (d2)
		Y:  120 (78)
		P:  103 (67)
		|C|Z|I|D|B|X|V|N|
		|1|1|1|0|0|1|1|0|
	ADDRESSING MODE: ZERO_PAGE
	MEM READ: 487a / (18554) => 93 / (147)
	store addr: 93 -> d2
	MEM WRITE: 93 / (147) => d2 / (210)
[OP END @ 18554]
Done..
