[TEST 0 - 8e.json]
	MEM WRITE: 1009 / (4105) => 8e / (142)
	MEM WRITE: 100a / (4106) => 22 / (34)
	MEM WRITE: 100b / (4107) => c0 / (192)
	MEM WRITE: 100c / (4108) => 5c / (92)
	MEM READ: 1009 / (4105) => 8e / (142)
[OP START 4105 -> 0x8e -> stx]
	REGS:
		PC: 4105 (1009)
		SP: 139 (8b)
		A:  137 (89)
		X:  100 (64)
		Y:  163 (a3)
		P:  169 (a9)
		|C|Z|I|D|B|X|V|N|
		|1|0|0|1|0|1|0|1|
	ADDRESSING MODE: ABSOLUTE
	MEM READ: 100a / (4106) => 22 / (34)
	MEM READ: 100b / (4107) => c0 / (192)
	store addr: c022 -> 64
	MEM WRITE: c022 / (49186) => 64 / (100)
[OP END @ 4107]
Done..
