[TEST 0 - 95.json]
	MEM WRITE: bf2 / (3058) => 95 / (149)
	MEM WRITE: bf3 / (3059) => ac / (172)
	MEM WRITE: bf4 / (3060) => 90 / (144)
	MEM WRITE: ac / (172) => 3c / (60)
	MEM READ: bf2 / (3058) => 95 / (149)
[OP START 3058 -> 0x95 -> sta]
	REGS:
		PC: 3058 (bf2)
		SP: 127 (7f)
		A:  98 (62)
		X:  149 (95)
		Y:  158 (9e)
		P:  108 (6c)
		|C|Z|I|D|B|X|V|N|
		|0|0|1|1|0|1|1|0|
	ADDRESSING MODE: ZERO_PAGE_X
	MEM READ: bf3 / (3059) => ac / (172)
	store addr: 41 -> 62
	MEM WRITE: 41 / (65) => 62 / (98)
[OP END @ 3059]
Done..
