[TEST 0 - 99.json]
	MEM WRITE: 7b81 / (31617) => 99 / (153)
	MEM WRITE: 7b82 / (31618) => af / (175)
	MEM WRITE: 7b83 / (31619) => f / (15)
	MEM WRITE: fb2 / (4018) => f6 / (246)
	MEM WRITE: 7b84 / (31620) => 1f / (31)
	MEM READ: 7b81 / (31617) => 99 / (153)
[OP START 31617 -> 0x99 -> sta]
	REGS:
		PC: 31617 (7b81)
		SP: 26 (1a)
		A:  14 (e)
		X:  244 (f4)
		Y:  3 (3)
		P:  111 (6f)
		|C|Z|I|D|B|X|V|N|
		|1|1|1|1|0|1|1|0|
	ADDRESSING MODE: ABSOLUTE_Y
	MEM READ: 7b82 / (31618) => af / (175)
	MEM READ: 7b83 / (31619) => f / (15)
	store addr: fb2 -> e
	MEM WRITE: fb2 / (4018) => e / (14)
[OP END @ 31619]
Done..
