[TEST 0 - 9d.json]
	MEM WRITE: 7878 / (30840) => 9d / (157)
	MEM WRITE: 7879 / (30841) => b8 / (184)
	MEM WRITE: 787a / (30842) => ad / (173)
	MEM WRITE: ad9a / (44442) => 77 / (119)
	MEM WRITE: 787b / (30843) => 87 / (135)
	MEM READ: 7878 / (30840) => 9d / (157)
[OP START 30840 -> 0x9d -> sta]
	REGS:
		PC: 30840 (7878)
		SP: 116 (74)
		A:  51 (33)
		X:  226 (e2)
		Y:  226 (e2)
		P:  99 (63)
		|C|Z|I|D|B|X|V|N|
		|1|1|0|0|0|1|1|0|
	ADDRESSING MODE: ABSOLUTE_X
	MEM READ: 7879 / (30841) => b8 / (184)
	MEM READ: 787a / (30842) => ad / (173)
	store addr: ae9a -> 33
	MEM WRITE: ae9a / (44698) => 33 / (51)
[OP END @ 30842]
Done..
