[TEST 0 - a1.json]
	MEM WRITE: a6b5 / (42677) => a1 / (161)
	MEM WRITE: a6b6 / (42678) => b0 / (176)
	MEM WRITE: a6b7 / (42679) => a1 / (161)
	MEM WRITE: b0 / (176) => 8a / (138)
	MEM WRITE: 3e / (62) => 18 / (24)
	MEM WRITE: 3f / (63) => 5b / (91)
	MEM WRITE: 5b18 / (23320) => 45 / (69)
	MEM READ: a6b5 / (42677) => a1 / (161)
[OP START 42677 -> 0xa1 -> lda]
	REGS:
		PC: 42677 (a6b5)
		SP: 178 (b2)
		A:  4 (4)
		X:  142 (8e)
		Y:  1 (1)
		P:  38 (26)
		|C|Z|I|D|B|X|V|N|
		|0|1|1|0|0|1|0|0|
	ADDRESSING MODE: ZERO_PAGE_INDIRECT_X
	MEM READ: a6b6 / (42678) => b0 / (176)
	MEM READ: 3e / (62) => 18 / (24)
	MEM READ: 3f / (63) => 5b / (91)
	MEM READ: 5b18 / (23320) => 45 / (69)
[OP END @ 42678]
Done..
