[TEST 0 - a4.json]
	MEM WRITE: feac / (65196) => a4 / (164)
	MEM WRITE: fead / (65197) => 8a / (138)
	MEM WRITE: feae / (65198) => 1c / (28)
	MEM WRITE: 8a / (138) => 5a / (90)
	MEM READ: feac / (65196) => a4 / (164)
[OP START 65196 -> 0xa4 -> ldy]
	REGS:
		PC: 65196 (feac)
		SP: 33 (21)
		A:  82 (52)
		X:  206 (ce)
		Y:  190 (be)
		P:  34 (22)
		|C|Z|I|D|B|X|V|N|
		|0|1|0|0|0|1|0|0|
	ADDRESSING MODE: ZERO_PAGE
	MEM READ: fead / (65197) => 8a / (138)
	MEM READ: 8a / (138) => 5a / (90)
[OP END @ 65197]
Done..
