[TEST 0 - a5.json]
	MEM WRITE: 8b9e / (35742) => a5 / (165)
	MEM WRITE: 8b9f / (35743) => 35 / (53)
	MEM WRITE: 8ba0 / (35744) => 39 / (57)
	MEM WRITE: 35 / (53) => 7e / (126)
	MEM READ: 8b9e / (35742) => a5 / (165)
[OP START 35742 -> 0xa5 -> lda]
	REGS:
		PC: 35742 (8b9e)
		SP: 155 (9b)
		A:  237 (ed)
		X:  104 (68)
		Y:  148 (94)
		P:  227 (e3)
		|C|Z|I|D|B|X|V|N|
		|1|1|0|0|0|1|1|1|
	ADDRESSING MODE: ZERO_PAGE
	MEM READ: 8b9f / (35743) => 35 / (53)
	MEM READ: 35 / (53) => 7e / (126)
[OP END @ 35743]
Done..
