[TEST 0 - a6.json]
	MEM WRITE: ca1a / (51738) => a6 / (166)
	MEM WRITE: ca1b / (51739) => 85 / (133)
	MEM WRITE: ca1c / (51740) => fd / (253)
	MEM WRITE: 85 / (133) => 52 / (82)
	MEM READ: ca1a / (51738) => a6 / (166)
[OP START 51738 -> 0xa6 -> ldx]
	REGS:
		PC: 51738 (ca1a)
		SP: 31 (1f)
		A:  141 (8d)
		X:  92 (5c)
		Y:  35 (23)
		P:  226 (e2)
		|C|Z|I|D|B|X|V|N|
		|0|1|0|0|0|1|1|1|
	ADDRESSING MODE: ZERO_PAGE
	MEM READ: ca1b / (51739) => 85 / (133)
	MEM READ: 85 / (133) => 52 / (82)
[OP END @ 51739]
Done..
