[TEST 0 - ad.json]
	MEM WRITE: 7a22 / (31266) => ad / (173)
	MEM WRITE: 7a23 / (31267) => 5e / (94)
	MEM WRITE: 7a24 / (31268) => af / (175)
	MEM WRITE: af5e / (44894) => 67 / (103)
	MEM WRITE: 7a25 / (31269) => 84 / (132)
	MEM READ: 7a22 / (31266) => ad / (173)
[OP START 31266 -> 0xad -> lda]
	REGS:
		PC: 31266 (7a22)
		SP: 101 (65)
		A:  223 (df)
		X:  5 (5)
		Y:  216 (d8)
		P:  231 (e7)
		|C|Z|I|D|B|X|V|N|
		|1|1|1|0|0|1|1|1|
	ADDRESSING MODE: ABSOLUTE
	MEM READ: 7a23 / (31267) => 5e / (94)
	MEM READ: 7a24 / (31268) => af / (175)
	MEM READ: af5e / (44894) => 67 / (103)
[OP END @ 31268]
Done..
