[TEST 0 - b5.json]
	MEM WRITE: 4945 / (18757) => b5 / (181)
	MEM WRITE: 4946 / (18758) => 20 / (32)
	MEM WRITE: 4947 / (18759) => 39 / (57)
	MEM WRITE: 20 / (32) => d5 / (213)
	MEM WRITE: 7c / (124) => 2a / (42)
	MEM READ: 4945 / (18757) => b5 / (181)
[OP START 18757 -> 0xb5 -> lda]
	REGS:
		PC: 18757 (4945)
		SP: 129 (81)
		A:  232 (e8)
		X:  92 (5c)
		Y:  70 (46)
		P:  103 (67)
		|C|Z|I|D|B|X|V|N|
		|1|1|1|0|0|1|1|0|
	ADDRESSING MODE: ZERO_PAGE_X
	MEM READ: 4946 / (18758) => 20 / (32)
	MEM READ: 7c / (124) => 2a / (42)
[OP END @ 18758]
Done..
