[TEST 0 - b6.json]
	MEM WRITE: 493 / (1171) => b6 / (182)
	MEM WRITE: 494 / (1172) => 39 / (57)
	MEM WRITE: 495 / (1173) => cd / (205)
	MEM WRITE: 39 / (57) => c2 / (194)
	MEM WRITE: b6 / (182) => 66 / (102)
	MEM READ: 493 / (1171) => b6 / (182)
[OP START 1171 -> 0xb6 -> ldx]
	REGS:
		PC: 1171 (493)
		SP: 85 (55)
		A:  66 (42)
		X:  137 (89)
		Y:  125 (7d)
		P:  175 (af)
		|C|Z|I|D|B|X|V|N|
		|1|1|1|1|0|1|0|1|
	ADDRESSING MODE: ZERO_PAGE_Y
	MEM READ: 494 / (1172) => 39 / (57)
	MEM READ: b6 / (182) => 66 / (102)
[OP END @ 1172]
Done..
