[TEST 0 - bc.json]
	MEM WRITE: 85b7 / (34231) => bc / (188)
	MEM WRITE: 85b8 / (34232) => e4 / (228)
	MEM WRITE: 85b9 / (34233) => dd / (221)
	MEM WRITE: ddc7 / (56775) => 4 / (4)
	MEM WRITE: dec7 / (57031) => d5 / (213)
	MEM WRITE: 85ba / (34234) => 5 / (5)
	MEM READ: 85b7 / (34231) => bc / (188)
[OP START 34231 -> 0xbc -> ldy]
	REGS:
		PC: 34231 (85b7)
		SP: 168 (a8)
		A:  65 (41)
		X:  227 (e3)
		Y:  7 (7)
		P:  169 (a9)
		|C|Z|I|D|B|X|V|N|
		|1|0|0|1|0|1|0|1|
	ADDRESSING MODE: ABSOLUTE_X
	MEM READ: 85b8 / (34232) => e4 / (228)
	MEM READ: 85b9 / (34233) => dd / (221)
	MEM READ: dec7 / (57031) => d5 / (213)
[OP END @ 34233]
Done..
