[TEST 0 - c1.json]
	MEM WRITE: db1d / (56093) => c1 / (193)
	MEM WRITE: db1e / (56094) => be / (190)
	MEM WRITE: db1f / (56095) => b8 / (184)
	MEM WRITE: be / (190) => ed / (237)
	MEM WRITE: a4 / (164) => 36 / (54)
	MEM WRITE: a5 / (165) => 61 / (97)
	MEM WRITE: 6136 / (24886) => 4a / (74)
	MEM READ: db1d / (56093) => c1 / (193)
[OP START 56093 -> 0xc1 -> cmp]
	REGS:
		PC: 56093 (db1d)
		SP: 14 (e)
		A:  49 (31)
		X:  230 (e6)
		Y:  215 (d7)
		P:  164 (a4)
		|C|Z|I|D|B|X|V|N|
		|0|0|1|0|0|1|0|1|
	ADDRESSING MODE: ZERO_PAGE_INDIRECT_X
	MEM READ: db1e / (56094) => be / (190)
	MEM READ: a4 / (164) => 36 / (54)
	MEM READ: a5 / (165) => 61 / (97)
	MEM READ: 6136 / (24886) => 4a / (74)
[OP END @ 56094]
Done..
