[TEST 0 - c4.json]
	MEM WRITE: 22bf / (8895) => c4 / (196)
	MEM WRITE: 22c0 / (8896) => 74 / (116)
	MEM WRITE: 22c1 / (8897) => d7 / (215)
	MEM WRITE: 74 / (116) => d9 / (217)
	MEM READ: 22bf / (8895) => c4 / (196)
[OP START 8895 -> 0xc4 -> cpy]
	REGS:
		PC: 8895 (22bf)
		SP: 110 (6e)
		A:  58 (3a)
		X:  179 (b3)
		Y:  66 (42)
		P:  235 (eb)
		|C|Z|I|D|B|X|V|N|
		|1|1|0|1|0|1|1|1|
	ADDRESSING MODE: ZERO_PAGE
	MEM READ: 22c0 / (8896) => 74 / (116)
	MEM READ: 74 / (116) => d9 / (217)
[OP END @ 8896]
Done..
