[TEST 0 - c5.json]
	MEM WRITE: a698 / (42648) => c5 / (197)
	MEM WRITE: a699 / (42649) => 87 / (135)
	MEM WRITE: a69a / (42650) => 73 / (115)
	MEM WRITE: 87 / (135) => 86 / (134)
	MEM READ: a698 / (42648) => c5 / (197)
[OP START 42648 -> 0xc5 -> cmp]
	REGS:
		PC: 42648 (a698)
		SP: 186 (ba)
		A:  38 (26)
		X:  77 (4d)
		Y:  43 (2b)
		P:  228 (e4)
		|C|Z|I|D|B|X|V|N|
		|0|0|1|0|0|1|1|1|
	ADDRESSING MODE: ZERO_PAGE
	MEM READ: a699 / (42649) => 87 / (135)
	MEM READ: 87 / (135) => 86 / (134)
[OP END @ 42649]
Done..
