[TEST 0 - cd.json]
	MEM WRITE: df0b / (57099) => cd / (205)
	MEM WRITE: df0c / (57100) => a / (10)
	MEM WRITE: df0d / (57101) => 26 / (38)
	MEM WRITE: 260a / (9738) => 35 / (53)
	MEM WRITE: df0e / (57102) => 26 / (38)
	MEM READ: df0b / (57099) => cd / (205)
[OP START 57099 -> 0xcd -> cmp]
	REGS:
		PC: 57099 (df0b)
		SP: 253 (fd)
		A:  136 (88)
		X:  220 (dc)
		Y:  195 (c3)
		P:  232 (e8)
		|C|Z|I|D|B|X|V|N|
		|0|0|0|1|0|1|1|1|
	ADDRESSING MODE: ABSOLUTE
	MEM READ: df0c / (57100) => a / (10)
	MEM READ: df0d / (57101) => 26 / (38)
	MEM READ: 260a / (9738) => 35 / (53)
[OP END @ 57101]
Done..
