[TEST 0 - ce.json]
	MEM WRITE: c7e9 / (51177) => ce / (206)
	MEM WRITE: c7ea / (51178) => 67 / (103)
	MEM WRITE: c7eb / (51179) => 9d / (157)
	MEM WRITE: 9d67 / (40295) => 18 / (24)
	MEM WRITE: c7ec / (51180) => e4 / (228)
	MEM READ: c7e9 / (51177) => ce / (206)
[OP START 51177 -> 0xce -> dec]
	REGS:
		PC: 51177 (c7e9)
		SP: 66 (42)
		A:  166 (a6)
		X:  244 (f4)
		Y:  44 (2c)
		P:  108 (6c)
		|C|Z|I|D|B|X|V|N|
		|0|0|1|1|0|1|1|0|
	ADDRESSING MODE: ABSOLUTE
	MEM READ: c7ea / (51178) => 67 / (103)
	MEM READ: c7eb / (51179) => 9d / (157)
	MEM READ: 9d67 / (40295) => 18 / (24)
	MEM WRITE: 9d67 / (40295) => 17 / (23)
[OP END @ 51179]
Done..
