[TEST 0 - d1.json]
	MEM WRITE: 256d / (9581) => d1 / (209)
	MEM WRITE: 256e / (9582) => 14 / (20)
	MEM WRITE: 256f / (9583) => 29 / (41)
	MEM WRITE: 14 / (20) => 6e / (110)
	MEM WRITE: 15 / (21) => 4b / (75)
	MEM WRITE: 4bed / (19437) => ae / (174)
	MEM READ: 256d / (9581) => d1 / (209)
[OP START 9581 -> 0xd1 -> cmp]
	REGS:
		PC: 9581 (256d)
		SP: 166 (a6)
		A:  106 (6a)
		X:  15 (f)
		Y:  127 (7f)
		P:  41 (29)
		|C|Z|I|D|B|X|V|N|
		|1|0|0|1|0|1|0|0|
	ADDRESSING MODE: ZERO_PAGE_INDIRECT_Y
	MEM READ: 256e / (9582) => 14 / (20)
	MEM READ: 14 / (20) => 6e / (110)
	MEM READ: 15 / (21) => 4b / (75)
	MEM READ: 4bed / (19437) => ae / (174)
[OP END @ 9582]
Done..
