[TEST 0 - d6.json]
	MEM WRITE: 82ee / (33518) => d6 / (214)
	MEM WRITE: 82ef / (33519) => be / (190)
	MEM WRITE: 82f0 / (33520) => ed / (237)
	MEM WRITE: be / (190) => 1f / (31)
	MEM WRITE: e6 / (230) => b9 / (185)
	MEM READ: 82ee / (33518) => d6 / (214)
[OP START 33518 -> 0xd6 -> dec]
	REGS:
		PC: 33518 (82ee)
		SP: 111 (6f)
		A:  26 (1a)
		X:  40 (28)
		Y:  9 (9)
		P:  172 (ac)
		|C|Z|I|D|B|X|V|N|
		|0|0|1|1|0|1|0|1|
	ADDRESSING MODE: ZERO_PAGE_X
	MEM READ: 82ef / (33519) => be / (190)
	MEM READ: e6 / (230) => b9 / (185)
	MEM WRITE: e6 / (230) => b8 / (184)
[OP END @ 33519]
Done..
