[TEST 0 - d9.json]
	MEM WRITE: 164e / (5710) => d9 / (217)
	MEM WRITE: 164f / (5711) => 94 / (148)
	MEM WRITE: 1650 / (5712) => 3b / (59)
	MEM WRITE: 3bf2 / (15346) => fd / (253)
	MEM WRITE: 1651 / (5713) => 9 / (9)
	MEM READ: 164e / (5710) => d9 / (217)
[OP START 5710 -> 0xd9 -> cmp]
	REGS:
		PC: 5710 (164e)
		SP: 217 (d9)
		A:  254 (fe)
		X:  55 (37)
		Y:  94 (5e)
		P:  39 (27)
		|C|Z|I|D|B|X|V|N|
		|1|1|1|0|0|1|0|0|
	ADDRESSING MODE: ABSOLUTE_Y
	MEM READ: 164f / (5711) => 94 / (148)
	MEM READ: 1650 / (5712) => 3b / (59)
	MEM READ: 3bf2 / (15346) => fd / (253)
[OP END @ 5712]
Done..
