[TEST 0 - de.json]
	MEM WRITE: f28d / (62093) => de / (222)
	MEM WRITE: f28e / (62094) => e / (14)
	MEM WRITE: f28f / (62095) => 74 / (116)
	MEM WRITE: 7499 / (29849) => be / (190)
	MEM WRITE: f290 / (62096) => 5c / (92)
	MEM READ: f28d / (62093) => de / (222)
[OP START 62093 -> 0xde -> dec]
	REGS:
		PC: 62093 (f28d)
		SP: 234 (ea)
		A:  121 (79)
		X:  139 (8b)
		Y:  192 (c0)
		P:  38 (26)
		|C|Z|I|D|B|X|V|N|
		|0|1|1|0|0|1|0|0|
	ADDRESSING MODE: ABSOLUTE_X
	MEM READ: f28e / (62094) => e / (14)
	MEM READ: f28f / (62095) => 74 / (116)
	MEM READ: 7499 / (29849) => be / (190)
	MEM WRITE: 7499 / (29849) => bd / (189)
[OP END @ 62095]
Done..
