[TEST 0 - e4.json]
	MEM WRITE: 4f7b / (20347) => e4 / (228)
	MEM WRITE: 4f7c / (20348) => b8 / (184)
	MEM WRITE: 4f7d / (20349) => a1 / (161)
	MEM WRITE: b8 / (184) => b / (11)
	MEM READ: 4f7b / (20347) => e4 / (228)
[OP START 20347 -> 0xe4 -> cpx]
	REGS:
		PC: 20347 (4f7b)
		SP: 252 (fc)
		A:  36 (24)
		X:  177 (b1)
		Y:  250 (fa)
		P:  168 (a8)
		|C|Z|I|D|B|X|V|N|
		|0|0|0|1|0|1|0|1|
	ADDRESSING MODE: ZERO_PAGE
	MEM READ: 4f7c / (20348) => b8 / (184)
	MEM READ: b8 / (184) => b / (11)
[OP END @ 20348]
Done..
