[TEST 0 - ec.json]
	MEM WRITE: 9bb4 / (39860) => ec / (236)
	MEM WRITE: 9bb5 / (39861) => 54 / (84)
	MEM WRITE: 9bb6 / (39862) => 9d / (157)
	MEM WRITE: 9d54 / (40276) => ef / (239)
	MEM WRITE: 9bb7 / (39863) => bd / (189)
	MEM READ: 9bb4 / (39860) => ec / (236)
[OP START 39860 -> 0xec -> cpx]
	REGS:
		PC: 39860 (9bb4)
		SP: 156 (9c)
		A:  203 (cb)
		X:  172 (ac)
		Y:  86 (56)
		P:  173 (ad)
		|C|Z|I|D|B|X|V|N|
		|1|0|1|1|0|1|0|1|
	ADDRESSING MODE: ABSOLUTE
	MEM READ: 9bb5 / (39861) => 54 / (84)
	MEM READ: 9bb6 / (39862) => 9d / (157)
	MEM READ: 9d54 / (40276) => ef / (239)
[OP END @ 39862]
Done..
