[TEST 0 - ee.json]
	MEM WRITE: a3cc / (41932) => ee / (238)
	MEM WRITE: a3cd / (41933) => 8f / (143)
	MEM WRITE: a3ce / (41934) => 74 / (116)
	MEM WRITE: 748f / (29839) => 9a / (154)
	MEM WRITE: a3cf / (41935) => 44 / (68)
	MEM READ: a3cc / (41932) => ee / (238)
[OP START 41932 -> 0xee -> inc]
	REGS:
		PC: 41932 (a3cc)
		SP: 161 (a1)
		A:  138 (8a)
		X:  233 (e9)
		Y:  218 (da)
		P:  107 (6b)
		|C|Z|I|D|B|X|V|N|
		|1|1|0|1|0|1|1|0|
	ADDRESSING MODE: ABSOLUTE
	MEM READ: a3cd / (41933) => 8f / (143)
	MEM READ: a3ce / (41934) => 74 / (116)
	MEM READ: 748f / (29839) => 9a / (154)
	MEM WRITE: 748f / (29839) => 9b / (155)
[OP END @ 41934]
Done..
