[TEST 0 - f1.json]
	MEM WRITE: 6198 / (24984) => f1 / (241)
	MEM WRITE: 6199 / (24985) => 19 / (25)
	MEM WRITE: 619a / (24986) => 13 / (19)
	MEM WRITE: 19 / (25) => de / (222)
	MEM WRITE: 1a / (26) => 15 / (21)
	MEM WRITE: 15be / (5566) => 24 / (36)
	MEM WRITE: 16be / (5822) => e5 / (229)
	MEM READ: 6198 / (24984) => f1 / (241)
[OP START 24984 -> 0xf1 -> sbc]
	REGS:
		PC: 24984 (6198)
		SP: 75 (4b)
		A:  78 (4e)
		X:  45 (2d)
		Y:  224 (e0)
		P:  34 (22)
		|C|Z|I|D|B|X|V|N|
		|0|1|0|0|0|1|0|0|
	ADDRESSING MODE: ZERO_PAGE_INDIRECT_Y
	MEM READ: 6199 / (24985) => 19 / (25)
	MEM READ: 19 / (25) => de / (222)
	MEM READ: 1a / (26) => 15 / (21)
	MEM READ: 16be / (5822) => e5 / (229)
	BIN SBC
[OP END @ 24985]
Done..
