[TEST 0 - f5.json]
	MEM WRITE: 551f / (21791) => f5 / (245)
	MEM WRITE: 5520 / (21792) => dd / (221)
	MEM WRITE: 5521 / (21793) => 8e / (142)
	MEM WRITE: dd / (221) => e6 / (230)
	MEM WRITE: 49 / (73) => 25 / (37)
	MEM READ: 551f / (21791) => f5 / (245)
[OP START 21791 -> 0xf5 -> sbc]
	REGS:
		PC: 21791 (551f)
		SP: 183 (b7)
		A:  8 (8)
		X:  108 (6c)
		Y:  195 (c3)
		P:  47 (2f)
		|C|Z|I|D|B|X|V|N|
		|1|1|1|1|0|1|0|0|
	ADDRESSING MODE: ZERO_PAGE_X
	MEM READ: 5520 / (21792) => dd / (221)
	MEM READ: 49 / (73) => 25 / (37)
	DECIMAL SBC
[OP END @ 21792]
Done..
