[TEST 0 - f9.json]
	MEM WRITE: 1915 / (6421) => f9 / (249)
	MEM WRITE: 1916 / (6422) => 98 / (152)
	MEM WRITE: 1917 / (6423) => 76 / (118)
	MEM WRITE: 763f / (30271) => 4c / (76)
	MEM WRITE: 773f / (30527) => bc / (188)
	MEM WRITE: 1918 / (6424) => 9 / (9)
	MEM READ: 1915 / (6421) => f9 / (249)
[OP START 6421 -> 0xf9 -> sbc]
	REGS:
		PC: 6421 (1915)
		SP: 159 (9f)
		A:  251 (fb)
		X:  255 (ff)
		Y:  167 (a7)
		P:  101 (65)
		|C|Z|I|D|B|X|V|N|
		|1|0|1|0|0|1|1|0|
	ADDRESSING MODE: ABSOLUTE_Y
	MEM READ: 1916 / (6422) => 98 / (152)
	MEM READ: 1917 / (6423) => 76 / (118)
	MEM READ: 773f / (30527) => bc / (188)
	BIN SBC
[OP END @ 6423]
Done..
