[TEST 0 - fd.json]
	MEM WRITE: d5d2 / (54738) => fd / (253)
	MEM WRITE: d5d3 / (54739) => fa / (250)
	MEM WRITE: d5d4 / (54740) => 94 / (148)
	MEM WRITE: 94aa / (38058) => 1a / (26)
	MEM WRITE: 95aa / (38314) => 6e / (110)
	MEM WRITE: d5d5 / (54741) => 3e / (62)
	MEM READ: d5d2 / (54738) => fd / (253)
[OP START 54738 -> 0xfd -> sbc]
	REGS:
		PC: 54738 (d5d2)
		SP: 241 (f1)
		A:  235 (eb)
		X:  176 (b0)
		Y:  123 (7b)
		P:  106 (6a)
		|C|Z|I|D|B|X|V|N|
		|0|1|0|1|0|1|1|0|
	ADDRESSING MODE: ABSOLUTE_X
	MEM READ: d5d3 / (54739) => fa / (250)
	MEM READ: d5d4 / (54740) => 94 / (148)
	MEM READ: 95aa / (38314) => 6e / (110)
	DECIMAL SBC
[OP END @ 54740]
Done..
