[TEST 0 - fe.json]
	MEM WRITE: 7db1 / (32177) => fe / (254)
	MEM WRITE: 7db2 / (32178) => 7c / (124)
	MEM WRITE: 7db3 / (32179) => ff / (255)
	MEM WRITE: ffa1 / (65441) => 13 / (19)
	MEM WRITE: 7db4 / (32180) => e5 / (229)
	MEM READ: 7db1 / (32177) => fe / (254)
[OP START 32177 -> 0xfe -> inc]
	REGS:
		PC: 32177 (7db1)
		SP: 107 (6b)
		A:  24 (18)
		X:  37 (25)
		Y:  71 (47)
		P:  106 (6a)
		|C|Z|I|D|B|X|V|N|
		|0|1|0|1|0|1|1|0|
	ADDRESSING MODE: ABSOLUTE_X
	MEM READ: 7db2 / (32178) => 7c / (124)
	MEM READ: 7db3 / (32179) => ff / (255)
	MEM READ: ffa1 / (65441) => 13 / (19)
	MEM WRITE: ffa1 / (65441) => 14 / (20)
[OP END @ 32179]
Done..
